[2022-02-03 20:38:39,615] {processor.py:163} INFO - Started process (PID=185) to work on /home/airflow/.local/lib/python3.7/site-packages/airflow/example_dags/example_sla_dag.py
[2022-02-03 20:38:39,617] {processor.py:642} INFO - Processing file /home/airflow/.local/lib/python3.7/site-packages/airflow/example_dags/example_sla_dag.py for tasks to queue
[2022-02-03 20:38:39,618] {logging_mixin.py:109} INFO - [2022-02-03 20:38:39,617] {dagbag.py:500} INFO - Filling up the DagBag from /home/airflow/.local/lib/python3.7/site-packages/airflow/example_dags/example_sla_dag.py
[2022-02-03 20:38:39,667] {processor.py:654} INFO - DAG(s) dict_keys(['example_sla_dag']) retrieved from /home/airflow/.local/lib/python3.7/site-packages/airflow/example_dags/example_sla_dag.py
[2022-02-03 20:38:41,755] {logging_mixin.py:109} INFO - [2022-02-03 20:38:41,755] {manager.py:496} INFO - Created Permission View: can read on DAG:example_sla_dag
[2022-02-03 20:38:41,765] {logging_mixin.py:109} INFO - [2022-02-03 20:38:41,764] {manager.py:496} INFO - Created Permission View: can edit on DAG:example_sla_dag
[2022-02-03 20:38:41,766] {logging_mixin.py:109} INFO - [2022-02-03 20:38:41,765] {dag.py:2396} INFO - Sync 1 DAGs
[2022-02-03 20:38:41,773] {logging_mixin.py:109} INFO - [2022-02-03 20:38:41,773] {dag.py:2415} INFO - Creating ORM DAG for example_sla_dag
[2022-02-03 20:38:41,784] {logging_mixin.py:109} INFO - [2022-02-03 20:38:41,784] {dag.py:2935} INFO - Setting next_dagrun for example_sla_dag to 2022-02-03T20:36:00+00:00
[2022-02-03 20:38:41,795] {processor.py:171} INFO - Processing /home/airflow/.local/lib/python3.7/site-packages/airflow/example_dags/example_sla_dag.py took 2.184 seconds
[2022-02-03 20:39:12,518] {processor.py:163} INFO - Started process (PID=364) to work on /home/airflow/.local/lib/python3.7/site-packages/airflow/example_dags/example_sla_dag.py
[2022-02-03 20:39:12,519] {processor.py:642} INFO - Processing file /home/airflow/.local/lib/python3.7/site-packages/airflow/example_dags/example_sla_dag.py for tasks to queue
[2022-02-03 20:39:12,519] {logging_mixin.py:109} INFO - [2022-02-03 20:39:12,519] {dagbag.py:500} INFO - Filling up the DagBag from /home/airflow/.local/lib/python3.7/site-packages/airflow/example_dags/example_sla_dag.py
[2022-02-03 20:39:12,544] {processor.py:654} INFO - DAG(s) dict_keys(['example_sla_dag']) retrieved from /home/airflow/.local/lib/python3.7/site-packages/airflow/example_dags/example_sla_dag.py
[2022-02-03 20:39:12,553] {logging_mixin.py:109} INFO - [2022-02-03 20:39:12,553] {dag.py:2396} INFO - Sync 1 DAGs
[2022-02-03 20:39:12,567] {logging_mixin.py:109} INFO - [2022-02-03 20:39:12,567] {dag.py:2935} INFO - Setting next_dagrun for example_sla_dag to 2022-02-03T20:36:00+00:00
[2022-02-03 20:39:12,575] {processor.py:171} INFO - Processing /home/airflow/.local/lib/python3.7/site-packages/airflow/example_dags/example_sla_dag.py took 0.060 seconds
[2022-02-03 20:39:42,618] {processor.py:163} INFO - Started process (PID=427) to work on /home/airflow/.local/lib/python3.7/site-packages/airflow/example_dags/example_sla_dag.py
[2022-02-03 20:39:42,619] {processor.py:642} INFO - Processing file /home/airflow/.local/lib/python3.7/site-packages/airflow/example_dags/example_sla_dag.py for tasks to queue
[2022-02-03 20:39:42,620] {logging_mixin.py:109} INFO - [2022-02-03 20:39:42,620] {dagbag.py:500} INFO - Filling up the DagBag from /home/airflow/.local/lib/python3.7/site-packages/airflow/example_dags/example_sla_dag.py
[2022-02-03 20:39:42,645] {processor.py:654} INFO - DAG(s) dict_keys(['example_sla_dag']) retrieved from /home/airflow/.local/lib/python3.7/site-packages/airflow/example_dags/example_sla_dag.py
[2022-02-03 20:39:42,653] {logging_mixin.py:109} INFO - [2022-02-03 20:39:42,652] {dag.py:2396} INFO - Sync 1 DAGs
[2022-02-03 20:39:42,667] {logging_mixin.py:109} INFO - [2022-02-03 20:39:42,667] {dag.py:2935} INFO - Setting next_dagrun for example_sla_dag to 2022-02-03T20:36:00+00:00
[2022-02-03 20:39:42,676] {processor.py:171} INFO - Processing /home/airflow/.local/lib/python3.7/site-packages/airflow/example_dags/example_sla_dag.py took 0.060 seconds
[2022-02-03 20:40:12,834] {processor.py:163} INFO - Started process (PID=477) to work on /home/airflow/.local/lib/python3.7/site-packages/airflow/example_dags/example_sla_dag.py
[2022-02-03 20:40:12,835] {processor.py:642} INFO - Processing file /home/airflow/.local/lib/python3.7/site-packages/airflow/example_dags/example_sla_dag.py for tasks to queue
[2022-02-03 20:40:12,836] {logging_mixin.py:109} INFO - [2022-02-03 20:40:12,836] {dagbag.py:500} INFO - Filling up the DagBag from /home/airflow/.local/lib/python3.7/site-packages/airflow/example_dags/example_sla_dag.py
[2022-02-03 20:40:12,859] {processor.py:654} INFO - DAG(s) dict_keys(['example_sla_dag']) retrieved from /home/airflow/.local/lib/python3.7/site-packages/airflow/example_dags/example_sla_dag.py
[2022-02-03 20:40:12,867] {logging_mixin.py:109} INFO - [2022-02-03 20:40:12,867] {dag.py:2396} INFO - Sync 1 DAGs
[2022-02-03 20:40:12,881] {logging_mixin.py:109} INFO - [2022-02-03 20:40:12,881] {dag.py:2935} INFO - Setting next_dagrun for example_sla_dag to 2022-02-03T20:38:00+00:00
[2022-02-03 20:40:12,890] {processor.py:171} INFO - Processing /home/airflow/.local/lib/python3.7/site-packages/airflow/example_dags/example_sla_dag.py took 0.058 seconds
[2022-02-03 20:40:43,136] {processor.py:163} INFO - Started process (PID=539) to work on /home/airflow/.local/lib/python3.7/site-packages/airflow/example_dags/example_sla_dag.py
[2022-02-03 20:40:43,137] {processor.py:642} INFO - Processing file /home/airflow/.local/lib/python3.7/site-packages/airflow/example_dags/example_sla_dag.py for tasks to queue
[2022-02-03 20:40:43,138] {logging_mixin.py:109} INFO - [2022-02-03 20:40:43,138] {dagbag.py:500} INFO - Filling up the DagBag from /home/airflow/.local/lib/python3.7/site-packages/airflow/example_dags/example_sla_dag.py
[2022-02-03 20:40:43,164] {processor.py:654} INFO - DAG(s) dict_keys(['example_sla_dag']) retrieved from /home/airflow/.local/lib/python3.7/site-packages/airflow/example_dags/example_sla_dag.py
[2022-02-03 20:40:43,172] {logging_mixin.py:109} INFO - [2022-02-03 20:40:43,172] {dag.py:2396} INFO - Sync 1 DAGs
[2022-02-03 20:40:43,187] {logging_mixin.py:109} INFO - [2022-02-03 20:40:43,187] {dag.py:2935} INFO - Setting next_dagrun for example_sla_dag to 2022-02-03T20:38:00+00:00
[2022-02-03 20:40:43,196] {processor.py:171} INFO - Processing /home/airflow/.local/lib/python3.7/site-packages/airflow/example_dags/example_sla_dag.py took 0.063 seconds
[2022-02-03 20:41:13,292] {processor.py:163} INFO - Started process (PID=590) to work on /home/airflow/.local/lib/python3.7/site-packages/airflow/example_dags/example_sla_dag.py
[2022-02-03 20:41:13,293] {processor.py:642} INFO - Processing file /home/airflow/.local/lib/python3.7/site-packages/airflow/example_dags/example_sla_dag.py for tasks to queue
[2022-02-03 20:41:13,293] {logging_mixin.py:109} INFO - [2022-02-03 20:41:13,293] {dagbag.py:500} INFO - Filling up the DagBag from /home/airflow/.local/lib/python3.7/site-packages/airflow/example_dags/example_sla_dag.py
[2022-02-03 20:41:13,319] {processor.py:654} INFO - DAG(s) dict_keys(['example_sla_dag']) retrieved from /home/airflow/.local/lib/python3.7/site-packages/airflow/example_dags/example_sla_dag.py
[2022-02-03 20:41:13,327] {logging_mixin.py:109} INFO - [2022-02-03 20:41:13,327] {dag.py:2396} INFO - Sync 1 DAGs
[2022-02-03 20:41:13,342] {logging_mixin.py:109} INFO - [2022-02-03 20:41:13,342] {dag.py:2935} INFO - Setting next_dagrun for example_sla_dag to 2022-02-03T20:38:00+00:00
[2022-02-03 20:41:13,350] {processor.py:171} INFO - Processing /home/airflow/.local/lib/python3.7/site-packages/airflow/example_dags/example_sla_dag.py took 0.061 seconds
[2022-02-03 20:41:43,494] {processor.py:163} INFO - Started process (PID=651) to work on /home/airflow/.local/lib/python3.7/site-packages/airflow/example_dags/example_sla_dag.py
[2022-02-03 20:41:43,496] {processor.py:642} INFO - Processing file /home/airflow/.local/lib/python3.7/site-packages/airflow/example_dags/example_sla_dag.py for tasks to queue
[2022-02-03 20:41:43,497] {logging_mixin.py:109} INFO - [2022-02-03 20:41:43,497] {dagbag.py:500} INFO - Filling up the DagBag from /home/airflow/.local/lib/python3.7/site-packages/airflow/example_dags/example_sla_dag.py
[2022-02-03 20:41:43,567] {processor.py:654} INFO - DAG(s) dict_keys(['example_sla_dag']) retrieved from /home/airflow/.local/lib/python3.7/site-packages/airflow/example_dags/example_sla_dag.py
[2022-02-03 20:41:43,575] {logging_mixin.py:109} INFO - [2022-02-03 20:41:43,575] {dag.py:2396} INFO - Sync 1 DAGs
[2022-02-03 20:41:43,599] {logging_mixin.py:109} INFO - [2022-02-03 20:41:43,599] {dag.py:2935} INFO - Setting next_dagrun for example_sla_dag to 2022-02-03T20:38:00+00:00
[2022-02-03 20:41:43,609] {processor.py:171} INFO - Processing /home/airflow/.local/lib/python3.7/site-packages/airflow/example_dags/example_sla_dag.py took 0.119 seconds
[2022-02-03 20:42:13,878] {processor.py:163} INFO - Started process (PID=702) to work on /home/airflow/.local/lib/python3.7/site-packages/airflow/example_dags/example_sla_dag.py
[2022-02-03 20:42:13,879] {processor.py:642} INFO - Processing file /home/airflow/.local/lib/python3.7/site-packages/airflow/example_dags/example_sla_dag.py for tasks to queue
[2022-02-03 20:42:13,879] {logging_mixin.py:109} INFO - [2022-02-03 20:42:13,879] {dagbag.py:500} INFO - Filling up the DagBag from /home/airflow/.local/lib/python3.7/site-packages/airflow/example_dags/example_sla_dag.py
[2022-02-03 20:42:13,956] {processor.py:654} INFO - DAG(s) dict_keys(['example_sla_dag']) retrieved from /home/airflow/.local/lib/python3.7/site-packages/airflow/example_dags/example_sla_dag.py
[2022-02-03 20:42:13,963] {logging_mixin.py:109} INFO - [2022-02-03 20:42:13,963] {dag.py:2396} INFO - Sync 1 DAGs
[2022-02-03 20:42:13,985] {logging_mixin.py:109} INFO - [2022-02-03 20:42:13,985] {dag.py:2935} INFO - Setting next_dagrun for example_sla_dag to 2022-02-03T20:40:00+00:00
[2022-02-03 20:42:13,993] {processor.py:171} INFO - Processing /home/airflow/.local/lib/python3.7/site-packages/airflow/example_dags/example_sla_dag.py took 0.118 seconds
[2022-02-03 20:42:44,728] {processor.py:163} INFO - Started process (PID=762) to work on /home/airflow/.local/lib/python3.7/site-packages/airflow/example_dags/example_sla_dag.py
[2022-02-03 20:42:44,729] {processor.py:642} INFO - Processing file /home/airflow/.local/lib/python3.7/site-packages/airflow/example_dags/example_sla_dag.py for tasks to queue
[2022-02-03 20:42:44,730] {logging_mixin.py:109} INFO - [2022-02-03 20:42:44,730] {dagbag.py:500} INFO - Filling up the DagBag from /home/airflow/.local/lib/python3.7/site-packages/airflow/example_dags/example_sla_dag.py
[2022-02-03 20:42:44,754] {processor.py:654} INFO - DAG(s) dict_keys(['example_sla_dag']) retrieved from /home/airflow/.local/lib/python3.7/site-packages/airflow/example_dags/example_sla_dag.py
[2022-02-03 20:42:44,763] {logging_mixin.py:109} INFO - [2022-02-03 20:42:44,763] {dag.py:2396} INFO - Sync 1 DAGs
[2022-02-03 20:42:44,778] {logging_mixin.py:109} INFO - [2022-02-03 20:42:44,778] {dag.py:2935} INFO - Setting next_dagrun for example_sla_dag to 2022-02-03T20:40:00+00:00
[2022-02-03 20:42:44,790] {processor.py:171} INFO - Processing /home/airflow/.local/lib/python3.7/site-packages/airflow/example_dags/example_sla_dag.py took 0.064 seconds
[2022-02-03 20:43:14,928] {processor.py:163} INFO - Started process (PID=813) to work on /home/airflow/.local/lib/python3.7/site-packages/airflow/example_dags/example_sla_dag.py
[2022-02-03 20:43:14,929] {processor.py:642} INFO - Processing file /home/airflow/.local/lib/python3.7/site-packages/airflow/example_dags/example_sla_dag.py for tasks to queue
[2022-02-03 20:43:14,930] {logging_mixin.py:109} INFO - [2022-02-03 20:43:14,930] {dagbag.py:500} INFO - Filling up the DagBag from /home/airflow/.local/lib/python3.7/site-packages/airflow/example_dags/example_sla_dag.py
[2022-02-03 20:43:14,976] {processor.py:654} INFO - DAG(s) dict_keys(['example_sla_dag']) retrieved from /home/airflow/.local/lib/python3.7/site-packages/airflow/example_dags/example_sla_dag.py
[2022-02-03 20:43:14,986] {logging_mixin.py:109} INFO - [2022-02-03 20:43:14,985] {dag.py:2396} INFO - Sync 1 DAGs
[2022-02-03 20:43:15,005] {logging_mixin.py:109} INFO - [2022-02-03 20:43:15,005] {dag.py:2935} INFO - Setting next_dagrun for example_sla_dag to 2022-02-03T20:40:00+00:00
[2022-02-03 20:43:15,015] {processor.py:171} INFO - Processing /home/airflow/.local/lib/python3.7/site-packages/airflow/example_dags/example_sla_dag.py took 0.090 seconds
[2022-02-03 20:43:45,095] {processor.py:163} INFO - Started process (PID=874) to work on /home/airflow/.local/lib/python3.7/site-packages/airflow/example_dags/example_sla_dag.py
[2022-02-03 20:43:45,096] {processor.py:642} INFO - Processing file /home/airflow/.local/lib/python3.7/site-packages/airflow/example_dags/example_sla_dag.py for tasks to queue
[2022-02-03 20:43:45,097] {logging_mixin.py:109} INFO - [2022-02-03 20:43:45,097] {dagbag.py:500} INFO - Filling up the DagBag from /home/airflow/.local/lib/python3.7/site-packages/airflow/example_dags/example_sla_dag.py
[2022-02-03 20:43:45,120] {processor.py:654} INFO - DAG(s) dict_keys(['example_sla_dag']) retrieved from /home/airflow/.local/lib/python3.7/site-packages/airflow/example_dags/example_sla_dag.py
[2022-02-03 20:43:45,128] {logging_mixin.py:109} INFO - [2022-02-03 20:43:45,127] {dag.py:2396} INFO - Sync 1 DAGs
[2022-02-03 20:43:45,142] {logging_mixin.py:109} INFO - [2022-02-03 20:43:45,141] {dag.py:2935} INFO - Setting next_dagrun for example_sla_dag to 2022-02-03T20:40:00+00:00
[2022-02-03 20:43:45,149] {processor.py:171} INFO - Processing /home/airflow/.local/lib/python3.7/site-packages/airflow/example_dags/example_sla_dag.py took 0.057 seconds
[2022-02-03 20:44:15,873] {processor.py:163} INFO - Started process (PID=924) to work on /home/airflow/.local/lib/python3.7/site-packages/airflow/example_dags/example_sla_dag.py
[2022-02-03 20:44:15,874] {processor.py:642} INFO - Processing file /home/airflow/.local/lib/python3.7/site-packages/airflow/example_dags/example_sla_dag.py for tasks to queue
[2022-02-03 20:44:15,875] {logging_mixin.py:109} INFO - [2022-02-03 20:44:15,875] {dagbag.py:500} INFO - Filling up the DagBag from /home/airflow/.local/lib/python3.7/site-packages/airflow/example_dags/example_sla_dag.py
[2022-02-03 20:44:15,898] {processor.py:654} INFO - DAG(s) dict_keys(['example_sla_dag']) retrieved from /home/airflow/.local/lib/python3.7/site-packages/airflow/example_dags/example_sla_dag.py
[2022-02-03 20:44:15,906] {logging_mixin.py:109} INFO - [2022-02-03 20:44:15,906] {dag.py:2396} INFO - Sync 1 DAGs
[2022-02-03 20:44:15,919] {logging_mixin.py:109} INFO - [2022-02-03 20:44:15,919] {dag.py:2935} INFO - Setting next_dagrun for example_sla_dag to 2022-02-03T20:42:00+00:00
[2022-02-03 20:44:15,928] {processor.py:171} INFO - Processing /home/airflow/.local/lib/python3.7/site-packages/airflow/example_dags/example_sla_dag.py took 0.058 seconds
[2022-02-03 20:44:46,322] {processor.py:163} INFO - Started process (PID=984) to work on /home/airflow/.local/lib/python3.7/site-packages/airflow/example_dags/example_sla_dag.py
[2022-02-03 20:44:46,323] {processor.py:642} INFO - Processing file /home/airflow/.local/lib/python3.7/site-packages/airflow/example_dags/example_sla_dag.py for tasks to queue
[2022-02-03 20:44:46,324] {logging_mixin.py:109} INFO - [2022-02-03 20:44:46,324] {dagbag.py:500} INFO - Filling up the DagBag from /home/airflow/.local/lib/python3.7/site-packages/airflow/example_dags/example_sla_dag.py
[2022-02-03 20:44:46,347] {processor.py:654} INFO - DAG(s) dict_keys(['example_sla_dag']) retrieved from /home/airflow/.local/lib/python3.7/site-packages/airflow/example_dags/example_sla_dag.py
[2022-02-03 20:44:46,354] {logging_mixin.py:109} INFO - [2022-02-03 20:44:46,354] {dag.py:2396} INFO - Sync 1 DAGs
[2022-02-03 20:44:46,369] {logging_mixin.py:109} INFO - [2022-02-03 20:44:46,368] {dag.py:2935} INFO - Setting next_dagrun for example_sla_dag to 2022-02-03T20:42:00+00:00
[2022-02-03 20:44:46,378] {processor.py:171} INFO - Processing /home/airflow/.local/lib/python3.7/site-packages/airflow/example_dags/example_sla_dag.py took 0.058 seconds
[2022-02-03 20:45:16,949] {processor.py:163} INFO - Started process (PID=1036) to work on /home/airflow/.local/lib/python3.7/site-packages/airflow/example_dags/example_sla_dag.py
[2022-02-03 20:45:16,950] {processor.py:642} INFO - Processing file /home/airflow/.local/lib/python3.7/site-packages/airflow/example_dags/example_sla_dag.py for tasks to queue
[2022-02-03 20:45:16,950] {logging_mixin.py:109} INFO - [2022-02-03 20:45:16,950] {dagbag.py:500} INFO - Filling up the DagBag from /home/airflow/.local/lib/python3.7/site-packages/airflow/example_dags/example_sla_dag.py
[2022-02-03 20:45:16,976] {processor.py:654} INFO - DAG(s) dict_keys(['example_sla_dag']) retrieved from /home/airflow/.local/lib/python3.7/site-packages/airflow/example_dags/example_sla_dag.py
[2022-02-03 20:45:16,985] {logging_mixin.py:109} INFO - [2022-02-03 20:45:16,985] {dag.py:2396} INFO - Sync 1 DAGs
[2022-02-03 20:45:17,000] {logging_mixin.py:109} INFO - [2022-02-03 20:45:17,000] {dag.py:2935} INFO - Setting next_dagrun for example_sla_dag to 2022-02-03T20:42:00+00:00
[2022-02-03 20:45:17,009] {processor.py:171} INFO - Processing /home/airflow/.local/lib/python3.7/site-packages/airflow/example_dags/example_sla_dag.py took 0.063 seconds
[2022-02-03 20:45:47,507] {processor.py:163} INFO - Started process (PID=1097) to work on /home/airflow/.local/lib/python3.7/site-packages/airflow/example_dags/example_sla_dag.py
[2022-02-03 20:45:47,508] {processor.py:642} INFO - Processing file /home/airflow/.local/lib/python3.7/site-packages/airflow/example_dags/example_sla_dag.py for tasks to queue
[2022-02-03 20:45:47,508] {logging_mixin.py:109} INFO - [2022-02-03 20:45:47,508] {dagbag.py:500} INFO - Filling up the DagBag from /home/airflow/.local/lib/python3.7/site-packages/airflow/example_dags/example_sla_dag.py
[2022-02-03 20:45:47,536] {processor.py:654} INFO - DAG(s) dict_keys(['example_sla_dag']) retrieved from /home/airflow/.local/lib/python3.7/site-packages/airflow/example_dags/example_sla_dag.py
[2022-02-03 20:45:47,545] {logging_mixin.py:109} INFO - [2022-02-03 20:45:47,545] {dag.py:2396} INFO - Sync 1 DAGs
[2022-02-03 20:45:47,561] {logging_mixin.py:109} INFO - [2022-02-03 20:45:47,561] {dag.py:2935} INFO - Setting next_dagrun for example_sla_dag to 2022-02-03T20:42:00+00:00
[2022-02-03 20:45:47,570] {processor.py:171} INFO - Processing /home/airflow/.local/lib/python3.7/site-packages/airflow/example_dags/example_sla_dag.py took 0.066 seconds
[2022-02-03 20:46:18,040] {processor.py:163} INFO - Started process (PID=1149) to work on /home/airflow/.local/lib/python3.7/site-packages/airflow/example_dags/example_sla_dag.py
[2022-02-03 20:46:18,041] {processor.py:642} INFO - Processing file /home/airflow/.local/lib/python3.7/site-packages/airflow/example_dags/example_sla_dag.py for tasks to queue
[2022-02-03 20:46:18,042] {logging_mixin.py:109} INFO - [2022-02-03 20:46:18,042] {dagbag.py:500} INFO - Filling up the DagBag from /home/airflow/.local/lib/python3.7/site-packages/airflow/example_dags/example_sla_dag.py
[2022-02-03 20:46:18,070] {processor.py:654} INFO - DAG(s) dict_keys(['example_sla_dag']) retrieved from /home/airflow/.local/lib/python3.7/site-packages/airflow/example_dags/example_sla_dag.py
[2022-02-03 20:46:18,078] {logging_mixin.py:109} INFO - [2022-02-03 20:46:18,078] {dag.py:2396} INFO - Sync 1 DAGs
[2022-02-03 20:46:18,092] {logging_mixin.py:109} INFO - [2022-02-03 20:46:18,092] {dag.py:2935} INFO - Setting next_dagrun for example_sla_dag to 2022-02-03T20:44:00+00:00
[2022-02-03 20:46:18,099] {processor.py:171} INFO - Processing /home/airflow/.local/lib/python3.7/site-packages/airflow/example_dags/example_sla_dag.py took 0.061 seconds
[2022-02-03 20:46:48,433] {processor.py:163} INFO - Started process (PID=1209) to work on /home/airflow/.local/lib/python3.7/site-packages/airflow/example_dags/example_sla_dag.py
[2022-02-03 20:46:48,434] {processor.py:642} INFO - Processing file /home/airflow/.local/lib/python3.7/site-packages/airflow/example_dags/example_sla_dag.py for tasks to queue
[2022-02-03 20:46:48,435] {logging_mixin.py:109} INFO - [2022-02-03 20:46:48,434] {dagbag.py:500} INFO - Filling up the DagBag from /home/airflow/.local/lib/python3.7/site-packages/airflow/example_dags/example_sla_dag.py
[2022-02-03 20:46:48,458] {processor.py:654} INFO - DAG(s) dict_keys(['example_sla_dag']) retrieved from /home/airflow/.local/lib/python3.7/site-packages/airflow/example_dags/example_sla_dag.py
[2022-02-03 20:46:48,466] {logging_mixin.py:109} INFO - [2022-02-03 20:46:48,466] {dag.py:2396} INFO - Sync 1 DAGs
[2022-02-03 20:46:48,480] {logging_mixin.py:109} INFO - [2022-02-03 20:46:48,480] {dag.py:2935} INFO - Setting next_dagrun for example_sla_dag to 2022-02-03T20:44:00+00:00
[2022-02-03 20:46:48,488] {processor.py:171} INFO - Processing /home/airflow/.local/lib/python3.7/site-packages/airflow/example_dags/example_sla_dag.py took 0.058 seconds
[2022-02-03 20:47:19,027] {processor.py:163} INFO - Started process (PID=1261) to work on /home/airflow/.local/lib/python3.7/site-packages/airflow/example_dags/example_sla_dag.py
[2022-02-03 20:47:19,028] {processor.py:642} INFO - Processing file /home/airflow/.local/lib/python3.7/site-packages/airflow/example_dags/example_sla_dag.py for tasks to queue
[2022-02-03 20:47:19,029] {logging_mixin.py:109} INFO - [2022-02-03 20:47:19,028] {dagbag.py:500} INFO - Filling up the DagBag from /home/airflow/.local/lib/python3.7/site-packages/airflow/example_dags/example_sla_dag.py
[2022-02-03 20:47:19,051] {processor.py:654} INFO - DAG(s) dict_keys(['example_sla_dag']) retrieved from /home/airflow/.local/lib/python3.7/site-packages/airflow/example_dags/example_sla_dag.py
[2022-02-03 20:47:19,059] {logging_mixin.py:109} INFO - [2022-02-03 20:47:19,059] {dag.py:2396} INFO - Sync 1 DAGs
[2022-02-03 20:47:19,072] {logging_mixin.py:109} INFO - [2022-02-03 20:47:19,072] {dag.py:2935} INFO - Setting next_dagrun for example_sla_dag to 2022-02-03T20:44:00+00:00
[2022-02-03 20:47:19,081] {processor.py:171} INFO - Processing /home/airflow/.local/lib/python3.7/site-packages/airflow/example_dags/example_sla_dag.py took 0.056 seconds
[2022-02-03 20:47:49,572] {processor.py:163} INFO - Started process (PID=1321) to work on /home/airflow/.local/lib/python3.7/site-packages/airflow/example_dags/example_sla_dag.py
[2022-02-03 20:47:49,573] {processor.py:642} INFO - Processing file /home/airflow/.local/lib/python3.7/site-packages/airflow/example_dags/example_sla_dag.py for tasks to queue
[2022-02-03 20:47:49,574] {logging_mixin.py:109} INFO - [2022-02-03 20:47:49,574] {dagbag.py:500} INFO - Filling up the DagBag from /home/airflow/.local/lib/python3.7/site-packages/airflow/example_dags/example_sla_dag.py
[2022-02-03 20:47:49,596] {processor.py:654} INFO - DAG(s) dict_keys(['example_sla_dag']) retrieved from /home/airflow/.local/lib/python3.7/site-packages/airflow/example_dags/example_sla_dag.py
[2022-02-03 20:47:49,603] {logging_mixin.py:109} INFO - [2022-02-03 20:47:49,603] {dag.py:2396} INFO - Sync 1 DAGs
[2022-02-03 20:47:49,617] {logging_mixin.py:109} INFO - [2022-02-03 20:47:49,617] {dag.py:2935} INFO - Setting next_dagrun for example_sla_dag to 2022-02-03T20:44:00+00:00
[2022-02-03 20:47:49,629] {processor.py:171} INFO - Processing /home/airflow/.local/lib/python3.7/site-packages/airflow/example_dags/example_sla_dag.py took 0.060 seconds
[2022-02-03 20:48:20,222] {processor.py:163} INFO - Started process (PID=1373) to work on /home/airflow/.local/lib/python3.7/site-packages/airflow/example_dags/example_sla_dag.py
[2022-02-03 20:48:20,223] {processor.py:642} INFO - Processing file /home/airflow/.local/lib/python3.7/site-packages/airflow/example_dags/example_sla_dag.py for tasks to queue
[2022-02-03 20:48:20,224] {logging_mixin.py:109} INFO - [2022-02-03 20:48:20,223] {dagbag.py:500} INFO - Filling up the DagBag from /home/airflow/.local/lib/python3.7/site-packages/airflow/example_dags/example_sla_dag.py
[2022-02-03 20:48:20,247] {processor.py:654} INFO - DAG(s) dict_keys(['example_sla_dag']) retrieved from /home/airflow/.local/lib/python3.7/site-packages/airflow/example_dags/example_sla_dag.py
[2022-02-03 20:48:20,254] {logging_mixin.py:109} INFO - [2022-02-03 20:48:20,254] {dag.py:2396} INFO - Sync 1 DAGs
[2022-02-03 20:48:20,267] {logging_mixin.py:109} INFO - [2022-02-03 20:48:20,267] {dag.py:2935} INFO - Setting next_dagrun for example_sla_dag to 2022-02-03T20:46:00+00:00
[2022-02-03 20:48:20,275] {processor.py:171} INFO - Processing /home/airflow/.local/lib/python3.7/site-packages/airflow/example_dags/example_sla_dag.py took 0.056 seconds
[2022-02-03 20:48:50,800] {processor.py:163} INFO - Started process (PID=1435) to work on /home/airflow/.local/lib/python3.7/site-packages/airflow/example_dags/example_sla_dag.py
[2022-02-03 20:48:50,801] {processor.py:642} INFO - Processing file /home/airflow/.local/lib/python3.7/site-packages/airflow/example_dags/example_sla_dag.py for tasks to queue
[2022-02-03 20:48:50,801] {logging_mixin.py:109} INFO - [2022-02-03 20:48:50,801] {dagbag.py:500} INFO - Filling up the DagBag from /home/airflow/.local/lib/python3.7/site-packages/airflow/example_dags/example_sla_dag.py
[2022-02-03 20:48:50,826] {processor.py:654} INFO - DAG(s) dict_keys(['example_sla_dag']) retrieved from /home/airflow/.local/lib/python3.7/site-packages/airflow/example_dags/example_sla_dag.py
[2022-02-03 20:48:50,834] {logging_mixin.py:109} INFO - [2022-02-03 20:48:50,833] {dag.py:2396} INFO - Sync 1 DAGs
[2022-02-03 20:48:50,849] {logging_mixin.py:109} INFO - [2022-02-03 20:48:50,849] {dag.py:2935} INFO - Setting next_dagrun for example_sla_dag to 2022-02-03T20:46:00+00:00
[2022-02-03 20:48:50,861] {processor.py:171} INFO - Processing /home/airflow/.local/lib/python3.7/site-packages/airflow/example_dags/example_sla_dag.py took 0.063 seconds
[2022-02-03 20:49:21,233] {processor.py:163} INFO - Started process (PID=1486) to work on /home/airflow/.local/lib/python3.7/site-packages/airflow/example_dags/example_sla_dag.py
[2022-02-03 20:49:21,234] {processor.py:642} INFO - Processing file /home/airflow/.local/lib/python3.7/site-packages/airflow/example_dags/example_sla_dag.py for tasks to queue
[2022-02-03 20:49:21,234] {logging_mixin.py:109} INFO - [2022-02-03 20:49:21,234] {dagbag.py:500} INFO - Filling up the DagBag from /home/airflow/.local/lib/python3.7/site-packages/airflow/example_dags/example_sla_dag.py
[2022-02-03 20:49:21,261] {processor.py:654} INFO - DAG(s) dict_keys(['example_sla_dag']) retrieved from /home/airflow/.local/lib/python3.7/site-packages/airflow/example_dags/example_sla_dag.py
[2022-02-03 20:49:21,268] {logging_mixin.py:109} INFO - [2022-02-03 20:49:21,268] {dag.py:2396} INFO - Sync 1 DAGs
[2022-02-03 20:49:21,284] {logging_mixin.py:109} INFO - [2022-02-03 20:49:21,284] {dag.py:2935} INFO - Setting next_dagrun for example_sla_dag to 2022-02-03T20:46:00+00:00
[2022-02-03 20:49:21,295] {processor.py:171} INFO - Processing /home/airflow/.local/lib/python3.7/site-packages/airflow/example_dags/example_sla_dag.py took 0.065 seconds
[2022-02-03 20:49:51,339] {processor.py:163} INFO - Started process (PID=1547) to work on /home/airflow/.local/lib/python3.7/site-packages/airflow/example_dags/example_sla_dag.py
[2022-02-03 20:49:51,340] {processor.py:642} INFO - Processing file /home/airflow/.local/lib/python3.7/site-packages/airflow/example_dags/example_sla_dag.py for tasks to queue
[2022-02-03 20:49:51,341] {logging_mixin.py:109} INFO - [2022-02-03 20:49:51,341] {dagbag.py:500} INFO - Filling up the DagBag from /home/airflow/.local/lib/python3.7/site-packages/airflow/example_dags/example_sla_dag.py
[2022-02-03 20:49:51,365] {processor.py:654} INFO - DAG(s) dict_keys(['example_sla_dag']) retrieved from /home/airflow/.local/lib/python3.7/site-packages/airflow/example_dags/example_sla_dag.py
[2022-02-03 20:49:51,373] {logging_mixin.py:109} INFO - [2022-02-03 20:49:51,372] {dag.py:2396} INFO - Sync 1 DAGs
[2022-02-03 20:49:51,388] {logging_mixin.py:109} INFO - [2022-02-03 20:49:51,388] {dag.py:2935} INFO - Setting next_dagrun for example_sla_dag to 2022-02-03T20:46:00+00:00
[2022-02-03 20:49:51,399] {processor.py:171} INFO - Processing /home/airflow/.local/lib/python3.7/site-packages/airflow/example_dags/example_sla_dag.py took 0.062 seconds
[2022-02-03 20:50:22,072] {processor.py:163} INFO - Started process (PID=1598) to work on /home/airflow/.local/lib/python3.7/site-packages/airflow/example_dags/example_sla_dag.py
[2022-02-03 20:50:22,074] {processor.py:642} INFO - Processing file /home/airflow/.local/lib/python3.7/site-packages/airflow/example_dags/example_sla_dag.py for tasks to queue
[2022-02-03 20:50:22,074] {logging_mixin.py:109} INFO - [2022-02-03 20:50:22,074] {dagbag.py:500} INFO - Filling up the DagBag from /home/airflow/.local/lib/python3.7/site-packages/airflow/example_dags/example_sla_dag.py
[2022-02-03 20:50:22,104] {processor.py:654} INFO - DAG(s) dict_keys(['example_sla_dag']) retrieved from /home/airflow/.local/lib/python3.7/site-packages/airflow/example_dags/example_sla_dag.py
[2022-02-03 20:50:22,114] {logging_mixin.py:109} INFO - [2022-02-03 20:50:22,114] {dag.py:2396} INFO - Sync 1 DAGs
[2022-02-03 20:50:22,132] {logging_mixin.py:109} INFO - [2022-02-03 20:50:22,132] {dag.py:2935} INFO - Setting next_dagrun for example_sla_dag to 2022-02-03T20:48:00+00:00
[2022-02-03 20:50:22,213] {processor.py:171} INFO - Processing /home/airflow/.local/lib/python3.7/site-packages/airflow/example_dags/example_sla_dag.py took 0.143 seconds
[2022-02-03 20:50:52,294] {processor.py:163} INFO - Started process (PID=1659) to work on /home/airflow/.local/lib/python3.7/site-packages/airflow/example_dags/example_sla_dag.py
[2022-02-03 20:50:52,295] {processor.py:642} INFO - Processing file /home/airflow/.local/lib/python3.7/site-packages/airflow/example_dags/example_sla_dag.py for tasks to queue
[2022-02-03 20:50:52,296] {logging_mixin.py:109} INFO - [2022-02-03 20:50:52,296] {dagbag.py:500} INFO - Filling up the DagBag from /home/airflow/.local/lib/python3.7/site-packages/airflow/example_dags/example_sla_dag.py
[2022-02-03 20:50:52,318] {processor.py:654} INFO - DAG(s) dict_keys(['example_sla_dag']) retrieved from /home/airflow/.local/lib/python3.7/site-packages/airflow/example_dags/example_sla_dag.py
[2022-02-03 20:50:52,326] {logging_mixin.py:109} INFO - [2022-02-03 20:50:52,326] {dag.py:2396} INFO - Sync 1 DAGs
[2022-02-03 20:50:52,340] {logging_mixin.py:109} INFO - [2022-02-03 20:50:52,340] {dag.py:2935} INFO - Setting next_dagrun for example_sla_dag to 2022-02-03T20:48:00+00:00
[2022-02-03 20:50:52,411] {processor.py:171} INFO - Processing /home/airflow/.local/lib/python3.7/site-packages/airflow/example_dags/example_sla_dag.py took 0.119 seconds
[2022-02-03 20:51:22,770] {processor.py:163} INFO - Started process (PID=1709) to work on /home/airflow/.local/lib/python3.7/site-packages/airflow/example_dags/example_sla_dag.py
[2022-02-03 20:51:22,772] {processor.py:642} INFO - Processing file /home/airflow/.local/lib/python3.7/site-packages/airflow/example_dags/example_sla_dag.py for tasks to queue
[2022-02-03 20:51:22,773] {logging_mixin.py:109} INFO - [2022-02-03 20:51:22,773] {dagbag.py:500} INFO - Filling up the DagBag from /home/airflow/.local/lib/python3.7/site-packages/airflow/example_dags/example_sla_dag.py
[2022-02-03 20:51:22,807] {processor.py:654} INFO - DAG(s) dict_keys(['example_sla_dag']) retrieved from /home/airflow/.local/lib/python3.7/site-packages/airflow/example_dags/example_sla_dag.py
[2022-02-03 20:51:22,818] {logging_mixin.py:109} INFO - [2022-02-03 20:51:22,817] {dag.py:2396} INFO - Sync 1 DAGs
[2022-02-03 20:51:22,900] {logging_mixin.py:109} INFO - [2022-02-03 20:51:22,900] {dag.py:2935} INFO - Setting next_dagrun for example_sla_dag to 2022-02-03T20:48:00+00:00
[2022-02-03 20:51:22,908] {processor.py:171} INFO - Processing /home/airflow/.local/lib/python3.7/site-packages/airflow/example_dags/example_sla_dag.py took 0.141 seconds
[2022-02-03 20:51:53,291] {processor.py:163} INFO - Started process (PID=1770) to work on /home/airflow/.local/lib/python3.7/site-packages/airflow/example_dags/example_sla_dag.py
[2022-02-03 20:51:53,292] {processor.py:642} INFO - Processing file /home/airflow/.local/lib/python3.7/site-packages/airflow/example_dags/example_sla_dag.py for tasks to queue
[2022-02-03 20:51:53,292] {logging_mixin.py:109} INFO - [2022-02-03 20:51:53,292] {dagbag.py:500} INFO - Filling up the DagBag from /home/airflow/.local/lib/python3.7/site-packages/airflow/example_dags/example_sla_dag.py
[2022-02-03 20:51:53,316] {processor.py:654} INFO - DAG(s) dict_keys(['example_sla_dag']) retrieved from /home/airflow/.local/lib/python3.7/site-packages/airflow/example_dags/example_sla_dag.py
[2022-02-03 20:51:53,323] {logging_mixin.py:109} INFO - [2022-02-03 20:51:53,323] {dag.py:2396} INFO - Sync 1 DAGs
[2022-02-03 20:51:53,396] {logging_mixin.py:109} INFO - [2022-02-03 20:51:53,396] {dag.py:2935} INFO - Setting next_dagrun for example_sla_dag to 2022-02-03T20:48:00+00:00
[2022-02-03 20:51:53,407] {processor.py:171} INFO - Processing /home/airflow/.local/lib/python3.7/site-packages/airflow/example_dags/example_sla_dag.py took 0.119 seconds
[2022-02-03 20:52:23,527] {processor.py:163} INFO - Started process (PID=1821) to work on /home/airflow/.local/lib/python3.7/site-packages/airflow/example_dags/example_sla_dag.py
[2022-02-03 20:52:23,529] {processor.py:642} INFO - Processing file /home/airflow/.local/lib/python3.7/site-packages/airflow/example_dags/example_sla_dag.py for tasks to queue
[2022-02-03 20:52:23,530] {logging_mixin.py:109} INFO - [2022-02-03 20:52:23,530] {dagbag.py:500} INFO - Filling up the DagBag from /home/airflow/.local/lib/python3.7/site-packages/airflow/example_dags/example_sla_dag.py
[2022-02-03 20:52:23,563] {processor.py:654} INFO - DAG(s) dict_keys(['example_sla_dag']) retrieved from /home/airflow/.local/lib/python3.7/site-packages/airflow/example_dags/example_sla_dag.py
[2022-02-03 20:52:23,574] {logging_mixin.py:109} INFO - [2022-02-03 20:52:23,574] {dag.py:2396} INFO - Sync 1 DAGs
[2022-02-03 20:52:23,668] {logging_mixin.py:109} INFO - [2022-02-03 20:52:23,668] {dag.py:2935} INFO - Setting next_dagrun for example_sla_dag to 2022-02-03T20:50:00+00:00
[2022-02-03 20:52:23,678] {processor.py:171} INFO - Processing /home/airflow/.local/lib/python3.7/site-packages/airflow/example_dags/example_sla_dag.py took 0.156 seconds
[2022-02-03 20:52:54,240] {processor.py:163} INFO - Started process (PID=1874) to work on /home/airflow/.local/lib/python3.7/site-packages/airflow/example_dags/example_sla_dag.py
[2022-02-03 20:52:54,241] {processor.py:642} INFO - Processing file /home/airflow/.local/lib/python3.7/site-packages/airflow/example_dags/example_sla_dag.py for tasks to queue
[2022-02-03 20:52:54,241] {logging_mixin.py:109} INFO - [2022-02-03 20:52:54,241] {dagbag.py:500} INFO - Filling up the DagBag from /home/airflow/.local/lib/python3.7/site-packages/airflow/example_dags/example_sla_dag.py
[2022-02-03 20:52:54,270] {processor.py:654} INFO - DAG(s) dict_keys(['example_sla_dag']) retrieved from /home/airflow/.local/lib/python3.7/site-packages/airflow/example_dags/example_sla_dag.py
[2022-02-03 20:52:54,279] {logging_mixin.py:109} INFO - [2022-02-03 20:52:54,279] {dag.py:2396} INFO - Sync 1 DAGs
[2022-02-03 20:52:54,362] {logging_mixin.py:109} INFO - [2022-02-03 20:52:54,362] {dag.py:2935} INFO - Setting next_dagrun for example_sla_dag to 2022-02-03T20:50:00+00:00
[2022-02-03 20:52:54,371] {processor.py:171} INFO - Processing /home/airflow/.local/lib/python3.7/site-packages/airflow/example_dags/example_sla_dag.py took 0.134 seconds
[2022-02-03 20:53:25,165] {processor.py:163} INFO - Started process (PID=1932) to work on /home/airflow/.local/lib/python3.7/site-packages/airflow/example_dags/example_sla_dag.py
[2022-02-03 20:53:25,166] {processor.py:642} INFO - Processing file /home/airflow/.local/lib/python3.7/site-packages/airflow/example_dags/example_sla_dag.py for tasks to queue
[2022-02-03 20:53:25,167] {logging_mixin.py:109} INFO - [2022-02-03 20:53:25,167] {dagbag.py:500} INFO - Filling up the DagBag from /home/airflow/.local/lib/python3.7/site-packages/airflow/example_dags/example_sla_dag.py
[2022-02-03 20:53:25,255] {processor.py:654} INFO - DAG(s) dict_keys(['example_sla_dag']) retrieved from /home/airflow/.local/lib/python3.7/site-packages/airflow/example_dags/example_sla_dag.py
[2022-02-03 20:53:25,262] {logging_mixin.py:109} INFO - [2022-02-03 20:53:25,262] {dag.py:2396} INFO - Sync 1 DAGs
[2022-02-03 20:53:25,277] {logging_mixin.py:109} INFO - [2022-02-03 20:53:25,277] {dag.py:2935} INFO - Setting next_dagrun for example_sla_dag to 2022-02-03T20:50:00+00:00
[2022-02-03 20:53:25,289] {processor.py:171} INFO - Processing /home/airflow/.local/lib/python3.7/site-packages/airflow/example_dags/example_sla_dag.py took 0.126 seconds
[2022-02-03 20:53:55,512] {processor.py:163} INFO - Started process (PID=1983) to work on /home/airflow/.local/lib/python3.7/site-packages/airflow/example_dags/example_sla_dag.py
[2022-02-03 20:53:55,515] {processor.py:642} INFO - Processing file /home/airflow/.local/lib/python3.7/site-packages/airflow/example_dags/example_sla_dag.py for tasks to queue
[2022-02-03 20:53:55,517] {logging_mixin.py:109} INFO - [2022-02-03 20:53:55,517] {dagbag.py:500} INFO - Filling up the DagBag from /home/airflow/.local/lib/python3.7/site-packages/airflow/example_dags/example_sla_dag.py
[2022-02-03 20:53:55,644] {processor.py:654} INFO - DAG(s) dict_keys(['example_sla_dag']) retrieved from /home/airflow/.local/lib/python3.7/site-packages/airflow/example_dags/example_sla_dag.py
[2022-02-03 20:53:55,656] {logging_mixin.py:109} INFO - [2022-02-03 20:53:55,655] {dag.py:2396} INFO - Sync 1 DAGs
[2022-02-03 20:53:55,674] {logging_mixin.py:109} INFO - [2022-02-03 20:53:55,674] {dag.py:2935} INFO - Setting next_dagrun for example_sla_dag to 2022-02-03T20:50:00+00:00
[2022-02-03 20:53:55,684] {processor.py:171} INFO - Processing /home/airflow/.local/lib/python3.7/site-packages/airflow/example_dags/example_sla_dag.py took 0.175 seconds
[2022-02-03 20:54:25,932] {processor.py:163} INFO - Started process (PID=2044) to work on /home/airflow/.local/lib/python3.7/site-packages/airflow/example_dags/example_sla_dag.py
[2022-02-03 20:54:25,933] {processor.py:642} INFO - Processing file /home/airflow/.local/lib/python3.7/site-packages/airflow/example_dags/example_sla_dag.py for tasks to queue
[2022-02-03 20:54:25,933] {logging_mixin.py:109} INFO - [2022-02-03 20:54:25,933] {dagbag.py:500} INFO - Filling up the DagBag from /home/airflow/.local/lib/python3.7/site-packages/airflow/example_dags/example_sla_dag.py
[2022-02-03 20:54:26,020] {processor.py:654} INFO - DAG(s) dict_keys(['example_sla_dag']) retrieved from /home/airflow/.local/lib/python3.7/site-packages/airflow/example_dags/example_sla_dag.py
[2022-02-03 20:54:26,026] {logging_mixin.py:109} INFO - [2022-02-03 20:54:26,026] {dag.py:2396} INFO - Sync 1 DAGs
[2022-02-03 20:54:26,040] {logging_mixin.py:109} INFO - [2022-02-03 20:54:26,040] {dag.py:2935} INFO - Setting next_dagrun for example_sla_dag to 2022-02-03T20:52:00+00:00
[2022-02-03 20:54:26,050] {processor.py:171} INFO - Processing /home/airflow/.local/lib/python3.7/site-packages/airflow/example_dags/example_sla_dag.py took 0.121 seconds
[2022-02-03 20:54:56,141] {processor.py:163} INFO - Started process (PID=2095) to work on /home/airflow/.local/lib/python3.7/site-packages/airflow/example_dags/example_sla_dag.py
[2022-02-03 20:54:56,143] {processor.py:642} INFO - Processing file /home/airflow/.local/lib/python3.7/site-packages/airflow/example_dags/example_sla_dag.py for tasks to queue
[2022-02-03 20:54:56,143] {logging_mixin.py:109} INFO - [2022-02-03 20:54:56,143] {dagbag.py:500} INFO - Filling up the DagBag from /home/airflow/.local/lib/python3.7/site-packages/airflow/example_dags/example_sla_dag.py
[2022-02-03 20:54:56,237] {processor.py:654} INFO - DAG(s) dict_keys(['example_sla_dag']) retrieved from /home/airflow/.local/lib/python3.7/site-packages/airflow/example_dags/example_sla_dag.py
[2022-02-03 20:54:56,245] {logging_mixin.py:109} INFO - [2022-02-03 20:54:56,245] {dag.py:2396} INFO - Sync 1 DAGs
[2022-02-03 20:54:56,260] {logging_mixin.py:109} INFO - [2022-02-03 20:54:56,260] {dag.py:2935} INFO - Setting next_dagrun for example_sla_dag to 2022-02-03T20:52:00+00:00
[2022-02-03 20:54:56,269] {processor.py:171} INFO - Processing /home/airflow/.local/lib/python3.7/site-packages/airflow/example_dags/example_sla_dag.py took 0.131 seconds
[2022-02-03 20:55:26,482] {processor.py:163} INFO - Started process (PID=2155) to work on /home/airflow/.local/lib/python3.7/site-packages/airflow/example_dags/example_sla_dag.py
[2022-02-03 20:55:26,483] {processor.py:642} INFO - Processing file /home/airflow/.local/lib/python3.7/site-packages/airflow/example_dags/example_sla_dag.py for tasks to queue
[2022-02-03 20:55:26,484] {logging_mixin.py:109} INFO - [2022-02-03 20:55:26,483] {dagbag.py:500} INFO - Filling up the DagBag from /home/airflow/.local/lib/python3.7/site-packages/airflow/example_dags/example_sla_dag.py
[2022-02-03 20:55:26,572] {processor.py:654} INFO - DAG(s) dict_keys(['example_sla_dag']) retrieved from /home/airflow/.local/lib/python3.7/site-packages/airflow/example_dags/example_sla_dag.py
[2022-02-03 20:55:26,579] {logging_mixin.py:109} INFO - [2022-02-03 20:55:26,579] {dag.py:2396} INFO - Sync 1 DAGs
[2022-02-03 20:55:26,592] {logging_mixin.py:109} INFO - [2022-02-03 20:55:26,592] {dag.py:2935} INFO - Setting next_dagrun for example_sla_dag to 2022-02-03T20:52:00+00:00
[2022-02-03 20:55:26,603] {processor.py:171} INFO - Processing /home/airflow/.local/lib/python3.7/site-packages/airflow/example_dags/example_sla_dag.py took 0.123 seconds
