[2022-02-03 20:38:36,418] {processor.py:163} INFO - Started process (PID=166) to work on /home/airflow/.local/lib/python3.7/site-packages/airflow/example_dags/example_branch_day_of_week_operator.py
[2022-02-03 20:38:36,420] {processor.py:642} INFO - Processing file /home/airflow/.local/lib/python3.7/site-packages/airflow/example_dags/example_branch_day_of_week_operator.py for tasks to queue
[2022-02-03 20:38:36,421] {logging_mixin.py:109} INFO - [2022-02-03 20:38:36,420] {dagbag.py:500} INFO - Filling up the DagBag from /home/airflow/.local/lib/python3.7/site-packages/airflow/example_dags/example_branch_day_of_week_operator.py
[2022-02-03 20:38:36,457] {processor.py:654} INFO - DAG(s) dict_keys(['example_weekday_branch_operator']) retrieved from /home/airflow/.local/lib/python3.7/site-packages/airflow/example_dags/example_branch_day_of_week_operator.py
[2022-02-03 20:38:39,136] {logging_mixin.py:109} INFO - [2022-02-03 20:38:39,135] {manager.py:496} INFO - Created Permission View: can read on DAG:example_weekday_branch_operator
[2022-02-03 20:38:39,151] {logging_mixin.py:109} INFO - [2022-02-03 20:38:39,151] {manager.py:496} INFO - Created Permission View: can edit on DAG:example_weekday_branch_operator
[2022-02-03 20:38:39,152] {logging_mixin.py:109} INFO - [2022-02-03 20:38:39,151] {dag.py:2396} INFO - Sync 1 DAGs
[2022-02-03 20:38:39,160] {logging_mixin.py:109} INFO - [2022-02-03 20:38:39,160] {dag.py:2415} INFO - Creating ORM DAG for example_weekday_branch_operator
[2022-02-03 20:38:39,172] {logging_mixin.py:109} INFO - [2022-02-03 20:38:39,172] {dag.py:2935} INFO - Setting next_dagrun for example_weekday_branch_operator to 2022-02-02 00:00:00+00:00
[2022-02-03 20:38:39,193] {processor.py:171} INFO - Processing /home/airflow/.local/lib/python3.7/site-packages/airflow/example_dags/example_branch_day_of_week_operator.py took 2.780 seconds
[2022-02-03 20:39:09,409] {processor.py:163} INFO - Started process (PID=361) to work on /home/airflow/.local/lib/python3.7/site-packages/airflow/example_dags/example_branch_day_of_week_operator.py
[2022-02-03 20:39:09,410] {processor.py:642} INFO - Processing file /home/airflow/.local/lib/python3.7/site-packages/airflow/example_dags/example_branch_day_of_week_operator.py for tasks to queue
[2022-02-03 20:39:09,411] {logging_mixin.py:109} INFO - [2022-02-03 20:39:09,411] {dagbag.py:500} INFO - Filling up the DagBag from /home/airflow/.local/lib/python3.7/site-packages/airflow/example_dags/example_branch_day_of_week_operator.py
[2022-02-03 20:39:09,436] {processor.py:654} INFO - DAG(s) dict_keys(['example_weekday_branch_operator']) retrieved from /home/airflow/.local/lib/python3.7/site-packages/airflow/example_dags/example_branch_day_of_week_operator.py
[2022-02-03 20:39:09,444] {logging_mixin.py:109} INFO - [2022-02-03 20:39:09,444] {dag.py:2396} INFO - Sync 1 DAGs
[2022-02-03 20:39:09,458] {logging_mixin.py:109} INFO - [2022-02-03 20:39:09,458] {dag.py:2935} INFO - Setting next_dagrun for example_weekday_branch_operator to 2022-02-02 00:00:00+00:00
[2022-02-03 20:39:09,468] {processor.py:171} INFO - Processing /home/airflow/.local/lib/python3.7/site-packages/airflow/example_dags/example_branch_day_of_week_operator.py took 0.062 seconds
[2022-02-03 20:39:39,530] {processor.py:163} INFO - Started process (PID=424) to work on /home/airflow/.local/lib/python3.7/site-packages/airflow/example_dags/example_branch_day_of_week_operator.py
[2022-02-03 20:39:39,531] {processor.py:642} INFO - Processing file /home/airflow/.local/lib/python3.7/site-packages/airflow/example_dags/example_branch_day_of_week_operator.py for tasks to queue
[2022-02-03 20:39:39,532] {logging_mixin.py:109} INFO - [2022-02-03 20:39:39,532] {dagbag.py:500} INFO - Filling up the DagBag from /home/airflow/.local/lib/python3.7/site-packages/airflow/example_dags/example_branch_day_of_week_operator.py
[2022-02-03 20:39:39,561] {processor.py:654} INFO - DAG(s) dict_keys(['example_weekday_branch_operator']) retrieved from /home/airflow/.local/lib/python3.7/site-packages/airflow/example_dags/example_branch_day_of_week_operator.py
[2022-02-03 20:39:39,571] {logging_mixin.py:109} INFO - [2022-02-03 20:39:39,571] {dag.py:2396} INFO - Sync 1 DAGs
[2022-02-03 20:39:39,589] {logging_mixin.py:109} INFO - [2022-02-03 20:39:39,589] {dag.py:2935} INFO - Setting next_dagrun for example_weekday_branch_operator to 2022-02-02 00:00:00+00:00
[2022-02-03 20:39:39,601] {processor.py:171} INFO - Processing /home/airflow/.local/lib/python3.7/site-packages/airflow/example_dags/example_branch_day_of_week_operator.py took 0.074 seconds
[2022-02-03 20:40:09,661] {processor.py:163} INFO - Started process (PID=474) to work on /home/airflow/.local/lib/python3.7/site-packages/airflow/example_dags/example_branch_day_of_week_operator.py
[2022-02-03 20:40:09,663] {processor.py:642} INFO - Processing file /home/airflow/.local/lib/python3.7/site-packages/airflow/example_dags/example_branch_day_of_week_operator.py for tasks to queue
[2022-02-03 20:40:09,664] {logging_mixin.py:109} INFO - [2022-02-03 20:40:09,664] {dagbag.py:500} INFO - Filling up the DagBag from /home/airflow/.local/lib/python3.7/site-packages/airflow/example_dags/example_branch_day_of_week_operator.py
[2022-02-03 20:40:09,693] {processor.py:654} INFO - DAG(s) dict_keys(['example_weekday_branch_operator']) retrieved from /home/airflow/.local/lib/python3.7/site-packages/airflow/example_dags/example_branch_day_of_week_operator.py
[2022-02-03 20:40:09,702] {logging_mixin.py:109} INFO - [2022-02-03 20:40:09,702] {dag.py:2396} INFO - Sync 1 DAGs
[2022-02-03 20:40:09,719] {logging_mixin.py:109} INFO - [2022-02-03 20:40:09,719] {dag.py:2935} INFO - Setting next_dagrun for example_weekday_branch_operator to 2022-02-02 00:00:00+00:00
[2022-02-03 20:40:09,730] {processor.py:171} INFO - Processing /home/airflow/.local/lib/python3.7/site-packages/airflow/example_dags/example_branch_day_of_week_operator.py took 0.071 seconds
[2022-02-03 20:40:40,018] {processor.py:163} INFO - Started process (PID=526) to work on /home/airflow/.local/lib/python3.7/site-packages/airflow/example_dags/example_branch_day_of_week_operator.py
[2022-02-03 20:40:40,020] {processor.py:642} INFO - Processing file /home/airflow/.local/lib/python3.7/site-packages/airflow/example_dags/example_branch_day_of_week_operator.py for tasks to queue
[2022-02-03 20:40:40,020] {logging_mixin.py:109} INFO - [2022-02-03 20:40:40,020] {dagbag.py:500} INFO - Filling up the DagBag from /home/airflow/.local/lib/python3.7/site-packages/airflow/example_dags/example_branch_day_of_week_operator.py
[2022-02-03 20:40:40,042] {processor.py:654} INFO - DAG(s) dict_keys(['example_weekday_branch_operator']) retrieved from /home/airflow/.local/lib/python3.7/site-packages/airflow/example_dags/example_branch_day_of_week_operator.py
[2022-02-03 20:40:40,050] {logging_mixin.py:109} INFO - [2022-02-03 20:40:40,050] {dag.py:2396} INFO - Sync 1 DAGs
[2022-02-03 20:40:40,065] {logging_mixin.py:109} INFO - [2022-02-03 20:40:40,065] {dag.py:2935} INFO - Setting next_dagrun for example_weekday_branch_operator to 2022-02-02 00:00:00+00:00
[2022-02-03 20:40:40,074] {processor.py:171} INFO - Processing /home/airflow/.local/lib/python3.7/site-packages/airflow/example_dags/example_branch_day_of_week_operator.py took 0.058 seconds
[2022-02-03 20:41:10,128] {processor.py:163} INFO - Started process (PID=586) to work on /home/airflow/.local/lib/python3.7/site-packages/airflow/example_dags/example_branch_day_of_week_operator.py
[2022-02-03 20:41:10,129] {processor.py:642} INFO - Processing file /home/airflow/.local/lib/python3.7/site-packages/airflow/example_dags/example_branch_day_of_week_operator.py for tasks to queue
[2022-02-03 20:41:10,130] {logging_mixin.py:109} INFO - [2022-02-03 20:41:10,130] {dagbag.py:500} INFO - Filling up the DagBag from /home/airflow/.local/lib/python3.7/site-packages/airflow/example_dags/example_branch_day_of_week_operator.py
[2022-02-03 20:41:10,152] {processor.py:654} INFO - DAG(s) dict_keys(['example_weekday_branch_operator']) retrieved from /home/airflow/.local/lib/python3.7/site-packages/airflow/example_dags/example_branch_day_of_week_operator.py
[2022-02-03 20:41:10,159] {logging_mixin.py:109} INFO - [2022-02-03 20:41:10,159] {dag.py:2396} INFO - Sync 1 DAGs
[2022-02-03 20:41:10,171] {logging_mixin.py:109} INFO - [2022-02-03 20:41:10,171] {dag.py:2935} INFO - Setting next_dagrun for example_weekday_branch_operator to 2022-02-02 00:00:00+00:00
[2022-02-03 20:41:10,182] {processor.py:171} INFO - Processing /home/airflow/.local/lib/python3.7/site-packages/airflow/example_dags/example_branch_day_of_week_operator.py took 0.057 seconds
[2022-02-03 20:41:40,249] {processor.py:163} INFO - Started process (PID=637) to work on /home/airflow/.local/lib/python3.7/site-packages/airflow/example_dags/example_branch_day_of_week_operator.py
[2022-02-03 20:41:40,250] {processor.py:642} INFO - Processing file /home/airflow/.local/lib/python3.7/site-packages/airflow/example_dags/example_branch_day_of_week_operator.py for tasks to queue
[2022-02-03 20:41:40,251] {logging_mixin.py:109} INFO - [2022-02-03 20:41:40,251] {dagbag.py:500} INFO - Filling up the DagBag from /home/airflow/.local/lib/python3.7/site-packages/airflow/example_dags/example_branch_day_of_week_operator.py
[2022-02-03 20:41:40,272] {processor.py:654} INFO - DAG(s) dict_keys(['example_weekday_branch_operator']) retrieved from /home/airflow/.local/lib/python3.7/site-packages/airflow/example_dags/example_branch_day_of_week_operator.py
[2022-02-03 20:41:40,280] {logging_mixin.py:109} INFO - [2022-02-03 20:41:40,279] {dag.py:2396} INFO - Sync 1 DAGs
[2022-02-03 20:41:40,292] {logging_mixin.py:109} INFO - [2022-02-03 20:41:40,292] {dag.py:2935} INFO - Setting next_dagrun for example_weekday_branch_operator to 2022-02-02 00:00:00+00:00
[2022-02-03 20:41:40,303] {processor.py:171} INFO - Processing /home/airflow/.local/lib/python3.7/site-packages/airflow/example_dags/example_branch_day_of_week_operator.py took 0.056 seconds
[2022-02-03 20:42:10,517] {processor.py:163} INFO - Started process (PID=698) to work on /home/airflow/.local/lib/python3.7/site-packages/airflow/example_dags/example_branch_day_of_week_operator.py
[2022-02-03 20:42:10,518] {processor.py:642} INFO - Processing file /home/airflow/.local/lib/python3.7/site-packages/airflow/example_dags/example_branch_day_of_week_operator.py for tasks to queue
[2022-02-03 20:42:10,518] {logging_mixin.py:109} INFO - [2022-02-03 20:42:10,518] {dagbag.py:500} INFO - Filling up the DagBag from /home/airflow/.local/lib/python3.7/site-packages/airflow/example_dags/example_branch_day_of_week_operator.py
[2022-02-03 20:42:10,539] {processor.py:654} INFO - DAG(s) dict_keys(['example_weekday_branch_operator']) retrieved from /home/airflow/.local/lib/python3.7/site-packages/airflow/example_dags/example_branch_day_of_week_operator.py
[2022-02-03 20:42:10,547] {logging_mixin.py:109} INFO - [2022-02-03 20:42:10,547] {dag.py:2396} INFO - Sync 1 DAGs
[2022-02-03 20:42:10,560] {logging_mixin.py:109} INFO - [2022-02-03 20:42:10,560] {dag.py:2935} INFO - Setting next_dagrun for example_weekday_branch_operator to 2022-02-02 00:00:00+00:00
[2022-02-03 20:42:10,572] {processor.py:171} INFO - Processing /home/airflow/.local/lib/python3.7/site-packages/airflow/example_dags/example_branch_day_of_week_operator.py took 0.058 seconds
[2022-02-03 20:42:40,630] {processor.py:163} INFO - Started process (PID=749) to work on /home/airflow/.local/lib/python3.7/site-packages/airflow/example_dags/example_branch_day_of_week_operator.py
[2022-02-03 20:42:40,632] {processor.py:642} INFO - Processing file /home/airflow/.local/lib/python3.7/site-packages/airflow/example_dags/example_branch_day_of_week_operator.py for tasks to queue
[2022-02-03 20:42:40,633] {logging_mixin.py:109} INFO - [2022-02-03 20:42:40,633] {dagbag.py:500} INFO - Filling up the DagBag from /home/airflow/.local/lib/python3.7/site-packages/airflow/example_dags/example_branch_day_of_week_operator.py
[2022-02-03 20:42:40,664] {processor.py:654} INFO - DAG(s) dict_keys(['example_weekday_branch_operator']) retrieved from /home/airflow/.local/lib/python3.7/site-packages/airflow/example_dags/example_branch_day_of_week_operator.py
[2022-02-03 20:42:40,674] {logging_mixin.py:109} INFO - [2022-02-03 20:42:40,674] {dag.py:2396} INFO - Sync 1 DAGs
[2022-02-03 20:42:40,690] {logging_mixin.py:109} INFO - [2022-02-03 20:42:40,690] {dag.py:2935} INFO - Setting next_dagrun for example_weekday_branch_operator to 2022-02-02 00:00:00+00:00
[2022-02-03 20:42:40,700] {processor.py:171} INFO - Processing /home/airflow/.local/lib/python3.7/site-packages/airflow/example_dags/example_branch_day_of_week_operator.py took 0.073 seconds
[2022-02-03 20:43:10,808] {processor.py:163} INFO - Started process (PID=810) to work on /home/airflow/.local/lib/python3.7/site-packages/airflow/example_dags/example_branch_day_of_week_operator.py
[2022-02-03 20:43:10,809] {processor.py:642} INFO - Processing file /home/airflow/.local/lib/python3.7/site-packages/airflow/example_dags/example_branch_day_of_week_operator.py for tasks to queue
[2022-02-03 20:43:10,810] {logging_mixin.py:109} INFO - [2022-02-03 20:43:10,810] {dagbag.py:500} INFO - Filling up the DagBag from /home/airflow/.local/lib/python3.7/site-packages/airflow/example_dags/example_branch_day_of_week_operator.py
[2022-02-03 20:43:10,829] {processor.py:654} INFO - DAG(s) dict_keys(['example_weekday_branch_operator']) retrieved from /home/airflow/.local/lib/python3.7/site-packages/airflow/example_dags/example_branch_day_of_week_operator.py
[2022-02-03 20:43:10,836] {logging_mixin.py:109} INFO - [2022-02-03 20:43:10,836] {dag.py:2396} INFO - Sync 1 DAGs
[2022-02-03 20:43:10,849] {logging_mixin.py:109} INFO - [2022-02-03 20:43:10,849] {dag.py:2935} INFO - Setting next_dagrun for example_weekday_branch_operator to 2022-02-02 00:00:00+00:00
[2022-02-03 20:43:10,858] {processor.py:171} INFO - Processing /home/airflow/.local/lib/python3.7/site-packages/airflow/example_dags/example_branch_day_of_week_operator.py took 0.053 seconds
[2022-02-03 20:43:40,985] {processor.py:163} INFO - Started process (PID=862) to work on /home/airflow/.local/lib/python3.7/site-packages/airflow/example_dags/example_branch_day_of_week_operator.py
[2022-02-03 20:43:40,986] {processor.py:642} INFO - Processing file /home/airflow/.local/lib/python3.7/site-packages/airflow/example_dags/example_branch_day_of_week_operator.py for tasks to queue
[2022-02-03 20:43:40,986] {logging_mixin.py:109} INFO - [2022-02-03 20:43:40,986] {dagbag.py:500} INFO - Filling up the DagBag from /home/airflow/.local/lib/python3.7/site-packages/airflow/example_dags/example_branch_day_of_week_operator.py
[2022-02-03 20:43:41,008] {processor.py:654} INFO - DAG(s) dict_keys(['example_weekday_branch_operator']) retrieved from /home/airflow/.local/lib/python3.7/site-packages/airflow/example_dags/example_branch_day_of_week_operator.py
[2022-02-03 20:43:41,016] {logging_mixin.py:109} INFO - [2022-02-03 20:43:41,016] {dag.py:2396} INFO - Sync 1 DAGs
[2022-02-03 20:43:41,030] {logging_mixin.py:109} INFO - [2022-02-03 20:43:41,030] {dag.py:2935} INFO - Setting next_dagrun for example_weekday_branch_operator to 2022-02-02 00:00:00+00:00
[2022-02-03 20:43:41,042] {processor.py:171} INFO - Processing /home/airflow/.local/lib/python3.7/site-packages/airflow/example_dags/example_branch_day_of_week_operator.py took 0.060 seconds
[2022-02-03 20:44:11,765] {processor.py:163} INFO - Started process (PID=921) to work on /home/airflow/.local/lib/python3.7/site-packages/airflow/example_dags/example_branch_day_of_week_operator.py
[2022-02-03 20:44:11,766] {processor.py:642} INFO - Processing file /home/airflow/.local/lib/python3.7/site-packages/airflow/example_dags/example_branch_day_of_week_operator.py for tasks to queue
[2022-02-03 20:44:11,766] {logging_mixin.py:109} INFO - [2022-02-03 20:44:11,766] {dagbag.py:500} INFO - Filling up the DagBag from /home/airflow/.local/lib/python3.7/site-packages/airflow/example_dags/example_branch_day_of_week_operator.py
[2022-02-03 20:44:11,787] {processor.py:654} INFO - DAG(s) dict_keys(['example_weekday_branch_operator']) retrieved from /home/airflow/.local/lib/python3.7/site-packages/airflow/example_dags/example_branch_day_of_week_operator.py
[2022-02-03 20:44:11,794] {logging_mixin.py:109} INFO - [2022-02-03 20:44:11,794] {dag.py:2396} INFO - Sync 1 DAGs
[2022-02-03 20:44:11,808] {logging_mixin.py:109} INFO - [2022-02-03 20:44:11,808] {dag.py:2935} INFO - Setting next_dagrun for example_weekday_branch_operator to 2022-02-02 00:00:00+00:00
[2022-02-03 20:44:11,816] {processor.py:171} INFO - Processing /home/airflow/.local/lib/python3.7/site-packages/airflow/example_dags/example_branch_day_of_week_operator.py took 0.054 seconds
[2022-02-03 20:44:42,229] {processor.py:163} INFO - Started process (PID=971) to work on /home/airflow/.local/lib/python3.7/site-packages/airflow/example_dags/example_branch_day_of_week_operator.py
[2022-02-03 20:44:42,231] {processor.py:642} INFO - Processing file /home/airflow/.local/lib/python3.7/site-packages/airflow/example_dags/example_branch_day_of_week_operator.py for tasks to queue
[2022-02-03 20:44:42,231] {logging_mixin.py:109} INFO - [2022-02-03 20:44:42,231] {dagbag.py:500} INFO - Filling up the DagBag from /home/airflow/.local/lib/python3.7/site-packages/airflow/example_dags/example_branch_day_of_week_operator.py
[2022-02-03 20:44:42,259] {processor.py:654} INFO - DAG(s) dict_keys(['example_weekday_branch_operator']) retrieved from /home/airflow/.local/lib/python3.7/site-packages/airflow/example_dags/example_branch_day_of_week_operator.py
[2022-02-03 20:44:42,268] {logging_mixin.py:109} INFO - [2022-02-03 20:44:42,268] {dag.py:2396} INFO - Sync 1 DAGs
[2022-02-03 20:44:42,281] {logging_mixin.py:109} INFO - [2022-02-03 20:44:42,281] {dag.py:2935} INFO - Setting next_dagrun for example_weekday_branch_operator to 2022-02-02 00:00:00+00:00
[2022-02-03 20:44:42,290] {processor.py:171} INFO - Processing /home/airflow/.local/lib/python3.7/site-packages/airflow/example_dags/example_branch_day_of_week_operator.py took 0.063 seconds
[2022-02-03 20:45:12,848] {processor.py:163} INFO - Started process (PID=1033) to work on /home/airflow/.local/lib/python3.7/site-packages/airflow/example_dags/example_branch_day_of_week_operator.py
[2022-02-03 20:45:12,849] {processor.py:642} INFO - Processing file /home/airflow/.local/lib/python3.7/site-packages/airflow/example_dags/example_branch_day_of_week_operator.py for tasks to queue
[2022-02-03 20:45:12,850] {logging_mixin.py:109} INFO - [2022-02-03 20:45:12,850] {dagbag.py:500} INFO - Filling up the DagBag from /home/airflow/.local/lib/python3.7/site-packages/airflow/example_dags/example_branch_day_of_week_operator.py
[2022-02-03 20:45:12,871] {processor.py:654} INFO - DAG(s) dict_keys(['example_weekday_branch_operator']) retrieved from /home/airflow/.local/lib/python3.7/site-packages/airflow/example_dags/example_branch_day_of_week_operator.py
[2022-02-03 20:45:12,879] {logging_mixin.py:109} INFO - [2022-02-03 20:45:12,878] {dag.py:2396} INFO - Sync 1 DAGs
[2022-02-03 20:45:12,891] {logging_mixin.py:109} INFO - [2022-02-03 20:45:12,891] {dag.py:2935} INFO - Setting next_dagrun for example_weekday_branch_operator to 2022-02-02 00:00:00+00:00
[2022-02-03 20:45:12,903] {processor.py:171} INFO - Processing /home/airflow/.local/lib/python3.7/site-packages/airflow/example_dags/example_branch_day_of_week_operator.py took 0.058 seconds
[2022-02-03 20:45:43,418] {processor.py:163} INFO - Started process (PID=1084) to work on /home/airflow/.local/lib/python3.7/site-packages/airflow/example_dags/example_branch_day_of_week_operator.py
[2022-02-03 20:45:43,419] {processor.py:642} INFO - Processing file /home/airflow/.local/lib/python3.7/site-packages/airflow/example_dags/example_branch_day_of_week_operator.py for tasks to queue
[2022-02-03 20:45:43,419] {logging_mixin.py:109} INFO - [2022-02-03 20:45:43,419] {dagbag.py:500} INFO - Filling up the DagBag from /home/airflow/.local/lib/python3.7/site-packages/airflow/example_dags/example_branch_day_of_week_operator.py
[2022-02-03 20:45:43,443] {processor.py:654} INFO - DAG(s) dict_keys(['example_weekday_branch_operator']) retrieved from /home/airflow/.local/lib/python3.7/site-packages/airflow/example_dags/example_branch_day_of_week_operator.py
[2022-02-03 20:45:43,451] {logging_mixin.py:109} INFO - [2022-02-03 20:45:43,450] {dag.py:2396} INFO - Sync 1 DAGs
[2022-02-03 20:45:43,467] {logging_mixin.py:109} INFO - [2022-02-03 20:45:43,467] {dag.py:2935} INFO - Setting next_dagrun for example_weekday_branch_operator to 2022-02-02 00:00:00+00:00
[2022-02-03 20:45:43,492] {processor.py:171} INFO - Processing /home/airflow/.local/lib/python3.7/site-packages/airflow/example_dags/example_branch_day_of_week_operator.py took 0.077 seconds
[2022-02-03 20:46:13,889] {processor.py:163} INFO - Started process (PID=1146) to work on /home/airflow/.local/lib/python3.7/site-packages/airflow/example_dags/example_branch_day_of_week_operator.py
[2022-02-03 20:46:13,890] {processor.py:642} INFO - Processing file /home/airflow/.local/lib/python3.7/site-packages/airflow/example_dags/example_branch_day_of_week_operator.py for tasks to queue
[2022-02-03 20:46:13,891] {logging_mixin.py:109} INFO - [2022-02-03 20:46:13,891] {dagbag.py:500} INFO - Filling up the DagBag from /home/airflow/.local/lib/python3.7/site-packages/airflow/example_dags/example_branch_day_of_week_operator.py
[2022-02-03 20:46:13,912] {processor.py:654} INFO - DAG(s) dict_keys(['example_weekday_branch_operator']) retrieved from /home/airflow/.local/lib/python3.7/site-packages/airflow/example_dags/example_branch_day_of_week_operator.py
[2022-02-03 20:46:13,920] {logging_mixin.py:109} INFO - [2022-02-03 20:46:13,919] {dag.py:2396} INFO - Sync 1 DAGs
[2022-02-03 20:46:13,932] {logging_mixin.py:109} INFO - [2022-02-03 20:46:13,932] {dag.py:2935} INFO - Setting next_dagrun for example_weekday_branch_operator to 2022-02-02 00:00:00+00:00
[2022-02-03 20:46:13,940] {processor.py:171} INFO - Processing /home/airflow/.local/lib/python3.7/site-packages/airflow/example_dags/example_branch_day_of_week_operator.py took 0.053 seconds
[2022-02-03 20:46:44,341] {processor.py:163} INFO - Started process (PID=1197) to work on /home/airflow/.local/lib/python3.7/site-packages/airflow/example_dags/example_branch_day_of_week_operator.py
[2022-02-03 20:46:44,342] {processor.py:642} INFO - Processing file /home/airflow/.local/lib/python3.7/site-packages/airflow/example_dags/example_branch_day_of_week_operator.py for tasks to queue
[2022-02-03 20:46:44,342] {logging_mixin.py:109} INFO - [2022-02-03 20:46:44,342] {dagbag.py:500} INFO - Filling up the DagBag from /home/airflow/.local/lib/python3.7/site-packages/airflow/example_dags/example_branch_day_of_week_operator.py
[2022-02-03 20:46:44,363] {processor.py:654} INFO - DAG(s) dict_keys(['example_weekday_branch_operator']) retrieved from /home/airflow/.local/lib/python3.7/site-packages/airflow/example_dags/example_branch_day_of_week_operator.py
[2022-02-03 20:46:44,371] {logging_mixin.py:109} INFO - [2022-02-03 20:46:44,371] {dag.py:2396} INFO - Sync 1 DAGs
[2022-02-03 20:46:44,383] {logging_mixin.py:109} INFO - [2022-02-03 20:46:44,383] {dag.py:2935} INFO - Setting next_dagrun for example_weekday_branch_operator to 2022-02-02 00:00:00+00:00
[2022-02-03 20:46:44,395] {processor.py:171} INFO - Processing /home/airflow/.local/lib/python3.7/site-packages/airflow/example_dags/example_branch_day_of_week_operator.py took 0.057 seconds
[2022-02-03 20:47:14,931] {processor.py:163} INFO - Started process (PID=1258) to work on /home/airflow/.local/lib/python3.7/site-packages/airflow/example_dags/example_branch_day_of_week_operator.py
[2022-02-03 20:47:14,932] {processor.py:642} INFO - Processing file /home/airflow/.local/lib/python3.7/site-packages/airflow/example_dags/example_branch_day_of_week_operator.py for tasks to queue
[2022-02-03 20:47:14,932] {logging_mixin.py:109} INFO - [2022-02-03 20:47:14,932] {dagbag.py:500} INFO - Filling up the DagBag from /home/airflow/.local/lib/python3.7/site-packages/airflow/example_dags/example_branch_day_of_week_operator.py
[2022-02-03 20:47:14,957] {processor.py:654} INFO - DAG(s) dict_keys(['example_weekday_branch_operator']) retrieved from /home/airflow/.local/lib/python3.7/site-packages/airflow/example_dags/example_branch_day_of_week_operator.py
[2022-02-03 20:47:14,967] {logging_mixin.py:109} INFO - [2022-02-03 20:47:14,967] {dag.py:2396} INFO - Sync 1 DAGs
[2022-02-03 20:47:14,988] {logging_mixin.py:109} INFO - [2022-02-03 20:47:14,987] {dag.py:2935} INFO - Setting next_dagrun for example_weekday_branch_operator to 2022-02-02 00:00:00+00:00
[2022-02-03 20:47:14,997] {processor.py:171} INFO - Processing /home/airflow/.local/lib/python3.7/site-packages/airflow/example_dags/example_branch_day_of_week_operator.py took 0.069 seconds
[2022-02-03 20:47:45,462] {processor.py:163} INFO - Started process (PID=1318) to work on /home/airflow/.local/lib/python3.7/site-packages/airflow/example_dags/example_branch_day_of_week_operator.py
[2022-02-03 20:47:45,463] {processor.py:642} INFO - Processing file /home/airflow/.local/lib/python3.7/site-packages/airflow/example_dags/example_branch_day_of_week_operator.py for tasks to queue
[2022-02-03 20:47:45,464] {logging_mixin.py:109} INFO - [2022-02-03 20:47:45,464] {dagbag.py:500} INFO - Filling up the DagBag from /home/airflow/.local/lib/python3.7/site-packages/airflow/example_dags/example_branch_day_of_week_operator.py
[2022-02-03 20:47:45,487] {processor.py:654} INFO - DAG(s) dict_keys(['example_weekday_branch_operator']) retrieved from /home/airflow/.local/lib/python3.7/site-packages/airflow/example_dags/example_branch_day_of_week_operator.py
[2022-02-03 20:47:45,494] {logging_mixin.py:109} INFO - [2022-02-03 20:47:45,494] {dag.py:2396} INFO - Sync 1 DAGs
[2022-02-03 20:47:45,507] {logging_mixin.py:109} INFO - [2022-02-03 20:47:45,507] {dag.py:2935} INFO - Setting next_dagrun for example_weekday_branch_operator to 2022-02-02 00:00:00+00:00
[2022-02-03 20:47:45,519] {processor.py:171} INFO - Processing /home/airflow/.local/lib/python3.7/site-packages/airflow/example_dags/example_branch_day_of_week_operator.py took 0.059 seconds
[2022-02-03 20:48:16,116] {processor.py:163} INFO - Started process (PID=1370) to work on /home/airflow/.local/lib/python3.7/site-packages/airflow/example_dags/example_branch_day_of_week_operator.py
[2022-02-03 20:48:16,117] {processor.py:642} INFO - Processing file /home/airflow/.local/lib/python3.7/site-packages/airflow/example_dags/example_branch_day_of_week_operator.py for tasks to queue
[2022-02-03 20:48:16,119] {logging_mixin.py:109} INFO - [2022-02-03 20:48:16,118] {dagbag.py:500} INFO - Filling up the DagBag from /home/airflow/.local/lib/python3.7/site-packages/airflow/example_dags/example_branch_day_of_week_operator.py
[2022-02-03 20:48:16,228] {processor.py:654} INFO - DAG(s) dict_keys(['example_weekday_branch_operator']) retrieved from /home/airflow/.local/lib/python3.7/site-packages/airflow/example_dags/example_branch_day_of_week_operator.py
[2022-02-03 20:48:16,238] {logging_mixin.py:109} INFO - [2022-02-03 20:48:16,237] {dag.py:2396} INFO - Sync 1 DAGs
[2022-02-03 20:48:16,260] {logging_mixin.py:109} INFO - [2022-02-03 20:48:16,260] {dag.py:2935} INFO - Setting next_dagrun for example_weekday_branch_operator to 2022-02-02 00:00:00+00:00
[2022-02-03 20:48:16,271] {processor.py:171} INFO - Processing /home/airflow/.local/lib/python3.7/site-packages/airflow/example_dags/example_branch_day_of_week_operator.py took 0.160 seconds
[2022-02-03 20:48:46,691] {processor.py:163} INFO - Started process (PID=1432) to work on /home/airflow/.local/lib/python3.7/site-packages/airflow/example_dags/example_branch_day_of_week_operator.py
[2022-02-03 20:48:46,692] {processor.py:642} INFO - Processing file /home/airflow/.local/lib/python3.7/site-packages/airflow/example_dags/example_branch_day_of_week_operator.py for tasks to queue
[2022-02-03 20:48:46,693] {logging_mixin.py:109} INFO - [2022-02-03 20:48:46,692] {dagbag.py:500} INFO - Filling up the DagBag from /home/airflow/.local/lib/python3.7/site-packages/airflow/example_dags/example_branch_day_of_week_operator.py
[2022-02-03 20:48:46,717] {processor.py:654} INFO - DAG(s) dict_keys(['example_weekday_branch_operator']) retrieved from /home/airflow/.local/lib/python3.7/site-packages/airflow/example_dags/example_branch_day_of_week_operator.py
[2022-02-03 20:48:46,726] {logging_mixin.py:109} INFO - [2022-02-03 20:48:46,726] {dag.py:2396} INFO - Sync 1 DAGs
[2022-02-03 20:48:46,741] {logging_mixin.py:109} INFO - [2022-02-03 20:48:46,741] {dag.py:2935} INFO - Setting next_dagrun for example_weekday_branch_operator to 2022-02-02 00:00:00+00:00
[2022-02-03 20:48:46,753] {processor.py:171} INFO - Processing /home/airflow/.local/lib/python3.7/site-packages/airflow/example_dags/example_branch_day_of_week_operator.py took 0.066 seconds
[2022-02-03 20:49:17,135] {processor.py:163} INFO - Started process (PID=1483) to work on /home/airflow/.local/lib/python3.7/site-packages/airflow/example_dags/example_branch_day_of_week_operator.py
[2022-02-03 20:49:17,136] {processor.py:642} INFO - Processing file /home/airflow/.local/lib/python3.7/site-packages/airflow/example_dags/example_branch_day_of_week_operator.py for tasks to queue
[2022-02-03 20:49:17,137] {logging_mixin.py:109} INFO - [2022-02-03 20:49:17,137] {dagbag.py:500} INFO - Filling up the DagBag from /home/airflow/.local/lib/python3.7/site-packages/airflow/example_dags/example_branch_day_of_week_operator.py
[2022-02-03 20:49:17,159] {processor.py:654} INFO - DAG(s) dict_keys(['example_weekday_branch_operator']) retrieved from /home/airflow/.local/lib/python3.7/site-packages/airflow/example_dags/example_branch_day_of_week_operator.py
[2022-02-03 20:49:17,167] {logging_mixin.py:109} INFO - [2022-02-03 20:49:17,167] {dag.py:2396} INFO - Sync 1 DAGs
[2022-02-03 20:49:17,183] {logging_mixin.py:109} INFO - [2022-02-03 20:49:17,182] {dag.py:2935} INFO - Setting next_dagrun for example_weekday_branch_operator to 2022-02-02 00:00:00+00:00
[2022-02-03 20:49:17,191] {processor.py:171} INFO - Processing /home/airflow/.local/lib/python3.7/site-packages/airflow/example_dags/example_branch_day_of_week_operator.py took 0.059 seconds
[2022-02-03 20:49:47,234] {processor.py:163} INFO - Started process (PID=1544) to work on /home/airflow/.local/lib/python3.7/site-packages/airflow/example_dags/example_branch_day_of_week_operator.py
[2022-02-03 20:49:47,235] {processor.py:642} INFO - Processing file /home/airflow/.local/lib/python3.7/site-packages/airflow/example_dags/example_branch_day_of_week_operator.py for tasks to queue
[2022-02-03 20:49:47,236] {logging_mixin.py:109} INFO - [2022-02-03 20:49:47,236] {dagbag.py:500} INFO - Filling up the DagBag from /home/airflow/.local/lib/python3.7/site-packages/airflow/example_dags/example_branch_day_of_week_operator.py
[2022-02-03 20:49:47,266] {processor.py:654} INFO - DAG(s) dict_keys(['example_weekday_branch_operator']) retrieved from /home/airflow/.local/lib/python3.7/site-packages/airflow/example_dags/example_branch_day_of_week_operator.py
[2022-02-03 20:49:47,276] {logging_mixin.py:109} INFO - [2022-02-03 20:49:47,276] {dag.py:2396} INFO - Sync 1 DAGs
[2022-02-03 20:49:47,294] {logging_mixin.py:109} INFO - [2022-02-03 20:49:47,294] {dag.py:2935} INFO - Setting next_dagrun for example_weekday_branch_operator to 2022-02-02 00:00:00+00:00
[2022-02-03 20:49:47,306] {processor.py:171} INFO - Processing /home/airflow/.local/lib/python3.7/site-packages/airflow/example_dags/example_branch_day_of_week_operator.py took 0.076 seconds
[2022-02-03 20:50:17,964] {processor.py:163} INFO - Started process (PID=1594) to work on /home/airflow/.local/lib/python3.7/site-packages/airflow/example_dags/example_branch_day_of_week_operator.py
[2022-02-03 20:50:17,966] {processor.py:642} INFO - Processing file /home/airflow/.local/lib/python3.7/site-packages/airflow/example_dags/example_branch_day_of_week_operator.py for tasks to queue
[2022-02-03 20:50:17,966] {logging_mixin.py:109} INFO - [2022-02-03 20:50:17,966] {dagbag.py:500} INFO - Filling up the DagBag from /home/airflow/.local/lib/python3.7/site-packages/airflow/example_dags/example_branch_day_of_week_operator.py
[2022-02-03 20:50:17,989] {processor.py:654} INFO - DAG(s) dict_keys(['example_weekday_branch_operator']) retrieved from /home/airflow/.local/lib/python3.7/site-packages/airflow/example_dags/example_branch_day_of_week_operator.py
[2022-02-03 20:50:17,997] {logging_mixin.py:109} INFO - [2022-02-03 20:50:17,997] {dag.py:2396} INFO - Sync 1 DAGs
[2022-02-03 20:50:18,012] {logging_mixin.py:109} INFO - [2022-02-03 20:50:18,011] {dag.py:2935} INFO - Setting next_dagrun for example_weekday_branch_operator to 2022-02-02 00:00:00+00:00
[2022-02-03 20:50:18,022] {processor.py:171} INFO - Processing /home/airflow/.local/lib/python3.7/site-packages/airflow/example_dags/example_branch_day_of_week_operator.py took 0.060 seconds
[2022-02-03 20:50:48,753] {processor.py:163} INFO - Started process (PID=1655) to work on /home/airflow/.local/lib/python3.7/site-packages/airflow/example_dags/example_branch_day_of_week_operator.py
[2022-02-03 20:50:48,755] {processor.py:642} INFO - Processing file /home/airflow/.local/lib/python3.7/site-packages/airflow/example_dags/example_branch_day_of_week_operator.py for tasks to queue
[2022-02-03 20:50:48,756] {logging_mixin.py:109} INFO - [2022-02-03 20:50:48,755] {dagbag.py:500} INFO - Filling up the DagBag from /home/airflow/.local/lib/python3.7/site-packages/airflow/example_dags/example_branch_day_of_week_operator.py
[2022-02-03 20:50:48,784] {processor.py:654} INFO - DAG(s) dict_keys(['example_weekday_branch_operator']) retrieved from /home/airflow/.local/lib/python3.7/site-packages/airflow/example_dags/example_branch_day_of_week_operator.py
[2022-02-03 20:50:48,795] {logging_mixin.py:109} INFO - [2022-02-03 20:50:48,795] {dag.py:2396} INFO - Sync 1 DAGs
[2022-02-03 20:50:48,815] {logging_mixin.py:109} INFO - [2022-02-03 20:50:48,815] {dag.py:2935} INFO - Setting next_dagrun for example_weekday_branch_operator to 2022-02-02 00:00:00+00:00
[2022-02-03 20:50:48,826] {processor.py:171} INFO - Processing /home/airflow/.local/lib/python3.7/site-packages/airflow/example_dags/example_branch_day_of_week_operator.py took 0.076 seconds
[2022-02-03 20:51:19,388] {processor.py:163} INFO - Started process (PID=1705) to work on /home/airflow/.local/lib/python3.7/site-packages/airflow/example_dags/example_branch_day_of_week_operator.py
[2022-02-03 20:51:19,389] {processor.py:642} INFO - Processing file /home/airflow/.local/lib/python3.7/site-packages/airflow/example_dags/example_branch_day_of_week_operator.py for tasks to queue
[2022-02-03 20:51:19,390] {logging_mixin.py:109} INFO - [2022-02-03 20:51:19,390] {dagbag.py:500} INFO - Filling up the DagBag from /home/airflow/.local/lib/python3.7/site-packages/airflow/example_dags/example_branch_day_of_week_operator.py
[2022-02-03 20:51:19,414] {processor.py:654} INFO - DAG(s) dict_keys(['example_weekday_branch_operator']) retrieved from /home/airflow/.local/lib/python3.7/site-packages/airflow/example_dags/example_branch_day_of_week_operator.py
[2022-02-03 20:51:19,423] {logging_mixin.py:109} INFO - [2022-02-03 20:51:19,423] {dag.py:2396} INFO - Sync 1 DAGs
[2022-02-03 20:51:19,437] {logging_mixin.py:109} INFO - [2022-02-03 20:51:19,437] {dag.py:2935} INFO - Setting next_dagrun for example_weekday_branch_operator to 2022-02-02 00:00:00+00:00
[2022-02-03 20:51:19,509] {processor.py:171} INFO - Processing /home/airflow/.local/lib/python3.7/site-packages/airflow/example_dags/example_branch_day_of_week_operator.py took 0.124 seconds
[2022-02-03 20:51:49,968] {processor.py:163} INFO - Started process (PID=1764) to work on /home/airflow/.local/lib/python3.7/site-packages/airflow/example_dags/example_branch_day_of_week_operator.py
[2022-02-03 20:51:49,970] {processor.py:642} INFO - Processing file /home/airflow/.local/lib/python3.7/site-packages/airflow/example_dags/example_branch_day_of_week_operator.py for tasks to queue
[2022-02-03 20:51:49,971] {logging_mixin.py:109} INFO - [2022-02-03 20:51:49,971] {dagbag.py:500} INFO - Filling up the DagBag from /home/airflow/.local/lib/python3.7/site-packages/airflow/example_dags/example_branch_day_of_week_operator.py
[2022-02-03 20:51:50,003] {processor.py:654} INFO - DAG(s) dict_keys(['example_weekday_branch_operator']) retrieved from /home/airflow/.local/lib/python3.7/site-packages/airflow/example_dags/example_branch_day_of_week_operator.py
[2022-02-03 20:51:50,016] {logging_mixin.py:109} INFO - [2022-02-03 20:51:50,015] {dag.py:2396} INFO - Sync 1 DAGs
[2022-02-03 20:51:50,037] {logging_mixin.py:109} INFO - [2022-02-03 20:51:50,037] {dag.py:2935} INFO - Setting next_dagrun for example_weekday_branch_operator to 2022-02-02 00:00:00+00:00
[2022-02-03 20:51:50,139] {processor.py:171} INFO - Processing /home/airflow/.local/lib/python3.7/site-packages/airflow/example_dags/example_branch_day_of_week_operator.py took 0.174 seconds
[2022-02-03 20:52:20,879] {processor.py:163} INFO - Started process (PID=1817) to work on /home/airflow/.local/lib/python3.7/site-packages/airflow/example_dags/example_branch_day_of_week_operator.py
[2022-02-03 20:52:20,880] {processor.py:642} INFO - Processing file /home/airflow/.local/lib/python3.7/site-packages/airflow/example_dags/example_branch_day_of_week_operator.py for tasks to queue
[2022-02-03 20:52:20,881] {logging_mixin.py:109} INFO - [2022-02-03 20:52:20,881] {dagbag.py:500} INFO - Filling up the DagBag from /home/airflow/.local/lib/python3.7/site-packages/airflow/example_dags/example_branch_day_of_week_operator.py
[2022-02-03 20:52:20,912] {processor.py:654} INFO - DAG(s) dict_keys(['example_weekday_branch_operator']) retrieved from /home/airflow/.local/lib/python3.7/site-packages/airflow/example_dags/example_branch_day_of_week_operator.py
[2022-02-03 20:52:20,925] {logging_mixin.py:109} INFO - [2022-02-03 20:52:20,924] {dag.py:2396} INFO - Sync 1 DAGs
[2022-02-03 20:52:21,020] {logging_mixin.py:109} INFO - [2022-02-03 20:52:21,020] {dag.py:2935} INFO - Setting next_dagrun for example_weekday_branch_operator to 2022-02-02 00:00:00+00:00
[2022-02-03 20:52:21,029] {processor.py:171} INFO - Processing /home/airflow/.local/lib/python3.7/site-packages/airflow/example_dags/example_branch_day_of_week_operator.py took 0.154 seconds
[2022-02-03 20:52:51,912] {processor.py:163} INFO - Started process (PID=1868) to work on /home/airflow/.local/lib/python3.7/site-packages/airflow/example_dags/example_branch_day_of_week_operator.py
[2022-02-03 20:52:51,913] {processor.py:642} INFO - Processing file /home/airflow/.local/lib/python3.7/site-packages/airflow/example_dags/example_branch_day_of_week_operator.py for tasks to queue
[2022-02-03 20:52:51,914] {logging_mixin.py:109} INFO - [2022-02-03 20:52:51,913] {dagbag.py:500} INFO - Filling up the DagBag from /home/airflow/.local/lib/python3.7/site-packages/airflow/example_dags/example_branch_day_of_week_operator.py
[2022-02-03 20:52:51,938] {processor.py:654} INFO - DAG(s) dict_keys(['example_weekday_branch_operator']) retrieved from /home/airflow/.local/lib/python3.7/site-packages/airflow/example_dags/example_branch_day_of_week_operator.py
[2022-02-03 20:52:51,948] {logging_mixin.py:109} INFO - [2022-02-03 20:52:51,948] {dag.py:2396} INFO - Sync 1 DAGs
[2022-02-03 20:52:52,036] {logging_mixin.py:109} INFO - [2022-02-03 20:52:52,036] {dag.py:2935} INFO - Setting next_dagrun for example_weekday_branch_operator to 2022-02-02 00:00:00+00:00
[2022-02-03 20:52:52,046] {processor.py:171} INFO - Processing /home/airflow/.local/lib/python3.7/site-packages/airflow/example_dags/example_branch_day_of_week_operator.py took 0.137 seconds
[2022-02-03 20:53:22,819] {processor.py:163} INFO - Started process (PID=1928) to work on /home/airflow/.local/lib/python3.7/site-packages/airflow/example_dags/example_branch_day_of_week_operator.py
[2022-02-03 20:53:22,820] {processor.py:642} INFO - Processing file /home/airflow/.local/lib/python3.7/site-packages/airflow/example_dags/example_branch_day_of_week_operator.py for tasks to queue
[2022-02-03 20:53:22,821] {logging_mixin.py:109} INFO - [2022-02-03 20:53:22,821] {dagbag.py:500} INFO - Filling up the DagBag from /home/airflow/.local/lib/python3.7/site-packages/airflow/example_dags/example_branch_day_of_week_operator.py
[2022-02-03 20:53:22,851] {processor.py:654} INFO - DAG(s) dict_keys(['example_weekday_branch_operator']) retrieved from /home/airflow/.local/lib/python3.7/site-packages/airflow/example_dags/example_branch_day_of_week_operator.py
[2022-02-03 20:53:22,943] {logging_mixin.py:109} INFO - [2022-02-03 20:53:22,943] {dag.py:2396} INFO - Sync 1 DAGs
[2022-02-03 20:53:22,959] {logging_mixin.py:109} INFO - [2022-02-03 20:53:22,959] {dag.py:2935} INFO - Setting next_dagrun for example_weekday_branch_operator to 2022-02-02 00:00:00+00:00
[2022-02-03 20:53:22,969] {processor.py:171} INFO - Processing /home/airflow/.local/lib/python3.7/site-packages/airflow/example_dags/example_branch_day_of_week_operator.py took 0.154 seconds
[2022-02-03 20:53:53,123] {processor.py:163} INFO - Started process (PID=1979) to work on /home/airflow/.local/lib/python3.7/site-packages/airflow/example_dags/example_branch_day_of_week_operator.py
[2022-02-03 20:53:53,125] {processor.py:642} INFO - Processing file /home/airflow/.local/lib/python3.7/site-packages/airflow/example_dags/example_branch_day_of_week_operator.py for tasks to queue
[2022-02-03 20:53:53,126] {logging_mixin.py:109} INFO - [2022-02-03 20:53:53,126] {dagbag.py:500} INFO - Filling up the DagBag from /home/airflow/.local/lib/python3.7/site-packages/airflow/example_dags/example_branch_day_of_week_operator.py
[2022-02-03 20:53:53,256] {processor.py:654} INFO - DAG(s) dict_keys(['example_weekday_branch_operator']) retrieved from /home/airflow/.local/lib/python3.7/site-packages/airflow/example_dags/example_branch_day_of_week_operator.py
[2022-02-03 20:53:53,268] {logging_mixin.py:109} INFO - [2022-02-03 20:53:53,267] {dag.py:2396} INFO - Sync 1 DAGs
[2022-02-03 20:53:53,287] {logging_mixin.py:109} INFO - [2022-02-03 20:53:53,287] {dag.py:2935} INFO - Setting next_dagrun for example_weekday_branch_operator to 2022-02-02 00:00:00+00:00
[2022-02-03 20:53:53,297] {processor.py:171} INFO - Processing /home/airflow/.local/lib/python3.7/site-packages/airflow/example_dags/example_branch_day_of_week_operator.py took 0.178 seconds
[2022-02-03 20:54:23,512] {processor.py:163} INFO - Started process (PID=2040) to work on /home/airflow/.local/lib/python3.7/site-packages/airflow/example_dags/example_branch_day_of_week_operator.py
[2022-02-03 20:54:23,513] {processor.py:642} INFO - Processing file /home/airflow/.local/lib/python3.7/site-packages/airflow/example_dags/example_branch_day_of_week_operator.py for tasks to queue
[2022-02-03 20:54:23,514] {logging_mixin.py:109} INFO - [2022-02-03 20:54:23,514] {dagbag.py:500} INFO - Filling up the DagBag from /home/airflow/.local/lib/python3.7/site-packages/airflow/example_dags/example_branch_day_of_week_operator.py
[2022-02-03 20:54:23,601] {processor.py:654} INFO - DAG(s) dict_keys(['example_weekday_branch_operator']) retrieved from /home/airflow/.local/lib/python3.7/site-packages/airflow/example_dags/example_branch_day_of_week_operator.py
[2022-02-03 20:54:23,608] {logging_mixin.py:109} INFO - [2022-02-03 20:54:23,608] {dag.py:2396} INFO - Sync 1 DAGs
[2022-02-03 20:54:23,620] {logging_mixin.py:109} INFO - [2022-02-03 20:54:23,620] {dag.py:2935} INFO - Setting next_dagrun for example_weekday_branch_operator to 2022-02-02 00:00:00+00:00
[2022-02-03 20:54:23,628] {processor.py:171} INFO - Processing /home/airflow/.local/lib/python3.7/site-packages/airflow/example_dags/example_branch_day_of_week_operator.py took 0.120 seconds
[2022-02-03 20:54:54,209] {processor.py:163} INFO - Started process (PID=2091) to work on /home/airflow/.local/lib/python3.7/site-packages/airflow/example_dags/example_branch_day_of_week_operator.py
[2022-02-03 20:54:54,211] {processor.py:642} INFO - Processing file /home/airflow/.local/lib/python3.7/site-packages/airflow/example_dags/example_branch_day_of_week_operator.py for tasks to queue
[2022-02-03 20:54:54,212] {logging_mixin.py:109} INFO - [2022-02-03 20:54:54,212] {dagbag.py:500} INFO - Filling up the DagBag from /home/airflow/.local/lib/python3.7/site-packages/airflow/example_dags/example_branch_day_of_week_operator.py
[2022-02-03 20:54:54,348] {processor.py:654} INFO - DAG(s) dict_keys(['example_weekday_branch_operator']) retrieved from /home/airflow/.local/lib/python3.7/site-packages/airflow/example_dags/example_branch_day_of_week_operator.py
[2022-02-03 20:54:54,359] {logging_mixin.py:109} INFO - [2022-02-03 20:54:54,359] {dag.py:2396} INFO - Sync 1 DAGs
[2022-02-03 20:54:54,378] {logging_mixin.py:109} INFO - [2022-02-03 20:54:54,378] {dag.py:2935} INFO - Setting next_dagrun for example_weekday_branch_operator to 2022-02-02 00:00:00+00:00
[2022-02-03 20:54:54,391] {processor.py:171} INFO - Processing /home/airflow/.local/lib/python3.7/site-packages/airflow/example_dags/example_branch_day_of_week_operator.py took 0.188 seconds
[2022-02-03 20:55:25,101] {processor.py:163} INFO - Started process (PID=2151) to work on /home/airflow/.local/lib/python3.7/site-packages/airflow/example_dags/example_branch_day_of_week_operator.py
[2022-02-03 20:55:25,103] {processor.py:642} INFO - Processing file /home/airflow/.local/lib/python3.7/site-packages/airflow/example_dags/example_branch_day_of_week_operator.py for tasks to queue
[2022-02-03 20:55:25,104] {logging_mixin.py:109} INFO - [2022-02-03 20:55:25,104] {dagbag.py:500} INFO - Filling up the DagBag from /home/airflow/.local/lib/python3.7/site-packages/airflow/example_dags/example_branch_day_of_week_operator.py
[2022-02-03 20:55:25,217] {processor.py:654} INFO - DAG(s) dict_keys(['example_weekday_branch_operator']) retrieved from /home/airflow/.local/lib/python3.7/site-packages/airflow/example_dags/example_branch_day_of_week_operator.py
[2022-02-03 20:55:25,226] {logging_mixin.py:109} INFO - [2022-02-03 20:55:25,226] {dag.py:2396} INFO - Sync 1 DAGs
[2022-02-03 20:55:25,246] {logging_mixin.py:109} INFO - [2022-02-03 20:55:25,246] {dag.py:2935} INFO - Setting next_dagrun for example_weekday_branch_operator to 2022-02-02 00:00:00+00:00
[2022-02-03 20:55:25,256] {processor.py:171} INFO - Processing /home/airflow/.local/lib/python3.7/site-packages/airflow/example_dags/example_branch_day_of_week_operator.py took 0.159 seconds
