[2022-02-03 20:38:49,074] {processor.py:163} INFO - Started process (PID=266) to work on /home/airflow/.local/lib/python3.7/site-packages/airflow/example_dags/example_task_group_decorator.py
[2022-02-03 20:38:49,076] {processor.py:642} INFO - Processing file /home/airflow/.local/lib/python3.7/site-packages/airflow/example_dags/example_task_group_decorator.py for tasks to queue
[2022-02-03 20:38:49,077] {logging_mixin.py:109} INFO - [2022-02-03 20:38:49,076] {dagbag.py:500} INFO - Filling up the DagBag from /home/airflow/.local/lib/python3.7/site-packages/airflow/example_dags/example_task_group_decorator.py
[2022-02-03 20:38:49,137] {processor.py:654} INFO - DAG(s) dict_keys(['example_task_group_decorator']) retrieved from /home/airflow/.local/lib/python3.7/site-packages/airflow/example_dags/example_task_group_decorator.py
[2022-02-03 20:38:51,500] {logging_mixin.py:109} INFO - [2022-02-03 20:38:51,500] {manager.py:496} INFO - Created Permission View: can read on DAG:example_task_group_decorator
[2022-02-03 20:38:51,515] {logging_mixin.py:109} INFO - [2022-02-03 20:38:51,515] {manager.py:496} INFO - Created Permission View: can edit on DAG:example_task_group_decorator
[2022-02-03 20:38:51,517] {logging_mixin.py:109} INFO - [2022-02-03 20:38:51,516] {dag.py:2396} INFO - Sync 1 DAGs
[2022-02-03 20:38:51,536] {logging_mixin.py:109} INFO - [2022-02-03 20:38:51,535] {dag.py:2415} INFO - Creating ORM DAG for example_task_group_decorator
[2022-02-03 20:38:51,560] {logging_mixin.py:109} INFO - [2022-02-03 20:38:51,560] {dag.py:2935} INFO - Setting next_dagrun for example_task_group_decorator to 2022-02-02T20:38:51.559786+00:00
[2022-02-03 20:38:51,583] {processor.py:171} INFO - Processing /home/airflow/.local/lib/python3.7/site-packages/airflow/example_dags/example_task_group_decorator.py took 2.513 seconds
[2022-02-03 20:39:21,790] {processor.py:163} INFO - Started process (PID=383) to work on /home/airflow/.local/lib/python3.7/site-packages/airflow/example_dags/example_task_group_decorator.py
[2022-02-03 20:39:21,791] {processor.py:642} INFO - Processing file /home/airflow/.local/lib/python3.7/site-packages/airflow/example_dags/example_task_group_decorator.py for tasks to queue
[2022-02-03 20:39:21,792] {logging_mixin.py:109} INFO - [2022-02-03 20:39:21,792] {dagbag.py:500} INFO - Filling up the DagBag from /home/airflow/.local/lib/python3.7/site-packages/airflow/example_dags/example_task_group_decorator.py
[2022-02-03 20:39:21,823] {processor.py:654} INFO - DAG(s) dict_keys(['example_task_group_decorator']) retrieved from /home/airflow/.local/lib/python3.7/site-packages/airflow/example_dags/example_task_group_decorator.py
[2022-02-03 20:39:22,027] {logging_mixin.py:109} INFO - [2022-02-03 20:39:22,027] {dag.py:2396} INFO - Sync 1 DAGs
[2022-02-03 20:39:22,037] {logging_mixin.py:109} INFO - [2022-02-03 20:39:22,037] {dag.py:2935} INFO - Setting next_dagrun for example_task_group_decorator to 2022-02-02T20:39:22.036877+00:00
[2022-02-03 20:39:22,047] {processor.py:171} INFO - Processing /home/airflow/.local/lib/python3.7/site-packages/airflow/example_dags/example_task_group_decorator.py took 0.259 seconds
[2022-02-03 20:39:52,071] {processor.py:163} INFO - Started process (PID=443) to work on /home/airflow/.local/lib/python3.7/site-packages/airflow/example_dags/example_task_group_decorator.py
[2022-02-03 20:39:52,073] {processor.py:642} INFO - Processing file /home/airflow/.local/lib/python3.7/site-packages/airflow/example_dags/example_task_group_decorator.py for tasks to queue
[2022-02-03 20:39:52,074] {logging_mixin.py:109} INFO - [2022-02-03 20:39:52,073] {dagbag.py:500} INFO - Filling up the DagBag from /home/airflow/.local/lib/python3.7/site-packages/airflow/example_dags/example_task_group_decorator.py
[2022-02-03 20:39:52,111] {processor.py:654} INFO - DAG(s) dict_keys(['example_task_group_decorator']) retrieved from /home/airflow/.local/lib/python3.7/site-packages/airflow/example_dags/example_task_group_decorator.py
[2022-02-03 20:39:52,413] {logging_mixin.py:109} INFO - [2022-02-03 20:39:52,413] {dag.py:2396} INFO - Sync 1 DAGs
[2022-02-03 20:39:52,434] {logging_mixin.py:109} INFO - [2022-02-03 20:39:52,434] {dag.py:2935} INFO - Setting next_dagrun for example_task_group_decorator to 2022-02-02T20:39:52.433973+00:00
[2022-02-03 20:39:52,449] {processor.py:171} INFO - Processing /home/airflow/.local/lib/python3.7/site-packages/airflow/example_dags/example_task_group_decorator.py took 0.381 seconds
[2022-02-03 20:40:23,272] {processor.py:163} INFO - Started process (PID=494) to work on /home/airflow/.local/lib/python3.7/site-packages/airflow/example_dags/example_task_group_decorator.py
[2022-02-03 20:40:23,273] {processor.py:642} INFO - Processing file /home/airflow/.local/lib/python3.7/site-packages/airflow/example_dags/example_task_group_decorator.py for tasks to queue
[2022-02-03 20:40:23,274] {logging_mixin.py:109} INFO - [2022-02-03 20:40:23,274] {dagbag.py:500} INFO - Filling up the DagBag from /home/airflow/.local/lib/python3.7/site-packages/airflow/example_dags/example_task_group_decorator.py
[2022-02-03 20:40:23,307] {processor.py:654} INFO - DAG(s) dict_keys(['example_task_group_decorator']) retrieved from /home/airflow/.local/lib/python3.7/site-packages/airflow/example_dags/example_task_group_decorator.py
[2022-02-03 20:40:23,521] {logging_mixin.py:109} INFO - [2022-02-03 20:40:23,521] {dag.py:2396} INFO - Sync 1 DAGs
[2022-02-03 20:40:23,533] {logging_mixin.py:109} INFO - [2022-02-03 20:40:23,533] {dag.py:2935} INFO - Setting next_dagrun for example_task_group_decorator to 2022-02-02T20:40:23.533373+00:00
[2022-02-03 20:40:23,546] {processor.py:171} INFO - Processing /home/airflow/.local/lib/python3.7/site-packages/airflow/example_dags/example_task_group_decorator.py took 0.277 seconds
[2022-02-03 20:40:53,575] {processor.py:163} INFO - Started process (PID=557) to work on /home/airflow/.local/lib/python3.7/site-packages/airflow/example_dags/example_task_group_decorator.py
[2022-02-03 20:40:53,576] {processor.py:642} INFO - Processing file /home/airflow/.local/lib/python3.7/site-packages/airflow/example_dags/example_task_group_decorator.py for tasks to queue
[2022-02-03 20:40:53,577] {logging_mixin.py:109} INFO - [2022-02-03 20:40:53,577] {dagbag.py:500} INFO - Filling up the DagBag from /home/airflow/.local/lib/python3.7/site-packages/airflow/example_dags/example_task_group_decorator.py
[2022-02-03 20:40:53,606] {processor.py:654} INFO - DAG(s) dict_keys(['example_task_group_decorator']) retrieved from /home/airflow/.local/lib/python3.7/site-packages/airflow/example_dags/example_task_group_decorator.py
[2022-02-03 20:40:53,827] {logging_mixin.py:109} INFO - [2022-02-03 20:40:53,827] {dag.py:2396} INFO - Sync 1 DAGs
[2022-02-03 20:40:53,838] {logging_mixin.py:109} INFO - [2022-02-03 20:40:53,838] {dag.py:2935} INFO - Setting next_dagrun for example_task_group_decorator to 2022-02-02T20:40:53.838035+00:00
[2022-02-03 20:40:53,847] {processor.py:171} INFO - Processing /home/airflow/.local/lib/python3.7/site-packages/airflow/example_dags/example_task_group_decorator.py took 0.274 seconds
[2022-02-03 20:41:24,742] {processor.py:163} INFO - Started process (PID=607) to work on /home/airflow/.local/lib/python3.7/site-packages/airflow/example_dags/example_task_group_decorator.py
[2022-02-03 20:41:24,744] {processor.py:642} INFO - Processing file /home/airflow/.local/lib/python3.7/site-packages/airflow/example_dags/example_task_group_decorator.py for tasks to queue
[2022-02-03 20:41:24,744] {logging_mixin.py:109} INFO - [2022-02-03 20:41:24,744] {dagbag.py:500} INFO - Filling up the DagBag from /home/airflow/.local/lib/python3.7/site-packages/airflow/example_dags/example_task_group_decorator.py
[2022-02-03 20:41:24,779] {processor.py:654} INFO - DAG(s) dict_keys(['example_task_group_decorator']) retrieved from /home/airflow/.local/lib/python3.7/site-packages/airflow/example_dags/example_task_group_decorator.py
[2022-02-03 20:41:24,983] {logging_mixin.py:109} INFO - [2022-02-03 20:41:24,983] {dag.py:2396} INFO - Sync 1 DAGs
[2022-02-03 20:41:24,992] {logging_mixin.py:109} INFO - [2022-02-03 20:41:24,992] {dag.py:2935} INFO - Setting next_dagrun for example_task_group_decorator to 2022-02-02T20:41:24.992196+00:00
[2022-02-03 20:41:25,001] {processor.py:171} INFO - Processing /home/airflow/.local/lib/python3.7/site-packages/airflow/example_dags/example_task_group_decorator.py took 0.262 seconds
[2022-02-03 20:41:55,896] {processor.py:163} INFO - Started process (PID=669) to work on /home/airflow/.local/lib/python3.7/site-packages/airflow/example_dags/example_task_group_decorator.py
[2022-02-03 20:41:55,897] {processor.py:642} INFO - Processing file /home/airflow/.local/lib/python3.7/site-packages/airflow/example_dags/example_task_group_decorator.py for tasks to queue
[2022-02-03 20:41:55,898] {logging_mixin.py:109} INFO - [2022-02-03 20:41:55,898] {dagbag.py:500} INFO - Filling up the DagBag from /home/airflow/.local/lib/python3.7/site-packages/airflow/example_dags/example_task_group_decorator.py
[2022-02-03 20:41:55,930] {processor.py:654} INFO - DAG(s) dict_keys(['example_task_group_decorator']) retrieved from /home/airflow/.local/lib/python3.7/site-packages/airflow/example_dags/example_task_group_decorator.py
[2022-02-03 20:41:56,130] {logging_mixin.py:109} INFO - [2022-02-03 20:41:56,130] {dag.py:2396} INFO - Sync 1 DAGs
[2022-02-03 20:41:56,140] {logging_mixin.py:109} INFO - [2022-02-03 20:41:56,140] {dag.py:2935} INFO - Setting next_dagrun for example_task_group_decorator to 2022-02-02T20:41:56.140605+00:00
[2022-02-03 20:41:56,149] {processor.py:171} INFO - Processing /home/airflow/.local/lib/python3.7/site-packages/airflow/example_dags/example_task_group_decorator.py took 0.255 seconds
[2022-02-03 20:42:26,198] {processor.py:163} INFO - Started process (PID=721) to work on /home/airflow/.local/lib/python3.7/site-packages/airflow/example_dags/example_task_group_decorator.py
[2022-02-03 20:42:26,199] {processor.py:642} INFO - Processing file /home/airflow/.local/lib/python3.7/site-packages/airflow/example_dags/example_task_group_decorator.py for tasks to queue
[2022-02-03 20:42:26,200] {logging_mixin.py:109} INFO - [2022-02-03 20:42:26,200] {dagbag.py:500} INFO - Filling up the DagBag from /home/airflow/.local/lib/python3.7/site-packages/airflow/example_dags/example_task_group_decorator.py
[2022-02-03 20:42:26,231] {processor.py:654} INFO - DAG(s) dict_keys(['example_task_group_decorator']) retrieved from /home/airflow/.local/lib/python3.7/site-packages/airflow/example_dags/example_task_group_decorator.py
[2022-02-03 20:42:26,443] {logging_mixin.py:109} INFO - [2022-02-03 20:42:26,442] {dag.py:2396} INFO - Sync 1 DAGs
[2022-02-03 20:42:26,455] {logging_mixin.py:109} INFO - [2022-02-03 20:42:26,455] {dag.py:2935} INFO - Setting next_dagrun for example_task_group_decorator to 2022-02-02T20:42:26.455070+00:00
[2022-02-03 20:42:26,465] {processor.py:171} INFO - Processing /home/airflow/.local/lib/python3.7/site-packages/airflow/example_dags/example_task_group_decorator.py took 0.269 seconds
[2022-02-03 20:42:57,290] {processor.py:163} INFO - Started process (PID=781) to work on /home/airflow/.local/lib/python3.7/site-packages/airflow/example_dags/example_task_group_decorator.py
[2022-02-03 20:42:57,291] {processor.py:642} INFO - Processing file /home/airflow/.local/lib/python3.7/site-packages/airflow/example_dags/example_task_group_decorator.py for tasks to queue
[2022-02-03 20:42:57,292] {logging_mixin.py:109} INFO - [2022-02-03 20:42:57,292] {dagbag.py:500} INFO - Filling up the DagBag from /home/airflow/.local/lib/python3.7/site-packages/airflow/example_dags/example_task_group_decorator.py
[2022-02-03 20:42:57,329] {processor.py:654} INFO - DAG(s) dict_keys(['example_task_group_decorator']) retrieved from /home/airflow/.local/lib/python3.7/site-packages/airflow/example_dags/example_task_group_decorator.py
[2022-02-03 20:42:57,539] {logging_mixin.py:109} INFO - [2022-02-03 20:42:57,539] {dag.py:2396} INFO - Sync 1 DAGs
[2022-02-03 20:42:57,549] {logging_mixin.py:109} INFO - [2022-02-03 20:42:57,548] {dag.py:2935} INFO - Setting next_dagrun for example_task_group_decorator to 2022-02-02T20:42:57.548778+00:00
[2022-02-03 20:42:57,561] {processor.py:171} INFO - Processing /home/airflow/.local/lib/python3.7/site-packages/airflow/example_dags/example_task_group_decorator.py took 0.273 seconds
[2022-02-03 20:43:27,593] {processor.py:163} INFO - Started process (PID=834) to work on /home/airflow/.local/lib/python3.7/site-packages/airflow/example_dags/example_task_group_decorator.py
[2022-02-03 20:43:27,594] {processor.py:642} INFO - Processing file /home/airflow/.local/lib/python3.7/site-packages/airflow/example_dags/example_task_group_decorator.py for tasks to queue
[2022-02-03 20:43:27,594] {logging_mixin.py:109} INFO - [2022-02-03 20:43:27,594] {dagbag.py:500} INFO - Filling up the DagBag from /home/airflow/.local/lib/python3.7/site-packages/airflow/example_dags/example_task_group_decorator.py
[2022-02-03 20:43:27,628] {processor.py:654} INFO - DAG(s) dict_keys(['example_task_group_decorator']) retrieved from /home/airflow/.local/lib/python3.7/site-packages/airflow/example_dags/example_task_group_decorator.py
[2022-02-03 20:43:27,839] {logging_mixin.py:109} INFO - [2022-02-03 20:43:27,839] {dag.py:2396} INFO - Sync 1 DAGs
[2022-02-03 20:43:27,849] {logging_mixin.py:109} INFO - [2022-02-03 20:43:27,849] {dag.py:2935} INFO - Setting next_dagrun for example_task_group_decorator to 2022-02-02T20:43:27.849342+00:00
[2022-02-03 20:43:27,860] {processor.py:171} INFO - Processing /home/airflow/.local/lib/python3.7/site-packages/airflow/example_dags/example_task_group_decorator.py took 0.270 seconds
[2022-02-03 20:43:58,720] {processor.py:163} INFO - Started process (PID=894) to work on /home/airflow/.local/lib/python3.7/site-packages/airflow/example_dags/example_task_group_decorator.py
[2022-02-03 20:43:58,721] {processor.py:642} INFO - Processing file /home/airflow/.local/lib/python3.7/site-packages/airflow/example_dags/example_task_group_decorator.py for tasks to queue
[2022-02-03 20:43:58,722] {logging_mixin.py:109} INFO - [2022-02-03 20:43:58,722] {dagbag.py:500} INFO - Filling up the DagBag from /home/airflow/.local/lib/python3.7/site-packages/airflow/example_dags/example_task_group_decorator.py
[2022-02-03 20:43:58,753] {processor.py:654} INFO - DAG(s) dict_keys(['example_task_group_decorator']) retrieved from /home/airflow/.local/lib/python3.7/site-packages/airflow/example_dags/example_task_group_decorator.py
[2022-02-03 20:43:58,961] {logging_mixin.py:109} INFO - [2022-02-03 20:43:58,960] {dag.py:2396} INFO - Sync 1 DAGs
[2022-02-03 20:43:58,971] {logging_mixin.py:109} INFO - [2022-02-03 20:43:58,971] {dag.py:2935} INFO - Setting next_dagrun for example_task_group_decorator to 2022-02-02T20:43:58.971266+00:00
[2022-02-03 20:43:58,979] {processor.py:171} INFO - Processing /home/airflow/.local/lib/python3.7/site-packages/airflow/example_dags/example_task_group_decorator.py took 0.261 seconds
[2022-02-03 20:44:29,250] {processor.py:163} INFO - Started process (PID=944) to work on /home/airflow/.local/lib/python3.7/site-packages/airflow/example_dags/example_task_group_decorator.py
[2022-02-03 20:44:29,251] {processor.py:642} INFO - Processing file /home/airflow/.local/lib/python3.7/site-packages/airflow/example_dags/example_task_group_decorator.py for tasks to queue
[2022-02-03 20:44:29,252] {logging_mixin.py:109} INFO - [2022-02-03 20:44:29,252] {dagbag.py:500} INFO - Filling up the DagBag from /home/airflow/.local/lib/python3.7/site-packages/airflow/example_dags/example_task_group_decorator.py
[2022-02-03 20:44:29,285] {processor.py:654} INFO - DAG(s) dict_keys(['example_task_group_decorator']) retrieved from /home/airflow/.local/lib/python3.7/site-packages/airflow/example_dags/example_task_group_decorator.py
[2022-02-03 20:44:29,488] {logging_mixin.py:109} INFO - [2022-02-03 20:44:29,488] {dag.py:2396} INFO - Sync 1 DAGs
[2022-02-03 20:44:29,497] {logging_mixin.py:109} INFO - [2022-02-03 20:44:29,497] {dag.py:2935} INFO - Setting next_dagrun for example_task_group_decorator to 2022-02-02T20:44:29.497349+00:00
[2022-02-03 20:44:29,507] {processor.py:171} INFO - Processing /home/airflow/.local/lib/python3.7/site-packages/airflow/example_dags/example_task_group_decorator.py took 0.259 seconds
[2022-02-03 20:44:59,839] {processor.py:163} INFO - Started process (PID=1005) to work on /home/airflow/.local/lib/python3.7/site-packages/airflow/example_dags/example_task_group_decorator.py
[2022-02-03 20:44:59,840] {processor.py:642} INFO - Processing file /home/airflow/.local/lib/python3.7/site-packages/airflow/example_dags/example_task_group_decorator.py for tasks to queue
[2022-02-03 20:44:59,841] {logging_mixin.py:109} INFO - [2022-02-03 20:44:59,840] {dagbag.py:500} INFO - Filling up the DagBag from /home/airflow/.local/lib/python3.7/site-packages/airflow/example_dags/example_task_group_decorator.py
[2022-02-03 20:44:59,873] {processor.py:654} INFO - DAG(s) dict_keys(['example_task_group_decorator']) retrieved from /home/airflow/.local/lib/python3.7/site-packages/airflow/example_dags/example_task_group_decorator.py
[2022-02-03 20:45:00,079] {logging_mixin.py:109} INFO - [2022-02-03 20:45:00,079] {dag.py:2396} INFO - Sync 1 DAGs
[2022-02-03 20:45:00,088] {logging_mixin.py:109} INFO - [2022-02-03 20:45:00,088] {dag.py:2935} INFO - Setting next_dagrun for example_task_group_decorator to 2022-02-02T20:45:00.088705+00:00
[2022-02-03 20:45:00,098] {processor.py:171} INFO - Processing /home/airflow/.local/lib/python3.7/site-packages/airflow/example_dags/example_task_group_decorator.py took 0.262 seconds
[2022-02-03 20:45:30,492] {processor.py:163} INFO - Started process (PID=1056) to work on /home/airflow/.local/lib/python3.7/site-packages/airflow/example_dags/example_task_group_decorator.py
[2022-02-03 20:45:30,493] {processor.py:642} INFO - Processing file /home/airflow/.local/lib/python3.7/site-packages/airflow/example_dags/example_task_group_decorator.py for tasks to queue
[2022-02-03 20:45:30,494] {logging_mixin.py:109} INFO - [2022-02-03 20:45:30,494] {dagbag.py:500} INFO - Filling up the DagBag from /home/airflow/.local/lib/python3.7/site-packages/airflow/example_dags/example_task_group_decorator.py
[2022-02-03 20:45:30,529] {processor.py:654} INFO - DAG(s) dict_keys(['example_task_group_decorator']) retrieved from /home/airflow/.local/lib/python3.7/site-packages/airflow/example_dags/example_task_group_decorator.py
[2022-02-03 20:45:30,733] {logging_mixin.py:109} INFO - [2022-02-03 20:45:30,733] {dag.py:2396} INFO - Sync 1 DAGs
[2022-02-03 20:45:30,742] {logging_mixin.py:109} INFO - [2022-02-03 20:45:30,742] {dag.py:2935} INFO - Setting next_dagrun for example_task_group_decorator to 2022-02-02T20:45:30.742262+00:00
[2022-02-03 20:45:30,753] {processor.py:171} INFO - Processing /home/airflow/.local/lib/python3.7/site-packages/airflow/example_dags/example_task_group_decorator.py took 0.263 seconds
[2022-02-03 20:46:00,916] {processor.py:163} INFO - Started process (PID=1118) to work on /home/airflow/.local/lib/python3.7/site-packages/airflow/example_dags/example_task_group_decorator.py
[2022-02-03 20:46:00,918] {processor.py:642} INFO - Processing file /home/airflow/.local/lib/python3.7/site-packages/airflow/example_dags/example_task_group_decorator.py for tasks to queue
[2022-02-03 20:46:00,918] {logging_mixin.py:109} INFO - [2022-02-03 20:46:00,918] {dagbag.py:500} INFO - Filling up the DagBag from /home/airflow/.local/lib/python3.7/site-packages/airflow/example_dags/example_task_group_decorator.py
[2022-02-03 20:46:00,962] {processor.py:654} INFO - DAG(s) dict_keys(['example_task_group_decorator']) retrieved from /home/airflow/.local/lib/python3.7/site-packages/airflow/example_dags/example_task_group_decorator.py
[2022-02-03 20:46:01,209] {logging_mixin.py:109} INFO - [2022-02-03 20:46:01,209] {dag.py:2396} INFO - Sync 1 DAGs
[2022-02-03 20:46:01,222] {logging_mixin.py:109} INFO - [2022-02-03 20:46:01,222] {dag.py:2935} INFO - Setting next_dagrun for example_task_group_decorator to 2022-02-02T20:46:01.222480+00:00
[2022-02-03 20:46:01,233] {processor.py:171} INFO - Processing /home/airflow/.local/lib/python3.7/site-packages/airflow/example_dags/example_task_group_decorator.py took 0.320 seconds
[2022-02-03 20:46:31,422] {processor.py:163} INFO - Started process (PID=1170) to work on /home/airflow/.local/lib/python3.7/site-packages/airflow/example_dags/example_task_group_decorator.py
[2022-02-03 20:46:31,423] {processor.py:642} INFO - Processing file /home/airflow/.local/lib/python3.7/site-packages/airflow/example_dags/example_task_group_decorator.py for tasks to queue
[2022-02-03 20:46:31,424] {logging_mixin.py:109} INFO - [2022-02-03 20:46:31,424] {dagbag.py:500} INFO - Filling up the DagBag from /home/airflow/.local/lib/python3.7/site-packages/airflow/example_dags/example_task_group_decorator.py
[2022-02-03 20:46:31,455] {processor.py:654} INFO - DAG(s) dict_keys(['example_task_group_decorator']) retrieved from /home/airflow/.local/lib/python3.7/site-packages/airflow/example_dags/example_task_group_decorator.py
[2022-02-03 20:46:31,652] {logging_mixin.py:109} INFO - [2022-02-03 20:46:31,652] {dag.py:2396} INFO - Sync 1 DAGs
[2022-02-03 20:46:31,662] {logging_mixin.py:109} INFO - [2022-02-03 20:46:31,662] {dag.py:2935} INFO - Setting next_dagrun for example_task_group_decorator to 2022-02-02T20:46:31.662262+00:00
[2022-02-03 20:46:31,671] {processor.py:171} INFO - Processing /home/airflow/.local/lib/python3.7/site-packages/airflow/example_dags/example_task_group_decorator.py took 0.252 seconds
[2022-02-03 20:47:02,023] {processor.py:163} INFO - Started process (PID=1230) to work on /home/airflow/.local/lib/python3.7/site-packages/airflow/example_dags/example_task_group_decorator.py
[2022-02-03 20:47:02,024] {processor.py:642} INFO - Processing file /home/airflow/.local/lib/python3.7/site-packages/airflow/example_dags/example_task_group_decorator.py for tasks to queue
[2022-02-03 20:47:02,025] {logging_mixin.py:109} INFO - [2022-02-03 20:47:02,025] {dagbag.py:500} INFO - Filling up the DagBag from /home/airflow/.local/lib/python3.7/site-packages/airflow/example_dags/example_task_group_decorator.py
[2022-02-03 20:47:02,056] {processor.py:654} INFO - DAG(s) dict_keys(['example_task_group_decorator']) retrieved from /home/airflow/.local/lib/python3.7/site-packages/airflow/example_dags/example_task_group_decorator.py
[2022-02-03 20:47:02,265] {logging_mixin.py:109} INFO - [2022-02-03 20:47:02,265] {dag.py:2396} INFO - Sync 1 DAGs
[2022-02-03 20:47:02,276] {logging_mixin.py:109} INFO - [2022-02-03 20:47:02,276] {dag.py:2935} INFO - Setting next_dagrun for example_task_group_decorator to 2022-02-02T20:47:02.275918+00:00
[2022-02-03 20:47:02,285] {processor.py:171} INFO - Processing /home/airflow/.local/lib/python3.7/site-packages/airflow/example_dags/example_task_group_decorator.py took 0.264 seconds
[2022-02-03 20:47:32,462] {processor.py:163} INFO - Started process (PID=1281) to work on /home/airflow/.local/lib/python3.7/site-packages/airflow/example_dags/example_task_group_decorator.py
[2022-02-03 20:47:32,463] {processor.py:642} INFO - Processing file /home/airflow/.local/lib/python3.7/site-packages/airflow/example_dags/example_task_group_decorator.py for tasks to queue
[2022-02-03 20:47:32,464] {logging_mixin.py:109} INFO - [2022-02-03 20:47:32,464] {dagbag.py:500} INFO - Filling up the DagBag from /home/airflow/.local/lib/python3.7/site-packages/airflow/example_dags/example_task_group_decorator.py
[2022-02-03 20:47:32,501] {processor.py:654} INFO - DAG(s) dict_keys(['example_task_group_decorator']) retrieved from /home/airflow/.local/lib/python3.7/site-packages/airflow/example_dags/example_task_group_decorator.py
[2022-02-03 20:47:32,708] {logging_mixin.py:109} INFO - [2022-02-03 20:47:32,708] {dag.py:2396} INFO - Sync 1 DAGs
[2022-02-03 20:47:32,717] {logging_mixin.py:109} INFO - [2022-02-03 20:47:32,717] {dag.py:2935} INFO - Setting next_dagrun for example_task_group_decorator to 2022-02-02T20:47:32.717387+00:00
[2022-02-03 20:47:32,727] {processor.py:171} INFO - Processing /home/airflow/.local/lib/python3.7/site-packages/airflow/example_dags/example_task_group_decorator.py took 0.268 seconds
[2022-02-03 20:48:03,126] {processor.py:163} INFO - Started process (PID=1342) to work on /home/airflow/.local/lib/python3.7/site-packages/airflow/example_dags/example_task_group_decorator.py
[2022-02-03 20:48:03,127] {processor.py:642} INFO - Processing file /home/airflow/.local/lib/python3.7/site-packages/airflow/example_dags/example_task_group_decorator.py for tasks to queue
[2022-02-03 20:48:03,127] {logging_mixin.py:109} INFO - [2022-02-03 20:48:03,127] {dagbag.py:500} INFO - Filling up the DagBag from /home/airflow/.local/lib/python3.7/site-packages/airflow/example_dags/example_task_group_decorator.py
[2022-02-03 20:48:03,159] {processor.py:654} INFO - DAG(s) dict_keys(['example_task_group_decorator']) retrieved from /home/airflow/.local/lib/python3.7/site-packages/airflow/example_dags/example_task_group_decorator.py
[2022-02-03 20:48:03,359] {logging_mixin.py:109} INFO - [2022-02-03 20:48:03,359] {dag.py:2396} INFO - Sync 1 DAGs
[2022-02-03 20:48:03,371] {logging_mixin.py:109} INFO - [2022-02-03 20:48:03,371] {dag.py:2935} INFO - Setting next_dagrun for example_task_group_decorator to 2022-02-02T20:48:03.371582+00:00
[2022-02-03 20:48:03,382] {processor.py:171} INFO - Processing /home/airflow/.local/lib/python3.7/site-packages/airflow/example_dags/example_task_group_decorator.py took 0.259 seconds
[2022-02-03 20:48:33,695] {processor.py:163} INFO - Started process (PID=1404) to work on /home/airflow/.local/lib/python3.7/site-packages/airflow/example_dags/example_task_group_decorator.py
[2022-02-03 20:48:33,696] {processor.py:642} INFO - Processing file /home/airflow/.local/lib/python3.7/site-packages/airflow/example_dags/example_task_group_decorator.py for tasks to queue
[2022-02-03 20:48:33,697] {logging_mixin.py:109} INFO - [2022-02-03 20:48:33,697] {dagbag.py:500} INFO - Filling up the DagBag from /home/airflow/.local/lib/python3.7/site-packages/airflow/example_dags/example_task_group_decorator.py
[2022-02-03 20:48:33,732] {processor.py:654} INFO - DAG(s) dict_keys(['example_task_group_decorator']) retrieved from /home/airflow/.local/lib/python3.7/site-packages/airflow/example_dags/example_task_group_decorator.py
[2022-02-03 20:48:33,978] {logging_mixin.py:109} INFO - [2022-02-03 20:48:33,978] {dag.py:2396} INFO - Sync 1 DAGs
[2022-02-03 20:48:33,991] {logging_mixin.py:109} INFO - [2022-02-03 20:48:33,991] {dag.py:2935} INFO - Setting next_dagrun for example_task_group_decorator to 2022-02-02T20:48:33.991335+00:00
[2022-02-03 20:48:34,002] {processor.py:171} INFO - Processing /home/airflow/.local/lib/python3.7/site-packages/airflow/example_dags/example_task_group_decorator.py took 0.310 seconds
[2022-02-03 20:49:04,258] {processor.py:163} INFO - Started process (PID=1456) to work on /home/airflow/.local/lib/python3.7/site-packages/airflow/example_dags/example_task_group_decorator.py
[2022-02-03 20:49:04,260] {processor.py:642} INFO - Processing file /home/airflow/.local/lib/python3.7/site-packages/airflow/example_dags/example_task_group_decorator.py for tasks to queue
[2022-02-03 20:49:04,260] {logging_mixin.py:109} INFO - [2022-02-03 20:49:04,260] {dagbag.py:500} INFO - Filling up the DagBag from /home/airflow/.local/lib/python3.7/site-packages/airflow/example_dags/example_task_group_decorator.py
[2022-02-03 20:49:04,292] {processor.py:654} INFO - DAG(s) dict_keys(['example_task_group_decorator']) retrieved from /home/airflow/.local/lib/python3.7/site-packages/airflow/example_dags/example_task_group_decorator.py
[2022-02-03 20:49:04,493] {logging_mixin.py:109} INFO - [2022-02-03 20:49:04,493] {dag.py:2396} INFO - Sync 1 DAGs
[2022-02-03 20:49:04,502] {logging_mixin.py:109} INFO - [2022-02-03 20:49:04,502] {dag.py:2935} INFO - Setting next_dagrun for example_task_group_decorator to 2022-02-02T20:49:04.502199+00:00
[2022-02-03 20:49:04,511] {processor.py:171} INFO - Processing /home/airflow/.local/lib/python3.7/site-packages/airflow/example_dags/example_task_group_decorator.py took 0.255 seconds
[2022-02-03 20:49:34,713] {processor.py:163} INFO - Started process (PID=1517) to work on /home/airflow/.local/lib/python3.7/site-packages/airflow/example_dags/example_task_group_decorator.py
[2022-02-03 20:49:34,714] {processor.py:642} INFO - Processing file /home/airflow/.local/lib/python3.7/site-packages/airflow/example_dags/example_task_group_decorator.py for tasks to queue
[2022-02-03 20:49:34,715] {logging_mixin.py:109} INFO - [2022-02-03 20:49:34,714] {dagbag.py:500} INFO - Filling up the DagBag from /home/airflow/.local/lib/python3.7/site-packages/airflow/example_dags/example_task_group_decorator.py
[2022-02-03 20:49:34,757] {processor.py:654} INFO - DAG(s) dict_keys(['example_task_group_decorator']) retrieved from /home/airflow/.local/lib/python3.7/site-packages/airflow/example_dags/example_task_group_decorator.py
[2022-02-03 20:49:35,051] {logging_mixin.py:109} INFO - [2022-02-03 20:49:35,051] {dag.py:2396} INFO - Sync 1 DAGs
[2022-02-03 20:49:35,065] {logging_mixin.py:109} INFO - [2022-02-03 20:49:35,065] {dag.py:2935} INFO - Setting next_dagrun for example_task_group_decorator to 2022-02-02T20:49:35.065104+00:00
[2022-02-03 20:49:35,077] {processor.py:171} INFO - Processing /home/airflow/.local/lib/python3.7/site-packages/airflow/example_dags/example_task_group_decorator.py took 0.367 seconds
[2022-02-03 20:50:05,910] {processor.py:163} INFO - Started process (PID=1569) to work on /home/airflow/.local/lib/python3.7/site-packages/airflow/example_dags/example_task_group_decorator.py
[2022-02-03 20:50:05,912] {processor.py:642} INFO - Processing file /home/airflow/.local/lib/python3.7/site-packages/airflow/example_dags/example_task_group_decorator.py for tasks to queue
[2022-02-03 20:50:05,912] {logging_mixin.py:109} INFO - [2022-02-03 20:50:05,912] {dagbag.py:500} INFO - Filling up the DagBag from /home/airflow/.local/lib/python3.7/site-packages/airflow/example_dags/example_task_group_decorator.py
[2022-02-03 20:50:05,951] {processor.py:654} INFO - DAG(s) dict_keys(['example_task_group_decorator']) retrieved from /home/airflow/.local/lib/python3.7/site-packages/airflow/example_dags/example_task_group_decorator.py
[2022-02-03 20:50:06,175] {logging_mixin.py:109} INFO - [2022-02-03 20:50:06,175] {dag.py:2396} INFO - Sync 1 DAGs
[2022-02-03 20:50:06,185] {logging_mixin.py:109} INFO - [2022-02-03 20:50:06,185] {dag.py:2935} INFO - Setting next_dagrun for example_task_group_decorator to 2022-02-02T20:50:06.184929+00:00
[2022-02-03 20:50:06,195] {processor.py:171} INFO - Processing /home/airflow/.local/lib/python3.7/site-packages/airflow/example_dags/example_task_group_decorator.py took 0.287 seconds
[2022-02-03 20:50:36,624] {processor.py:163} INFO - Started process (PID=1630) to work on /home/airflow/.local/lib/python3.7/site-packages/airflow/example_dags/example_task_group_decorator.py
[2022-02-03 20:50:36,625] {processor.py:642} INFO - Processing file /home/airflow/.local/lib/python3.7/site-packages/airflow/example_dags/example_task_group_decorator.py for tasks to queue
[2022-02-03 20:50:36,626] {logging_mixin.py:109} INFO - [2022-02-03 20:50:36,626] {dagbag.py:500} INFO - Filling up the DagBag from /home/airflow/.local/lib/python3.7/site-packages/airflow/example_dags/example_task_group_decorator.py
[2022-02-03 20:50:36,664] {processor.py:654} INFO - DAG(s) dict_keys(['example_task_group_decorator']) retrieved from /home/airflow/.local/lib/python3.7/site-packages/airflow/example_dags/example_task_group_decorator.py
[2022-02-03 20:50:36,967] {logging_mixin.py:109} INFO - [2022-02-03 20:50:36,967] {dag.py:2396} INFO - Sync 1 DAGs
[2022-02-03 20:50:36,982] {logging_mixin.py:109} INFO - [2022-02-03 20:50:36,982] {dag.py:2935} INFO - Setting next_dagrun for example_task_group_decorator to 2022-02-02T20:50:36.982512+00:00
[2022-02-03 20:50:36,994] {processor.py:171} INFO - Processing /home/airflow/.local/lib/python3.7/site-packages/airflow/example_dags/example_task_group_decorator.py took 0.373 seconds
[2022-02-03 20:51:07,073] {processor.py:163} INFO - Started process (PID=1680) to work on /home/airflow/.local/lib/python3.7/site-packages/airflow/example_dags/example_task_group_decorator.py
[2022-02-03 20:51:07,075] {processor.py:642} INFO - Processing file /home/airflow/.local/lib/python3.7/site-packages/airflow/example_dags/example_task_group_decorator.py for tasks to queue
[2022-02-03 20:51:07,076] {logging_mixin.py:109} INFO - [2022-02-03 20:51:07,076] {dagbag.py:500} INFO - Filling up the DagBag from /home/airflow/.local/lib/python3.7/site-packages/airflow/example_dags/example_task_group_decorator.py
[2022-02-03 20:51:07,113] {processor.py:654} INFO - DAG(s) dict_keys(['example_task_group_decorator']) retrieved from /home/airflow/.local/lib/python3.7/site-packages/airflow/example_dags/example_task_group_decorator.py
[2022-02-03 20:51:07,344] {logging_mixin.py:109} INFO - [2022-02-03 20:51:07,343] {dag.py:2396} INFO - Sync 1 DAGs
[2022-02-03 20:51:07,354] {logging_mixin.py:109} INFO - [2022-02-03 20:51:07,354] {dag.py:2935} INFO - Setting next_dagrun for example_task_group_decorator to 2022-02-02T20:51:07.354601+00:00
[2022-02-03 20:51:07,366] {processor.py:171} INFO - Processing /home/airflow/.local/lib/python3.7/site-packages/airflow/example_dags/example_task_group_decorator.py took 0.295 seconds
[2022-02-03 20:51:37,435] {processor.py:163} INFO - Started process (PID=1741) to work on /home/airflow/.local/lib/python3.7/site-packages/airflow/example_dags/example_task_group_decorator.py
[2022-02-03 20:51:37,436] {processor.py:642} INFO - Processing file /home/airflow/.local/lib/python3.7/site-packages/airflow/example_dags/example_task_group_decorator.py for tasks to queue
[2022-02-03 20:51:37,437] {logging_mixin.py:109} INFO - [2022-02-03 20:51:37,437] {dagbag.py:500} INFO - Filling up the DagBag from /home/airflow/.local/lib/python3.7/site-packages/airflow/example_dags/example_task_group_decorator.py
[2022-02-03 20:51:37,490] {processor.py:654} INFO - DAG(s) dict_keys(['example_task_group_decorator']) retrieved from /home/airflow/.local/lib/python3.7/site-packages/airflow/example_dags/example_task_group_decorator.py
[2022-02-03 20:51:37,822] {logging_mixin.py:109} INFO - [2022-02-03 20:51:37,822] {dag.py:2396} INFO - Sync 1 DAGs
[2022-02-03 20:51:37,839] {logging_mixin.py:109} INFO - [2022-02-03 20:51:37,839] {dag.py:2935} INFO - Setting next_dagrun for example_task_group_decorator to 2022-02-02T20:51:37.839308+00:00
[2022-02-03 20:51:37,854] {processor.py:171} INFO - Processing /home/airflow/.local/lib/python3.7/site-packages/airflow/example_dags/example_task_group_decorator.py took 0.424 seconds
[2022-02-03 20:52:08,251] {processor.py:163} INFO - Started process (PID=1791) to work on /home/airflow/.local/lib/python3.7/site-packages/airflow/example_dags/example_task_group_decorator.py
[2022-02-03 20:52:08,252] {processor.py:642} INFO - Processing file /home/airflow/.local/lib/python3.7/site-packages/airflow/example_dags/example_task_group_decorator.py for tasks to queue
[2022-02-03 20:52:08,253] {logging_mixin.py:109} INFO - [2022-02-03 20:52:08,253] {dagbag.py:500} INFO - Filling up the DagBag from /home/airflow/.local/lib/python3.7/site-packages/airflow/example_dags/example_task_group_decorator.py
[2022-02-03 20:52:08,298] {processor.py:654} INFO - DAG(s) dict_keys(['example_task_group_decorator']) retrieved from /home/airflow/.local/lib/python3.7/site-packages/airflow/example_dags/example_task_group_decorator.py
[2022-02-03 20:52:08,616] {logging_mixin.py:109} INFO - [2022-02-03 20:52:08,615] {dag.py:2396} INFO - Sync 1 DAGs
[2022-02-03 20:52:08,640] {logging_mixin.py:109} INFO - [2022-02-03 20:52:08,640] {dag.py:2935} INFO - Setting next_dagrun for example_task_group_decorator to 2022-02-02T20:52:08.639970+00:00
[2022-02-03 20:52:08,656] {processor.py:171} INFO - Processing /home/airflow/.local/lib/python3.7/site-packages/airflow/example_dags/example_task_group_decorator.py took 0.409 seconds
[2022-02-03 20:52:39,526] {processor.py:163} INFO - Started process (PID=1844) to work on /home/airflow/.local/lib/python3.7/site-packages/airflow/example_dags/example_task_group_decorator.py
[2022-02-03 20:52:39,527] {processor.py:642} INFO - Processing file /home/airflow/.local/lib/python3.7/site-packages/airflow/example_dags/example_task_group_decorator.py for tasks to queue
[2022-02-03 20:52:39,528] {logging_mixin.py:109} INFO - [2022-02-03 20:52:39,528] {dagbag.py:500} INFO - Filling up the DagBag from /home/airflow/.local/lib/python3.7/site-packages/airflow/example_dags/example_task_group_decorator.py
[2022-02-03 20:52:39,626] {processor.py:654} INFO - DAG(s) dict_keys(['example_task_group_decorator']) retrieved from /home/airflow/.local/lib/python3.7/site-packages/airflow/example_dags/example_task_group_decorator.py
[2022-02-03 20:52:39,780] {logging_mixin.py:109} INFO - [2022-02-03 20:52:39,780] {dag.py:2396} INFO - Sync 1 DAGs
[2022-02-03 20:52:39,790] {logging_mixin.py:109} INFO - [2022-02-03 20:52:39,790] {dag.py:2935} INFO - Setting next_dagrun for example_task_group_decorator to 2022-02-02T20:52:39.790382+00:00
[2022-02-03 20:52:39,801] {processor.py:171} INFO - Processing /home/airflow/.local/lib/python3.7/site-packages/airflow/example_dags/example_task_group_decorator.py took 0.278 seconds
[2022-02-03 20:53:10,207] {processor.py:163} INFO - Started process (PID=1903) to work on /home/airflow/.local/lib/python3.7/site-packages/airflow/example_dags/example_task_group_decorator.py
[2022-02-03 20:53:10,208] {processor.py:642} INFO - Processing file /home/airflow/.local/lib/python3.7/site-packages/airflow/example_dags/example_task_group_decorator.py for tasks to queue
[2022-02-03 20:53:10,209] {logging_mixin.py:109} INFO - [2022-02-03 20:53:10,209] {dagbag.py:500} INFO - Filling up the DagBag from /home/airflow/.local/lib/python3.7/site-packages/airflow/example_dags/example_task_group_decorator.py
[2022-02-03 20:53:10,316] {processor.py:654} INFO - DAG(s) dict_keys(['example_task_group_decorator']) retrieved from /home/airflow/.local/lib/python3.7/site-packages/airflow/example_dags/example_task_group_decorator.py
[2022-02-03 20:53:10,480] {logging_mixin.py:109} INFO - [2022-02-03 20:53:10,480] {dag.py:2396} INFO - Sync 1 DAGs
[2022-02-03 20:53:10,494] {logging_mixin.py:109} INFO - [2022-02-03 20:53:10,494] {dag.py:2935} INFO - Setting next_dagrun for example_task_group_decorator to 2022-02-02T20:53:10.494182+00:00
[2022-02-03 20:53:10,504] {processor.py:171} INFO - Processing /home/airflow/.local/lib/python3.7/site-packages/airflow/example_dags/example_task_group_decorator.py took 0.299 seconds
[2022-02-03 20:53:40,588] {processor.py:163} INFO - Started process (PID=1957) to work on /home/airflow/.local/lib/python3.7/site-packages/airflow/example_dags/example_task_group_decorator.py
[2022-02-03 20:53:40,590] {processor.py:642} INFO - Processing file /home/airflow/.local/lib/python3.7/site-packages/airflow/example_dags/example_task_group_decorator.py for tasks to queue
[2022-02-03 20:53:40,591] {logging_mixin.py:109} INFO - [2022-02-03 20:53:40,591] {dagbag.py:500} INFO - Filling up the DagBag from /home/airflow/.local/lib/python3.7/site-packages/airflow/example_dags/example_task_group_decorator.py
[2022-02-03 20:53:40,693] {processor.py:654} INFO - DAG(s) dict_keys(['example_task_group_decorator']) retrieved from /home/airflow/.local/lib/python3.7/site-packages/airflow/example_dags/example_task_group_decorator.py
[2022-02-03 20:53:40,844] {logging_mixin.py:109} INFO - [2022-02-03 20:53:40,844] {dag.py:2396} INFO - Sync 1 DAGs
[2022-02-03 20:53:40,854] {logging_mixin.py:109} INFO - [2022-02-03 20:53:40,854] {dag.py:2935} INFO - Setting next_dagrun for example_task_group_decorator to 2022-02-02T20:53:40.854327+00:00
[2022-02-03 20:53:40,863] {processor.py:171} INFO - Processing /home/airflow/.local/lib/python3.7/site-packages/airflow/example_dags/example_task_group_decorator.py took 0.279 seconds
[2022-02-03 20:54:11,027] {processor.py:163} INFO - Started process (PID=2015) to work on /home/airflow/.local/lib/python3.7/site-packages/airflow/example_dags/example_task_group_decorator.py
[2022-02-03 20:54:11,028] {processor.py:642} INFO - Processing file /home/airflow/.local/lib/python3.7/site-packages/airflow/example_dags/example_task_group_decorator.py for tasks to queue
[2022-02-03 20:54:11,028] {logging_mixin.py:109} INFO - [2022-02-03 20:54:11,028] {dagbag.py:500} INFO - Filling up the DagBag from /home/airflow/.local/lib/python3.7/site-packages/airflow/example_dags/example_task_group_decorator.py
[2022-02-03 20:54:11,128] {processor.py:654} INFO - DAG(s) dict_keys(['example_task_group_decorator']) retrieved from /home/airflow/.local/lib/python3.7/site-packages/airflow/example_dags/example_task_group_decorator.py
[2022-02-03 20:54:11,300] {logging_mixin.py:109} INFO - [2022-02-03 20:54:11,299] {dag.py:2396} INFO - Sync 1 DAGs
[2022-02-03 20:54:11,310] {logging_mixin.py:109} INFO - [2022-02-03 20:54:11,310] {dag.py:2935} INFO - Setting next_dagrun for example_task_group_decorator to 2022-02-02T20:54:11.310222+00:00
[2022-02-03 20:54:11,320] {processor.py:171} INFO - Processing /home/airflow/.local/lib/python3.7/site-packages/airflow/example_dags/example_task_group_decorator.py took 0.296 seconds
[2022-02-03 20:54:42,005] {processor.py:163} INFO - Started process (PID=2067) to work on /home/airflow/.local/lib/python3.7/site-packages/airflow/example_dags/example_task_group_decorator.py
[2022-02-03 20:54:42,007] {processor.py:642} INFO - Processing file /home/airflow/.local/lib/python3.7/site-packages/airflow/example_dags/example_task_group_decorator.py for tasks to queue
[2022-02-03 20:54:42,008] {logging_mixin.py:109} INFO - [2022-02-03 20:54:42,008] {dagbag.py:500} INFO - Filling up the DagBag from /home/airflow/.local/lib/python3.7/site-packages/airflow/example_dags/example_task_group_decorator.py
[2022-02-03 20:54:42,160] {processor.py:654} INFO - DAG(s) dict_keys(['example_task_group_decorator']) retrieved from /home/airflow/.local/lib/python3.7/site-packages/airflow/example_dags/example_task_group_decorator.py
[2022-02-03 20:54:42,421] {logging_mixin.py:109} INFO - [2022-02-03 20:54:42,421] {dag.py:2396} INFO - Sync 1 DAGs
[2022-02-03 20:54:42,437] {logging_mixin.py:109} INFO - [2022-02-03 20:54:42,437] {dag.py:2935} INFO - Setting next_dagrun for example_task_group_decorator to 2022-02-02T20:54:42.437329+00:00
[2022-02-03 20:54:42,449] {processor.py:171} INFO - Processing /home/airflow/.local/lib/python3.7/site-packages/airflow/example_dags/example_task_group_decorator.py took 0.447 seconds
[2022-02-03 20:55:12,529] {processor.py:163} INFO - Started process (PID=2130) to work on /home/airflow/.local/lib/python3.7/site-packages/airflow/example_dags/example_task_group_decorator.py
[2022-02-03 20:55:12,530] {processor.py:642} INFO - Processing file /home/airflow/.local/lib/python3.7/site-packages/airflow/example_dags/example_task_group_decorator.py for tasks to queue
[2022-02-03 20:55:12,531] {logging_mixin.py:109} INFO - [2022-02-03 20:55:12,531] {dagbag.py:500} INFO - Filling up the DagBag from /home/airflow/.local/lib/python3.7/site-packages/airflow/example_dags/example_task_group_decorator.py
[2022-02-03 20:55:12,642] {processor.py:654} INFO - DAG(s) dict_keys(['example_task_group_decorator']) retrieved from /home/airflow/.local/lib/python3.7/site-packages/airflow/example_dags/example_task_group_decorator.py
[2022-02-03 20:55:12,822] {logging_mixin.py:109} INFO - [2022-02-03 20:55:12,821] {dag.py:2396} INFO - Sync 1 DAGs
[2022-02-03 20:55:12,835] {logging_mixin.py:109} INFO - [2022-02-03 20:55:12,835] {dag.py:2935} INFO - Setting next_dagrun for example_task_group_decorator to 2022-02-02T20:55:12.834854+00:00
[2022-02-03 20:55:12,850] {processor.py:171} INFO - Processing /home/airflow/.local/lib/python3.7/site-packages/airflow/example_dags/example_task_group_decorator.py took 0.324 seconds
[2022-02-03 20:55:43,679] {processor.py:163} INFO - Started process (PID=2180) to work on /home/airflow/.local/lib/python3.7/site-packages/airflow/example_dags/example_task_group_decorator.py
[2022-02-03 20:55:43,680] {processor.py:642} INFO - Processing file /home/airflow/.local/lib/python3.7/site-packages/airflow/example_dags/example_task_group_decorator.py for tasks to queue
[2022-02-03 20:55:43,681] {logging_mixin.py:109} INFO - [2022-02-03 20:55:43,681] {dagbag.py:500} INFO - Filling up the DagBag from /home/airflow/.local/lib/python3.7/site-packages/airflow/example_dags/example_task_group_decorator.py
[2022-02-03 20:55:43,839] {processor.py:654} INFO - DAG(s) dict_keys(['example_task_group_decorator']) retrieved from /home/airflow/.local/lib/python3.7/site-packages/airflow/example_dags/example_task_group_decorator.py
[2022-02-03 20:55:44,111] {logging_mixin.py:109} INFO - [2022-02-03 20:55:44,111] {dag.py:2396} INFO - Sync 1 DAGs
[2022-02-03 20:55:44,126] {logging_mixin.py:109} INFO - [2022-02-03 20:55:44,126] {dag.py:2935} INFO - Setting next_dagrun for example_task_group_decorator to 2022-02-02T20:55:44.126455+00:00
[2022-02-03 20:55:44,138] {processor.py:171} INFO - Processing /home/airflow/.local/lib/python3.7/site-packages/airflow/example_dags/example_task_group_decorator.py took 0.462 seconds
