[2022-02-03 20:38:56,037] {processor.py:163} INFO - Started process (PID=320) to work on /home/airflow/.local/lib/python3.7/site-packages/airflow/example_dags/example_external_task_marker_dag.py
[2022-02-03 20:38:56,038] {processor.py:642} INFO - Processing file /home/airflow/.local/lib/python3.7/site-packages/airflow/example_dags/example_external_task_marker_dag.py for tasks to queue
[2022-02-03 20:38:56,039] {logging_mixin.py:109} INFO - [2022-02-03 20:38:56,039] {dagbag.py:500} INFO - Filling up the DagBag from /home/airflow/.local/lib/python3.7/site-packages/airflow/example_dags/example_external_task_marker_dag.py
[2022-02-03 20:38:56,071] {processor.py:654} INFO - DAG(s) dict_keys(['example_external_task_marker_parent', 'example_external_task_marker_child']) retrieved from /home/airflow/.local/lib/python3.7/site-packages/airflow/example_dags/example_external_task_marker_dag.py
[2022-02-03 20:38:57,999] {logging_mixin.py:109} INFO - [2022-02-03 20:38:57,998] {manager.py:496} INFO - Created Permission View: can read on DAG:example_external_task_marker_parent
[2022-02-03 20:38:58,016] {logging_mixin.py:109} INFO - [2022-02-03 20:38:58,016] {manager.py:496} INFO - Created Permission View: can edit on DAG:example_external_task_marker_parent
[2022-02-03 20:38:58,046] {logging_mixin.py:109} INFO - [2022-02-03 20:38:58,046] {manager.py:496} INFO - Created Permission View: can read on DAG:example_external_task_marker_child
[2022-02-03 20:38:58,056] {logging_mixin.py:109} INFO - [2022-02-03 20:38:58,056] {manager.py:496} INFO - Created Permission View: can edit on DAG:example_external_task_marker_child
[2022-02-03 20:38:58,057] {logging_mixin.py:109} INFO - [2022-02-03 20:38:58,057] {dag.py:2396} INFO - Sync 2 DAGs
[2022-02-03 20:38:58,066] {logging_mixin.py:109} INFO - [2022-02-03 20:38:58,066] {dag.py:2415} INFO - Creating ORM DAG for example_external_task_marker_child
[2022-02-03 20:38:58,068] {logging_mixin.py:109} INFO - [2022-02-03 20:38:58,068] {dag.py:2415} INFO - Creating ORM DAG for example_external_task_marker_parent
[2022-02-03 20:38:58,082] {logging_mixin.py:109} INFO - [2022-02-03 20:38:58,082] {dag.py:2935} INFO - Setting next_dagrun for example_external_task_marker_child to None
[2022-02-03 20:38:58,083] {logging_mixin.py:109} INFO - [2022-02-03 20:38:58,083] {dag.py:2935} INFO - Setting next_dagrun for example_external_task_marker_parent to None
[2022-02-03 20:38:58,102] {processor.py:171} INFO - Processing /home/airflow/.local/lib/python3.7/site-packages/airflow/example_dags/example_external_task_marker_dag.py took 2.068 seconds
[2022-02-03 20:39:28,299] {processor.py:163} INFO - Started process (PID=399) to work on /home/airflow/.local/lib/python3.7/site-packages/airflow/example_dags/example_external_task_marker_dag.py
[2022-02-03 20:39:28,300] {processor.py:642} INFO - Processing file /home/airflow/.local/lib/python3.7/site-packages/airflow/example_dags/example_external_task_marker_dag.py for tasks to queue
[2022-02-03 20:39:28,301] {logging_mixin.py:109} INFO - [2022-02-03 20:39:28,301] {dagbag.py:500} INFO - Filling up the DagBag from /home/airflow/.local/lib/python3.7/site-packages/airflow/example_dags/example_external_task_marker_dag.py
[2022-02-03 20:39:28,330] {processor.py:654} INFO - DAG(s) dict_keys(['example_external_task_marker_parent', 'example_external_task_marker_child']) retrieved from /home/airflow/.local/lib/python3.7/site-packages/airflow/example_dags/example_external_task_marker_dag.py
[2022-02-03 20:39:28,341] {logging_mixin.py:109} INFO - [2022-02-03 20:39:28,341] {dag.py:2396} INFO - Sync 2 DAGs
[2022-02-03 20:39:28,354] {logging_mixin.py:109} INFO - [2022-02-03 20:39:28,354] {dag.py:2935} INFO - Setting next_dagrun for example_external_task_marker_child to None
[2022-02-03 20:39:28,355] {logging_mixin.py:109} INFO - [2022-02-03 20:39:28,355] {dag.py:2935} INFO - Setting next_dagrun for example_external_task_marker_parent to None
[2022-02-03 20:39:28,363] {processor.py:171} INFO - Processing /home/airflow/.local/lib/python3.7/site-packages/airflow/example_dags/example_external_task_marker_dag.py took 0.066 seconds
[2022-02-03 20:39:58,658] {processor.py:163} INFO - Started process (PID=449) to work on /home/airflow/.local/lib/python3.7/site-packages/airflow/example_dags/example_external_task_marker_dag.py
[2022-02-03 20:39:58,659] {processor.py:642} INFO - Processing file /home/airflow/.local/lib/python3.7/site-packages/airflow/example_dags/example_external_task_marker_dag.py for tasks to queue
[2022-02-03 20:39:58,660] {logging_mixin.py:109} INFO - [2022-02-03 20:39:58,660] {dagbag.py:500} INFO - Filling up the DagBag from /home/airflow/.local/lib/python3.7/site-packages/airflow/example_dags/example_external_task_marker_dag.py
[2022-02-03 20:39:58,681] {processor.py:654} INFO - DAG(s) dict_keys(['example_external_task_marker_parent', 'example_external_task_marker_child']) retrieved from /home/airflow/.local/lib/python3.7/site-packages/airflow/example_dags/example_external_task_marker_dag.py
[2022-02-03 20:39:58,692] {logging_mixin.py:109} INFO - [2022-02-03 20:39:58,692] {dag.py:2396} INFO - Sync 2 DAGs
[2022-02-03 20:39:58,705] {logging_mixin.py:109} INFO - [2022-02-03 20:39:58,705] {dag.py:2935} INFO - Setting next_dagrun for example_external_task_marker_child to None
[2022-02-03 20:39:58,706] {logging_mixin.py:109} INFO - [2022-02-03 20:39:58,706] {dag.py:2935} INFO - Setting next_dagrun for example_external_task_marker_parent to None
[2022-02-03 20:39:58,715] {processor.py:171} INFO - Processing /home/airflow/.local/lib/python3.7/site-packages/airflow/example_dags/example_external_task_marker_dag.py took 0.060 seconds
[2022-02-03 20:40:28,823] {processor.py:163} INFO - Started process (PID=502) to work on /home/airflow/.local/lib/python3.7/site-packages/airflow/example_dags/example_external_task_marker_dag.py
[2022-02-03 20:40:28,824] {processor.py:642} INFO - Processing file /home/airflow/.local/lib/python3.7/site-packages/airflow/example_dags/example_external_task_marker_dag.py for tasks to queue
[2022-02-03 20:40:28,825] {logging_mixin.py:109} INFO - [2022-02-03 20:40:28,825] {dagbag.py:500} INFO - Filling up the DagBag from /home/airflow/.local/lib/python3.7/site-packages/airflow/example_dags/example_external_task_marker_dag.py
[2022-02-03 20:40:28,850] {processor.py:654} INFO - DAG(s) dict_keys(['example_external_task_marker_parent', 'example_external_task_marker_child']) retrieved from /home/airflow/.local/lib/python3.7/site-packages/airflow/example_dags/example_external_task_marker_dag.py
[2022-02-03 20:40:28,860] {logging_mixin.py:109} INFO - [2022-02-03 20:40:28,860] {dag.py:2396} INFO - Sync 2 DAGs
[2022-02-03 20:40:28,875] {logging_mixin.py:109} INFO - [2022-02-03 20:40:28,875] {dag.py:2935} INFO - Setting next_dagrun for example_external_task_marker_child to None
[2022-02-03 20:40:28,876] {logging_mixin.py:109} INFO - [2022-02-03 20:40:28,876] {dag.py:2935} INFO - Setting next_dagrun for example_external_task_marker_parent to None
[2022-02-03 20:40:28,890] {processor.py:171} INFO - Processing /home/airflow/.local/lib/python3.7/site-packages/airflow/example_dags/example_external_task_marker_dag.py took 0.069 seconds
[2022-02-03 20:40:58,992] {processor.py:163} INFO - Started process (PID=562) to work on /home/airflow/.local/lib/python3.7/site-packages/airflow/example_dags/example_external_task_marker_dag.py
[2022-02-03 20:40:58,993] {processor.py:642} INFO - Processing file /home/airflow/.local/lib/python3.7/site-packages/airflow/example_dags/example_external_task_marker_dag.py for tasks to queue
[2022-02-03 20:40:58,994] {logging_mixin.py:109} INFO - [2022-02-03 20:40:58,994] {dagbag.py:500} INFO - Filling up the DagBag from /home/airflow/.local/lib/python3.7/site-packages/airflow/example_dags/example_external_task_marker_dag.py
[2022-02-03 20:40:59,024] {processor.py:654} INFO - DAG(s) dict_keys(['example_external_task_marker_parent', 'example_external_task_marker_child']) retrieved from /home/airflow/.local/lib/python3.7/site-packages/airflow/example_dags/example_external_task_marker_dag.py
[2022-02-03 20:40:59,042] {logging_mixin.py:109} INFO - [2022-02-03 20:40:59,042] {dag.py:2396} INFO - Sync 2 DAGs
[2022-02-03 20:40:59,063] {logging_mixin.py:109} INFO - [2022-02-03 20:40:59,063] {dag.py:2935} INFO - Setting next_dagrun for example_external_task_marker_child to None
[2022-02-03 20:40:59,064] {logging_mixin.py:109} INFO - [2022-02-03 20:40:59,064] {dag.py:2935} INFO - Setting next_dagrun for example_external_task_marker_parent to None
[2022-02-03 20:40:59,077] {processor.py:171} INFO - Processing /home/airflow/.local/lib/python3.7/site-packages/airflow/example_dags/example_external_task_marker_dag.py took 0.089 seconds
[2022-02-03 20:41:29,197] {processor.py:163} INFO - Started process (PID=620) to work on /home/airflow/.local/lib/python3.7/site-packages/airflow/example_dags/example_external_task_marker_dag.py
[2022-02-03 20:41:29,198] {processor.py:642} INFO - Processing file /home/airflow/.local/lib/python3.7/site-packages/airflow/example_dags/example_external_task_marker_dag.py for tasks to queue
[2022-02-03 20:41:29,199] {logging_mixin.py:109} INFO - [2022-02-03 20:41:29,199] {dagbag.py:500} INFO - Filling up the DagBag from /home/airflow/.local/lib/python3.7/site-packages/airflow/example_dags/example_external_task_marker_dag.py
[2022-02-03 20:41:29,221] {processor.py:654} INFO - DAG(s) dict_keys(['example_external_task_marker_parent', 'example_external_task_marker_child']) retrieved from /home/airflow/.local/lib/python3.7/site-packages/airflow/example_dags/example_external_task_marker_dag.py
[2022-02-03 20:41:29,233] {logging_mixin.py:109} INFO - [2022-02-03 20:41:29,233] {dag.py:2396} INFO - Sync 2 DAGs
[2022-02-03 20:41:29,246] {logging_mixin.py:109} INFO - [2022-02-03 20:41:29,246] {dag.py:2935} INFO - Setting next_dagrun for example_external_task_marker_child to None
[2022-02-03 20:41:29,247] {logging_mixin.py:109} INFO - [2022-02-03 20:41:29,247] {dag.py:2935} INFO - Setting next_dagrun for example_external_task_marker_parent to None
[2022-02-03 20:41:29,259] {processor.py:171} INFO - Processing /home/airflow/.local/lib/python3.7/site-packages/airflow/example_dags/example_external_task_marker_dag.py took 0.064 seconds
[2022-02-03 20:41:59,347] {processor.py:163} INFO - Started process (PID=674) to work on /home/airflow/.local/lib/python3.7/site-packages/airflow/example_dags/example_external_task_marker_dag.py
[2022-02-03 20:41:59,348] {processor.py:642} INFO - Processing file /home/airflow/.local/lib/python3.7/site-packages/airflow/example_dags/example_external_task_marker_dag.py for tasks to queue
[2022-02-03 20:41:59,349] {logging_mixin.py:109} INFO - [2022-02-03 20:41:59,349] {dagbag.py:500} INFO - Filling up the DagBag from /home/airflow/.local/lib/python3.7/site-packages/airflow/example_dags/example_external_task_marker_dag.py
[2022-02-03 20:41:59,370] {processor.py:654} INFO - DAG(s) dict_keys(['example_external_task_marker_parent', 'example_external_task_marker_child']) retrieved from /home/airflow/.local/lib/python3.7/site-packages/airflow/example_dags/example_external_task_marker_dag.py
[2022-02-03 20:41:59,382] {logging_mixin.py:109} INFO - [2022-02-03 20:41:59,381] {dag.py:2396} INFO - Sync 2 DAGs
[2022-02-03 20:41:59,395] {logging_mixin.py:109} INFO - [2022-02-03 20:41:59,395] {dag.py:2935} INFO - Setting next_dagrun for example_external_task_marker_child to None
[2022-02-03 20:41:59,396] {logging_mixin.py:109} INFO - [2022-02-03 20:41:59,395] {dag.py:2935} INFO - Setting next_dagrun for example_external_task_marker_parent to None
[2022-02-03 20:41:59,408] {processor.py:171} INFO - Processing /home/airflow/.local/lib/python3.7/site-packages/airflow/example_dags/example_external_task_marker_dag.py took 0.063 seconds
[2022-02-03 20:42:29,580] {processor.py:163} INFO - Started process (PID=727) to work on /home/airflow/.local/lib/python3.7/site-packages/airflow/example_dags/example_external_task_marker_dag.py
[2022-02-03 20:42:29,581] {processor.py:642} INFO - Processing file /home/airflow/.local/lib/python3.7/site-packages/airflow/example_dags/example_external_task_marker_dag.py for tasks to queue
[2022-02-03 20:42:29,582] {logging_mixin.py:109} INFO - [2022-02-03 20:42:29,582] {dagbag.py:500} INFO - Filling up the DagBag from /home/airflow/.local/lib/python3.7/site-packages/airflow/example_dags/example_external_task_marker_dag.py
[2022-02-03 20:42:29,607] {processor.py:654} INFO - DAG(s) dict_keys(['example_external_task_marker_parent', 'example_external_task_marker_child']) retrieved from /home/airflow/.local/lib/python3.7/site-packages/airflow/example_dags/example_external_task_marker_dag.py
[2022-02-03 20:42:29,618] {logging_mixin.py:109} INFO - [2022-02-03 20:42:29,618] {dag.py:2396} INFO - Sync 2 DAGs
[2022-02-03 20:42:29,633] {logging_mixin.py:109} INFO - [2022-02-03 20:42:29,633] {dag.py:2935} INFO - Setting next_dagrun for example_external_task_marker_child to None
[2022-02-03 20:42:29,633] {logging_mixin.py:109} INFO - [2022-02-03 20:42:29,633] {dag.py:2935} INFO - Setting next_dagrun for example_external_task_marker_parent to None
[2022-02-03 20:42:29,646] {processor.py:171} INFO - Processing /home/airflow/.local/lib/python3.7/site-packages/airflow/example_dags/example_external_task_marker_dag.py took 0.068 seconds
[2022-02-03 20:42:59,667] {processor.py:163} INFO - Started process (PID=785) to work on /home/airflow/.local/lib/python3.7/site-packages/airflow/example_dags/example_external_task_marker_dag.py
[2022-02-03 20:42:59,668] {processor.py:642} INFO - Processing file /home/airflow/.local/lib/python3.7/site-packages/airflow/example_dags/example_external_task_marker_dag.py for tasks to queue
[2022-02-03 20:42:59,668] {logging_mixin.py:109} INFO - [2022-02-03 20:42:59,668] {dagbag.py:500} INFO - Filling up the DagBag from /home/airflow/.local/lib/python3.7/site-packages/airflow/example_dags/example_external_task_marker_dag.py
[2022-02-03 20:42:59,688] {processor.py:654} INFO - DAG(s) dict_keys(['example_external_task_marker_parent', 'example_external_task_marker_child']) retrieved from /home/airflow/.local/lib/python3.7/site-packages/airflow/example_dags/example_external_task_marker_dag.py
[2022-02-03 20:42:59,699] {logging_mixin.py:109} INFO - [2022-02-03 20:42:59,699] {dag.py:2396} INFO - Sync 2 DAGs
[2022-02-03 20:42:59,712] {logging_mixin.py:109} INFO - [2022-02-03 20:42:59,712] {dag.py:2935} INFO - Setting next_dagrun for example_external_task_marker_child to None
[2022-02-03 20:42:59,713] {logging_mixin.py:109} INFO - [2022-02-03 20:42:59,713] {dag.py:2935} INFO - Setting next_dagrun for example_external_task_marker_parent to None
[2022-02-03 20:42:59,723] {processor.py:171} INFO - Processing /home/airflow/.local/lib/python3.7/site-packages/airflow/example_dags/example_external_task_marker_dag.py took 0.059 seconds
[2022-02-03 20:43:29,965] {processor.py:163} INFO - Started process (PID=845) to work on /home/airflow/.local/lib/python3.7/site-packages/airflow/example_dags/example_external_task_marker_dag.py
[2022-02-03 20:43:29,966] {processor.py:642} INFO - Processing file /home/airflow/.local/lib/python3.7/site-packages/airflow/example_dags/example_external_task_marker_dag.py for tasks to queue
[2022-02-03 20:43:29,967] {logging_mixin.py:109} INFO - [2022-02-03 20:43:29,967] {dagbag.py:500} INFO - Filling up the DagBag from /home/airflow/.local/lib/python3.7/site-packages/airflow/example_dags/example_external_task_marker_dag.py
[2022-02-03 20:43:29,989] {processor.py:654} INFO - DAG(s) dict_keys(['example_external_task_marker_parent', 'example_external_task_marker_child']) retrieved from /home/airflow/.local/lib/python3.7/site-packages/airflow/example_dags/example_external_task_marker_dag.py
[2022-02-03 20:43:30,001] {logging_mixin.py:109} INFO - [2022-02-03 20:43:30,001] {dag.py:2396} INFO - Sync 2 DAGs
[2022-02-03 20:43:30,014] {logging_mixin.py:109} INFO - [2022-02-03 20:43:30,014] {dag.py:2935} INFO - Setting next_dagrun for example_external_task_marker_child to None
[2022-02-03 20:43:30,015] {logging_mixin.py:109} INFO - [2022-02-03 20:43:30,015] {dag.py:2935} INFO - Setting next_dagrun for example_external_task_marker_parent to None
[2022-02-03 20:43:30,025] {processor.py:171} INFO - Processing /home/airflow/.local/lib/python3.7/site-packages/airflow/example_dags/example_external_task_marker_dag.py took 0.062 seconds
[2022-02-03 20:44:00,053] {processor.py:163} INFO - Started process (PID=897) to work on /home/airflow/.local/lib/python3.7/site-packages/airflow/example_dags/example_external_task_marker_dag.py
[2022-02-03 20:44:00,054] {processor.py:642} INFO - Processing file /home/airflow/.local/lib/python3.7/site-packages/airflow/example_dags/example_external_task_marker_dag.py for tasks to queue
[2022-02-03 20:44:00,054] {logging_mixin.py:109} INFO - [2022-02-03 20:44:00,054] {dagbag.py:500} INFO - Filling up the DagBag from /home/airflow/.local/lib/python3.7/site-packages/airflow/example_dags/example_external_task_marker_dag.py
[2022-02-03 20:44:00,074] {processor.py:654} INFO - DAG(s) dict_keys(['example_external_task_marker_parent', 'example_external_task_marker_child']) retrieved from /home/airflow/.local/lib/python3.7/site-packages/airflow/example_dags/example_external_task_marker_dag.py
[2022-02-03 20:44:00,086] {logging_mixin.py:109} INFO - [2022-02-03 20:44:00,086] {dag.py:2396} INFO - Sync 2 DAGs
[2022-02-03 20:44:00,100] {logging_mixin.py:109} INFO - [2022-02-03 20:44:00,100] {dag.py:2935} INFO - Setting next_dagrun for example_external_task_marker_child to None
[2022-02-03 20:44:00,101] {logging_mixin.py:109} INFO - [2022-02-03 20:44:00,101] {dag.py:2935} INFO - Setting next_dagrun for example_external_task_marker_parent to None
[2022-02-03 20:44:00,110] {processor.py:171} INFO - Processing /home/airflow/.local/lib/python3.7/site-packages/airflow/example_dags/example_external_task_marker_dag.py took 0.060 seconds
[2022-02-03 20:44:30,419] {processor.py:163} INFO - Started process (PID=947) to work on /home/airflow/.local/lib/python3.7/site-packages/airflow/example_dags/example_external_task_marker_dag.py
[2022-02-03 20:44:30,420] {processor.py:642} INFO - Processing file /home/airflow/.local/lib/python3.7/site-packages/airflow/example_dags/example_external_task_marker_dag.py for tasks to queue
[2022-02-03 20:44:30,420] {logging_mixin.py:109} INFO - [2022-02-03 20:44:30,420] {dagbag.py:500} INFO - Filling up the DagBag from /home/airflow/.local/lib/python3.7/site-packages/airflow/example_dags/example_external_task_marker_dag.py
[2022-02-03 20:44:30,443] {processor.py:654} INFO - DAG(s) dict_keys(['example_external_task_marker_parent', 'example_external_task_marker_child']) retrieved from /home/airflow/.local/lib/python3.7/site-packages/airflow/example_dags/example_external_task_marker_dag.py
[2022-02-03 20:44:30,454] {logging_mixin.py:109} INFO - [2022-02-03 20:44:30,454] {dag.py:2396} INFO - Sync 2 DAGs
[2022-02-03 20:44:30,468] {logging_mixin.py:109} INFO - [2022-02-03 20:44:30,467] {dag.py:2935} INFO - Setting next_dagrun for example_external_task_marker_child to None
[2022-02-03 20:44:30,468] {logging_mixin.py:109} INFO - [2022-02-03 20:44:30,468] {dag.py:2935} INFO - Setting next_dagrun for example_external_task_marker_parent to None
[2022-02-03 20:44:30,477] {processor.py:171} INFO - Processing /home/airflow/.local/lib/python3.7/site-packages/airflow/example_dags/example_external_task_marker_dag.py took 0.061 seconds
[2022-02-03 20:45:01,015] {processor.py:163} INFO - Started process (PID=1008) to work on /home/airflow/.local/lib/python3.7/site-packages/airflow/example_dags/example_external_task_marker_dag.py
[2022-02-03 20:45:01,016] {processor.py:642} INFO - Processing file /home/airflow/.local/lib/python3.7/site-packages/airflow/example_dags/example_external_task_marker_dag.py for tasks to queue
[2022-02-03 20:45:01,016] {logging_mixin.py:109} INFO - [2022-02-03 20:45:01,016] {dagbag.py:500} INFO - Filling up the DagBag from /home/airflow/.local/lib/python3.7/site-packages/airflow/example_dags/example_external_task_marker_dag.py
[2022-02-03 20:45:01,036] {processor.py:654} INFO - DAG(s) dict_keys(['example_external_task_marker_parent', 'example_external_task_marker_child']) retrieved from /home/airflow/.local/lib/python3.7/site-packages/airflow/example_dags/example_external_task_marker_dag.py
[2022-02-03 20:45:01,048] {logging_mixin.py:109} INFO - [2022-02-03 20:45:01,048] {dag.py:2396} INFO - Sync 2 DAGs
[2022-02-03 20:45:01,062] {logging_mixin.py:109} INFO - [2022-02-03 20:45:01,061] {dag.py:2935} INFO - Setting next_dagrun for example_external_task_marker_child to None
[2022-02-03 20:45:01,062] {logging_mixin.py:109} INFO - [2022-02-03 20:45:01,062] {dag.py:2935} INFO - Setting next_dagrun for example_external_task_marker_parent to None
[2022-02-03 20:45:01,074] {processor.py:171} INFO - Processing /home/airflow/.local/lib/python3.7/site-packages/airflow/example_dags/example_external_task_marker_dag.py took 0.062 seconds
[2022-02-03 20:45:31,671] {processor.py:163} INFO - Started process (PID=1059) to work on /home/airflow/.local/lib/python3.7/site-packages/airflow/example_dags/example_external_task_marker_dag.py
[2022-02-03 20:45:31,672] {processor.py:642} INFO - Processing file /home/airflow/.local/lib/python3.7/site-packages/airflow/example_dags/example_external_task_marker_dag.py for tasks to queue
[2022-02-03 20:45:31,673] {logging_mixin.py:109} INFO - [2022-02-03 20:45:31,673] {dagbag.py:500} INFO - Filling up the DagBag from /home/airflow/.local/lib/python3.7/site-packages/airflow/example_dags/example_external_task_marker_dag.py
[2022-02-03 20:45:31,693] {processor.py:654} INFO - DAG(s) dict_keys(['example_external_task_marker_parent', 'example_external_task_marker_child']) retrieved from /home/airflow/.local/lib/python3.7/site-packages/airflow/example_dags/example_external_task_marker_dag.py
[2022-02-03 20:45:31,704] {logging_mixin.py:109} INFO - [2022-02-03 20:45:31,704] {dag.py:2396} INFO - Sync 2 DAGs
[2022-02-03 20:45:31,718] {logging_mixin.py:109} INFO - [2022-02-03 20:45:31,718] {dag.py:2935} INFO - Setting next_dagrun for example_external_task_marker_child to None
[2022-02-03 20:45:31,718] {logging_mixin.py:109} INFO - [2022-02-03 20:45:31,718] {dag.py:2935} INFO - Setting next_dagrun for example_external_task_marker_parent to None
[2022-02-03 20:45:31,730] {processor.py:171} INFO - Processing /home/airflow/.local/lib/python3.7/site-packages/airflow/example_dags/example_external_task_marker_dag.py took 0.061 seconds
[2022-02-03 20:46:02,111] {processor.py:163} INFO - Started process (PID=1121) to work on /home/airflow/.local/lib/python3.7/site-packages/airflow/example_dags/example_external_task_marker_dag.py
[2022-02-03 20:46:02,112] {processor.py:642} INFO - Processing file /home/airflow/.local/lib/python3.7/site-packages/airflow/example_dags/example_external_task_marker_dag.py for tasks to queue
[2022-02-03 20:46:02,113] {logging_mixin.py:109} INFO - [2022-02-03 20:46:02,113] {dagbag.py:500} INFO - Filling up the DagBag from /home/airflow/.local/lib/python3.7/site-packages/airflow/example_dags/example_external_task_marker_dag.py
[2022-02-03 20:46:02,134] {processor.py:654} INFO - DAG(s) dict_keys(['example_external_task_marker_parent', 'example_external_task_marker_child']) retrieved from /home/airflow/.local/lib/python3.7/site-packages/airflow/example_dags/example_external_task_marker_dag.py
[2022-02-03 20:46:02,146] {logging_mixin.py:109} INFO - [2022-02-03 20:46:02,145] {dag.py:2396} INFO - Sync 2 DAGs
[2022-02-03 20:46:02,158] {logging_mixin.py:109} INFO - [2022-02-03 20:46:02,158] {dag.py:2935} INFO - Setting next_dagrun for example_external_task_marker_child to None
[2022-02-03 20:46:02,159] {logging_mixin.py:109} INFO - [2022-02-03 20:46:02,159] {dag.py:2935} INFO - Setting next_dagrun for example_external_task_marker_parent to None
[2022-02-03 20:46:02,168] {processor.py:171} INFO - Processing /home/airflow/.local/lib/python3.7/site-packages/airflow/example_dags/example_external_task_marker_dag.py took 0.060 seconds
[2022-02-03 20:46:32,607] {processor.py:163} INFO - Started process (PID=1173) to work on /home/airflow/.local/lib/python3.7/site-packages/airflow/example_dags/example_external_task_marker_dag.py
[2022-02-03 20:46:32,608] {processor.py:642} INFO - Processing file /home/airflow/.local/lib/python3.7/site-packages/airflow/example_dags/example_external_task_marker_dag.py for tasks to queue
[2022-02-03 20:46:32,608] {logging_mixin.py:109} INFO - [2022-02-03 20:46:32,608] {dagbag.py:500} INFO - Filling up the DagBag from /home/airflow/.local/lib/python3.7/site-packages/airflow/example_dags/example_external_task_marker_dag.py
[2022-02-03 20:46:32,628] {processor.py:654} INFO - DAG(s) dict_keys(['example_external_task_marker_parent', 'example_external_task_marker_child']) retrieved from /home/airflow/.local/lib/python3.7/site-packages/airflow/example_dags/example_external_task_marker_dag.py
[2022-02-03 20:46:32,640] {logging_mixin.py:109} INFO - [2022-02-03 20:46:32,640] {dag.py:2396} INFO - Sync 2 DAGs
[2022-02-03 20:46:32,653] {logging_mixin.py:109} INFO - [2022-02-03 20:46:32,653] {dag.py:2935} INFO - Setting next_dagrun for example_external_task_marker_child to None
[2022-02-03 20:46:32,654] {logging_mixin.py:109} INFO - [2022-02-03 20:46:32,654] {dag.py:2935} INFO - Setting next_dagrun for example_external_task_marker_parent to None
[2022-02-03 20:46:32,664] {processor.py:171} INFO - Processing /home/airflow/.local/lib/python3.7/site-packages/airflow/example_dags/example_external_task_marker_dag.py took 0.060 seconds
[2022-02-03 20:47:03,196] {processor.py:163} INFO - Started process (PID=1233) to work on /home/airflow/.local/lib/python3.7/site-packages/airflow/example_dags/example_external_task_marker_dag.py
[2022-02-03 20:47:03,197] {processor.py:642} INFO - Processing file /home/airflow/.local/lib/python3.7/site-packages/airflow/example_dags/example_external_task_marker_dag.py for tasks to queue
[2022-02-03 20:47:03,197] {logging_mixin.py:109} INFO - [2022-02-03 20:47:03,197] {dagbag.py:500} INFO - Filling up the DagBag from /home/airflow/.local/lib/python3.7/site-packages/airflow/example_dags/example_external_task_marker_dag.py
[2022-02-03 20:47:03,220] {processor.py:654} INFO - DAG(s) dict_keys(['example_external_task_marker_parent', 'example_external_task_marker_child']) retrieved from /home/airflow/.local/lib/python3.7/site-packages/airflow/example_dags/example_external_task_marker_dag.py
[2022-02-03 20:47:03,232] {logging_mixin.py:109} INFO - [2022-02-03 20:47:03,231] {dag.py:2396} INFO - Sync 2 DAGs
[2022-02-03 20:47:03,245] {logging_mixin.py:109} INFO - [2022-02-03 20:47:03,245] {dag.py:2935} INFO - Setting next_dagrun for example_external_task_marker_child to None
[2022-02-03 20:47:03,246] {logging_mixin.py:109} INFO - [2022-02-03 20:47:03,246] {dag.py:2935} INFO - Setting next_dagrun for example_external_task_marker_parent to None
[2022-02-03 20:47:03,258] {processor.py:171} INFO - Processing /home/airflow/.local/lib/python3.7/site-packages/airflow/example_dags/example_external_task_marker_dag.py took 0.064 seconds
[2022-02-03 20:47:33,632] {processor.py:163} INFO - Started process (PID=1294) to work on /home/airflow/.local/lib/python3.7/site-packages/airflow/example_dags/example_external_task_marker_dag.py
[2022-02-03 20:47:33,634] {processor.py:642} INFO - Processing file /home/airflow/.local/lib/python3.7/site-packages/airflow/example_dags/example_external_task_marker_dag.py for tasks to queue
[2022-02-03 20:47:33,635] {logging_mixin.py:109} INFO - [2022-02-03 20:47:33,635] {dagbag.py:500} INFO - Filling up the DagBag from /home/airflow/.local/lib/python3.7/site-packages/airflow/example_dags/example_external_task_marker_dag.py
[2022-02-03 20:47:33,662] {processor.py:654} INFO - DAG(s) dict_keys(['example_external_task_marker_parent', 'example_external_task_marker_child']) retrieved from /home/airflow/.local/lib/python3.7/site-packages/airflow/example_dags/example_external_task_marker_dag.py
[2022-02-03 20:47:33,679] {logging_mixin.py:109} INFO - [2022-02-03 20:47:33,679] {dag.py:2396} INFO - Sync 2 DAGs
[2022-02-03 20:47:33,699] {logging_mixin.py:109} INFO - [2022-02-03 20:47:33,698] {dag.py:2935} INFO - Setting next_dagrun for example_external_task_marker_child to None
[2022-02-03 20:47:33,699] {logging_mixin.py:109} INFO - [2022-02-03 20:47:33,699] {dag.py:2935} INFO - Setting next_dagrun for example_external_task_marker_parent to None
[2022-02-03 20:47:33,715] {processor.py:171} INFO - Processing /home/airflow/.local/lib/python3.7/site-packages/airflow/example_dags/example_external_task_marker_dag.py took 0.086 seconds
[2022-02-03 20:48:04,302] {processor.py:163} INFO - Started process (PID=1345) to work on /home/airflow/.local/lib/python3.7/site-packages/airflow/example_dags/example_external_task_marker_dag.py
[2022-02-03 20:48:04,304] {processor.py:642} INFO - Processing file /home/airflow/.local/lib/python3.7/site-packages/airflow/example_dags/example_external_task_marker_dag.py for tasks to queue
[2022-02-03 20:48:04,304] {logging_mixin.py:109} INFO - [2022-02-03 20:48:04,304] {dagbag.py:500} INFO - Filling up the DagBag from /home/airflow/.local/lib/python3.7/site-packages/airflow/example_dags/example_external_task_marker_dag.py
[2022-02-03 20:48:04,336] {processor.py:654} INFO - DAG(s) dict_keys(['example_external_task_marker_parent', 'example_external_task_marker_child']) retrieved from /home/airflow/.local/lib/python3.7/site-packages/airflow/example_dags/example_external_task_marker_dag.py
[2022-02-03 20:48:04,349] {logging_mixin.py:109} INFO - [2022-02-03 20:48:04,349] {dag.py:2396} INFO - Sync 2 DAGs
[2022-02-03 20:48:04,363] {logging_mixin.py:109} INFO - [2022-02-03 20:48:04,363] {dag.py:2935} INFO - Setting next_dagrun for example_external_task_marker_child to None
[2022-02-03 20:48:04,363] {logging_mixin.py:109} INFO - [2022-02-03 20:48:04,363] {dag.py:2935} INFO - Setting next_dagrun for example_external_task_marker_parent to None
[2022-02-03 20:48:04,373] {processor.py:171} INFO - Processing /home/airflow/.local/lib/python3.7/site-packages/airflow/example_dags/example_external_task_marker_dag.py took 0.073 seconds
[2022-02-03 20:48:34,912] {processor.py:163} INFO - Started process (PID=1407) to work on /home/airflow/.local/lib/python3.7/site-packages/airflow/example_dags/example_external_task_marker_dag.py
[2022-02-03 20:48:34,913] {processor.py:642} INFO - Processing file /home/airflow/.local/lib/python3.7/site-packages/airflow/example_dags/example_external_task_marker_dag.py for tasks to queue
[2022-02-03 20:48:34,914] {logging_mixin.py:109} INFO - [2022-02-03 20:48:34,914] {dagbag.py:500} INFO - Filling up the DagBag from /home/airflow/.local/lib/python3.7/site-packages/airflow/example_dags/example_external_task_marker_dag.py
[2022-02-03 20:48:34,939] {processor.py:654} INFO - DAG(s) dict_keys(['example_external_task_marker_parent', 'example_external_task_marker_child']) retrieved from /home/airflow/.local/lib/python3.7/site-packages/airflow/example_dags/example_external_task_marker_dag.py
[2022-02-03 20:48:34,951] {logging_mixin.py:109} INFO - [2022-02-03 20:48:34,951] {dag.py:2396} INFO - Sync 2 DAGs
[2022-02-03 20:48:34,966] {logging_mixin.py:109} INFO - [2022-02-03 20:48:34,966] {dag.py:2935} INFO - Setting next_dagrun for example_external_task_marker_child to None
[2022-02-03 20:48:34,967] {logging_mixin.py:109} INFO - [2022-02-03 20:48:34,967] {dag.py:2935} INFO - Setting next_dagrun for example_external_task_marker_parent to None
[2022-02-03 20:48:34,977] {processor.py:171} INFO - Processing /home/airflow/.local/lib/python3.7/site-packages/airflow/example_dags/example_external_task_marker_dag.py took 0.068 seconds
[2022-02-03 20:49:05,424] {processor.py:163} INFO - Started process (PID=1459) to work on /home/airflow/.local/lib/python3.7/site-packages/airflow/example_dags/example_external_task_marker_dag.py
[2022-02-03 20:49:05,425] {processor.py:642} INFO - Processing file /home/airflow/.local/lib/python3.7/site-packages/airflow/example_dags/example_external_task_marker_dag.py for tasks to queue
[2022-02-03 20:49:05,426] {logging_mixin.py:109} INFO - [2022-02-03 20:49:05,426] {dagbag.py:500} INFO - Filling up the DagBag from /home/airflow/.local/lib/python3.7/site-packages/airflow/example_dags/example_external_task_marker_dag.py
[2022-02-03 20:49:05,448] {processor.py:654} INFO - DAG(s) dict_keys(['example_external_task_marker_parent', 'example_external_task_marker_child']) retrieved from /home/airflow/.local/lib/python3.7/site-packages/airflow/example_dags/example_external_task_marker_dag.py
[2022-02-03 20:49:05,460] {logging_mixin.py:109} INFO - [2022-02-03 20:49:05,460] {dag.py:2396} INFO - Sync 2 DAGs
[2022-02-03 20:49:05,474] {logging_mixin.py:109} INFO - [2022-02-03 20:49:05,474] {dag.py:2935} INFO - Setting next_dagrun for example_external_task_marker_child to None
[2022-02-03 20:49:05,474] {logging_mixin.py:109} INFO - [2022-02-03 20:49:05,474] {dag.py:2935} INFO - Setting next_dagrun for example_external_task_marker_parent to None
[2022-02-03 20:49:05,486] {processor.py:171} INFO - Processing /home/airflow/.local/lib/python3.7/site-packages/airflow/example_dags/example_external_task_marker_dag.py took 0.065 seconds
[2022-02-03 20:49:35,940] {processor.py:163} INFO - Started process (PID=1520) to work on /home/airflow/.local/lib/python3.7/site-packages/airflow/example_dags/example_external_task_marker_dag.py
[2022-02-03 20:49:35,941] {processor.py:642} INFO - Processing file /home/airflow/.local/lib/python3.7/site-packages/airflow/example_dags/example_external_task_marker_dag.py for tasks to queue
[2022-02-03 20:49:35,941] {logging_mixin.py:109} INFO - [2022-02-03 20:49:35,941] {dagbag.py:500} INFO - Filling up the DagBag from /home/airflow/.local/lib/python3.7/site-packages/airflow/example_dags/example_external_task_marker_dag.py
[2022-02-03 20:49:35,962] {processor.py:654} INFO - DAG(s) dict_keys(['example_external_task_marker_parent', 'example_external_task_marker_child']) retrieved from /home/airflow/.local/lib/python3.7/site-packages/airflow/example_dags/example_external_task_marker_dag.py
[2022-02-03 20:49:35,973] {logging_mixin.py:109} INFO - [2022-02-03 20:49:35,973] {dag.py:2396} INFO - Sync 2 DAGs
[2022-02-03 20:49:35,986] {logging_mixin.py:109} INFO - [2022-02-03 20:49:35,986] {dag.py:2935} INFO - Setting next_dagrun for example_external_task_marker_child to None
[2022-02-03 20:49:35,987] {logging_mixin.py:109} INFO - [2022-02-03 20:49:35,987] {dag.py:2935} INFO - Setting next_dagrun for example_external_task_marker_parent to None
[2022-02-03 20:49:35,996] {processor.py:171} INFO - Processing /home/airflow/.local/lib/python3.7/site-packages/airflow/example_dags/example_external_task_marker_dag.py took 0.058 seconds
[2022-02-03 20:50:06,094] {processor.py:163} INFO - Started process (PID=1573) to work on /home/airflow/.local/lib/python3.7/site-packages/airflow/example_dags/example_external_task_marker_dag.py
[2022-02-03 20:50:06,096] {processor.py:642} INFO - Processing file /home/airflow/.local/lib/python3.7/site-packages/airflow/example_dags/example_external_task_marker_dag.py for tasks to queue
[2022-02-03 20:50:06,097] {logging_mixin.py:109} INFO - [2022-02-03 20:50:06,097] {dagbag.py:500} INFO - Filling up the DagBag from /home/airflow/.local/lib/python3.7/site-packages/airflow/example_dags/example_external_task_marker_dag.py
[2022-02-03 20:50:06,119] {processor.py:654} INFO - DAG(s) dict_keys(['example_external_task_marker_parent', 'example_external_task_marker_child']) retrieved from /home/airflow/.local/lib/python3.7/site-packages/airflow/example_dags/example_external_task_marker_dag.py
[2022-02-03 20:50:06,130] {logging_mixin.py:109} INFO - [2022-02-03 20:50:06,130] {dag.py:2396} INFO - Sync 2 DAGs
[2022-02-03 20:50:06,143] {logging_mixin.py:109} INFO - [2022-02-03 20:50:06,143] {dag.py:2935} INFO - Setting next_dagrun for example_external_task_marker_child to None
[2022-02-03 20:50:06,144] {logging_mixin.py:109} INFO - [2022-02-03 20:50:06,144] {dag.py:2935} INFO - Setting next_dagrun for example_external_task_marker_parent to None
[2022-02-03 20:50:06,154] {processor.py:171} INFO - Processing /home/airflow/.local/lib/python3.7/site-packages/airflow/example_dags/example_external_task_marker_dag.py took 0.063 seconds
[2022-02-03 20:50:36,814] {processor.py:163} INFO - Started process (PID=1632) to work on /home/airflow/.local/lib/python3.7/site-packages/airflow/example_dags/example_external_task_marker_dag.py
[2022-02-03 20:50:36,815] {processor.py:642} INFO - Processing file /home/airflow/.local/lib/python3.7/site-packages/airflow/example_dags/example_external_task_marker_dag.py for tasks to queue
[2022-02-03 20:50:36,817] {logging_mixin.py:109} INFO - [2022-02-03 20:50:36,816] {dagbag.py:500} INFO - Filling up the DagBag from /home/airflow/.local/lib/python3.7/site-packages/airflow/example_dags/example_external_task_marker_dag.py
[2022-02-03 20:50:36,842] {processor.py:654} INFO - DAG(s) dict_keys(['example_external_task_marker_parent', 'example_external_task_marker_child']) retrieved from /home/airflow/.local/lib/python3.7/site-packages/airflow/example_dags/example_external_task_marker_dag.py
[2022-02-03 20:50:36,856] {logging_mixin.py:109} INFO - [2022-02-03 20:50:36,856] {dag.py:2396} INFO - Sync 2 DAGs
[2022-02-03 20:50:36,872] {logging_mixin.py:109} INFO - [2022-02-03 20:50:36,872] {dag.py:2935} INFO - Setting next_dagrun for example_external_task_marker_child to None
[2022-02-03 20:50:36,873] {logging_mixin.py:109} INFO - [2022-02-03 20:50:36,873] {dag.py:2935} INFO - Setting next_dagrun for example_external_task_marker_parent to None
[2022-02-03 20:50:36,884] {processor.py:171} INFO - Processing /home/airflow/.local/lib/python3.7/site-packages/airflow/example_dags/example_external_task_marker_dag.py took 0.073 seconds
[2022-02-03 20:51:07,241] {processor.py:163} INFO - Started process (PID=1682) to work on /home/airflow/.local/lib/python3.7/site-packages/airflow/example_dags/example_external_task_marker_dag.py
[2022-02-03 20:51:07,243] {processor.py:642} INFO - Processing file /home/airflow/.local/lib/python3.7/site-packages/airflow/example_dags/example_external_task_marker_dag.py for tasks to queue
[2022-02-03 20:51:07,243] {logging_mixin.py:109} INFO - [2022-02-03 20:51:07,243] {dagbag.py:500} INFO - Filling up the DagBag from /home/airflow/.local/lib/python3.7/site-packages/airflow/example_dags/example_external_task_marker_dag.py
[2022-02-03 20:51:07,265] {processor.py:654} INFO - DAG(s) dict_keys(['example_external_task_marker_parent', 'example_external_task_marker_child']) retrieved from /home/airflow/.local/lib/python3.7/site-packages/airflow/example_dags/example_external_task_marker_dag.py
[2022-02-03 20:51:07,279] {logging_mixin.py:109} INFO - [2022-02-03 20:51:07,279] {dag.py:2396} INFO - Sync 2 DAGs
[2022-02-03 20:51:07,296] {logging_mixin.py:109} INFO - [2022-02-03 20:51:07,296] {dag.py:2935} INFO - Setting next_dagrun for example_external_task_marker_child to None
[2022-02-03 20:51:07,297] {logging_mixin.py:109} INFO - [2022-02-03 20:51:07,297] {dag.py:2935} INFO - Setting next_dagrun for example_external_task_marker_parent to None
[2022-02-03 20:51:07,307] {processor.py:171} INFO - Processing /home/airflow/.local/lib/python3.7/site-packages/airflow/example_dags/example_external_task_marker_dag.py took 0.068 seconds
[2022-02-03 20:51:37,550] {processor.py:163} INFO - Started process (PID=1742) to work on /home/airflow/.local/lib/python3.7/site-packages/airflow/example_dags/example_external_task_marker_dag.py
[2022-02-03 20:51:37,552] {processor.py:642} INFO - Processing file /home/airflow/.local/lib/python3.7/site-packages/airflow/example_dags/example_external_task_marker_dag.py for tasks to queue
[2022-02-03 20:51:37,553] {logging_mixin.py:109} INFO - [2022-02-03 20:51:37,553] {dagbag.py:500} INFO - Filling up the DagBag from /home/airflow/.local/lib/python3.7/site-packages/airflow/example_dags/example_external_task_marker_dag.py
[2022-02-03 20:51:37,585] {processor.py:654} INFO - DAG(s) dict_keys(['example_external_task_marker_parent', 'example_external_task_marker_child']) retrieved from /home/airflow/.local/lib/python3.7/site-packages/airflow/example_dags/example_external_task_marker_dag.py
[2022-02-03 20:51:37,600] {logging_mixin.py:109} INFO - [2022-02-03 20:51:37,600] {dag.py:2396} INFO - Sync 2 DAGs
[2022-02-03 20:51:37,621] {logging_mixin.py:109} INFO - [2022-02-03 20:51:37,620] {dag.py:2935} INFO - Setting next_dagrun for example_external_task_marker_child to None
[2022-02-03 20:51:37,621] {logging_mixin.py:109} INFO - [2022-02-03 20:51:37,621] {dag.py:2935} INFO - Setting next_dagrun for example_external_task_marker_parent to None
[2022-02-03 20:51:37,730] {processor.py:171} INFO - Processing /home/airflow/.local/lib/python3.7/site-packages/airflow/example_dags/example_external_task_marker_dag.py took 0.184 seconds
[2022-02-03 20:52:08,456] {processor.py:163} INFO - Started process (PID=1793) to work on /home/airflow/.local/lib/python3.7/site-packages/airflow/example_dags/example_external_task_marker_dag.py
[2022-02-03 20:52:08,458] {processor.py:642} INFO - Processing file /home/airflow/.local/lib/python3.7/site-packages/airflow/example_dags/example_external_task_marker_dag.py for tasks to queue
[2022-02-03 20:52:08,459] {logging_mixin.py:109} INFO - [2022-02-03 20:52:08,459] {dagbag.py:500} INFO - Filling up the DagBag from /home/airflow/.local/lib/python3.7/site-packages/airflow/example_dags/example_external_task_marker_dag.py
[2022-02-03 20:52:08,489] {processor.py:654} INFO - DAG(s) dict_keys(['example_external_task_marker_parent', 'example_external_task_marker_child']) retrieved from /home/airflow/.local/lib/python3.7/site-packages/airflow/example_dags/example_external_task_marker_dag.py
[2022-02-03 20:52:08,505] {logging_mixin.py:109} INFO - [2022-02-03 20:52:08,505] {dag.py:2396} INFO - Sync 2 DAGs
[2022-02-03 20:52:08,628] {logging_mixin.py:109} INFO - [2022-02-03 20:52:08,628] {dag.py:2935} INFO - Setting next_dagrun for example_external_task_marker_child to None
[2022-02-03 20:52:08,629] {logging_mixin.py:109} INFO - [2022-02-03 20:52:08,629] {dag.py:2935} INFO - Setting next_dagrun for example_external_task_marker_parent to None
[2022-02-03 20:52:08,645] {processor.py:171} INFO - Processing /home/airflow/.local/lib/python3.7/site-packages/airflow/example_dags/example_external_task_marker_dag.py took 0.192 seconds
[2022-02-03 20:52:39,526] {processor.py:163} INFO - Started process (PID=1845) to work on /home/airflow/.local/lib/python3.7/site-packages/airflow/example_dags/example_external_task_marker_dag.py
[2022-02-03 20:52:39,527] {processor.py:642} INFO - Processing file /home/airflow/.local/lib/python3.7/site-packages/airflow/example_dags/example_external_task_marker_dag.py for tasks to queue
[2022-02-03 20:52:39,528] {logging_mixin.py:109} INFO - [2022-02-03 20:52:39,528] {dagbag.py:500} INFO - Filling up the DagBag from /home/airflow/.local/lib/python3.7/site-packages/airflow/example_dags/example_external_task_marker_dag.py
[2022-02-03 20:52:39,549] {processor.py:654} INFO - DAG(s) dict_keys(['example_external_task_marker_parent', 'example_external_task_marker_child']) retrieved from /home/airflow/.local/lib/python3.7/site-packages/airflow/example_dags/example_external_task_marker_dag.py
[2022-02-03 20:52:39,560] {logging_mixin.py:109} INFO - [2022-02-03 20:52:39,560] {dag.py:2396} INFO - Sync 2 DAGs
[2022-02-03 20:52:39,637] {logging_mixin.py:109} INFO - [2022-02-03 20:52:39,637] {dag.py:2935} INFO - Setting next_dagrun for example_external_task_marker_child to None
[2022-02-03 20:52:39,638] {logging_mixin.py:109} INFO - [2022-02-03 20:52:39,637] {dag.py:2935} INFO - Setting next_dagrun for example_external_task_marker_parent to None
[2022-02-03 20:52:39,650] {processor.py:171} INFO - Processing /home/airflow/.local/lib/python3.7/site-packages/airflow/example_dags/example_external_task_marker_dag.py took 0.127 seconds
[2022-02-03 20:53:10,207] {processor.py:163} INFO - Started process (PID=1904) to work on /home/airflow/.local/lib/python3.7/site-packages/airflow/example_dags/example_external_task_marker_dag.py
[2022-02-03 20:53:10,208] {processor.py:642} INFO - Processing file /home/airflow/.local/lib/python3.7/site-packages/airflow/example_dags/example_external_task_marker_dag.py for tasks to queue
[2022-02-03 20:53:10,209] {logging_mixin.py:109} INFO - [2022-02-03 20:53:10,209] {dagbag.py:500} INFO - Filling up the DagBag from /home/airflow/.local/lib/python3.7/site-packages/airflow/example_dags/example_external_task_marker_dag.py
[2022-02-03 20:53:10,230] {processor.py:654} INFO - DAG(s) dict_keys(['example_external_task_marker_parent', 'example_external_task_marker_child']) retrieved from /home/airflow/.local/lib/python3.7/site-packages/airflow/example_dags/example_external_task_marker_dag.py
[2022-02-03 20:53:10,242] {logging_mixin.py:109} INFO - [2022-02-03 20:53:10,242] {dag.py:2396} INFO - Sync 2 DAGs
[2022-02-03 20:53:10,329] {logging_mixin.py:109} INFO - [2022-02-03 20:53:10,329] {dag.py:2935} INFO - Setting next_dagrun for example_external_task_marker_child to None
[2022-02-03 20:53:10,329] {logging_mixin.py:109} INFO - [2022-02-03 20:53:10,329] {dag.py:2935} INFO - Setting next_dagrun for example_external_task_marker_parent to None
[2022-02-03 20:53:10,341] {processor.py:171} INFO - Processing /home/airflow/.local/lib/python3.7/site-packages/airflow/example_dags/example_external_task_marker_dag.py took 0.136 seconds
[2022-02-03 20:53:40,509] {processor.py:163} INFO - Started process (PID=1954) to work on /home/airflow/.local/lib/python3.7/site-packages/airflow/example_dags/example_external_task_marker_dag.py
[2022-02-03 20:53:40,510] {processor.py:642} INFO - Processing file /home/airflow/.local/lib/python3.7/site-packages/airflow/example_dags/example_external_task_marker_dag.py for tasks to queue
[2022-02-03 20:53:40,511] {logging_mixin.py:109} INFO - [2022-02-03 20:53:40,511] {dagbag.py:500} INFO - Filling up the DagBag from /home/airflow/.local/lib/python3.7/site-packages/airflow/example_dags/example_external_task_marker_dag.py
[2022-02-03 20:53:40,603] {processor.py:654} INFO - DAG(s) dict_keys(['example_external_task_marker_parent', 'example_external_task_marker_child']) retrieved from /home/airflow/.local/lib/python3.7/site-packages/airflow/example_dags/example_external_task_marker_dag.py
[2022-02-03 20:53:40,614] {logging_mixin.py:109} INFO - [2022-02-03 20:53:40,614] {dag.py:2396} INFO - Sync 2 DAGs
[2022-02-03 20:53:40,626] {logging_mixin.py:109} INFO - [2022-02-03 20:53:40,626] {dag.py:2935} INFO - Setting next_dagrun for example_external_task_marker_child to None
[2022-02-03 20:53:40,627] {logging_mixin.py:109} INFO - [2022-02-03 20:53:40,627] {dag.py:2935} INFO - Setting next_dagrun for example_external_task_marker_parent to None
[2022-02-03 20:53:40,639] {processor.py:171} INFO - Processing /home/airflow/.local/lib/python3.7/site-packages/airflow/example_dags/example_external_task_marker_dag.py took 0.133 seconds
[2022-02-03 20:54:11,027] {processor.py:163} INFO - Started process (PID=2016) to work on /home/airflow/.local/lib/python3.7/site-packages/airflow/example_dags/example_external_task_marker_dag.py
[2022-02-03 20:54:11,028] {processor.py:642} INFO - Processing file /home/airflow/.local/lib/python3.7/site-packages/airflow/example_dags/example_external_task_marker_dag.py for tasks to queue
[2022-02-03 20:54:11,029] {logging_mixin.py:109} INFO - [2022-02-03 20:54:11,029] {dagbag.py:500} INFO - Filling up the DagBag from /home/airflow/.local/lib/python3.7/site-packages/airflow/example_dags/example_external_task_marker_dag.py
[2022-02-03 20:54:11,117] {processor.py:654} INFO - DAG(s) dict_keys(['example_external_task_marker_parent', 'example_external_task_marker_child']) retrieved from /home/airflow/.local/lib/python3.7/site-packages/airflow/example_dags/example_external_task_marker_dag.py
[2022-02-03 20:54:11,126] {logging_mixin.py:109} INFO - [2022-02-03 20:54:11,126] {dag.py:2396} INFO - Sync 2 DAGs
[2022-02-03 20:54:11,138] {logging_mixin.py:109} INFO - [2022-02-03 20:54:11,138] {dag.py:2935} INFO - Setting next_dagrun for example_external_task_marker_child to None
[2022-02-03 20:54:11,139] {logging_mixin.py:109} INFO - [2022-02-03 20:54:11,139] {dag.py:2935} INFO - Setting next_dagrun for example_external_task_marker_parent to None
[2022-02-03 20:54:11,147] {processor.py:171} INFO - Processing /home/airflow/.local/lib/python3.7/site-packages/airflow/example_dags/example_external_task_marker_dag.py took 0.123 seconds
[2022-02-03 20:54:42,005] {processor.py:163} INFO - Started process (PID=2068) to work on /home/airflow/.local/lib/python3.7/site-packages/airflow/example_dags/example_external_task_marker_dag.py
[2022-02-03 20:54:42,007] {processor.py:642} INFO - Processing file /home/airflow/.local/lib/python3.7/site-packages/airflow/example_dags/example_external_task_marker_dag.py for tasks to queue
[2022-02-03 20:54:42,008] {logging_mixin.py:109} INFO - [2022-02-03 20:54:42,008] {dagbag.py:500} INFO - Filling up the DagBag from /home/airflow/.local/lib/python3.7/site-packages/airflow/example_dags/example_external_task_marker_dag.py
[2022-02-03 20:54:42,132] {processor.py:654} INFO - DAG(s) dict_keys(['example_external_task_marker_parent', 'example_external_task_marker_child']) retrieved from /home/airflow/.local/lib/python3.7/site-packages/airflow/example_dags/example_external_task_marker_dag.py
[2022-02-03 20:54:42,144] {logging_mixin.py:109} INFO - [2022-02-03 20:54:42,144] {dag.py:2396} INFO - Sync 2 DAGs
[2022-02-03 20:54:42,164] {logging_mixin.py:109} INFO - [2022-02-03 20:54:42,163] {dag.py:2935} INFO - Setting next_dagrun for example_external_task_marker_child to None
[2022-02-03 20:54:42,164] {logging_mixin.py:109} INFO - [2022-02-03 20:54:42,164] {dag.py:2935} INFO - Setting next_dagrun for example_external_task_marker_parent to None
[2022-02-03 20:54:42,176] {processor.py:171} INFO - Processing /home/airflow/.local/lib/python3.7/site-packages/airflow/example_dags/example_external_task_marker_dag.py took 0.175 seconds
[2022-02-03 20:55:12,274] {processor.py:163} INFO - Started process (PID=2127) to work on /home/airflow/.local/lib/python3.7/site-packages/airflow/example_dags/example_external_task_marker_dag.py
[2022-02-03 20:55:12,275] {processor.py:642} INFO - Processing file /home/airflow/.local/lib/python3.7/site-packages/airflow/example_dags/example_external_task_marker_dag.py for tasks to queue
[2022-02-03 20:55:12,276] {logging_mixin.py:109} INFO - [2022-02-03 20:55:12,276] {dagbag.py:500} INFO - Filling up the DagBag from /home/airflow/.local/lib/python3.7/site-packages/airflow/example_dags/example_external_task_marker_dag.py
[2022-02-03 20:55:12,367] {processor.py:654} INFO - DAG(s) dict_keys(['example_external_task_marker_parent', 'example_external_task_marker_child']) retrieved from /home/airflow/.local/lib/python3.7/site-packages/airflow/example_dags/example_external_task_marker_dag.py
[2022-02-03 20:55:12,377] {logging_mixin.py:109} INFO - [2022-02-03 20:55:12,377] {dag.py:2396} INFO - Sync 2 DAGs
[2022-02-03 20:55:12,390] {logging_mixin.py:109} INFO - [2022-02-03 20:55:12,390] {dag.py:2935} INFO - Setting next_dagrun for example_external_task_marker_child to None
[2022-02-03 20:55:12,391] {logging_mixin.py:109} INFO - [2022-02-03 20:55:12,391] {dag.py:2935} INFO - Setting next_dagrun for example_external_task_marker_parent to None
[2022-02-03 20:55:12,403] {processor.py:171} INFO - Processing /home/airflow/.local/lib/python3.7/site-packages/airflow/example_dags/example_external_task_marker_dag.py took 0.132 seconds
[2022-02-03 20:55:42,537] {processor.py:163} INFO - Started process (PID=2177) to work on /home/airflow/.local/lib/python3.7/site-packages/airflow/example_dags/example_external_task_marker_dag.py
[2022-02-03 20:55:42,538] {processor.py:642} INFO - Processing file /home/airflow/.local/lib/python3.7/site-packages/airflow/example_dags/example_external_task_marker_dag.py for tasks to queue
[2022-02-03 20:55:42,539] {logging_mixin.py:109} INFO - [2022-02-03 20:55:42,538] {dagbag.py:500} INFO - Filling up the DagBag from /home/airflow/.local/lib/python3.7/site-packages/airflow/example_dags/example_external_task_marker_dag.py
[2022-02-03 20:55:42,623] {processor.py:654} INFO - DAG(s) dict_keys(['example_external_task_marker_parent', 'example_external_task_marker_child']) retrieved from /home/airflow/.local/lib/python3.7/site-packages/airflow/example_dags/example_external_task_marker_dag.py
[2022-02-03 20:55:42,633] {logging_mixin.py:109} INFO - [2022-02-03 20:55:42,633] {dag.py:2396} INFO - Sync 2 DAGs
[2022-02-03 20:55:42,646] {logging_mixin.py:109} INFO - [2022-02-03 20:55:42,645] {dag.py:2935} INFO - Setting next_dagrun for example_external_task_marker_child to None
[2022-02-03 20:55:42,646] {logging_mixin.py:109} INFO - [2022-02-03 20:55:42,646] {dag.py:2935} INFO - Setting next_dagrun for example_external_task_marker_parent to None
[2022-02-03 20:55:42,656] {processor.py:171} INFO - Processing /home/airflow/.local/lib/python3.7/site-packages/airflow/example_dags/example_external_task_marker_dag.py took 0.121 seconds
