[2022-02-03 20:38:54,053] {processor.py:163} INFO - Started process (PID=302) to work on /home/airflow/.local/lib/python3.7/site-packages/airflow/example_dags/example_trigger_target_dag.py
[2022-02-03 20:38:54,055] {processor.py:642} INFO - Processing file /home/airflow/.local/lib/python3.7/site-packages/airflow/example_dags/example_trigger_target_dag.py for tasks to queue
[2022-02-03 20:38:54,056] {logging_mixin.py:109} INFO - [2022-02-03 20:38:54,056] {dagbag.py:500} INFO - Filling up the DagBag from /home/airflow/.local/lib/python3.7/site-packages/airflow/example_dags/example_trigger_target_dag.py
[2022-02-03 20:38:54,098] {processor.py:654} INFO - DAG(s) dict_keys(['example_trigger_target_dag']) retrieved from /home/airflow/.local/lib/python3.7/site-packages/airflow/example_dags/example_trigger_target_dag.py
[2022-02-03 20:38:55,976] {logging_mixin.py:109} INFO - [2022-02-03 20:38:55,976] {manager.py:496} INFO - Created Permission View: can read on DAG:example_trigger_target_dag
[2022-02-03 20:38:55,984] {logging_mixin.py:109} INFO - [2022-02-03 20:38:55,984] {manager.py:496} INFO - Created Permission View: can edit on DAG:example_trigger_target_dag
[2022-02-03 20:38:55,985] {logging_mixin.py:109} INFO - [2022-02-03 20:38:55,984] {dag.py:2396} INFO - Sync 1 DAGs
[2022-02-03 20:38:55,992] {logging_mixin.py:109} INFO - [2022-02-03 20:38:55,991] {dag.py:2415} INFO - Creating ORM DAG for example_trigger_target_dag
[2022-02-03 20:38:55,999] {logging_mixin.py:109} INFO - [2022-02-03 20:38:55,999] {dag.py:2935} INFO - Setting next_dagrun for example_trigger_target_dag to None
[2022-02-03 20:38:56,010] {processor.py:171} INFO - Processing /home/airflow/.local/lib/python3.7/site-packages/airflow/example_dags/example_trigger_target_dag.py took 1.960 seconds
[2022-02-03 20:39:26,167] {processor.py:163} INFO - Started process (PID=397) to work on /home/airflow/.local/lib/python3.7/site-packages/airflow/example_dags/example_trigger_target_dag.py
[2022-02-03 20:39:26,169] {processor.py:642} INFO - Processing file /home/airflow/.local/lib/python3.7/site-packages/airflow/example_dags/example_trigger_target_dag.py for tasks to queue
[2022-02-03 20:39:26,170] {logging_mixin.py:109} INFO - [2022-02-03 20:39:26,169] {dagbag.py:500} INFO - Filling up the DagBag from /home/airflow/.local/lib/python3.7/site-packages/airflow/example_dags/example_trigger_target_dag.py
[2022-02-03 20:39:26,204] {processor.py:654} INFO - DAG(s) dict_keys(['example_trigger_target_dag']) retrieved from /home/airflow/.local/lib/python3.7/site-packages/airflow/example_dags/example_trigger_target_dag.py
[2022-02-03 20:39:26,214] {logging_mixin.py:109} INFO - [2022-02-03 20:39:26,214] {dag.py:2396} INFO - Sync 1 DAGs
[2022-02-03 20:39:26,229] {logging_mixin.py:109} INFO - [2022-02-03 20:39:26,229] {dag.py:2935} INFO - Setting next_dagrun for example_trigger_target_dag to None
[2022-02-03 20:39:26,243] {processor.py:171} INFO - Processing /home/airflow/.local/lib/python3.7/site-packages/airflow/example_dags/example_trigger_target_dag.py took 0.078 seconds
[2022-02-03 20:39:56,568] {processor.py:163} INFO - Started process (PID=447) to work on /home/airflow/.local/lib/python3.7/site-packages/airflow/example_dags/example_trigger_target_dag.py
[2022-02-03 20:39:56,569] {processor.py:642} INFO - Processing file /home/airflow/.local/lib/python3.7/site-packages/airflow/example_dags/example_trigger_target_dag.py for tasks to queue
[2022-02-03 20:39:56,570] {logging_mixin.py:109} INFO - [2022-02-03 20:39:56,570] {dagbag.py:500} INFO - Filling up the DagBag from /home/airflow/.local/lib/python3.7/site-packages/airflow/example_dags/example_trigger_target_dag.py
[2022-02-03 20:39:56,597] {processor.py:654} INFO - DAG(s) dict_keys(['example_trigger_target_dag']) retrieved from /home/airflow/.local/lib/python3.7/site-packages/airflow/example_dags/example_trigger_target_dag.py
[2022-02-03 20:39:56,606] {logging_mixin.py:109} INFO - [2022-02-03 20:39:56,606] {dag.py:2396} INFO - Sync 1 DAGs
[2022-02-03 20:39:56,620] {logging_mixin.py:109} INFO - [2022-02-03 20:39:56,620] {dag.py:2935} INFO - Setting next_dagrun for example_trigger_target_dag to None
[2022-02-03 20:39:56,633] {processor.py:171} INFO - Processing /home/airflow/.local/lib/python3.7/site-packages/airflow/example_dags/example_trigger_target_dag.py took 0.068 seconds
[2022-02-03 20:40:26,722] {processor.py:163} INFO - Started process (PID=498) to work on /home/airflow/.local/lib/python3.7/site-packages/airflow/example_dags/example_trigger_target_dag.py
[2022-02-03 20:40:26,723] {processor.py:642} INFO - Processing file /home/airflow/.local/lib/python3.7/site-packages/airflow/example_dags/example_trigger_target_dag.py for tasks to queue
[2022-02-03 20:40:26,724] {logging_mixin.py:109} INFO - [2022-02-03 20:40:26,723] {dagbag.py:500} INFO - Filling up the DagBag from /home/airflow/.local/lib/python3.7/site-packages/airflow/example_dags/example_trigger_target_dag.py
[2022-02-03 20:40:26,748] {processor.py:654} INFO - DAG(s) dict_keys(['example_trigger_target_dag']) retrieved from /home/airflow/.local/lib/python3.7/site-packages/airflow/example_dags/example_trigger_target_dag.py
[2022-02-03 20:40:26,758] {logging_mixin.py:109} INFO - [2022-02-03 20:40:26,758] {dag.py:2396} INFO - Sync 1 DAGs
[2022-02-03 20:40:26,770] {logging_mixin.py:109} INFO - [2022-02-03 20:40:26,770] {dag.py:2935} INFO - Setting next_dagrun for example_trigger_target_dag to None
[2022-02-03 20:40:26,781] {processor.py:171} INFO - Processing /home/airflow/.local/lib/python3.7/site-packages/airflow/example_dags/example_trigger_target_dag.py took 0.062 seconds
[2022-02-03 20:40:56,905] {processor.py:163} INFO - Started process (PID=560) to work on /home/airflow/.local/lib/python3.7/site-packages/airflow/example_dags/example_trigger_target_dag.py
[2022-02-03 20:40:56,906] {processor.py:642} INFO - Processing file /home/airflow/.local/lib/python3.7/site-packages/airflow/example_dags/example_trigger_target_dag.py for tasks to queue
[2022-02-03 20:40:56,907] {logging_mixin.py:109} INFO - [2022-02-03 20:40:56,907] {dagbag.py:500} INFO - Filling up the DagBag from /home/airflow/.local/lib/python3.7/site-packages/airflow/example_dags/example_trigger_target_dag.py
[2022-02-03 20:40:56,932] {processor.py:654} INFO - DAG(s) dict_keys(['example_trigger_target_dag']) retrieved from /home/airflow/.local/lib/python3.7/site-packages/airflow/example_dags/example_trigger_target_dag.py
[2022-02-03 20:40:56,941] {logging_mixin.py:109} INFO - [2022-02-03 20:40:56,941] {dag.py:2396} INFO - Sync 1 DAGs
[2022-02-03 20:40:56,953] {logging_mixin.py:109} INFO - [2022-02-03 20:40:56,953] {dag.py:2935} INFO - Setting next_dagrun for example_trigger_target_dag to None
[2022-02-03 20:40:56,965] {processor.py:171} INFO - Processing /home/airflow/.local/lib/python3.7/site-packages/airflow/example_dags/example_trigger_target_dag.py took 0.062 seconds
[2022-02-03 20:41:27,097] {processor.py:163} INFO - Started process (PID=610) to work on /home/airflow/.local/lib/python3.7/site-packages/airflow/example_dags/example_trigger_target_dag.py
[2022-02-03 20:41:27,098] {processor.py:642} INFO - Processing file /home/airflow/.local/lib/python3.7/site-packages/airflow/example_dags/example_trigger_target_dag.py for tasks to queue
[2022-02-03 20:41:27,099] {logging_mixin.py:109} INFO - [2022-02-03 20:41:27,098] {dagbag.py:500} INFO - Filling up the DagBag from /home/airflow/.local/lib/python3.7/site-packages/airflow/example_dags/example_trigger_target_dag.py
[2022-02-03 20:41:27,125] {processor.py:654} INFO - DAG(s) dict_keys(['example_trigger_target_dag']) retrieved from /home/airflow/.local/lib/python3.7/site-packages/airflow/example_dags/example_trigger_target_dag.py
[2022-02-03 20:41:27,134] {logging_mixin.py:109} INFO - [2022-02-03 20:41:27,134] {dag.py:2396} INFO - Sync 1 DAGs
[2022-02-03 20:41:27,149] {logging_mixin.py:109} INFO - [2022-02-03 20:41:27,149] {dag.py:2935} INFO - Setting next_dagrun for example_trigger_target_dag to None
[2022-02-03 20:41:27,159] {processor.py:171} INFO - Processing /home/airflow/.local/lib/python3.7/site-packages/airflow/example_dags/example_trigger_target_dag.py took 0.065 seconds
[2022-02-03 20:41:57,249] {processor.py:163} INFO - Started process (PID=672) to work on /home/airflow/.local/lib/python3.7/site-packages/airflow/example_dags/example_trigger_target_dag.py
[2022-02-03 20:41:57,250] {processor.py:642} INFO - Processing file /home/airflow/.local/lib/python3.7/site-packages/airflow/example_dags/example_trigger_target_dag.py for tasks to queue
[2022-02-03 20:41:57,251] {logging_mixin.py:109} INFO - [2022-02-03 20:41:57,251] {dagbag.py:500} INFO - Filling up the DagBag from /home/airflow/.local/lib/python3.7/site-packages/airflow/example_dags/example_trigger_target_dag.py
[2022-02-03 20:41:57,276] {processor.py:654} INFO - DAG(s) dict_keys(['example_trigger_target_dag']) retrieved from /home/airflow/.local/lib/python3.7/site-packages/airflow/example_dags/example_trigger_target_dag.py
[2022-02-03 20:41:57,284] {logging_mixin.py:109} INFO - [2022-02-03 20:41:57,284] {dag.py:2396} INFO - Sync 1 DAGs
[2022-02-03 20:41:57,298] {logging_mixin.py:109} INFO - [2022-02-03 20:41:57,298] {dag.py:2935} INFO - Setting next_dagrun for example_trigger_target_dag to None
[2022-02-03 20:41:57,308] {processor.py:171} INFO - Processing /home/airflow/.local/lib/python3.7/site-packages/airflow/example_dags/example_trigger_target_dag.py took 0.061 seconds
[2022-02-03 20:42:27,491] {processor.py:163} INFO - Started process (PID=723) to work on /home/airflow/.local/lib/python3.7/site-packages/airflow/example_dags/example_trigger_target_dag.py
[2022-02-03 20:42:27,492] {processor.py:642} INFO - Processing file /home/airflow/.local/lib/python3.7/site-packages/airflow/example_dags/example_trigger_target_dag.py for tasks to queue
[2022-02-03 20:42:27,493] {logging_mixin.py:109} INFO - [2022-02-03 20:42:27,493] {dagbag.py:500} INFO - Filling up the DagBag from /home/airflow/.local/lib/python3.7/site-packages/airflow/example_dags/example_trigger_target_dag.py
[2022-02-03 20:42:27,517] {processor.py:654} INFO - DAG(s) dict_keys(['example_trigger_target_dag']) retrieved from /home/airflow/.local/lib/python3.7/site-packages/airflow/example_dags/example_trigger_target_dag.py
[2022-02-03 20:42:27,526] {logging_mixin.py:109} INFO - [2022-02-03 20:42:27,525] {dag.py:2396} INFO - Sync 1 DAGs
[2022-02-03 20:42:27,539] {logging_mixin.py:109} INFO - [2022-02-03 20:42:27,539] {dag.py:2935} INFO - Setting next_dagrun for example_trigger_target_dag to None
[2022-02-03 20:42:27,548] {processor.py:171} INFO - Processing /home/airflow/.local/lib/python3.7/site-packages/airflow/example_dags/example_trigger_target_dag.py took 0.059 seconds
[2022-02-03 20:42:57,585] {processor.py:163} INFO - Started process (PID=783) to work on /home/airflow/.local/lib/python3.7/site-packages/airflow/example_dags/example_trigger_target_dag.py
[2022-02-03 20:42:57,586] {processor.py:642} INFO - Processing file /home/airflow/.local/lib/python3.7/site-packages/airflow/example_dags/example_trigger_target_dag.py for tasks to queue
[2022-02-03 20:42:57,587] {logging_mixin.py:109} INFO - [2022-02-03 20:42:57,587] {dagbag.py:500} INFO - Filling up the DagBag from /home/airflow/.local/lib/python3.7/site-packages/airflow/example_dags/example_trigger_target_dag.py
[2022-02-03 20:42:57,611] {processor.py:654} INFO - DAG(s) dict_keys(['example_trigger_target_dag']) retrieved from /home/airflow/.local/lib/python3.7/site-packages/airflow/example_dags/example_trigger_target_dag.py
[2022-02-03 20:42:57,618] {logging_mixin.py:109} INFO - [2022-02-03 20:42:57,618] {dag.py:2396} INFO - Sync 1 DAGs
[2022-02-03 20:42:57,630] {logging_mixin.py:109} INFO - [2022-02-03 20:42:57,630] {dag.py:2935} INFO - Setting next_dagrun for example_trigger_target_dag to None
[2022-02-03 20:42:57,639] {processor.py:171} INFO - Processing /home/airflow/.local/lib/python3.7/site-packages/airflow/example_dags/example_trigger_target_dag.py took 0.056 seconds
[2022-02-03 20:43:27,880] {processor.py:163} INFO - Started process (PID=835) to work on /home/airflow/.local/lib/python3.7/site-packages/airflow/example_dags/example_trigger_target_dag.py
[2022-02-03 20:43:27,882] {processor.py:642} INFO - Processing file /home/airflow/.local/lib/python3.7/site-packages/airflow/example_dags/example_trigger_target_dag.py for tasks to queue
[2022-02-03 20:43:27,882] {logging_mixin.py:109} INFO - [2022-02-03 20:43:27,882] {dagbag.py:500} INFO - Filling up the DagBag from /home/airflow/.local/lib/python3.7/site-packages/airflow/example_dags/example_trigger_target_dag.py
[2022-02-03 20:43:27,908] {processor.py:654} INFO - DAG(s) dict_keys(['example_trigger_target_dag']) retrieved from /home/airflow/.local/lib/python3.7/site-packages/airflow/example_dags/example_trigger_target_dag.py
[2022-02-03 20:43:27,916] {logging_mixin.py:109} INFO - [2022-02-03 20:43:27,916] {dag.py:2396} INFO - Sync 1 DAGs
[2022-02-03 20:43:27,932] {logging_mixin.py:109} INFO - [2022-02-03 20:43:27,931] {dag.py:2935} INFO - Setting next_dagrun for example_trigger_target_dag to None
[2022-02-03 20:43:27,940] {processor.py:171} INFO - Processing /home/airflow/.local/lib/python3.7/site-packages/airflow/example_dags/example_trigger_target_dag.py took 0.062 seconds
[2022-02-03 20:43:58,720] {processor.py:163} INFO - Started process (PID=895) to work on /home/airflow/.local/lib/python3.7/site-packages/airflow/example_dags/example_trigger_target_dag.py
[2022-02-03 20:43:58,721] {processor.py:642} INFO - Processing file /home/airflow/.local/lib/python3.7/site-packages/airflow/example_dags/example_trigger_target_dag.py for tasks to queue
[2022-02-03 20:43:58,722] {logging_mixin.py:109} INFO - [2022-02-03 20:43:58,722] {dagbag.py:500} INFO - Filling up the DagBag from /home/airflow/.local/lib/python3.7/site-packages/airflow/example_dags/example_trigger_target_dag.py
[2022-02-03 20:43:58,745] {processor.py:654} INFO - DAG(s) dict_keys(['example_trigger_target_dag']) retrieved from /home/airflow/.local/lib/python3.7/site-packages/airflow/example_dags/example_trigger_target_dag.py
[2022-02-03 20:43:58,754] {logging_mixin.py:109} INFO - [2022-02-03 20:43:58,754] {dag.py:2396} INFO - Sync 1 DAGs
[2022-02-03 20:43:58,765] {logging_mixin.py:109} INFO - [2022-02-03 20:43:58,765] {dag.py:2935} INFO - Setting next_dagrun for example_trigger_target_dag to None
[2022-02-03 20:43:58,777] {processor.py:171} INFO - Processing /home/airflow/.local/lib/python3.7/site-packages/airflow/example_dags/example_trigger_target_dag.py took 0.059 seconds
[2022-02-03 20:44:29,250] {processor.py:163} INFO - Started process (PID=945) to work on /home/airflow/.local/lib/python3.7/site-packages/airflow/example_dags/example_trigger_target_dag.py
[2022-02-03 20:44:29,251] {processor.py:642} INFO - Processing file /home/airflow/.local/lib/python3.7/site-packages/airflow/example_dags/example_trigger_target_dag.py for tasks to queue
[2022-02-03 20:44:29,252] {logging_mixin.py:109} INFO - [2022-02-03 20:44:29,252] {dagbag.py:500} INFO - Filling up the DagBag from /home/airflow/.local/lib/python3.7/site-packages/airflow/example_dags/example_trigger_target_dag.py
[2022-02-03 20:44:29,277] {processor.py:654} INFO - DAG(s) dict_keys(['example_trigger_target_dag']) retrieved from /home/airflow/.local/lib/python3.7/site-packages/airflow/example_dags/example_trigger_target_dag.py
[2022-02-03 20:44:29,286] {logging_mixin.py:109} INFO - [2022-02-03 20:44:29,286] {dag.py:2396} INFO - Sync 1 DAGs
[2022-02-03 20:44:29,299] {logging_mixin.py:109} INFO - [2022-02-03 20:44:29,298] {dag.py:2935} INFO - Setting next_dagrun for example_trigger_target_dag to None
[2022-02-03 20:44:29,307] {processor.py:171} INFO - Processing /home/airflow/.local/lib/python3.7/site-packages/airflow/example_dags/example_trigger_target_dag.py took 0.059 seconds
[2022-02-03 20:44:59,839] {processor.py:163} INFO - Started process (PID=1006) to work on /home/airflow/.local/lib/python3.7/site-packages/airflow/example_dags/example_trigger_target_dag.py
[2022-02-03 20:44:59,840] {processor.py:642} INFO - Processing file /home/airflow/.local/lib/python3.7/site-packages/airflow/example_dags/example_trigger_target_dag.py for tasks to queue
[2022-02-03 20:44:59,841] {logging_mixin.py:109} INFO - [2022-02-03 20:44:59,840] {dagbag.py:500} INFO - Filling up the DagBag from /home/airflow/.local/lib/python3.7/site-packages/airflow/example_dags/example_trigger_target_dag.py
[2022-02-03 20:44:59,865] {processor.py:654} INFO - DAG(s) dict_keys(['example_trigger_target_dag']) retrieved from /home/airflow/.local/lib/python3.7/site-packages/airflow/example_dags/example_trigger_target_dag.py
[2022-02-03 20:44:59,874] {logging_mixin.py:109} INFO - [2022-02-03 20:44:59,874] {dag.py:2396} INFO - Sync 1 DAGs
[2022-02-03 20:44:59,886] {logging_mixin.py:109} INFO - [2022-02-03 20:44:59,886] {dag.py:2935} INFO - Setting next_dagrun for example_trigger_target_dag to None
[2022-02-03 20:44:59,895] {processor.py:171} INFO - Processing /home/airflow/.local/lib/python3.7/site-packages/airflow/example_dags/example_trigger_target_dag.py took 0.060 seconds
[2022-02-03 20:45:30,492] {processor.py:163} INFO - Started process (PID=1057) to work on /home/airflow/.local/lib/python3.7/site-packages/airflow/example_dags/example_trigger_target_dag.py
[2022-02-03 20:45:30,493] {processor.py:642} INFO - Processing file /home/airflow/.local/lib/python3.7/site-packages/airflow/example_dags/example_trigger_target_dag.py for tasks to queue
[2022-02-03 20:45:30,494] {logging_mixin.py:109} INFO - [2022-02-03 20:45:30,494] {dagbag.py:500} INFO - Filling up the DagBag from /home/airflow/.local/lib/python3.7/site-packages/airflow/example_dags/example_trigger_target_dag.py
[2022-02-03 20:45:30,520] {processor.py:654} INFO - DAG(s) dict_keys(['example_trigger_target_dag']) retrieved from /home/airflow/.local/lib/python3.7/site-packages/airflow/example_dags/example_trigger_target_dag.py
[2022-02-03 20:45:30,529] {logging_mixin.py:109} INFO - [2022-02-03 20:45:30,529] {dag.py:2396} INFO - Sync 1 DAGs
[2022-02-03 20:45:30,541] {logging_mixin.py:109} INFO - [2022-02-03 20:45:30,541] {dag.py:2935} INFO - Setting next_dagrun for example_trigger_target_dag to None
[2022-02-03 20:45:30,550] {processor.py:171} INFO - Processing /home/airflow/.local/lib/python3.7/site-packages/airflow/example_dags/example_trigger_target_dag.py took 0.060 seconds
[2022-02-03 20:46:00,916] {processor.py:163} INFO - Started process (PID=1119) to work on /home/airflow/.local/lib/python3.7/site-packages/airflow/example_dags/example_trigger_target_dag.py
[2022-02-03 20:46:00,918] {processor.py:642} INFO - Processing file /home/airflow/.local/lib/python3.7/site-packages/airflow/example_dags/example_trigger_target_dag.py for tasks to queue
[2022-02-03 20:46:00,918] {logging_mixin.py:109} INFO - [2022-02-03 20:46:00,918] {dagbag.py:500} INFO - Filling up the DagBag from /home/airflow/.local/lib/python3.7/site-packages/airflow/example_dags/example_trigger_target_dag.py
[2022-02-03 20:46:00,947] {processor.py:654} INFO - DAG(s) dict_keys(['example_trigger_target_dag']) retrieved from /home/airflow/.local/lib/python3.7/site-packages/airflow/example_dags/example_trigger_target_dag.py
[2022-02-03 20:46:00,956] {logging_mixin.py:109} INFO - [2022-02-03 20:46:00,956] {dag.py:2396} INFO - Sync 1 DAGs
[2022-02-03 20:46:00,974] {logging_mixin.py:109} INFO - [2022-02-03 20:46:00,974] {dag.py:2935} INFO - Setting next_dagrun for example_trigger_target_dag to None
[2022-02-03 20:46:00,983] {processor.py:171} INFO - Processing /home/airflow/.local/lib/python3.7/site-packages/airflow/example_dags/example_trigger_target_dag.py took 0.070 seconds
[2022-02-03 20:46:31,422] {processor.py:163} INFO - Started process (PID=1171) to work on /home/airflow/.local/lib/python3.7/site-packages/airflow/example_dags/example_trigger_target_dag.py
[2022-02-03 20:46:31,423] {processor.py:642} INFO - Processing file /home/airflow/.local/lib/python3.7/site-packages/airflow/example_dags/example_trigger_target_dag.py for tasks to queue
[2022-02-03 20:46:31,424] {logging_mixin.py:109} INFO - [2022-02-03 20:46:31,424] {dagbag.py:500} INFO - Filling up the DagBag from /home/airflow/.local/lib/python3.7/site-packages/airflow/example_dags/example_trigger_target_dag.py
[2022-02-03 20:46:31,450] {processor.py:654} INFO - DAG(s) dict_keys(['example_trigger_target_dag']) retrieved from /home/airflow/.local/lib/python3.7/site-packages/airflow/example_dags/example_trigger_target_dag.py
[2022-02-03 20:46:31,458] {logging_mixin.py:109} INFO - [2022-02-03 20:46:31,458] {dag.py:2396} INFO - Sync 1 DAGs
[2022-02-03 20:46:31,471] {logging_mixin.py:109} INFO - [2022-02-03 20:46:31,471] {dag.py:2935} INFO - Setting next_dagrun for example_trigger_target_dag to None
[2022-02-03 20:46:31,480] {processor.py:171} INFO - Processing /home/airflow/.local/lib/python3.7/site-packages/airflow/example_dags/example_trigger_target_dag.py took 0.060 seconds
[2022-02-03 20:47:02,023] {processor.py:163} INFO - Started process (PID=1231) to work on /home/airflow/.local/lib/python3.7/site-packages/airflow/example_dags/example_trigger_target_dag.py
[2022-02-03 20:47:02,024] {processor.py:642} INFO - Processing file /home/airflow/.local/lib/python3.7/site-packages/airflow/example_dags/example_trigger_target_dag.py for tasks to queue
[2022-02-03 20:47:02,025] {logging_mixin.py:109} INFO - [2022-02-03 20:47:02,025] {dagbag.py:500} INFO - Filling up the DagBag from /home/airflow/.local/lib/python3.7/site-packages/airflow/example_dags/example_trigger_target_dag.py
[2022-02-03 20:47:02,049] {processor.py:654} INFO - DAG(s) dict_keys(['example_trigger_target_dag']) retrieved from /home/airflow/.local/lib/python3.7/site-packages/airflow/example_dags/example_trigger_target_dag.py
[2022-02-03 20:47:02,057] {logging_mixin.py:109} INFO - [2022-02-03 20:47:02,057] {dag.py:2396} INFO - Sync 1 DAGs
[2022-02-03 20:47:02,069] {logging_mixin.py:109} INFO - [2022-02-03 20:47:02,069] {dag.py:2935} INFO - Setting next_dagrun for example_trigger_target_dag to None
[2022-02-03 20:47:02,081] {processor.py:171} INFO - Processing /home/airflow/.local/lib/python3.7/site-packages/airflow/example_dags/example_trigger_target_dag.py took 0.060 seconds
[2022-02-03 20:47:32,461] {processor.py:163} INFO - Started process (PID=1282) to work on /home/airflow/.local/lib/python3.7/site-packages/airflow/example_dags/example_trigger_target_dag.py
[2022-02-03 20:47:32,463] {processor.py:642} INFO - Processing file /home/airflow/.local/lib/python3.7/site-packages/airflow/example_dags/example_trigger_target_dag.py for tasks to queue
[2022-02-03 20:47:32,463] {logging_mixin.py:109} INFO - [2022-02-03 20:47:32,463] {dagbag.py:500} INFO - Filling up the DagBag from /home/airflow/.local/lib/python3.7/site-packages/airflow/example_dags/example_trigger_target_dag.py
[2022-02-03 20:47:32,491] {processor.py:654} INFO - DAG(s) dict_keys(['example_trigger_target_dag']) retrieved from /home/airflow/.local/lib/python3.7/site-packages/airflow/example_dags/example_trigger_target_dag.py
[2022-02-03 20:47:32,501] {logging_mixin.py:109} INFO - [2022-02-03 20:47:32,501] {dag.py:2396} INFO - Sync 1 DAGs
[2022-02-03 20:47:32,515] {logging_mixin.py:109} INFO - [2022-02-03 20:47:32,515] {dag.py:2935} INFO - Setting next_dagrun for example_trigger_target_dag to None
[2022-02-03 20:47:32,524] {processor.py:171} INFO - Processing /home/airflow/.local/lib/python3.7/site-packages/airflow/example_dags/example_trigger_target_dag.py took 0.066 seconds
[2022-02-03 20:48:03,126] {processor.py:163} INFO - Started process (PID=1343) to work on /home/airflow/.local/lib/python3.7/site-packages/airflow/example_dags/example_trigger_target_dag.py
[2022-02-03 20:48:03,128] {processor.py:642} INFO - Processing file /home/airflow/.local/lib/python3.7/site-packages/airflow/example_dags/example_trigger_target_dag.py for tasks to queue
[2022-02-03 20:48:03,128] {logging_mixin.py:109} INFO - [2022-02-03 20:48:03,128] {dagbag.py:500} INFO - Filling up the DagBag from /home/airflow/.local/lib/python3.7/site-packages/airflow/example_dags/example_trigger_target_dag.py
[2022-02-03 20:48:03,155] {processor.py:654} INFO - DAG(s) dict_keys(['example_trigger_target_dag']) retrieved from /home/airflow/.local/lib/python3.7/site-packages/airflow/example_dags/example_trigger_target_dag.py
[2022-02-03 20:48:03,163] {logging_mixin.py:109} INFO - [2022-02-03 20:48:03,163] {dag.py:2396} INFO - Sync 1 DAGs
[2022-02-03 20:48:03,177] {logging_mixin.py:109} INFO - [2022-02-03 20:48:03,177] {dag.py:2935} INFO - Setting next_dagrun for example_trigger_target_dag to None
[2022-02-03 20:48:03,189] {processor.py:171} INFO - Processing /home/airflow/.local/lib/python3.7/site-packages/airflow/example_dags/example_trigger_target_dag.py took 0.066 seconds
[2022-02-03 20:48:33,695] {processor.py:163} INFO - Started process (PID=1405) to work on /home/airflow/.local/lib/python3.7/site-packages/airflow/example_dags/example_trigger_target_dag.py
[2022-02-03 20:48:33,696] {processor.py:642} INFO - Processing file /home/airflow/.local/lib/python3.7/site-packages/airflow/example_dags/example_trigger_target_dag.py for tasks to queue
[2022-02-03 20:48:33,697] {logging_mixin.py:109} INFO - [2022-02-03 20:48:33,697] {dagbag.py:500} INFO - Filling up the DagBag from /home/airflow/.local/lib/python3.7/site-packages/airflow/example_dags/example_trigger_target_dag.py
[2022-02-03 20:48:33,724] {processor.py:654} INFO - DAG(s) dict_keys(['example_trigger_target_dag']) retrieved from /home/airflow/.local/lib/python3.7/site-packages/airflow/example_dags/example_trigger_target_dag.py
[2022-02-03 20:48:33,735] {logging_mixin.py:109} INFO - [2022-02-03 20:48:33,735] {dag.py:2396} INFO - Sync 1 DAGs
[2022-02-03 20:48:33,753] {logging_mixin.py:109} INFO - [2022-02-03 20:48:33,753] {dag.py:2935} INFO - Setting next_dagrun for example_trigger_target_dag to None
[2022-02-03 20:48:33,763] {processor.py:171} INFO - Processing /home/airflow/.local/lib/python3.7/site-packages/airflow/example_dags/example_trigger_target_dag.py took 0.071 seconds
[2022-02-03 20:49:04,259] {processor.py:163} INFO - Started process (PID=1457) to work on /home/airflow/.local/lib/python3.7/site-packages/airflow/example_dags/example_trigger_target_dag.py
[2022-02-03 20:49:04,260] {processor.py:642} INFO - Processing file /home/airflow/.local/lib/python3.7/site-packages/airflow/example_dags/example_trigger_target_dag.py for tasks to queue
[2022-02-03 20:49:04,260] {logging_mixin.py:109} INFO - [2022-02-03 20:49:04,260] {dagbag.py:500} INFO - Filling up the DagBag from /home/airflow/.local/lib/python3.7/site-packages/airflow/example_dags/example_trigger_target_dag.py
[2022-02-03 20:49:04,284] {processor.py:654} INFO - DAG(s) dict_keys(['example_trigger_target_dag']) retrieved from /home/airflow/.local/lib/python3.7/site-packages/airflow/example_dags/example_trigger_target_dag.py
[2022-02-03 20:49:04,293] {logging_mixin.py:109} INFO - [2022-02-03 20:49:04,292] {dag.py:2396} INFO - Sync 1 DAGs
[2022-02-03 20:49:04,304] {logging_mixin.py:109} INFO - [2022-02-03 20:49:04,304] {dag.py:2935} INFO - Setting next_dagrun for example_trigger_target_dag to None
[2022-02-03 20:49:04,313] {processor.py:171} INFO - Processing /home/airflow/.local/lib/python3.7/site-packages/airflow/example_dags/example_trigger_target_dag.py took 0.057 seconds
[2022-02-03 20:49:34,712] {processor.py:163} INFO - Started process (PID=1518) to work on /home/airflow/.local/lib/python3.7/site-packages/airflow/example_dags/example_trigger_target_dag.py
[2022-02-03 20:49:34,713] {processor.py:642} INFO - Processing file /home/airflow/.local/lib/python3.7/site-packages/airflow/example_dags/example_trigger_target_dag.py for tasks to queue
[2022-02-03 20:49:34,714] {logging_mixin.py:109} INFO - [2022-02-03 20:49:34,714] {dagbag.py:500} INFO - Filling up the DagBag from /home/airflow/.local/lib/python3.7/site-packages/airflow/example_dags/example_trigger_target_dag.py
[2022-02-03 20:49:34,744] {processor.py:654} INFO - DAG(s) dict_keys(['example_trigger_target_dag']) retrieved from /home/airflow/.local/lib/python3.7/site-packages/airflow/example_dags/example_trigger_target_dag.py
[2022-02-03 20:49:34,753] {logging_mixin.py:109} INFO - [2022-02-03 20:49:34,753] {dag.py:2396} INFO - Sync 1 DAGs
[2022-02-03 20:49:34,770] {logging_mixin.py:109} INFO - [2022-02-03 20:49:34,770] {dag.py:2935} INFO - Setting next_dagrun for example_trigger_target_dag to None
[2022-02-03 20:49:34,783] {processor.py:171} INFO - Processing /home/airflow/.local/lib/python3.7/site-packages/airflow/example_dags/example_trigger_target_dag.py took 0.073 seconds
[2022-02-03 20:50:04,835] {processor.py:163} INFO - Started process (PID=1568) to work on /home/airflow/.local/lib/python3.7/site-packages/airflow/example_dags/example_trigger_target_dag.py
[2022-02-03 20:50:04,836] {processor.py:642} INFO - Processing file /home/airflow/.local/lib/python3.7/site-packages/airflow/example_dags/example_trigger_target_dag.py for tasks to queue
[2022-02-03 20:50:04,836] {logging_mixin.py:109} INFO - [2022-02-03 20:50:04,836] {dagbag.py:500} INFO - Filling up the DagBag from /home/airflow/.local/lib/python3.7/site-packages/airflow/example_dags/example_trigger_target_dag.py
[2022-02-03 20:50:04,859] {processor.py:654} INFO - DAG(s) dict_keys(['example_trigger_target_dag']) retrieved from /home/airflow/.local/lib/python3.7/site-packages/airflow/example_dags/example_trigger_target_dag.py
[2022-02-03 20:50:04,867] {logging_mixin.py:109} INFO - [2022-02-03 20:50:04,867] {dag.py:2396} INFO - Sync 1 DAGs
[2022-02-03 20:50:04,879] {logging_mixin.py:109} INFO - [2022-02-03 20:50:04,879] {dag.py:2935} INFO - Setting next_dagrun for example_trigger_target_dag to None
[2022-02-03 20:50:04,891] {processor.py:171} INFO - Processing /home/airflow/.local/lib/python3.7/site-packages/airflow/example_dags/example_trigger_target_dag.py took 0.059 seconds
[2022-02-03 20:50:35,586] {processor.py:163} INFO - Started process (PID=1629) to work on /home/airflow/.local/lib/python3.7/site-packages/airflow/example_dags/example_trigger_target_dag.py
[2022-02-03 20:50:35,587] {processor.py:642} INFO - Processing file /home/airflow/.local/lib/python3.7/site-packages/airflow/example_dags/example_trigger_target_dag.py for tasks to queue
[2022-02-03 20:50:35,588] {logging_mixin.py:109} INFO - [2022-02-03 20:50:35,588] {dagbag.py:500} INFO - Filling up the DagBag from /home/airflow/.local/lib/python3.7/site-packages/airflow/example_dags/example_trigger_target_dag.py
[2022-02-03 20:50:35,612] {processor.py:654} INFO - DAG(s) dict_keys(['example_trigger_target_dag']) retrieved from /home/airflow/.local/lib/python3.7/site-packages/airflow/example_dags/example_trigger_target_dag.py
[2022-02-03 20:50:35,620] {logging_mixin.py:109} INFO - [2022-02-03 20:50:35,620] {dag.py:2396} INFO - Sync 1 DAGs
[2022-02-03 20:50:35,633] {logging_mixin.py:109} INFO - [2022-02-03 20:50:35,633] {dag.py:2935} INFO - Setting next_dagrun for example_trigger_target_dag to None
[2022-02-03 20:50:35,644] {processor.py:171} INFO - Processing /home/airflow/.local/lib/python3.7/site-packages/airflow/example_dags/example_trigger_target_dag.py took 0.060 seconds
[2022-02-03 20:51:06,074] {processor.py:163} INFO - Started process (PID=1679) to work on /home/airflow/.local/lib/python3.7/site-packages/airflow/example_dags/example_trigger_target_dag.py
[2022-02-03 20:51:06,075] {processor.py:642} INFO - Processing file /home/airflow/.local/lib/python3.7/site-packages/airflow/example_dags/example_trigger_target_dag.py for tasks to queue
[2022-02-03 20:51:06,075] {logging_mixin.py:109} INFO - [2022-02-03 20:51:06,075] {dagbag.py:500} INFO - Filling up the DagBag from /home/airflow/.local/lib/python3.7/site-packages/airflow/example_dags/example_trigger_target_dag.py
[2022-02-03 20:51:06,098] {processor.py:654} INFO - DAG(s) dict_keys(['example_trigger_target_dag']) retrieved from /home/airflow/.local/lib/python3.7/site-packages/airflow/example_dags/example_trigger_target_dag.py
[2022-02-03 20:51:06,106] {logging_mixin.py:109} INFO - [2022-02-03 20:51:06,106] {dag.py:2396} INFO - Sync 1 DAGs
[2022-02-03 20:51:06,174] {logging_mixin.py:109} INFO - [2022-02-03 20:51:06,174] {dag.py:2935} INFO - Setting next_dagrun for example_trigger_target_dag to None
[2022-02-03 20:51:06,183] {processor.py:171} INFO - Processing /home/airflow/.local/lib/python3.7/site-packages/airflow/example_dags/example_trigger_target_dag.py took 0.111 seconds
[2022-02-03 20:51:36,255] {processor.py:163} INFO - Started process (PID=1730) to work on /home/airflow/.local/lib/python3.7/site-packages/airflow/example_dags/example_trigger_target_dag.py
[2022-02-03 20:51:36,256] {processor.py:642} INFO - Processing file /home/airflow/.local/lib/python3.7/site-packages/airflow/example_dags/example_trigger_target_dag.py for tasks to queue
[2022-02-03 20:51:36,257] {logging_mixin.py:109} INFO - [2022-02-03 20:51:36,257] {dagbag.py:500} INFO - Filling up the DagBag from /home/airflow/.local/lib/python3.7/site-packages/airflow/example_dags/example_trigger_target_dag.py
[2022-02-03 20:51:36,289] {processor.py:654} INFO - DAG(s) dict_keys(['example_trigger_target_dag']) retrieved from /home/airflow/.local/lib/python3.7/site-packages/airflow/example_dags/example_trigger_target_dag.py
[2022-02-03 20:51:36,300] {logging_mixin.py:109} INFO - [2022-02-03 20:51:36,300] {dag.py:2396} INFO - Sync 1 DAGs
[2022-02-03 20:51:36,398] {logging_mixin.py:109} INFO - [2022-02-03 20:51:36,398] {dag.py:2935} INFO - Setting next_dagrun for example_trigger_target_dag to None
[2022-02-03 20:51:36,408] {processor.py:171} INFO - Processing /home/airflow/.local/lib/python3.7/site-packages/airflow/example_dags/example_trigger_target_dag.py took 0.157 seconds
[2022-02-03 20:52:07,184] {processor.py:163} INFO - Started process (PID=1790) to work on /home/airflow/.local/lib/python3.7/site-packages/airflow/example_dags/example_trigger_target_dag.py
[2022-02-03 20:52:07,185] {processor.py:642} INFO - Processing file /home/airflow/.local/lib/python3.7/site-packages/airflow/example_dags/example_trigger_target_dag.py for tasks to queue
[2022-02-03 20:52:07,186] {logging_mixin.py:109} INFO - [2022-02-03 20:52:07,186] {dagbag.py:500} INFO - Filling up the DagBag from /home/airflow/.local/lib/python3.7/site-packages/airflow/example_dags/example_trigger_target_dag.py
[2022-02-03 20:52:07,210] {processor.py:654} INFO - DAG(s) dict_keys(['example_trigger_target_dag']) retrieved from /home/airflow/.local/lib/python3.7/site-packages/airflow/example_dags/example_trigger_target_dag.py
[2022-02-03 20:52:07,218] {logging_mixin.py:109} INFO - [2022-02-03 20:52:07,218] {dag.py:2396} INFO - Sync 1 DAGs
[2022-02-03 20:52:07,294] {logging_mixin.py:109} INFO - [2022-02-03 20:52:07,294] {dag.py:2935} INFO - Setting next_dagrun for example_trigger_target_dag to None
[2022-02-03 20:52:07,302] {processor.py:171} INFO - Processing /home/airflow/.local/lib/python3.7/site-packages/airflow/example_dags/example_trigger_target_dag.py took 0.121 seconds
[2022-02-03 20:52:37,373] {processor.py:163} INFO - Started process (PID=1842) to work on /home/airflow/.local/lib/python3.7/site-packages/airflow/example_dags/example_trigger_target_dag.py
[2022-02-03 20:52:37,375] {processor.py:642} INFO - Processing file /home/airflow/.local/lib/python3.7/site-packages/airflow/example_dags/example_trigger_target_dag.py for tasks to queue
[2022-02-03 20:52:37,375] {logging_mixin.py:109} INFO - [2022-02-03 20:52:37,375] {dagbag.py:500} INFO - Filling up the DagBag from /home/airflow/.local/lib/python3.7/site-packages/airflow/example_dags/example_trigger_target_dag.py
[2022-02-03 20:52:37,398] {processor.py:654} INFO - DAG(s) dict_keys(['example_trigger_target_dag']) retrieved from /home/airflow/.local/lib/python3.7/site-packages/airflow/example_dags/example_trigger_target_dag.py
[2022-02-03 20:52:37,406] {logging_mixin.py:109} INFO - [2022-02-03 20:52:37,406] {dag.py:2396} INFO - Sync 1 DAGs
[2022-02-03 20:52:37,488] {logging_mixin.py:109} INFO - [2022-02-03 20:52:37,488] {dag.py:2935} INFO - Setting next_dagrun for example_trigger_target_dag to None
[2022-02-03 20:52:37,499] {processor.py:171} INFO - Processing /home/airflow/.local/lib/python3.7/site-packages/airflow/example_dags/example_trigger_target_dag.py took 0.128 seconds
[2022-02-03 20:53:08,021] {processor.py:163} INFO - Started process (PID=1901) to work on /home/airflow/.local/lib/python3.7/site-packages/airflow/example_dags/example_trigger_target_dag.py
[2022-02-03 20:53:08,022] {processor.py:642} INFO - Processing file /home/airflow/.local/lib/python3.7/site-packages/airflow/example_dags/example_trigger_target_dag.py for tasks to queue
[2022-02-03 20:53:08,023] {logging_mixin.py:109} INFO - [2022-02-03 20:53:08,023] {dagbag.py:500} INFO - Filling up the DagBag from /home/airflow/.local/lib/python3.7/site-packages/airflow/example_dags/example_trigger_target_dag.py
[2022-02-03 20:53:08,049] {processor.py:654} INFO - DAG(s) dict_keys(['example_trigger_target_dag']) retrieved from /home/airflow/.local/lib/python3.7/site-packages/airflow/example_dags/example_trigger_target_dag.py
[2022-02-03 20:53:08,150] {logging_mixin.py:109} INFO - [2022-02-03 20:53:08,150] {dag.py:2396} INFO - Sync 1 DAGs
[2022-02-03 20:53:08,163] {logging_mixin.py:109} INFO - [2022-02-03 20:53:08,163] {dag.py:2935} INFO - Setting next_dagrun for example_trigger_target_dag to None
[2022-02-03 20:53:08,176] {processor.py:171} INFO - Processing /home/airflow/.local/lib/python3.7/site-packages/airflow/example_dags/example_trigger_target_dag.py took 0.157 seconds
[2022-02-03 20:53:38,335] {processor.py:163} INFO - Started process (PID=1952) to work on /home/airflow/.local/lib/python3.7/site-packages/airflow/example_dags/example_trigger_target_dag.py
[2022-02-03 20:53:38,338] {processor.py:642} INFO - Processing file /home/airflow/.local/lib/python3.7/site-packages/airflow/example_dags/example_trigger_target_dag.py for tasks to queue
[2022-02-03 20:53:38,339] {logging_mixin.py:109} INFO - [2022-02-03 20:53:38,339] {dagbag.py:500} INFO - Filling up the DagBag from /home/airflow/.local/lib/python3.7/site-packages/airflow/example_dags/example_trigger_target_dag.py
[2022-02-03 20:53:38,449] {processor.py:654} INFO - DAG(s) dict_keys(['example_trigger_target_dag']) retrieved from /home/airflow/.local/lib/python3.7/site-packages/airflow/example_dags/example_trigger_target_dag.py
[2022-02-03 20:53:38,456] {logging_mixin.py:109} INFO - [2022-02-03 20:53:38,456] {dag.py:2396} INFO - Sync 1 DAGs
[2022-02-03 20:53:38,470] {logging_mixin.py:109} INFO - [2022-02-03 20:53:38,470] {dag.py:2935} INFO - Setting next_dagrun for example_trigger_target_dag to None
[2022-02-03 20:53:38,479] {processor.py:171} INFO - Processing /home/airflow/.local/lib/python3.7/site-packages/airflow/example_dags/example_trigger_target_dag.py took 0.148 seconds
[2022-02-03 20:54:08,877] {processor.py:163} INFO - Started process (PID=2003) to work on /home/airflow/.local/lib/python3.7/site-packages/airflow/example_dags/example_trigger_target_dag.py
[2022-02-03 20:54:08,879] {processor.py:642} INFO - Processing file /home/airflow/.local/lib/python3.7/site-packages/airflow/example_dags/example_trigger_target_dag.py for tasks to queue
[2022-02-03 20:54:08,879] {logging_mixin.py:109} INFO - [2022-02-03 20:54:08,879] {dagbag.py:500} INFO - Filling up the DagBag from /home/airflow/.local/lib/python3.7/site-packages/airflow/example_dags/example_trigger_target_dag.py
[2022-02-03 20:54:08,973] {processor.py:654} INFO - DAG(s) dict_keys(['example_trigger_target_dag']) retrieved from /home/airflow/.local/lib/python3.7/site-packages/airflow/example_dags/example_trigger_target_dag.py
[2022-02-03 20:54:08,980] {logging_mixin.py:109} INFO - [2022-02-03 20:54:08,980] {dag.py:2396} INFO - Sync 1 DAGs
[2022-02-03 20:54:08,991] {logging_mixin.py:109} INFO - [2022-02-03 20:54:08,991] {dag.py:2935} INFO - Setting next_dagrun for example_trigger_target_dag to None
[2022-02-03 20:54:09,003] {processor.py:171} INFO - Processing /home/airflow/.local/lib/python3.7/site-packages/airflow/example_dags/example_trigger_target_dag.py took 0.128 seconds
[2022-02-03 20:54:39,853] {processor.py:163} INFO - Started process (PID=2065) to work on /home/airflow/.local/lib/python3.7/site-packages/airflow/example_dags/example_trigger_target_dag.py
[2022-02-03 20:54:39,854] {processor.py:642} INFO - Processing file /home/airflow/.local/lib/python3.7/site-packages/airflow/example_dags/example_trigger_target_dag.py for tasks to queue
[2022-02-03 20:54:39,855] {logging_mixin.py:109} INFO - [2022-02-03 20:54:39,855] {dagbag.py:500} INFO - Filling up the DagBag from /home/airflow/.local/lib/python3.7/site-packages/airflow/example_dags/example_trigger_target_dag.py
[2022-02-03 20:54:39,943] {processor.py:654} INFO - DAG(s) dict_keys(['example_trigger_target_dag']) retrieved from /home/airflow/.local/lib/python3.7/site-packages/airflow/example_dags/example_trigger_target_dag.py
[2022-02-03 20:54:39,951] {logging_mixin.py:109} INFO - [2022-02-03 20:54:39,951] {dag.py:2396} INFO - Sync 1 DAGs
[2022-02-03 20:54:39,963] {logging_mixin.py:109} INFO - [2022-02-03 20:54:39,963] {dag.py:2935} INFO - Setting next_dagrun for example_trigger_target_dag to None
[2022-02-03 20:54:39,974] {processor.py:171} INFO - Processing /home/airflow/.local/lib/python3.7/site-packages/airflow/example_dags/example_trigger_target_dag.py took 0.124 seconds
[2022-02-03 20:55:10,128] {processor.py:163} INFO - Started process (PID=2116) to work on /home/airflow/.local/lib/python3.7/site-packages/airflow/example_dags/example_trigger_target_dag.py
[2022-02-03 20:55:10,129] {processor.py:642} INFO - Processing file /home/airflow/.local/lib/python3.7/site-packages/airflow/example_dags/example_trigger_target_dag.py for tasks to queue
[2022-02-03 20:55:10,129] {logging_mixin.py:109} INFO - [2022-02-03 20:55:10,129] {dagbag.py:500} INFO - Filling up the DagBag from /home/airflow/.local/lib/python3.7/site-packages/airflow/example_dags/example_trigger_target_dag.py
[2022-02-03 20:55:10,218] {processor.py:654} INFO - DAG(s) dict_keys(['example_trigger_target_dag']) retrieved from /home/airflow/.local/lib/python3.7/site-packages/airflow/example_dags/example_trigger_target_dag.py
[2022-02-03 20:55:10,225] {logging_mixin.py:109} INFO - [2022-02-03 20:55:10,225] {dag.py:2396} INFO - Sync 1 DAGs
[2022-02-03 20:55:10,236] {logging_mixin.py:109} INFO - [2022-02-03 20:55:10,236] {dag.py:2935} INFO - Setting next_dagrun for example_trigger_target_dag to None
[2022-02-03 20:55:10,244] {processor.py:171} INFO - Processing /home/airflow/.local/lib/python3.7/site-packages/airflow/example_dags/example_trigger_target_dag.py took 0.120 seconds
[2022-02-03 20:55:40,394] {processor.py:163} INFO - Started process (PID=2175) to work on /home/airflow/.local/lib/python3.7/site-packages/airflow/example_dags/example_trigger_target_dag.py
[2022-02-03 20:55:40,395] {processor.py:642} INFO - Processing file /home/airflow/.local/lib/python3.7/site-packages/airflow/example_dags/example_trigger_target_dag.py for tasks to queue
[2022-02-03 20:55:40,396] {logging_mixin.py:109} INFO - [2022-02-03 20:55:40,396] {dagbag.py:500} INFO - Filling up the DagBag from /home/airflow/.local/lib/python3.7/site-packages/airflow/example_dags/example_trigger_target_dag.py
[2022-02-03 20:55:40,482] {processor.py:654} INFO - DAG(s) dict_keys(['example_trigger_target_dag']) retrieved from /home/airflow/.local/lib/python3.7/site-packages/airflow/example_dags/example_trigger_target_dag.py
[2022-02-03 20:55:40,490] {logging_mixin.py:109} INFO - [2022-02-03 20:55:40,490] {dag.py:2396} INFO - Sync 1 DAGs
[2022-02-03 20:55:40,501] {logging_mixin.py:109} INFO - [2022-02-03 20:55:40,501] {dag.py:2935} INFO - Setting next_dagrun for example_trigger_target_dag to None
[2022-02-03 20:55:40,509] {processor.py:171} INFO - Processing /home/airflow/.local/lib/python3.7/site-packages/airflow/example_dags/example_trigger_target_dag.py took 0.118 seconds
