[2022-02-03 20:38:20,308] {processor.py:163} INFO - Started process (PID=66) to work on /home/airflow/.local/lib/python3.7/site-packages/airflow/example_dags/example_xcom.py
[2022-02-03 20:38:20,310] {processor.py:642} INFO - Processing file /home/airflow/.local/lib/python3.7/site-packages/airflow/example_dags/example_xcom.py for tasks to queue
[2022-02-03 20:38:20,312] {logging_mixin.py:109} INFO - [2022-02-03 20:38:20,311] {dagbag.py:500} INFO - Filling up the DagBag from /home/airflow/.local/lib/python3.7/site-packages/airflow/example_dags/example_xcom.py
[2022-02-03 20:38:20,374] {processor.py:654} INFO - DAG(s) dict_keys(['example_xcom']) retrieved from /home/airflow/.local/lib/python3.7/site-packages/airflow/example_dags/example_xcom.py
[2022-02-03 20:38:23,920] {logging_mixin.py:109} INFO - [2022-02-03 20:38:23,919] {manager.py:496} INFO - Created Permission View: can read on DAG:example_xcom
[2022-02-03 20:38:23,937] {logging_mixin.py:109} INFO - [2022-02-03 20:38:23,937] {manager.py:496} INFO - Created Permission View: can edit on DAG:example_xcom
[2022-02-03 20:38:23,938] {logging_mixin.py:109} INFO - [2022-02-03 20:38:23,938] {dag.py:2396} INFO - Sync 1 DAGs
[2022-02-03 20:38:23,952] {logging_mixin.py:109} INFO - [2022-02-03 20:38:23,951] {dag.py:2415} INFO - Creating ORM DAG for example_xcom
[2022-02-03 20:38:23,964] {logging_mixin.py:109} INFO - [2022-02-03 20:38:23,964] {dag.py:2935} INFO - Setting next_dagrun for example_xcom to 2021-01-01T00:00:00+00:00
[2022-02-03 20:38:23,986] {processor.py:171} INFO - Processing /home/airflow/.local/lib/python3.7/site-packages/airflow/example_dags/example_xcom.py took 3.682 seconds
[2022-02-03 20:38:58,447] {processor.py:163} INFO - Started process (PID=342) to work on /home/airflow/.local/lib/python3.7/site-packages/airflow/example_dags/example_xcom.py
[2022-02-03 20:38:58,448] {processor.py:642} INFO - Processing file /home/airflow/.local/lib/python3.7/site-packages/airflow/example_dags/example_xcom.py for tasks to queue
[2022-02-03 20:38:58,449] {logging_mixin.py:109} INFO - [2022-02-03 20:38:58,449] {dagbag.py:500} INFO - Filling up the DagBag from /home/airflow/.local/lib/python3.7/site-packages/airflow/example_dags/example_xcom.py
[2022-02-03 20:38:58,491] {processor.py:654} INFO - DAG(s) dict_keys(['example_xcom']) retrieved from /home/airflow/.local/lib/python3.7/site-packages/airflow/example_dags/example_xcom.py
[2022-02-03 20:38:58,802] {logging_mixin.py:109} INFO - [2022-02-03 20:38:58,802] {dag.py:2396} INFO - Sync 1 DAGs
[2022-02-03 20:38:58,816] {logging_mixin.py:109} INFO - [2022-02-03 20:38:58,816] {dag.py:2935} INFO - Setting next_dagrun for example_xcom to 2021-01-01T00:00:00+00:00
[2022-02-03 20:38:58,829] {processor.py:171} INFO - Processing /home/airflow/.local/lib/python3.7/site-packages/airflow/example_dags/example_xcom.py took 0.386 seconds
[2022-02-03 20:39:29,520] {processor.py:163} INFO - Started process (PID=404) to work on /home/airflow/.local/lib/python3.7/site-packages/airflow/example_dags/example_xcom.py
[2022-02-03 20:39:29,521] {processor.py:642} INFO - Processing file /home/airflow/.local/lib/python3.7/site-packages/airflow/example_dags/example_xcom.py for tasks to queue
[2022-02-03 20:39:29,522] {logging_mixin.py:109} INFO - [2022-02-03 20:39:29,522] {dagbag.py:500} INFO - Filling up the DagBag from /home/airflow/.local/lib/python3.7/site-packages/airflow/example_dags/example_xcom.py
[2022-02-03 20:39:29,552] {processor.py:654} INFO - DAG(s) dict_keys(['example_xcom']) retrieved from /home/airflow/.local/lib/python3.7/site-packages/airflow/example_dags/example_xcom.py
[2022-02-03 20:39:29,760] {logging_mixin.py:109} INFO - [2022-02-03 20:39:29,760] {dag.py:2396} INFO - Sync 1 DAGs
[2022-02-03 20:39:29,769] {logging_mixin.py:109} INFO - [2022-02-03 20:39:29,769] {dag.py:2935} INFO - Setting next_dagrun for example_xcom to 2021-01-01T00:00:00+00:00
[2022-02-03 20:39:29,778] {processor.py:171} INFO - Processing /home/airflow/.local/lib/python3.7/site-packages/airflow/example_dags/example_xcom.py took 0.261 seconds
[2022-02-03 20:40:00,782] {processor.py:163} INFO - Started process (PID=454) to work on /home/airflow/.local/lib/python3.7/site-packages/airflow/example_dags/example_xcom.py
[2022-02-03 20:40:00,783] {processor.py:642} INFO - Processing file /home/airflow/.local/lib/python3.7/site-packages/airflow/example_dags/example_xcom.py for tasks to queue
[2022-02-03 20:40:00,784] {logging_mixin.py:109} INFO - [2022-02-03 20:40:00,784] {dagbag.py:500} INFO - Filling up the DagBag from /home/airflow/.local/lib/python3.7/site-packages/airflow/example_dags/example_xcom.py
[2022-02-03 20:40:00,810] {processor.py:654} INFO - DAG(s) dict_keys(['example_xcom']) retrieved from /home/airflow/.local/lib/python3.7/site-packages/airflow/example_dags/example_xcom.py
[2022-02-03 20:40:01,042] {logging_mixin.py:109} INFO - [2022-02-03 20:40:01,042] {dag.py:2396} INFO - Sync 1 DAGs
[2022-02-03 20:40:01,057] {logging_mixin.py:109} INFO - [2022-02-03 20:40:01,057] {dag.py:2935} INFO - Setting next_dagrun for example_xcom to 2021-01-01T00:00:00+00:00
[2022-02-03 20:40:01,069] {processor.py:171} INFO - Processing /home/airflow/.local/lib/python3.7/site-packages/airflow/example_dags/example_xcom.py took 0.290 seconds
[2022-02-03 20:40:32,071] {processor.py:163} INFO - Started process (PID=517) to work on /home/airflow/.local/lib/python3.7/site-packages/airflow/example_dags/example_xcom.py
[2022-02-03 20:40:32,072] {processor.py:642} INFO - Processing file /home/airflow/.local/lib/python3.7/site-packages/airflow/example_dags/example_xcom.py for tasks to queue
[2022-02-03 20:40:32,073] {logging_mixin.py:109} INFO - [2022-02-03 20:40:32,073] {dagbag.py:500} INFO - Filling up the DagBag from /home/airflow/.local/lib/python3.7/site-packages/airflow/example_dags/example_xcom.py
[2022-02-03 20:40:32,100] {processor.py:654} INFO - DAG(s) dict_keys(['example_xcom']) retrieved from /home/airflow/.local/lib/python3.7/site-packages/airflow/example_dags/example_xcom.py
[2022-02-03 20:40:32,317] {logging_mixin.py:109} INFO - [2022-02-03 20:40:32,317] {dag.py:2396} INFO - Sync 1 DAGs
[2022-02-03 20:40:32,327] {logging_mixin.py:109} INFO - [2022-02-03 20:40:32,327] {dag.py:2935} INFO - Setting next_dagrun for example_xcom to 2021-01-01T00:00:00+00:00
[2022-02-03 20:40:32,344] {processor.py:171} INFO - Processing /home/airflow/.local/lib/python3.7/site-packages/airflow/example_dags/example_xcom.py took 0.275 seconds
[2022-02-03 20:41:03,291] {processor.py:163} INFO - Started process (PID=569) to work on /home/airflow/.local/lib/python3.7/site-packages/airflow/example_dags/example_xcom.py
[2022-02-03 20:41:03,292] {processor.py:642} INFO - Processing file /home/airflow/.local/lib/python3.7/site-packages/airflow/example_dags/example_xcom.py for tasks to queue
[2022-02-03 20:41:03,293] {logging_mixin.py:109} INFO - [2022-02-03 20:41:03,293] {dagbag.py:500} INFO - Filling up the DagBag from /home/airflow/.local/lib/python3.7/site-packages/airflow/example_dags/example_xcom.py
[2022-02-03 20:41:03,322] {processor.py:654} INFO - DAG(s) dict_keys(['example_xcom']) retrieved from /home/airflow/.local/lib/python3.7/site-packages/airflow/example_dags/example_xcom.py
[2022-02-03 20:41:03,562] {logging_mixin.py:109} INFO - [2022-02-03 20:41:03,561] {dag.py:2396} INFO - Sync 1 DAGs
[2022-02-03 20:41:03,573] {logging_mixin.py:109} INFO - [2022-02-03 20:41:03,573] {dag.py:2935} INFO - Setting next_dagrun for example_xcom to 2021-01-01T00:00:00+00:00
[2022-02-03 20:41:03,588] {processor.py:171} INFO - Processing /home/airflow/.local/lib/python3.7/site-packages/airflow/example_dags/example_xcom.py took 0.299 seconds
[2022-02-03 20:41:34,455] {processor.py:163} INFO - Started process (PID=629) to work on /home/airflow/.local/lib/python3.7/site-packages/airflow/example_dags/example_xcom.py
[2022-02-03 20:41:34,456] {processor.py:642} INFO - Processing file /home/airflow/.local/lib/python3.7/site-packages/airflow/example_dags/example_xcom.py for tasks to queue
[2022-02-03 20:41:34,456] {logging_mixin.py:109} INFO - [2022-02-03 20:41:34,456] {dagbag.py:500} INFO - Filling up the DagBag from /home/airflow/.local/lib/python3.7/site-packages/airflow/example_dags/example_xcom.py
[2022-02-03 20:41:34,484] {processor.py:654} INFO - DAG(s) dict_keys(['example_xcom']) retrieved from /home/airflow/.local/lib/python3.7/site-packages/airflow/example_dags/example_xcom.py
[2022-02-03 20:41:34,706] {logging_mixin.py:109} INFO - [2022-02-03 20:41:34,706] {dag.py:2396} INFO - Sync 1 DAGs
[2022-02-03 20:41:34,717] {logging_mixin.py:109} INFO - [2022-02-03 20:41:34,716] {dag.py:2935} INFO - Setting next_dagrun for example_xcom to 2021-01-01T00:00:00+00:00
[2022-02-03 20:41:34,727] {processor.py:171} INFO - Processing /home/airflow/.local/lib/python3.7/site-packages/airflow/example_dags/example_xcom.py took 0.275 seconds
[2022-02-03 20:42:05,522] {processor.py:163} INFO - Started process (PID=690) to work on /home/airflow/.local/lib/python3.7/site-packages/airflow/example_dags/example_xcom.py
[2022-02-03 20:42:05,523] {processor.py:642} INFO - Processing file /home/airflow/.local/lib/python3.7/site-packages/airflow/example_dags/example_xcom.py for tasks to queue
[2022-02-03 20:42:05,524] {logging_mixin.py:109} INFO - [2022-02-03 20:42:05,524] {dagbag.py:500} INFO - Filling up the DagBag from /home/airflow/.local/lib/python3.7/site-packages/airflow/example_dags/example_xcom.py
[2022-02-03 20:42:05,555] {processor.py:654} INFO - DAG(s) dict_keys(['example_xcom']) retrieved from /home/airflow/.local/lib/python3.7/site-packages/airflow/example_dags/example_xcom.py
[2022-02-03 20:42:05,798] {logging_mixin.py:109} INFO - [2022-02-03 20:42:05,798] {dag.py:2396} INFO - Sync 1 DAGs
[2022-02-03 20:42:05,819] {logging_mixin.py:109} INFO - [2022-02-03 20:42:05,819] {dag.py:2935} INFO - Setting next_dagrun for example_xcom to 2021-01-01T00:00:00+00:00
[2022-02-03 20:42:05,832] {processor.py:171} INFO - Processing /home/airflow/.local/lib/python3.7/site-packages/airflow/example_dags/example_xcom.py took 0.313 seconds
[2022-02-03 20:42:36,784] {processor.py:163} INFO - Started process (PID=741) to work on /home/airflow/.local/lib/python3.7/site-packages/airflow/example_dags/example_xcom.py
[2022-02-03 20:42:36,785] {processor.py:642} INFO - Processing file /home/airflow/.local/lib/python3.7/site-packages/airflow/example_dags/example_xcom.py for tasks to queue
[2022-02-03 20:42:36,786] {logging_mixin.py:109} INFO - [2022-02-03 20:42:36,786] {dagbag.py:500} INFO - Filling up the DagBag from /home/airflow/.local/lib/python3.7/site-packages/airflow/example_dags/example_xcom.py
[2022-02-03 20:42:36,812] {processor.py:654} INFO - DAG(s) dict_keys(['example_xcom']) retrieved from /home/airflow/.local/lib/python3.7/site-packages/airflow/example_dags/example_xcom.py
[2022-02-03 20:42:37,040] {logging_mixin.py:109} INFO - [2022-02-03 20:42:37,040] {dag.py:2396} INFO - Sync 1 DAGs
[2022-02-03 20:42:37,051] {logging_mixin.py:109} INFO - [2022-02-03 20:42:37,051] {dag.py:2935} INFO - Setting next_dagrun for example_xcom to 2021-01-01T00:00:00+00:00
[2022-02-03 20:42:37,064] {processor.py:171} INFO - Processing /home/airflow/.local/lib/python3.7/site-packages/airflow/example_dags/example_xcom.py took 0.283 seconds
[2022-02-03 20:43:07,922] {processor.py:163} INFO - Started process (PID=802) to work on /home/airflow/.local/lib/python3.7/site-packages/airflow/example_dags/example_xcom.py
[2022-02-03 20:43:07,923] {processor.py:642} INFO - Processing file /home/airflow/.local/lib/python3.7/site-packages/airflow/example_dags/example_xcom.py for tasks to queue
[2022-02-03 20:43:07,924] {logging_mixin.py:109} INFO - [2022-02-03 20:43:07,923] {dagbag.py:500} INFO - Filling up the DagBag from /home/airflow/.local/lib/python3.7/site-packages/airflow/example_dags/example_xcom.py
[2022-02-03 20:43:07,958] {processor.py:654} INFO - DAG(s) dict_keys(['example_xcom']) retrieved from /home/airflow/.local/lib/python3.7/site-packages/airflow/example_dags/example_xcom.py
[2022-02-03 20:43:08,217] {logging_mixin.py:109} INFO - [2022-02-03 20:43:08,217] {dag.py:2396} INFO - Sync 1 DAGs
[2022-02-03 20:43:08,230] {logging_mixin.py:109} INFO - [2022-02-03 20:43:08,230] {dag.py:2935} INFO - Setting next_dagrun for example_xcom to 2021-01-01T00:00:00+00:00
[2022-02-03 20:43:08,242] {processor.py:171} INFO - Processing /home/airflow/.local/lib/python3.7/site-packages/airflow/example_dags/example_xcom.py took 0.323 seconds
[2022-02-03 20:43:39,212] {processor.py:163} INFO - Started process (PID=854) to work on /home/airflow/.local/lib/python3.7/site-packages/airflow/example_dags/example_xcom.py
[2022-02-03 20:43:39,213] {processor.py:642} INFO - Processing file /home/airflow/.local/lib/python3.7/site-packages/airflow/example_dags/example_xcom.py for tasks to queue
[2022-02-03 20:43:39,214] {logging_mixin.py:109} INFO - [2022-02-03 20:43:39,214] {dagbag.py:500} INFO - Filling up the DagBag from /home/airflow/.local/lib/python3.7/site-packages/airflow/example_dags/example_xcom.py
[2022-02-03 20:43:39,240] {processor.py:654} INFO - DAG(s) dict_keys(['example_xcom']) retrieved from /home/airflow/.local/lib/python3.7/site-packages/airflow/example_dags/example_xcom.py
[2022-02-03 20:43:39,471] {logging_mixin.py:109} INFO - [2022-02-03 20:43:39,471] {dag.py:2396} INFO - Sync 1 DAGs
[2022-02-03 20:43:39,485] {logging_mixin.py:109} INFO - [2022-02-03 20:43:39,485] {dag.py:2935} INFO - Setting next_dagrun for example_xcom to 2021-01-01T00:00:00+00:00
[2022-02-03 20:43:39,498] {processor.py:171} INFO - Processing /home/airflow/.local/lib/python3.7/site-packages/airflow/example_dags/example_xcom.py took 0.289 seconds
[2022-02-03 20:44:10,254] {processor.py:163} INFO - Started process (PID=913) to work on /home/airflow/.local/lib/python3.7/site-packages/airflow/example_dags/example_xcom.py
[2022-02-03 20:44:10,255] {processor.py:642} INFO - Processing file /home/airflow/.local/lib/python3.7/site-packages/airflow/example_dags/example_xcom.py for tasks to queue
[2022-02-03 20:44:10,256] {logging_mixin.py:109} INFO - [2022-02-03 20:44:10,256] {dagbag.py:500} INFO - Filling up the DagBag from /home/airflow/.local/lib/python3.7/site-packages/airflow/example_dags/example_xcom.py
[2022-02-03 20:44:10,282] {processor.py:654} INFO - DAG(s) dict_keys(['example_xcom']) retrieved from /home/airflow/.local/lib/python3.7/site-packages/airflow/example_dags/example_xcom.py
[2022-02-03 20:44:10,480] {logging_mixin.py:109} INFO - [2022-02-03 20:44:10,480] {dag.py:2396} INFO - Sync 1 DAGs
[2022-02-03 20:44:10,490] {logging_mixin.py:109} INFO - [2022-02-03 20:44:10,490] {dag.py:2935} INFO - Setting next_dagrun for example_xcom to 2021-01-01T00:00:00+00:00
[2022-02-03 20:44:10,503] {processor.py:171} INFO - Processing /home/airflow/.local/lib/python3.7/site-packages/airflow/example_dags/example_xcom.py took 0.251 seconds
[2022-02-03 20:44:40,686] {processor.py:163} INFO - Started process (PID=963) to work on /home/airflow/.local/lib/python3.7/site-packages/airflow/example_dags/example_xcom.py
[2022-02-03 20:44:40,687] {processor.py:642} INFO - Processing file /home/airflow/.local/lib/python3.7/site-packages/airflow/example_dags/example_xcom.py for tasks to queue
[2022-02-03 20:44:40,688] {logging_mixin.py:109} INFO - [2022-02-03 20:44:40,688] {dagbag.py:500} INFO - Filling up the DagBag from /home/airflow/.local/lib/python3.7/site-packages/airflow/example_dags/example_xcom.py
[2022-02-03 20:44:40,713] {processor.py:654} INFO - DAG(s) dict_keys(['example_xcom']) retrieved from /home/airflow/.local/lib/python3.7/site-packages/airflow/example_dags/example_xcom.py
[2022-02-03 20:44:40,955] {logging_mixin.py:109} INFO - [2022-02-03 20:44:40,955] {dag.py:2396} INFO - Sync 1 DAGs
[2022-02-03 20:44:40,966] {logging_mixin.py:109} INFO - [2022-02-03 20:44:40,966] {dag.py:2935} INFO - Setting next_dagrun for example_xcom to 2021-01-01T00:00:00+00:00
[2022-02-03 20:44:40,976] {processor.py:171} INFO - Processing /home/airflow/.local/lib/python3.7/site-packages/airflow/example_dags/example_xcom.py took 0.292 seconds
[2022-02-03 20:45:11,345] {processor.py:163} INFO - Started process (PID=1025) to work on /home/airflow/.local/lib/python3.7/site-packages/airflow/example_dags/example_xcom.py
[2022-02-03 20:45:11,346] {processor.py:642} INFO - Processing file /home/airflow/.local/lib/python3.7/site-packages/airflow/example_dags/example_xcom.py for tasks to queue
[2022-02-03 20:45:11,346] {logging_mixin.py:109} INFO - [2022-02-03 20:45:11,346] {dagbag.py:500} INFO - Filling up the DagBag from /home/airflow/.local/lib/python3.7/site-packages/airflow/example_dags/example_xcom.py
[2022-02-03 20:45:11,372] {processor.py:654} INFO - DAG(s) dict_keys(['example_xcom']) retrieved from /home/airflow/.local/lib/python3.7/site-packages/airflow/example_dags/example_xcom.py
[2022-02-03 20:45:11,570] {logging_mixin.py:109} INFO - [2022-02-03 20:45:11,570] {dag.py:2396} INFO - Sync 1 DAGs
[2022-02-03 20:45:11,581] {logging_mixin.py:109} INFO - [2022-02-03 20:45:11,580] {dag.py:2935} INFO - Setting next_dagrun for example_xcom to 2021-01-01T00:00:00+00:00
[2022-02-03 20:45:11,593] {processor.py:171} INFO - Processing /home/airflow/.local/lib/python3.7/site-packages/airflow/example_dags/example_xcom.py took 0.251 seconds
[2022-02-03 20:45:41,908] {processor.py:163} INFO - Started process (PID=1076) to work on /home/airflow/.local/lib/python3.7/site-packages/airflow/example_dags/example_xcom.py
[2022-02-03 20:45:41,909] {processor.py:642} INFO - Processing file /home/airflow/.local/lib/python3.7/site-packages/airflow/example_dags/example_xcom.py for tasks to queue
[2022-02-03 20:45:41,910] {logging_mixin.py:109} INFO - [2022-02-03 20:45:41,910] {dagbag.py:500} INFO - Filling up the DagBag from /home/airflow/.local/lib/python3.7/site-packages/airflow/example_dags/example_xcom.py
[2022-02-03 20:45:41,936] {processor.py:654} INFO - DAG(s) dict_keys(['example_xcom']) retrieved from /home/airflow/.local/lib/python3.7/site-packages/airflow/example_dags/example_xcom.py
[2022-02-03 20:45:42,143] {logging_mixin.py:109} INFO - [2022-02-03 20:45:42,143] {dag.py:2396} INFO - Sync 1 DAGs
[2022-02-03 20:45:42,153] {logging_mixin.py:109} INFO - [2022-02-03 20:45:42,153] {dag.py:2935} INFO - Setting next_dagrun for example_xcom to 2021-01-01T00:00:00+00:00
[2022-02-03 20:45:42,164] {processor.py:171} INFO - Processing /home/airflow/.local/lib/python3.7/site-packages/airflow/example_dags/example_xcom.py took 0.258 seconds
[2022-02-03 20:46:12,313] {processor.py:163} INFO - Started process (PID=1138) to work on /home/airflow/.local/lib/python3.7/site-packages/airflow/example_dags/example_xcom.py
[2022-02-03 20:46:12,314] {processor.py:642} INFO - Processing file /home/airflow/.local/lib/python3.7/site-packages/airflow/example_dags/example_xcom.py for tasks to queue
[2022-02-03 20:46:12,315] {logging_mixin.py:109} INFO - [2022-02-03 20:46:12,315] {dagbag.py:500} INFO - Filling up the DagBag from /home/airflow/.local/lib/python3.7/site-packages/airflow/example_dags/example_xcom.py
[2022-02-03 20:46:12,340] {processor.py:654} INFO - DAG(s) dict_keys(['example_xcom']) retrieved from /home/airflow/.local/lib/python3.7/site-packages/airflow/example_dags/example_xcom.py
[2022-02-03 20:46:12,568] {logging_mixin.py:109} INFO - [2022-02-03 20:46:12,568] {dag.py:2396} INFO - Sync 1 DAGs
[2022-02-03 20:46:12,580] {logging_mixin.py:109} INFO - [2022-02-03 20:46:12,580] {dag.py:2935} INFO - Setting next_dagrun for example_xcom to 2021-01-01T00:00:00+00:00
[2022-02-03 20:46:12,590] {processor.py:171} INFO - Processing /home/airflow/.local/lib/python3.7/site-packages/airflow/example_dags/example_xcom.py took 0.279 seconds
[2022-02-03 20:46:42,836] {processor.py:163} INFO - Started process (PID=1189) to work on /home/airflow/.local/lib/python3.7/site-packages/airflow/example_dags/example_xcom.py
[2022-02-03 20:46:42,837] {processor.py:642} INFO - Processing file /home/airflow/.local/lib/python3.7/site-packages/airflow/example_dags/example_xcom.py for tasks to queue
[2022-02-03 20:46:42,838] {logging_mixin.py:109} INFO - [2022-02-03 20:46:42,838] {dagbag.py:500} INFO - Filling up the DagBag from /home/airflow/.local/lib/python3.7/site-packages/airflow/example_dags/example_xcom.py
[2022-02-03 20:46:42,865] {processor.py:654} INFO - DAG(s) dict_keys(['example_xcom']) retrieved from /home/airflow/.local/lib/python3.7/site-packages/airflow/example_dags/example_xcom.py
[2022-02-03 20:46:43,062] {logging_mixin.py:109} INFO - [2022-02-03 20:46:43,062] {dag.py:2396} INFO - Sync 1 DAGs
[2022-02-03 20:46:43,072] {logging_mixin.py:109} INFO - [2022-02-03 20:46:43,072] {dag.py:2935} INFO - Setting next_dagrun for example_xcom to 2021-01-01T00:00:00+00:00
[2022-02-03 20:46:43,083] {processor.py:171} INFO - Processing /home/airflow/.local/lib/python3.7/site-packages/airflow/example_dags/example_xcom.py took 0.249 seconds
[2022-02-03 20:47:13,396] {processor.py:163} INFO - Started process (PID=1250) to work on /home/airflow/.local/lib/python3.7/site-packages/airflow/example_dags/example_xcom.py
[2022-02-03 20:47:13,398] {processor.py:642} INFO - Processing file /home/airflow/.local/lib/python3.7/site-packages/airflow/example_dags/example_xcom.py for tasks to queue
[2022-02-03 20:47:13,398] {logging_mixin.py:109} INFO - [2022-02-03 20:47:13,398] {dagbag.py:500} INFO - Filling up the DagBag from /home/airflow/.local/lib/python3.7/site-packages/airflow/example_dags/example_xcom.py
[2022-02-03 20:47:13,424] {processor.py:654} INFO - DAG(s) dict_keys(['example_xcom']) retrieved from /home/airflow/.local/lib/python3.7/site-packages/airflow/example_dags/example_xcom.py
[2022-02-03 20:47:13,646] {logging_mixin.py:109} INFO - [2022-02-03 20:47:13,646] {dag.py:2396} INFO - Sync 1 DAGs
[2022-02-03 20:47:13,657] {logging_mixin.py:109} INFO - [2022-02-03 20:47:13,656] {dag.py:2935} INFO - Setting next_dagrun for example_xcom to 2021-01-01T00:00:00+00:00
[2022-02-03 20:47:13,667] {processor.py:171} INFO - Processing /home/airflow/.local/lib/python3.7/site-packages/airflow/example_dags/example_xcom.py took 0.273 seconds
[2022-02-03 20:47:43,944] {processor.py:163} INFO - Started process (PID=1301) to work on /home/airflow/.local/lib/python3.7/site-packages/airflow/example_dags/example_xcom.py
[2022-02-03 20:47:43,945] {processor.py:642} INFO - Processing file /home/airflow/.local/lib/python3.7/site-packages/airflow/example_dags/example_xcom.py for tasks to queue
[2022-02-03 20:47:43,945] {logging_mixin.py:109} INFO - [2022-02-03 20:47:43,945] {dagbag.py:500} INFO - Filling up the DagBag from /home/airflow/.local/lib/python3.7/site-packages/airflow/example_dags/example_xcom.py
[2022-02-03 20:47:43,972] {processor.py:654} INFO - DAG(s) dict_keys(['example_xcom']) retrieved from /home/airflow/.local/lib/python3.7/site-packages/airflow/example_dags/example_xcom.py
[2022-02-03 20:47:44,187] {logging_mixin.py:109} INFO - [2022-02-03 20:47:44,187] {dag.py:2396} INFO - Sync 1 DAGs
[2022-02-03 20:47:44,197] {logging_mixin.py:109} INFO - [2022-02-03 20:47:44,197] {dag.py:2935} INFO - Setting next_dagrun for example_xcom to 2021-01-01T00:00:00+00:00
[2022-02-03 20:47:44,210] {processor.py:171} INFO - Processing /home/airflow/.local/lib/python3.7/site-packages/airflow/example_dags/example_xcom.py took 0.269 seconds
[2022-02-03 20:48:14,578] {processor.py:163} INFO - Started process (PID=1362) to work on /home/airflow/.local/lib/python3.7/site-packages/airflow/example_dags/example_xcom.py
[2022-02-03 20:48:14,579] {processor.py:642} INFO - Processing file /home/airflow/.local/lib/python3.7/site-packages/airflow/example_dags/example_xcom.py for tasks to queue
[2022-02-03 20:48:14,580] {logging_mixin.py:109} INFO - [2022-02-03 20:48:14,580] {dagbag.py:500} INFO - Filling up the DagBag from /home/airflow/.local/lib/python3.7/site-packages/airflow/example_dags/example_xcom.py
[2022-02-03 20:48:14,610] {processor.py:654} INFO - DAG(s) dict_keys(['example_xcom']) retrieved from /home/airflow/.local/lib/python3.7/site-packages/airflow/example_dags/example_xcom.py
[2022-02-03 20:48:14,874] {logging_mixin.py:109} INFO - [2022-02-03 20:48:14,873] {dag.py:2396} INFO - Sync 1 DAGs
[2022-02-03 20:48:14,890] {logging_mixin.py:109} INFO - [2022-02-03 20:48:14,889] {dag.py:2935} INFO - Setting next_dagrun for example_xcom to 2021-01-01T00:00:00+00:00
[2022-02-03 20:48:14,901] {processor.py:171} INFO - Processing /home/airflow/.local/lib/python3.7/site-packages/airflow/example_dags/example_xcom.py took 0.325 seconds
[2022-02-03 20:48:45,143] {processor.py:163} INFO - Started process (PID=1424) to work on /home/airflow/.local/lib/python3.7/site-packages/airflow/example_dags/example_xcom.py
[2022-02-03 20:48:45,144] {processor.py:642} INFO - Processing file /home/airflow/.local/lib/python3.7/site-packages/airflow/example_dags/example_xcom.py for tasks to queue
[2022-02-03 20:48:45,145] {logging_mixin.py:109} INFO - [2022-02-03 20:48:45,145] {dagbag.py:500} INFO - Filling up the DagBag from /home/airflow/.local/lib/python3.7/site-packages/airflow/example_dags/example_xcom.py
[2022-02-03 20:48:45,170] {processor.py:654} INFO - DAG(s) dict_keys(['example_xcom']) retrieved from /home/airflow/.local/lib/python3.7/site-packages/airflow/example_dags/example_xcom.py
[2022-02-03 20:48:45,378] {logging_mixin.py:109} INFO - [2022-02-03 20:48:45,378] {dag.py:2396} INFO - Sync 1 DAGs
[2022-02-03 20:48:45,389] {logging_mixin.py:109} INFO - [2022-02-03 20:48:45,389] {dag.py:2935} INFO - Setting next_dagrun for example_xcom to 2021-01-01T00:00:00+00:00
[2022-02-03 20:48:45,402] {processor.py:171} INFO - Processing /home/airflow/.local/lib/python3.7/site-packages/airflow/example_dags/example_xcom.py took 0.261 seconds
[2022-02-03 20:49:15,629] {processor.py:163} INFO - Started process (PID=1475) to work on /home/airflow/.local/lib/python3.7/site-packages/airflow/example_dags/example_xcom.py
[2022-02-03 20:49:15,630] {processor.py:642} INFO - Processing file /home/airflow/.local/lib/python3.7/site-packages/airflow/example_dags/example_xcom.py for tasks to queue
[2022-02-03 20:49:15,631] {logging_mixin.py:109} INFO - [2022-02-03 20:49:15,631] {dagbag.py:500} INFO - Filling up the DagBag from /home/airflow/.local/lib/python3.7/site-packages/airflow/example_dags/example_xcom.py
[2022-02-03 20:49:15,658] {processor.py:654} INFO - DAG(s) dict_keys(['example_xcom']) retrieved from /home/airflow/.local/lib/python3.7/site-packages/airflow/example_dags/example_xcom.py
[2022-02-03 20:49:15,857] {logging_mixin.py:109} INFO - [2022-02-03 20:49:15,857] {dag.py:2396} INFO - Sync 1 DAGs
[2022-02-03 20:49:15,866] {logging_mixin.py:109} INFO - [2022-02-03 20:49:15,866] {dag.py:2935} INFO - Setting next_dagrun for example_xcom to 2021-01-01T00:00:00+00:00
[2022-02-03 20:49:15,878] {processor.py:171} INFO - Processing /home/airflow/.local/lib/python3.7/site-packages/airflow/example_dags/example_xcom.py took 0.251 seconds
[2022-02-03 20:49:46,165] {processor.py:163} INFO - Started process (PID=1536) to work on /home/airflow/.local/lib/python3.7/site-packages/airflow/example_dags/example_xcom.py
[2022-02-03 20:49:46,166] {processor.py:642} INFO - Processing file /home/airflow/.local/lib/python3.7/site-packages/airflow/example_dags/example_xcom.py for tasks to queue
[2022-02-03 20:49:46,167] {logging_mixin.py:109} INFO - [2022-02-03 20:49:46,167] {dagbag.py:500} INFO - Filling up the DagBag from /home/airflow/.local/lib/python3.7/site-packages/airflow/example_dags/example_xcom.py
[2022-02-03 20:49:46,196] {processor.py:654} INFO - DAG(s) dict_keys(['example_xcom']) retrieved from /home/airflow/.local/lib/python3.7/site-packages/airflow/example_dags/example_xcom.py
[2022-02-03 20:49:46,461] {logging_mixin.py:109} INFO - [2022-02-03 20:49:46,461] {dag.py:2396} INFO - Sync 1 DAGs
[2022-02-03 20:49:46,475] {logging_mixin.py:109} INFO - [2022-02-03 20:49:46,475] {dag.py:2935} INFO - Setting next_dagrun for example_xcom to 2021-01-01T00:00:00+00:00
[2022-02-03 20:49:46,487] {processor.py:171} INFO - Processing /home/airflow/.local/lib/python3.7/site-packages/airflow/example_dags/example_xcom.py took 0.325 seconds
[2022-02-03 20:50:17,466] {processor.py:163} INFO - Started process (PID=1587) to work on /home/airflow/.local/lib/python3.7/site-packages/airflow/example_dags/example_xcom.py
[2022-02-03 20:50:17,467] {processor.py:642} INFO - Processing file /home/airflow/.local/lib/python3.7/site-packages/airflow/example_dags/example_xcom.py for tasks to queue
[2022-02-03 20:50:17,468] {logging_mixin.py:109} INFO - [2022-02-03 20:50:17,468] {dagbag.py:500} INFO - Filling up the DagBag from /home/airflow/.local/lib/python3.7/site-packages/airflow/example_dags/example_xcom.py
[2022-02-03 20:50:17,493] {processor.py:654} INFO - DAG(s) dict_keys(['example_xcom']) retrieved from /home/airflow/.local/lib/python3.7/site-packages/airflow/example_dags/example_xcom.py
[2022-02-03 20:50:17,688] {logging_mixin.py:109} INFO - [2022-02-03 20:50:17,688] {dag.py:2396} INFO - Sync 1 DAGs
[2022-02-03 20:50:17,698] {logging_mixin.py:109} INFO - [2022-02-03 20:50:17,698] {dag.py:2935} INFO - Setting next_dagrun for example_xcom to 2021-01-01T00:00:00+00:00
[2022-02-03 20:50:17,708] {processor.py:171} INFO - Processing /home/airflow/.local/lib/python3.7/site-packages/airflow/example_dags/example_xcom.py took 0.244 seconds
[2022-02-03 20:50:48,181] {processor.py:163} INFO - Started process (PID=1648) to work on /home/airflow/.local/lib/python3.7/site-packages/airflow/example_dags/example_xcom.py
[2022-02-03 20:50:48,182] {processor.py:642} INFO - Processing file /home/airflow/.local/lib/python3.7/site-packages/airflow/example_dags/example_xcom.py for tasks to queue
[2022-02-03 20:50:48,182] {logging_mixin.py:109} INFO - [2022-02-03 20:50:48,182] {dagbag.py:500} INFO - Filling up the DagBag from /home/airflow/.local/lib/python3.7/site-packages/airflow/example_dags/example_xcom.py
[2022-02-03 20:50:48,209] {processor.py:654} INFO - DAG(s) dict_keys(['example_xcom']) retrieved from /home/airflow/.local/lib/python3.7/site-packages/airflow/example_dags/example_xcom.py
[2022-02-03 20:50:48,479] {logging_mixin.py:109} INFO - [2022-02-03 20:50:48,479] {dag.py:2396} INFO - Sync 1 DAGs
[2022-02-03 20:50:48,492] {logging_mixin.py:109} INFO - [2022-02-03 20:50:48,492] {dag.py:2935} INFO - Setting next_dagrun for example_xcom to 2021-01-01T00:00:00+00:00
[2022-02-03 20:50:48,503] {processor.py:171} INFO - Processing /home/airflow/.local/lib/python3.7/site-packages/airflow/example_dags/example_xcom.py took 0.325 seconds
[2022-02-03 20:51:18,685] {processor.py:163} INFO - Started process (PID=1698) to work on /home/airflow/.local/lib/python3.7/site-packages/airflow/example_dags/example_xcom.py
[2022-02-03 20:51:18,686] {processor.py:642} INFO - Processing file /home/airflow/.local/lib/python3.7/site-packages/airflow/example_dags/example_xcom.py for tasks to queue
[2022-02-03 20:51:18,687] {logging_mixin.py:109} INFO - [2022-02-03 20:51:18,687] {dagbag.py:500} INFO - Filling up the DagBag from /home/airflow/.local/lib/python3.7/site-packages/airflow/example_dags/example_xcom.py
[2022-02-03 20:51:18,713] {processor.py:654} INFO - DAG(s) dict_keys(['example_xcom']) retrieved from /home/airflow/.local/lib/python3.7/site-packages/airflow/example_dags/example_xcom.py
[2022-02-03 20:51:18,908] {logging_mixin.py:109} INFO - [2022-02-03 20:51:18,908] {dag.py:2396} INFO - Sync 1 DAGs
[2022-02-03 20:51:18,919] {logging_mixin.py:109} INFO - [2022-02-03 20:51:18,919] {dag.py:2935} INFO - Setting next_dagrun for example_xcom to 2021-01-01T00:00:00+00:00
[2022-02-03 20:51:18,929] {processor.py:171} INFO - Processing /home/airflow/.local/lib/python3.7/site-packages/airflow/example_dags/example_xcom.py took 0.246 seconds
[2022-02-03 20:51:49,197] {processor.py:163} INFO - Started process (PID=1749) to work on /home/airflow/.local/lib/python3.7/site-packages/airflow/example_dags/example_xcom.py
[2022-02-03 20:51:49,199] {processor.py:642} INFO - Processing file /home/airflow/.local/lib/python3.7/site-packages/airflow/example_dags/example_xcom.py for tasks to queue
[2022-02-03 20:51:49,199] {logging_mixin.py:109} INFO - [2022-02-03 20:51:49,199] {dagbag.py:500} INFO - Filling up the DagBag from /home/airflow/.local/lib/python3.7/site-packages/airflow/example_dags/example_xcom.py
[2022-02-03 20:51:49,225] {processor.py:654} INFO - DAG(s) dict_keys(['example_xcom']) retrieved from /home/airflow/.local/lib/python3.7/site-packages/airflow/example_dags/example_xcom.py
[2022-02-03 20:51:49,435] {logging_mixin.py:109} INFO - [2022-02-03 20:51:49,435] {dag.py:2396} INFO - Sync 1 DAGs
[2022-02-03 20:51:49,447] {logging_mixin.py:109} INFO - [2022-02-03 20:51:49,447] {dag.py:2935} INFO - Setting next_dagrun for example_xcom to 2021-01-01T00:00:00+00:00
[2022-02-03 20:51:49,457] {processor.py:171} INFO - Processing /home/airflow/.local/lib/python3.7/site-packages/airflow/example_dags/example_xcom.py took 0.262 seconds
[2022-02-03 20:52:20,226] {processor.py:163} INFO - Started process (PID=1810) to work on /home/airflow/.local/lib/python3.7/site-packages/airflow/example_dags/example_xcom.py
[2022-02-03 20:52:20,228] {processor.py:642} INFO - Processing file /home/airflow/.local/lib/python3.7/site-packages/airflow/example_dags/example_xcom.py for tasks to queue
[2022-02-03 20:52:20,228] {logging_mixin.py:109} INFO - [2022-02-03 20:52:20,228] {dagbag.py:500} INFO - Filling up the DagBag from /home/airflow/.local/lib/python3.7/site-packages/airflow/example_dags/example_xcom.py
[2022-02-03 20:52:20,255] {processor.py:654} INFO - DAG(s) dict_keys(['example_xcom']) retrieved from /home/airflow/.local/lib/python3.7/site-packages/airflow/example_dags/example_xcom.py
[2022-02-03 20:52:20,495] {logging_mixin.py:109} INFO - [2022-02-03 20:52:20,495] {dag.py:2396} INFO - Sync 1 DAGs
[2022-02-03 20:52:20,509] {logging_mixin.py:109} INFO - [2022-02-03 20:52:20,508] {dag.py:2935} INFO - Setting next_dagrun for example_xcom to 2021-01-01T00:00:00+00:00
[2022-02-03 20:52:20,520] {processor.py:171} INFO - Processing /home/airflow/.local/lib/python3.7/site-packages/airflow/example_dags/example_xcom.py took 0.296 seconds
[2022-02-03 20:52:51,159] {processor.py:163} INFO - Started process (PID=1861) to work on /home/airflow/.local/lib/python3.7/site-packages/airflow/example_dags/example_xcom.py
[2022-02-03 20:52:51,160] {processor.py:642} INFO - Processing file /home/airflow/.local/lib/python3.7/site-packages/airflow/example_dags/example_xcom.py for tasks to queue
[2022-02-03 20:52:51,161] {logging_mixin.py:109} INFO - [2022-02-03 20:52:51,161] {dagbag.py:500} INFO - Filling up the DagBag from /home/airflow/.local/lib/python3.7/site-packages/airflow/example_dags/example_xcom.py
[2022-02-03 20:52:51,191] {processor.py:654} INFO - DAG(s) dict_keys(['example_xcom']) retrieved from /home/airflow/.local/lib/python3.7/site-packages/airflow/example_dags/example_xcom.py
[2022-02-03 20:52:51,406] {logging_mixin.py:109} INFO - [2022-02-03 20:52:51,406] {dag.py:2396} INFO - Sync 1 DAGs
[2022-02-03 20:52:51,418] {logging_mixin.py:109} INFO - [2022-02-03 20:52:51,418] {dag.py:2935} INFO - Setting next_dagrun for example_xcom to 2021-01-01T00:00:00+00:00
[2022-02-03 20:52:51,430] {processor.py:171} INFO - Processing /home/airflow/.local/lib/python3.7/site-packages/airflow/example_dags/example_xcom.py took 0.273 seconds
[2022-02-03 20:53:21,875] {processor.py:163} INFO - Started process (PID=1921) to work on /home/airflow/.local/lib/python3.7/site-packages/airflow/example_dags/example_xcom.py
[2022-02-03 20:53:21,877] {processor.py:642} INFO - Processing file /home/airflow/.local/lib/python3.7/site-packages/airflow/example_dags/example_xcom.py for tasks to queue
[2022-02-03 20:53:21,879] {logging_mixin.py:109} INFO - [2022-02-03 20:53:21,878] {dagbag.py:500} INFO - Filling up the DagBag from /home/airflow/.local/lib/python3.7/site-packages/airflow/example_dags/example_xcom.py
[2022-02-03 20:53:22,001] {processor.py:654} INFO - DAG(s) dict_keys(['example_xcom']) retrieved from /home/airflow/.local/lib/python3.7/site-packages/airflow/example_dags/example_xcom.py
[2022-02-03 20:53:22,215] {logging_mixin.py:109} INFO - [2022-02-03 20:53:22,214] {dag.py:2396} INFO - Sync 1 DAGs
[2022-02-03 20:53:22,229] {logging_mixin.py:109} INFO - [2022-02-03 20:53:22,229] {dag.py:2935} INFO - Setting next_dagrun for example_xcom to 2021-01-01T00:00:00+00:00
[2022-02-03 20:53:22,245] {processor.py:171} INFO - Processing /home/airflow/.local/lib/python3.7/site-packages/airflow/example_dags/example_xcom.py took 0.374 seconds
[2022-02-03 20:53:52,301] {processor.py:163} INFO - Started process (PID=1972) to work on /home/airflow/.local/lib/python3.7/site-packages/airflow/example_dags/example_xcom.py
[2022-02-03 20:53:52,302] {processor.py:642} INFO - Processing file /home/airflow/.local/lib/python3.7/site-packages/airflow/example_dags/example_xcom.py for tasks to queue
[2022-02-03 20:53:52,303] {logging_mixin.py:109} INFO - [2022-02-03 20:53:52,303] {dagbag.py:500} INFO - Filling up the DagBag from /home/airflow/.local/lib/python3.7/site-packages/airflow/example_dags/example_xcom.py
[2022-02-03 20:53:52,438] {processor.py:654} INFO - DAG(s) dict_keys(['example_xcom']) retrieved from /home/airflow/.local/lib/python3.7/site-packages/airflow/example_dags/example_xcom.py
[2022-02-03 20:53:52,666] {logging_mixin.py:109} INFO - [2022-02-03 20:53:52,666] {dag.py:2396} INFO - Sync 1 DAGs
[2022-02-03 20:53:52,682] {logging_mixin.py:109} INFO - [2022-02-03 20:53:52,682] {dag.py:2935} INFO - Setting next_dagrun for example_xcom to 2021-01-01T00:00:00+00:00
[2022-02-03 20:53:52,699] {processor.py:171} INFO - Processing /home/airflow/.local/lib/python3.7/site-packages/airflow/example_dags/example_xcom.py took 0.402 seconds
[2022-02-03 20:54:22,782] {processor.py:163} INFO - Started process (PID=2023) to work on /home/airflow/.local/lib/python3.7/site-packages/airflow/example_dags/example_xcom.py
[2022-02-03 20:54:22,783] {processor.py:642} INFO - Processing file /home/airflow/.local/lib/python3.7/site-packages/airflow/example_dags/example_xcom.py for tasks to queue
[2022-02-03 20:54:22,785] {logging_mixin.py:109} INFO - [2022-02-03 20:54:22,784] {dagbag.py:500} INFO - Filling up the DagBag from /home/airflow/.local/lib/python3.7/site-packages/airflow/example_dags/example_xcom.py
[2022-02-03 20:54:22,879] {processor.py:654} INFO - DAG(s) dict_keys(['example_xcom']) retrieved from /home/airflow/.local/lib/python3.7/site-packages/airflow/example_dags/example_xcom.py
[2022-02-03 20:54:23,041] {logging_mixin.py:109} INFO - [2022-02-03 20:54:23,041] {dag.py:2396} INFO - Sync 1 DAGs
[2022-02-03 20:54:23,053] {logging_mixin.py:109} INFO - [2022-02-03 20:54:23,053] {dag.py:2935} INFO - Setting next_dagrun for example_xcom to 2021-01-01T00:00:00+00:00
[2022-02-03 20:54:23,063] {processor.py:171} INFO - Processing /home/airflow/.local/lib/python3.7/site-packages/airflow/example_dags/example_xcom.py took 0.284 seconds
[2022-02-03 20:54:53,136] {processor.py:163} INFO - Started process (PID=2084) to work on /home/airflow/.local/lib/python3.7/site-packages/airflow/example_dags/example_xcom.py
[2022-02-03 20:54:53,137] {processor.py:642} INFO - Processing file /home/airflow/.local/lib/python3.7/site-packages/airflow/example_dags/example_xcom.py for tasks to queue
[2022-02-03 20:54:53,138] {logging_mixin.py:109} INFO - [2022-02-03 20:54:53,138] {dagbag.py:500} INFO - Filling up the DagBag from /home/airflow/.local/lib/python3.7/site-packages/airflow/example_dags/example_xcom.py
[2022-02-03 20:54:53,273] {processor.py:654} INFO - DAG(s) dict_keys(['example_xcom']) retrieved from /home/airflow/.local/lib/python3.7/site-packages/airflow/example_dags/example_xcom.py
[2022-02-03 20:54:53,521] {logging_mixin.py:109} INFO - [2022-02-03 20:54:53,521] {dag.py:2396} INFO - Sync 1 DAGs
[2022-02-03 20:54:53,535] {logging_mixin.py:109} INFO - [2022-02-03 20:54:53,535] {dag.py:2935} INFO - Setting next_dagrun for example_xcom to 2021-01-01T00:00:00+00:00
[2022-02-03 20:54:53,547] {processor.py:171} INFO - Processing /home/airflow/.local/lib/python3.7/site-packages/airflow/example_dags/example_xcom.py took 0.414 seconds
[2022-02-03 20:55:24,387] {processor.py:163} INFO - Started process (PID=2144) to work on /home/airflow/.local/lib/python3.7/site-packages/airflow/example_dags/example_xcom.py
[2022-02-03 20:55:24,388] {processor.py:642} INFO - Processing file /home/airflow/.local/lib/python3.7/site-packages/airflow/example_dags/example_xcom.py for tasks to queue
[2022-02-03 20:55:24,389] {logging_mixin.py:109} INFO - [2022-02-03 20:55:24,389] {dagbag.py:500} INFO - Filling up the DagBag from /home/airflow/.local/lib/python3.7/site-packages/airflow/example_dags/example_xcom.py
[2022-02-03 20:55:24,487] {processor.py:654} INFO - DAG(s) dict_keys(['example_xcom']) retrieved from /home/airflow/.local/lib/python3.7/site-packages/airflow/example_dags/example_xcom.py
[2022-02-03 20:55:24,669] {logging_mixin.py:109} INFO - [2022-02-03 20:55:24,669] {dag.py:2396} INFO - Sync 1 DAGs
[2022-02-03 20:55:24,682] {logging_mixin.py:109} INFO - [2022-02-03 20:55:24,682] {dag.py:2935} INFO - Setting next_dagrun for example_xcom to 2021-01-01T00:00:00+00:00
[2022-02-03 20:55:24,696] {processor.py:171} INFO - Processing /home/airflow/.local/lib/python3.7/site-packages/airflow/example_dags/example_xcom.py took 0.311 seconds
