[2022-02-03 20:38:56,215] {processor.py:163} INFO - Started process (PID=321) to work on /home/airflow/.local/lib/python3.7/site-packages/airflow/example_dags/example_xcomargs.py
[2022-02-03 20:38:56,216] {processor.py:642} INFO - Processing file /home/airflow/.local/lib/python3.7/site-packages/airflow/example_dags/example_xcomargs.py for tasks to queue
[2022-02-03 20:38:56,217] {logging_mixin.py:109} INFO - [2022-02-03 20:38:56,217] {dagbag.py:500} INFO - Filling up the DagBag from /home/airflow/.local/lib/python3.7/site-packages/airflow/example_dags/example_xcomargs.py
[2022-02-03 20:38:56,254] {processor.py:654} INFO - DAG(s) dict_keys(['example_xcom_args', 'example_xcom_args_with_operators']) retrieved from /home/airflow/.local/lib/python3.7/site-packages/airflow/example_dags/example_xcomargs.py
[2022-02-03 20:38:58,251] {logging_mixin.py:109} INFO - [2022-02-03 20:38:58,251] {manager.py:496} INFO - Created Permission View: can read on DAG:example_xcom_args
[2022-02-03 20:38:58,266] {logging_mixin.py:109} INFO - [2022-02-03 20:38:58,265] {manager.py:496} INFO - Created Permission View: can edit on DAG:example_xcom_args
[2022-02-03 20:38:58,296] {logging_mixin.py:109} INFO - [2022-02-03 20:38:58,296] {manager.py:496} INFO - Created Permission View: can read on DAG:example_xcom_args_with_operators
[2022-02-03 20:38:58,312] {logging_mixin.py:109} INFO - [2022-02-03 20:38:58,312] {manager.py:496} INFO - Created Permission View: can edit on DAG:example_xcom_args_with_operators
[2022-02-03 20:38:58,313] {logging_mixin.py:109} INFO - [2022-02-03 20:38:58,312] {dag.py:2396} INFO - Sync 2 DAGs
[2022-02-03 20:38:58,324] {logging_mixin.py:109} INFO - [2022-02-03 20:38:58,323] {dag.py:2415} INFO - Creating ORM DAG for example_xcom_args
[2022-02-03 20:38:58,325] {logging_mixin.py:109} INFO - [2022-02-03 20:38:58,325] {dag.py:2415} INFO - Creating ORM DAG for example_xcom_args_with_operators
[2022-02-03 20:38:58,336] {logging_mixin.py:109} INFO - [2022-02-03 20:38:58,336] {dag.py:2935} INFO - Setting next_dagrun for example_xcom_args to None
[2022-02-03 20:38:58,337] {logging_mixin.py:109} INFO - [2022-02-03 20:38:58,337] {dag.py:2935} INFO - Setting next_dagrun for example_xcom_args_with_operators to None
[2022-02-03 20:38:58,353] {processor.py:171} INFO - Processing /home/airflow/.local/lib/python3.7/site-packages/airflow/example_dags/example_xcomargs.py took 2.142 seconds
[2022-02-03 20:39:29,877] {processor.py:163} INFO - Started process (PID=408) to work on /home/airflow/.local/lib/python3.7/site-packages/airflow/example_dags/example_xcomargs.py
[2022-02-03 20:39:29,878] {processor.py:642} INFO - Processing file /home/airflow/.local/lib/python3.7/site-packages/airflow/example_dags/example_xcomargs.py for tasks to queue
[2022-02-03 20:39:29,879] {logging_mixin.py:109} INFO - [2022-02-03 20:39:29,879] {dagbag.py:500} INFO - Filling up the DagBag from /home/airflow/.local/lib/python3.7/site-packages/airflow/example_dags/example_xcomargs.py
[2022-02-03 20:39:29,908] {processor.py:654} INFO - DAG(s) dict_keys(['example_xcom_args', 'example_xcom_args_with_operators']) retrieved from /home/airflow/.local/lib/python3.7/site-packages/airflow/example_dags/example_xcomargs.py
[2022-02-03 20:39:30,150] {logging_mixin.py:109} INFO - [2022-02-03 20:39:30,150] {dag.py:2396} INFO - Sync 2 DAGs
[2022-02-03 20:39:30,162] {logging_mixin.py:109} INFO - [2022-02-03 20:39:30,162] {dag.py:2935} INFO - Setting next_dagrun for example_xcom_args to None
[2022-02-03 20:39:30,162] {logging_mixin.py:109} INFO - [2022-02-03 20:39:30,162] {dag.py:2935} INFO - Setting next_dagrun for example_xcom_args_with_operators to None
[2022-02-03 20:39:30,171] {processor.py:171} INFO - Processing /home/airflow/.local/lib/python3.7/site-packages/airflow/example_dags/example_xcomargs.py took 0.297 seconds
[2022-02-03 20:40:01,096] {processor.py:163} INFO - Started process (PID=458) to work on /home/airflow/.local/lib/python3.7/site-packages/airflow/example_dags/example_xcomargs.py
[2022-02-03 20:40:01,098] {processor.py:642} INFO - Processing file /home/airflow/.local/lib/python3.7/site-packages/airflow/example_dags/example_xcomargs.py for tasks to queue
[2022-02-03 20:40:01,099] {logging_mixin.py:109} INFO - [2022-02-03 20:40:01,099] {dagbag.py:500} INFO - Filling up the DagBag from /home/airflow/.local/lib/python3.7/site-packages/airflow/example_dags/example_xcomargs.py
[2022-02-03 20:40:01,130] {processor.py:654} INFO - DAG(s) dict_keys(['example_xcom_args', 'example_xcom_args_with_operators']) retrieved from /home/airflow/.local/lib/python3.7/site-packages/airflow/example_dags/example_xcomargs.py
[2022-02-03 20:40:01,347] {logging_mixin.py:109} INFO - [2022-02-03 20:40:01,347] {dag.py:2396} INFO - Sync 2 DAGs
[2022-02-03 20:40:01,358] {logging_mixin.py:109} INFO - [2022-02-03 20:40:01,358] {dag.py:2935} INFO - Setting next_dagrun for example_xcom_args to None
[2022-02-03 20:40:01,359] {logging_mixin.py:109} INFO - [2022-02-03 20:40:01,359] {dag.py:2935} INFO - Setting next_dagrun for example_xcom_args_with_operators to None
[2022-02-03 20:40:01,368] {processor.py:171} INFO - Processing /home/airflow/.local/lib/python3.7/site-packages/airflow/example_dags/example_xcomargs.py took 0.275 seconds
[2022-02-03 20:40:32,372] {processor.py:163} INFO - Started process (PID=519) to work on /home/airflow/.local/lib/python3.7/site-packages/airflow/example_dags/example_xcomargs.py
[2022-02-03 20:40:32,373] {processor.py:642} INFO - Processing file /home/airflow/.local/lib/python3.7/site-packages/airflow/example_dags/example_xcomargs.py for tasks to queue
[2022-02-03 20:40:32,374] {logging_mixin.py:109} INFO - [2022-02-03 20:40:32,374] {dagbag.py:500} INFO - Filling up the DagBag from /home/airflow/.local/lib/python3.7/site-packages/airflow/example_dags/example_xcomargs.py
[2022-02-03 20:40:32,399] {processor.py:654} INFO - DAG(s) dict_keys(['example_xcom_args', 'example_xcom_args_with_operators']) retrieved from /home/airflow/.local/lib/python3.7/site-packages/airflow/example_dags/example_xcomargs.py
[2022-02-03 20:40:32,625] {logging_mixin.py:109} INFO - [2022-02-03 20:40:32,625] {dag.py:2396} INFO - Sync 2 DAGs
[2022-02-03 20:40:32,636] {logging_mixin.py:109} INFO - [2022-02-03 20:40:32,636] {dag.py:2935} INFO - Setting next_dagrun for example_xcom_args to None
[2022-02-03 20:40:32,637] {logging_mixin.py:109} INFO - [2022-02-03 20:40:32,637] {dag.py:2935} INFO - Setting next_dagrun for example_xcom_args_with_operators to None
[2022-02-03 20:40:32,646] {processor.py:171} INFO - Processing /home/airflow/.local/lib/python3.7/site-packages/airflow/example_dags/example_xcomargs.py took 0.277 seconds
[2022-02-03 20:41:03,699] {processor.py:163} INFO - Started process (PID=573) to work on /home/airflow/.local/lib/python3.7/site-packages/airflow/example_dags/example_xcomargs.py
[2022-02-03 20:41:03,700] {processor.py:642} INFO - Processing file /home/airflow/.local/lib/python3.7/site-packages/airflow/example_dags/example_xcomargs.py for tasks to queue
[2022-02-03 20:41:03,700] {logging_mixin.py:109} INFO - [2022-02-03 20:41:03,700] {dagbag.py:500} INFO - Filling up the DagBag from /home/airflow/.local/lib/python3.7/site-packages/airflow/example_dags/example_xcomargs.py
[2022-02-03 20:41:03,731] {processor.py:654} INFO - DAG(s) dict_keys(['example_xcom_args', 'example_xcom_args_with_operators']) retrieved from /home/airflow/.local/lib/python3.7/site-packages/airflow/example_dags/example_xcomargs.py
[2022-02-03 20:41:03,966] {logging_mixin.py:109} INFO - [2022-02-03 20:41:03,966] {dag.py:2396} INFO - Sync 2 DAGs
[2022-02-03 20:41:03,978] {logging_mixin.py:109} INFO - [2022-02-03 20:41:03,978] {dag.py:2935} INFO - Setting next_dagrun for example_xcom_args to None
[2022-02-03 20:41:03,978] {logging_mixin.py:109} INFO - [2022-02-03 20:41:03,978] {dag.py:2935} INFO - Setting next_dagrun for example_xcom_args_with_operators to None
[2022-02-03 20:41:03,988] {processor.py:171} INFO - Processing /home/airflow/.local/lib/python3.7/site-packages/airflow/example_dags/example_xcomargs.py took 0.293 seconds
[2022-02-03 20:41:34,822] {processor.py:163} INFO - Started process (PID=633) to work on /home/airflow/.local/lib/python3.7/site-packages/airflow/example_dags/example_xcomargs.py
[2022-02-03 20:41:34,823] {processor.py:642} INFO - Processing file /home/airflow/.local/lib/python3.7/site-packages/airflow/example_dags/example_xcomargs.py for tasks to queue
[2022-02-03 20:41:34,823] {logging_mixin.py:109} INFO - [2022-02-03 20:41:34,823] {dagbag.py:500} INFO - Filling up the DagBag from /home/airflow/.local/lib/python3.7/site-packages/airflow/example_dags/example_xcomargs.py
[2022-02-03 20:41:34,851] {processor.py:654} INFO - DAG(s) dict_keys(['example_xcom_args', 'example_xcom_args_with_operators']) retrieved from /home/airflow/.local/lib/python3.7/site-packages/airflow/example_dags/example_xcomargs.py
[2022-02-03 20:41:35,085] {logging_mixin.py:109} INFO - [2022-02-03 20:41:35,085] {dag.py:2396} INFO - Sync 2 DAGs
[2022-02-03 20:41:35,099] {logging_mixin.py:109} INFO - [2022-02-03 20:41:35,099] {dag.py:2935} INFO - Setting next_dagrun for example_xcom_args to None
[2022-02-03 20:41:35,099] {logging_mixin.py:109} INFO - [2022-02-03 20:41:35,099] {dag.py:2935} INFO - Setting next_dagrun for example_xcom_args_with_operators to None
[2022-02-03 20:41:35,109] {processor.py:171} INFO - Processing /home/airflow/.local/lib/python3.7/site-packages/airflow/example_dags/example_xcomargs.py took 0.290 seconds
[2022-02-03 20:42:06,008] {processor.py:163} INFO - Started process (PID=695) to work on /home/airflow/.local/lib/python3.7/site-packages/airflow/example_dags/example_xcomargs.py
[2022-02-03 20:42:06,009] {processor.py:642} INFO - Processing file /home/airflow/.local/lib/python3.7/site-packages/airflow/example_dags/example_xcomargs.py for tasks to queue
[2022-02-03 20:42:06,010] {logging_mixin.py:109} INFO - [2022-02-03 20:42:06,010] {dagbag.py:500} INFO - Filling up the DagBag from /home/airflow/.local/lib/python3.7/site-packages/airflow/example_dags/example_xcomargs.py
[2022-02-03 20:42:06,046] {processor.py:654} INFO - DAG(s) dict_keys(['example_xcom_args', 'example_xcom_args_with_operators']) retrieved from /home/airflow/.local/lib/python3.7/site-packages/airflow/example_dags/example_xcomargs.py
[2022-02-03 20:42:06,343] {logging_mixin.py:109} INFO - [2022-02-03 20:42:06,343] {dag.py:2396} INFO - Sync 2 DAGs
[2022-02-03 20:42:06,357] {logging_mixin.py:109} INFO - [2022-02-03 20:42:06,357] {dag.py:2935} INFO - Setting next_dagrun for example_xcom_args to None
[2022-02-03 20:42:06,358] {logging_mixin.py:109} INFO - [2022-02-03 20:42:06,358] {dag.py:2935} INFO - Setting next_dagrun for example_xcom_args_with_operators to None
[2022-02-03 20:42:06,371] {processor.py:171} INFO - Processing /home/airflow/.local/lib/python3.7/site-packages/airflow/example_dags/example_xcomargs.py took 0.367 seconds
[2022-02-03 20:42:37,245] {processor.py:163} INFO - Started process (PID=747) to work on /home/airflow/.local/lib/python3.7/site-packages/airflow/example_dags/example_xcomargs.py
[2022-02-03 20:42:37,246] {processor.py:642} INFO - Processing file /home/airflow/.local/lib/python3.7/site-packages/airflow/example_dags/example_xcomargs.py for tasks to queue
[2022-02-03 20:42:37,247] {logging_mixin.py:109} INFO - [2022-02-03 20:42:37,247] {dagbag.py:500} INFO - Filling up the DagBag from /home/airflow/.local/lib/python3.7/site-packages/airflow/example_dags/example_xcomargs.py
[2022-02-03 20:42:37,274] {processor.py:654} INFO - DAG(s) dict_keys(['example_xcom_args', 'example_xcom_args_with_operators']) retrieved from /home/airflow/.local/lib/python3.7/site-packages/airflow/example_dags/example_xcomargs.py
[2022-02-03 20:42:37,501] {logging_mixin.py:109} INFO - [2022-02-03 20:42:37,501] {dag.py:2396} INFO - Sync 2 DAGs
[2022-02-03 20:42:37,513] {logging_mixin.py:109} INFO - [2022-02-03 20:42:37,513] {dag.py:2935} INFO - Setting next_dagrun for example_xcom_args to None
[2022-02-03 20:42:37,513] {logging_mixin.py:109} INFO - [2022-02-03 20:42:37,513] {dag.py:2935} INFO - Setting next_dagrun for example_xcom_args_with_operators to None
[2022-02-03 20:42:37,523] {processor.py:171} INFO - Processing /home/airflow/.local/lib/python3.7/site-packages/airflow/example_dags/example_xcomargs.py took 0.280 seconds
[2022-02-03 20:43:08,439] {processor.py:163} INFO - Started process (PID=808) to work on /home/airflow/.local/lib/python3.7/site-packages/airflow/example_dags/example_xcomargs.py
[2022-02-03 20:43:08,441] {processor.py:642} INFO - Processing file /home/airflow/.local/lib/python3.7/site-packages/airflow/example_dags/example_xcomargs.py for tasks to queue
[2022-02-03 20:43:08,442] {logging_mixin.py:109} INFO - [2022-02-03 20:43:08,441] {dagbag.py:500} INFO - Filling up the DagBag from /home/airflow/.local/lib/python3.7/site-packages/airflow/example_dags/example_xcomargs.py
[2022-02-03 20:43:08,477] {processor.py:654} INFO - DAG(s) dict_keys(['example_xcom_args', 'example_xcom_args_with_operators']) retrieved from /home/airflow/.local/lib/python3.7/site-packages/airflow/example_dags/example_xcomargs.py
[2022-02-03 20:43:08,752] {logging_mixin.py:109} INFO - [2022-02-03 20:43:08,752] {dag.py:2396} INFO - Sync 2 DAGs
[2022-02-03 20:43:08,765] {logging_mixin.py:109} INFO - [2022-02-03 20:43:08,765] {dag.py:2935} INFO - Setting next_dagrun for example_xcom_args to None
[2022-02-03 20:43:08,765] {logging_mixin.py:109} INFO - [2022-02-03 20:43:08,765] {dag.py:2935} INFO - Setting next_dagrun for example_xcom_args_with_operators to None
[2022-02-03 20:43:08,779] {processor.py:171} INFO - Processing /home/airflow/.local/lib/python3.7/site-packages/airflow/example_dags/example_xcomargs.py took 0.343 seconds
[2022-02-03 20:43:39,683] {processor.py:163} INFO - Started process (PID=861) to work on /home/airflow/.local/lib/python3.7/site-packages/airflow/example_dags/example_xcomargs.py
[2022-02-03 20:43:39,684] {processor.py:642} INFO - Processing file /home/airflow/.local/lib/python3.7/site-packages/airflow/example_dags/example_xcomargs.py for tasks to queue
[2022-02-03 20:43:39,685] {logging_mixin.py:109} INFO - [2022-02-03 20:43:39,685] {dagbag.py:500} INFO - Filling up the DagBag from /home/airflow/.local/lib/python3.7/site-packages/airflow/example_dags/example_xcomargs.py
[2022-02-03 20:43:39,712] {processor.py:654} INFO - DAG(s) dict_keys(['example_xcom_args', 'example_xcom_args_with_operators']) retrieved from /home/airflow/.local/lib/python3.7/site-packages/airflow/example_dags/example_xcomargs.py
[2022-02-03 20:43:39,941] {logging_mixin.py:109} INFO - [2022-02-03 20:43:39,941] {dag.py:2396} INFO - Sync 2 DAGs
[2022-02-03 20:43:39,951] {logging_mixin.py:109} INFO - [2022-02-03 20:43:39,951] {dag.py:2935} INFO - Setting next_dagrun for example_xcom_args to None
[2022-02-03 20:43:39,952] {logging_mixin.py:109} INFO - [2022-02-03 20:43:39,952] {dag.py:2935} INFO - Setting next_dagrun for example_xcom_args_with_operators to None
[2022-02-03 20:43:39,961] {processor.py:171} INFO - Processing /home/airflow/.local/lib/python3.7/site-packages/airflow/example_dags/example_xcomargs.py took 0.282 seconds
[2022-02-03 20:44:10,741] {processor.py:163} INFO - Started process (PID=920) to work on /home/airflow/.local/lib/python3.7/site-packages/airflow/example_dags/example_xcomargs.py
[2022-02-03 20:44:10,742] {processor.py:642} INFO - Processing file /home/airflow/.local/lib/python3.7/site-packages/airflow/example_dags/example_xcomargs.py for tasks to queue
[2022-02-03 20:44:10,743] {logging_mixin.py:109} INFO - [2022-02-03 20:44:10,743] {dagbag.py:500} INFO - Filling up the DagBag from /home/airflow/.local/lib/python3.7/site-packages/airflow/example_dags/example_xcomargs.py
[2022-02-03 20:44:10,768] {processor.py:654} INFO - DAG(s) dict_keys(['example_xcom_args', 'example_xcom_args_with_operators']) retrieved from /home/airflow/.local/lib/python3.7/site-packages/airflow/example_dags/example_xcomargs.py
[2022-02-03 20:44:10,958] {logging_mixin.py:109} INFO - [2022-02-03 20:44:10,958] {dag.py:2396} INFO - Sync 2 DAGs
[2022-02-03 20:44:10,969] {logging_mixin.py:109} INFO - [2022-02-03 20:44:10,969] {dag.py:2935} INFO - Setting next_dagrun for example_xcom_args to None
[2022-02-03 20:44:10,970] {logging_mixin.py:109} INFO - [2022-02-03 20:44:10,970] {dag.py:2935} INFO - Setting next_dagrun for example_xcom_args_with_operators to None
[2022-02-03 20:44:10,978] {processor.py:171} INFO - Processing /home/airflow/.local/lib/python3.7/site-packages/airflow/example_dags/example_xcomargs.py took 0.240 seconds
[2022-02-03 20:44:41,215] {processor.py:163} INFO - Started process (PID=970) to work on /home/airflow/.local/lib/python3.7/site-packages/airflow/example_dags/example_xcomargs.py
[2022-02-03 20:44:41,216] {processor.py:642} INFO - Processing file /home/airflow/.local/lib/python3.7/site-packages/airflow/example_dags/example_xcomargs.py for tasks to queue
[2022-02-03 20:44:41,217] {logging_mixin.py:109} INFO - [2022-02-03 20:44:41,217] {dagbag.py:500} INFO - Filling up the DagBag from /home/airflow/.local/lib/python3.7/site-packages/airflow/example_dags/example_xcomargs.py
[2022-02-03 20:44:41,243] {processor.py:654} INFO - DAG(s) dict_keys(['example_xcom_args', 'example_xcom_args_with_operators']) retrieved from /home/airflow/.local/lib/python3.7/site-packages/airflow/example_dags/example_xcomargs.py
[2022-02-03 20:44:41,458] {logging_mixin.py:109} INFO - [2022-02-03 20:44:41,458] {dag.py:2396} INFO - Sync 2 DAGs
[2022-02-03 20:44:41,468] {logging_mixin.py:109} INFO - [2022-02-03 20:44:41,468] {dag.py:2935} INFO - Setting next_dagrun for example_xcom_args to None
[2022-02-03 20:44:41,468] {logging_mixin.py:109} INFO - [2022-02-03 20:44:41,468] {dag.py:2935} INFO - Setting next_dagrun for example_xcom_args_with_operators to None
[2022-02-03 20:44:41,478] {processor.py:171} INFO - Processing /home/airflow/.local/lib/python3.7/site-packages/airflow/example_dags/example_xcomargs.py took 0.265 seconds
[2022-02-03 20:45:11,832] {processor.py:163} INFO - Started process (PID=1032) to work on /home/airflow/.local/lib/python3.7/site-packages/airflow/example_dags/example_xcomargs.py
[2022-02-03 20:45:11,833] {processor.py:642} INFO - Processing file /home/airflow/.local/lib/python3.7/site-packages/airflow/example_dags/example_xcomargs.py for tasks to queue
[2022-02-03 20:45:11,834] {logging_mixin.py:109} INFO - [2022-02-03 20:45:11,834] {dagbag.py:500} INFO - Filling up the DagBag from /home/airflow/.local/lib/python3.7/site-packages/airflow/example_dags/example_xcomargs.py
[2022-02-03 20:45:11,860] {processor.py:654} INFO - DAG(s) dict_keys(['example_xcom_args', 'example_xcom_args_with_operators']) retrieved from /home/airflow/.local/lib/python3.7/site-packages/airflow/example_dags/example_xcomargs.py
[2022-02-03 20:45:12,061] {logging_mixin.py:109} INFO - [2022-02-03 20:45:12,061] {dag.py:2396} INFO - Sync 2 DAGs
[2022-02-03 20:45:12,071] {logging_mixin.py:109} INFO - [2022-02-03 20:45:12,071] {dag.py:2935} INFO - Setting next_dagrun for example_xcom_args to None
[2022-02-03 20:45:12,072] {logging_mixin.py:109} INFO - [2022-02-03 20:45:12,072] {dag.py:2935} INFO - Setting next_dagrun for example_xcom_args_with_operators to None
[2022-02-03 20:45:12,081] {processor.py:171} INFO - Processing /home/airflow/.local/lib/python3.7/site-packages/airflow/example_dags/example_xcomargs.py took 0.251 seconds
[2022-02-03 20:45:42,402] {processor.py:163} INFO - Started process (PID=1083) to work on /home/airflow/.local/lib/python3.7/site-packages/airflow/example_dags/example_xcomargs.py
[2022-02-03 20:45:42,403] {processor.py:642} INFO - Processing file /home/airflow/.local/lib/python3.7/site-packages/airflow/example_dags/example_xcomargs.py for tasks to queue
[2022-02-03 20:45:42,404] {logging_mixin.py:109} INFO - [2022-02-03 20:45:42,404] {dagbag.py:500} INFO - Filling up the DagBag from /home/airflow/.local/lib/python3.7/site-packages/airflow/example_dags/example_xcomargs.py
[2022-02-03 20:45:42,430] {processor.py:654} INFO - DAG(s) dict_keys(['example_xcom_args', 'example_xcom_args_with_operators']) retrieved from /home/airflow/.local/lib/python3.7/site-packages/airflow/example_dags/example_xcomargs.py
[2022-02-03 20:45:42,625] {logging_mixin.py:109} INFO - [2022-02-03 20:45:42,624] {dag.py:2396} INFO - Sync 2 DAGs
[2022-02-03 20:45:42,634] {logging_mixin.py:109} INFO - [2022-02-03 20:45:42,634] {dag.py:2935} INFO - Setting next_dagrun for example_xcom_args to None
[2022-02-03 20:45:42,635] {logging_mixin.py:109} INFO - [2022-02-03 20:45:42,635] {dag.py:2935} INFO - Setting next_dagrun for example_xcom_args_with_operators to None
[2022-02-03 20:45:42,646] {processor.py:171} INFO - Processing /home/airflow/.local/lib/python3.7/site-packages/airflow/example_dags/example_xcomargs.py took 0.247 seconds
[2022-02-03 20:46:12,866] {processor.py:163} INFO - Started process (PID=1145) to work on /home/airflow/.local/lib/python3.7/site-packages/airflow/example_dags/example_xcomargs.py
[2022-02-03 20:46:12,867] {processor.py:642} INFO - Processing file /home/airflow/.local/lib/python3.7/site-packages/airflow/example_dags/example_xcomargs.py for tasks to queue
[2022-02-03 20:46:12,868] {logging_mixin.py:109} INFO - [2022-02-03 20:46:12,868] {dagbag.py:500} INFO - Filling up the DagBag from /home/airflow/.local/lib/python3.7/site-packages/airflow/example_dags/example_xcomargs.py
[2022-02-03 20:46:12,901] {processor.py:654} INFO - DAG(s) dict_keys(['example_xcom_args', 'example_xcom_args_with_operators']) retrieved from /home/airflow/.local/lib/python3.7/site-packages/airflow/example_dags/example_xcomargs.py
[2022-02-03 20:46:13,170] {logging_mixin.py:109} INFO - [2022-02-03 20:46:13,170] {dag.py:2396} INFO - Sync 2 DAGs
[2022-02-03 20:46:13,184] {logging_mixin.py:109} INFO - [2022-02-03 20:46:13,184] {dag.py:2935} INFO - Setting next_dagrun for example_xcom_args to None
[2022-02-03 20:46:13,185] {logging_mixin.py:109} INFO - [2022-02-03 20:46:13,185] {dag.py:2935} INFO - Setting next_dagrun for example_xcom_args_with_operators to None
[2022-02-03 20:46:13,199] {processor.py:171} INFO - Processing /home/airflow/.local/lib/python3.7/site-packages/airflow/example_dags/example_xcomargs.py took 0.337 seconds
[2022-02-03 20:46:43,319] {processor.py:163} INFO - Started process (PID=1196) to work on /home/airflow/.local/lib/python3.7/site-packages/airflow/example_dags/example_xcomargs.py
[2022-02-03 20:46:43,320] {processor.py:642} INFO - Processing file /home/airflow/.local/lib/python3.7/site-packages/airflow/example_dags/example_xcomargs.py for tasks to queue
[2022-02-03 20:46:43,321] {logging_mixin.py:109} INFO - [2022-02-03 20:46:43,321] {dagbag.py:500} INFO - Filling up the DagBag from /home/airflow/.local/lib/python3.7/site-packages/airflow/example_dags/example_xcomargs.py
[2022-02-03 20:46:43,347] {processor.py:654} INFO - DAG(s) dict_keys(['example_xcom_args', 'example_xcom_args_with_operators']) retrieved from /home/airflow/.local/lib/python3.7/site-packages/airflow/example_dags/example_xcomargs.py
[2022-02-03 20:46:43,357] {logging_mixin.py:109} INFO - [2022-02-03 20:46:43,357] {dag.py:2396} INFO - Sync 2 DAGs
[2022-02-03 20:46:43,369] {logging_mixin.py:109} INFO - [2022-02-03 20:46:43,369] {dag.py:2935} INFO - Setting next_dagrun for example_xcom_args to None
[2022-02-03 20:46:43,370] {logging_mixin.py:109} INFO - [2022-02-03 20:46:43,370] {dag.py:2935} INFO - Setting next_dagrun for example_xcom_args_with_operators to None
[2022-02-03 20:46:43,378] {processor.py:171} INFO - Processing /home/airflow/.local/lib/python3.7/site-packages/airflow/example_dags/example_xcomargs.py took 0.062 seconds
[2022-02-03 20:47:13,902] {processor.py:163} INFO - Started process (PID=1257) to work on /home/airflow/.local/lib/python3.7/site-packages/airflow/example_dags/example_xcomargs.py
[2022-02-03 20:47:13,903] {processor.py:642} INFO - Processing file /home/airflow/.local/lib/python3.7/site-packages/airflow/example_dags/example_xcomargs.py for tasks to queue
[2022-02-03 20:47:13,904] {logging_mixin.py:109} INFO - [2022-02-03 20:47:13,904] {dagbag.py:500} INFO - Filling up the DagBag from /home/airflow/.local/lib/python3.7/site-packages/airflow/example_dags/example_xcomargs.py
[2022-02-03 20:47:13,930] {processor.py:654} INFO - DAG(s) dict_keys(['example_xcom_args', 'example_xcom_args_with_operators']) retrieved from /home/airflow/.local/lib/python3.7/site-packages/airflow/example_dags/example_xcomargs.py
[2022-02-03 20:47:14,143] {logging_mixin.py:109} INFO - [2022-02-03 20:47:14,142] {dag.py:2396} INFO - Sync 2 DAGs
[2022-02-03 20:47:14,154] {logging_mixin.py:109} INFO - [2022-02-03 20:47:14,154] {dag.py:2935} INFO - Setting next_dagrun for example_xcom_args to None
[2022-02-03 20:47:14,154] {logging_mixin.py:109} INFO - [2022-02-03 20:47:14,154] {dag.py:2935} INFO - Setting next_dagrun for example_xcom_args_with_operators to None
[2022-02-03 20:47:14,164] {processor.py:171} INFO - Processing /home/airflow/.local/lib/python3.7/site-packages/airflow/example_dags/example_xcomargs.py took 0.265 seconds
[2022-02-03 20:47:44,444] {processor.py:163} INFO - Started process (PID=1308) to work on /home/airflow/.local/lib/python3.7/site-packages/airflow/example_dags/example_xcomargs.py
[2022-02-03 20:47:44,445] {processor.py:642} INFO - Processing file /home/airflow/.local/lib/python3.7/site-packages/airflow/example_dags/example_xcomargs.py for tasks to queue
[2022-02-03 20:47:44,446] {logging_mixin.py:109} INFO - [2022-02-03 20:47:44,445] {dagbag.py:500} INFO - Filling up the DagBag from /home/airflow/.local/lib/python3.7/site-packages/airflow/example_dags/example_xcomargs.py
[2022-02-03 20:47:44,470] {processor.py:654} INFO - DAG(s) dict_keys(['example_xcom_args', 'example_xcom_args_with_operators']) retrieved from /home/airflow/.local/lib/python3.7/site-packages/airflow/example_dags/example_xcomargs.py
[2022-02-03 20:47:44,661] {logging_mixin.py:109} INFO - [2022-02-03 20:47:44,661] {dag.py:2396} INFO - Sync 2 DAGs
[2022-02-03 20:47:44,670] {logging_mixin.py:109} INFO - [2022-02-03 20:47:44,670] {dag.py:2935} INFO - Setting next_dagrun for example_xcom_args to None
[2022-02-03 20:47:44,671] {logging_mixin.py:109} INFO - [2022-02-03 20:47:44,671] {dag.py:2935} INFO - Setting next_dagrun for example_xcom_args_with_operators to None
[2022-02-03 20:47:44,680] {processor.py:171} INFO - Processing /home/airflow/.local/lib/python3.7/site-packages/airflow/example_dags/example_xcomargs.py took 0.239 seconds
[2022-02-03 20:48:15,074] {processor.py:163} INFO - Started process (PID=1369) to work on /home/airflow/.local/lib/python3.7/site-packages/airflow/example_dags/example_xcomargs.py
[2022-02-03 20:48:15,075] {processor.py:642} INFO - Processing file /home/airflow/.local/lib/python3.7/site-packages/airflow/example_dags/example_xcomargs.py for tasks to queue
[2022-02-03 20:48:15,076] {logging_mixin.py:109} INFO - [2022-02-03 20:48:15,076] {dagbag.py:500} INFO - Filling up the DagBag from /home/airflow/.local/lib/python3.7/site-packages/airflow/example_dags/example_xcomargs.py
[2022-02-03 20:48:15,103] {processor.py:654} INFO - DAG(s) dict_keys(['example_xcom_args', 'example_xcom_args_with_operators']) retrieved from /home/airflow/.local/lib/python3.7/site-packages/airflow/example_dags/example_xcomargs.py
[2022-02-03 20:48:15,304] {logging_mixin.py:109} INFO - [2022-02-03 20:48:15,304] {dag.py:2396} INFO - Sync 2 DAGs
[2022-02-03 20:48:15,315] {logging_mixin.py:109} INFO - [2022-02-03 20:48:15,314] {dag.py:2935} INFO - Setting next_dagrun for example_xcom_args to None
[2022-02-03 20:48:15,315] {logging_mixin.py:109} INFO - [2022-02-03 20:48:15,315] {dag.py:2935} INFO - Setting next_dagrun for example_xcom_args_with_operators to None
[2022-02-03 20:48:15,325] {processor.py:171} INFO - Processing /home/airflow/.local/lib/python3.7/site-packages/airflow/example_dags/example_xcomargs.py took 0.253 seconds
[2022-02-03 20:48:45,666] {processor.py:163} INFO - Started process (PID=1431) to work on /home/airflow/.local/lib/python3.7/site-packages/airflow/example_dags/example_xcomargs.py
[2022-02-03 20:48:45,667] {processor.py:642} INFO - Processing file /home/airflow/.local/lib/python3.7/site-packages/airflow/example_dags/example_xcomargs.py for tasks to queue
[2022-02-03 20:48:45,668] {logging_mixin.py:109} INFO - [2022-02-03 20:48:45,668] {dagbag.py:500} INFO - Filling up the DagBag from /home/airflow/.local/lib/python3.7/site-packages/airflow/example_dags/example_xcomargs.py
[2022-02-03 20:48:45,698] {processor.py:654} INFO - DAG(s) dict_keys(['example_xcom_args', 'example_xcom_args_with_operators']) retrieved from /home/airflow/.local/lib/python3.7/site-packages/airflow/example_dags/example_xcomargs.py
[2022-02-03 20:48:45,965] {logging_mixin.py:109} INFO - [2022-02-03 20:48:45,965] {dag.py:2396} INFO - Sync 2 DAGs
[2022-02-03 20:48:45,979] {logging_mixin.py:109} INFO - [2022-02-03 20:48:45,979] {dag.py:2935} INFO - Setting next_dagrun for example_xcom_args to None
[2022-02-03 20:48:45,980] {logging_mixin.py:109} INFO - [2022-02-03 20:48:45,979] {dag.py:2935} INFO - Setting next_dagrun for example_xcom_args_with_operators to None
[2022-02-03 20:48:45,994] {processor.py:171} INFO - Processing /home/airflow/.local/lib/python3.7/site-packages/airflow/example_dags/example_xcomargs.py took 0.330 seconds
[2022-02-03 20:49:16,121] {processor.py:163} INFO - Started process (PID=1482) to work on /home/airflow/.local/lib/python3.7/site-packages/airflow/example_dags/example_xcomargs.py
[2022-02-03 20:49:16,122] {processor.py:642} INFO - Processing file /home/airflow/.local/lib/python3.7/site-packages/airflow/example_dags/example_xcomargs.py for tasks to queue
[2022-02-03 20:49:16,123] {logging_mixin.py:109} INFO - [2022-02-03 20:49:16,123] {dagbag.py:500} INFO - Filling up the DagBag from /home/airflow/.local/lib/python3.7/site-packages/airflow/example_dags/example_xcomargs.py
[2022-02-03 20:49:16,152] {processor.py:654} INFO - DAG(s) dict_keys(['example_xcom_args', 'example_xcom_args_with_operators']) retrieved from /home/airflow/.local/lib/python3.7/site-packages/airflow/example_dags/example_xcomargs.py
[2022-02-03 20:49:16,375] {logging_mixin.py:109} INFO - [2022-02-03 20:49:16,374] {dag.py:2396} INFO - Sync 2 DAGs
[2022-02-03 20:49:16,386] {logging_mixin.py:109} INFO - [2022-02-03 20:49:16,385] {dag.py:2935} INFO - Setting next_dagrun for example_xcom_args to None
[2022-02-03 20:49:16,386] {logging_mixin.py:109} INFO - [2022-02-03 20:49:16,386] {dag.py:2935} INFO - Setting next_dagrun for example_xcom_args_with_operators to None
[2022-02-03 20:49:16,398] {processor.py:171} INFO - Processing /home/airflow/.local/lib/python3.7/site-packages/airflow/example_dags/example_xcomargs.py took 0.280 seconds
[2022-02-03 20:49:46,829] {processor.py:163} INFO - Started process (PID=1543) to work on /home/airflow/.local/lib/python3.7/site-packages/airflow/example_dags/example_xcomargs.py
[2022-02-03 20:49:46,831] {processor.py:642} INFO - Processing file /home/airflow/.local/lib/python3.7/site-packages/airflow/example_dags/example_xcomargs.py for tasks to queue
[2022-02-03 20:49:46,832] {logging_mixin.py:109} INFO - [2022-02-03 20:49:46,832] {dagbag.py:500} INFO - Filling up the DagBag from /home/airflow/.local/lib/python3.7/site-packages/airflow/example_dags/example_xcomargs.py
[2022-02-03 20:49:46,875] {processor.py:654} INFO - DAG(s) dict_keys(['example_xcom_args', 'example_xcom_args_with_operators']) retrieved from /home/airflow/.local/lib/python3.7/site-packages/airflow/example_dags/example_xcomargs.py
[2022-02-03 20:49:47,177] {logging_mixin.py:109} INFO - [2022-02-03 20:49:47,176] {dag.py:2396} INFO - Sync 2 DAGs
[2022-02-03 20:49:47,191] {logging_mixin.py:109} INFO - [2022-02-03 20:49:47,191] {dag.py:2935} INFO - Setting next_dagrun for example_xcom_args to None
[2022-02-03 20:49:47,192] {logging_mixin.py:109} INFO - [2022-02-03 20:49:47,192] {dag.py:2935} INFO - Setting next_dagrun for example_xcom_args_with_operators to None
[2022-02-03 20:49:47,206] {processor.py:171} INFO - Processing /home/airflow/.local/lib/python3.7/site-packages/airflow/example_dags/example_xcomargs.py took 0.380 seconds
[2022-02-03 20:50:18,028] {processor.py:163} INFO - Started process (PID=1595) to work on /home/airflow/.local/lib/python3.7/site-packages/airflow/example_dags/example_xcomargs.py
[2022-02-03 20:50:18,029] {processor.py:642} INFO - Processing file /home/airflow/.local/lib/python3.7/site-packages/airflow/example_dags/example_xcomargs.py for tasks to queue
[2022-02-03 20:50:18,029] {logging_mixin.py:109} INFO - [2022-02-03 20:50:18,029] {dagbag.py:500} INFO - Filling up the DagBag from /home/airflow/.local/lib/python3.7/site-packages/airflow/example_dags/example_xcomargs.py
[2022-02-03 20:50:18,054] {processor.py:654} INFO - DAG(s) dict_keys(['example_xcom_args', 'example_xcom_args_with_operators']) retrieved from /home/airflow/.local/lib/python3.7/site-packages/airflow/example_dags/example_xcomargs.py
[2022-02-03 20:50:18,245] {logging_mixin.py:109} INFO - [2022-02-03 20:50:18,245] {dag.py:2396} INFO - Sync 2 DAGs
[2022-02-03 20:50:18,254] {logging_mixin.py:109} INFO - [2022-02-03 20:50:18,254] {dag.py:2935} INFO - Setting next_dagrun for example_xcom_args to None
[2022-02-03 20:50:18,255] {logging_mixin.py:109} INFO - [2022-02-03 20:50:18,255] {dag.py:2935} INFO - Setting next_dagrun for example_xcom_args_with_operators to None
[2022-02-03 20:50:18,264] {processor.py:171} INFO - Processing /home/airflow/.local/lib/python3.7/site-packages/airflow/example_dags/example_xcomargs.py took 0.239 seconds
[2022-02-03 20:50:48,792] {processor.py:163} INFO - Started process (PID=1656) to work on /home/airflow/.local/lib/python3.7/site-packages/airflow/example_dags/example_xcomargs.py
[2022-02-03 20:50:48,793] {processor.py:642} INFO - Processing file /home/airflow/.local/lib/python3.7/site-packages/airflow/example_dags/example_xcomargs.py for tasks to queue
[2022-02-03 20:50:48,794] {logging_mixin.py:109} INFO - [2022-02-03 20:50:48,794] {dagbag.py:500} INFO - Filling up the DagBag from /home/airflow/.local/lib/python3.7/site-packages/airflow/example_dags/example_xcomargs.py
[2022-02-03 20:50:48,834] {processor.py:654} INFO - DAG(s) dict_keys(['example_xcom_args', 'example_xcom_args_with_operators']) retrieved from /home/airflow/.local/lib/python3.7/site-packages/airflow/example_dags/example_xcomargs.py
[2022-02-03 20:50:49,127] {logging_mixin.py:109} INFO - [2022-02-03 20:50:49,126] {dag.py:2396} INFO - Sync 2 DAGs
[2022-02-03 20:50:49,141] {logging_mixin.py:109} INFO - [2022-02-03 20:50:49,141] {dag.py:2935} INFO - Setting next_dagrun for example_xcom_args to None
[2022-02-03 20:50:49,142] {logging_mixin.py:109} INFO - [2022-02-03 20:50:49,141] {dag.py:2935} INFO - Setting next_dagrun for example_xcom_args_with_operators to None
[2022-02-03 20:50:49,153] {processor.py:171} INFO - Processing /home/airflow/.local/lib/python3.7/site-packages/airflow/example_dags/example_xcomargs.py took 0.366 seconds
[2022-02-03 20:51:19,455] {processor.py:163} INFO - Started process (PID=1706) to work on /home/airflow/.local/lib/python3.7/site-packages/airflow/example_dags/example_xcomargs.py
[2022-02-03 20:51:19,456] {processor.py:642} INFO - Processing file /home/airflow/.local/lib/python3.7/site-packages/airflow/example_dags/example_xcomargs.py for tasks to queue
[2022-02-03 20:51:19,457] {logging_mixin.py:109} INFO - [2022-02-03 20:51:19,457] {dagbag.py:500} INFO - Filling up the DagBag from /home/airflow/.local/lib/python3.7/site-packages/airflow/example_dags/example_xcomargs.py
[2022-02-03 20:51:19,485] {processor.py:654} INFO - DAG(s) dict_keys(['example_xcom_args', 'example_xcom_args_with_operators']) retrieved from /home/airflow/.local/lib/python3.7/site-packages/airflow/example_dags/example_xcomargs.py
[2022-02-03 20:51:19,703] {logging_mixin.py:109} INFO - [2022-02-03 20:51:19,702] {dag.py:2396} INFO - Sync 2 DAGs
[2022-02-03 20:51:19,715] {logging_mixin.py:109} INFO - [2022-02-03 20:51:19,714] {dag.py:2935} INFO - Setting next_dagrun for example_xcom_args to None
[2022-02-03 20:51:19,715] {logging_mixin.py:109} INFO - [2022-02-03 20:51:19,715] {dag.py:2935} INFO - Setting next_dagrun for example_xcom_args_with_operators to None
[2022-02-03 20:51:19,725] {processor.py:171} INFO - Processing /home/airflow/.local/lib/python3.7/site-packages/airflow/example_dags/example_xcomargs.py took 0.272 seconds
[2022-02-03 20:51:50,168] {processor.py:163} INFO - Started process (PID=1768) to work on /home/airflow/.local/lib/python3.7/site-packages/airflow/example_dags/example_xcomargs.py
[2022-02-03 20:51:50,170] {processor.py:642} INFO - Processing file /home/airflow/.local/lib/python3.7/site-packages/airflow/example_dags/example_xcomargs.py for tasks to queue
[2022-02-03 20:51:50,171] {logging_mixin.py:109} INFO - [2022-02-03 20:51:50,171] {dagbag.py:500} INFO - Filling up the DagBag from /home/airflow/.local/lib/python3.7/site-packages/airflow/example_dags/example_xcomargs.py
[2022-02-03 20:51:50,219] {processor.py:654} INFO - DAG(s) dict_keys(['example_xcom_args', 'example_xcom_args_with_operators']) retrieved from /home/airflow/.local/lib/python3.7/site-packages/airflow/example_dags/example_xcomargs.py
[2022-02-03 20:51:50,585] {logging_mixin.py:109} INFO - [2022-02-03 20:51:50,585] {dag.py:2396} INFO - Sync 2 DAGs
[2022-02-03 20:51:50,608] {logging_mixin.py:109} INFO - [2022-02-03 20:51:50,608] {dag.py:2935} INFO - Setting next_dagrun for example_xcom_args to None
[2022-02-03 20:51:50,609] {logging_mixin.py:109} INFO - [2022-02-03 20:51:50,609] {dag.py:2935} INFO - Setting next_dagrun for example_xcom_args_with_operators to None
[2022-02-03 20:51:50,622] {processor.py:171} INFO - Processing /home/airflow/.local/lib/python3.7/site-packages/airflow/example_dags/example_xcomargs.py took 0.458 seconds
[2022-02-03 20:52:21,050] {processor.py:163} INFO - Started process (PID=1819) to work on /home/airflow/.local/lib/python3.7/site-packages/airflow/example_dags/example_xcomargs.py
[2022-02-03 20:52:21,051] {processor.py:642} INFO - Processing file /home/airflow/.local/lib/python3.7/site-packages/airflow/example_dags/example_xcomargs.py for tasks to queue
[2022-02-03 20:52:21,053] {logging_mixin.py:109} INFO - [2022-02-03 20:52:21,053] {dagbag.py:500} INFO - Filling up the DagBag from /home/airflow/.local/lib/python3.7/site-packages/airflow/example_dags/example_xcomargs.py
[2022-02-03 20:52:21,161] {processor.py:654} INFO - DAG(s) dict_keys(['example_xcom_args', 'example_xcom_args_with_operators']) retrieved from /home/airflow/.local/lib/python3.7/site-packages/airflow/example_dags/example_xcomargs.py
[2022-02-03 20:52:21,445] {logging_mixin.py:109} INFO - [2022-02-03 20:52:21,445] {dag.py:2396} INFO - Sync 2 DAGs
[2022-02-03 20:52:21,460] {logging_mixin.py:109} INFO - [2022-02-03 20:52:21,460] {dag.py:2935} INFO - Setting next_dagrun for example_xcom_args to None
[2022-02-03 20:52:21,461] {logging_mixin.py:109} INFO - [2022-02-03 20:52:21,461] {dag.py:2935} INFO - Setting next_dagrun for example_xcom_args_with_operators to None
[2022-02-03 20:52:21,472] {processor.py:171} INFO - Processing /home/airflow/.local/lib/python3.7/site-packages/airflow/example_dags/example_xcomargs.py took 0.426 seconds
[2022-02-03 20:52:52,233] {processor.py:163} INFO - Started process (PID=1871) to work on /home/airflow/.local/lib/python3.7/site-packages/airflow/example_dags/example_xcomargs.py
[2022-02-03 20:52:52,234] {processor.py:642} INFO - Processing file /home/airflow/.local/lib/python3.7/site-packages/airflow/example_dags/example_xcomargs.py for tasks to queue
[2022-02-03 20:52:52,235] {logging_mixin.py:109} INFO - [2022-02-03 20:52:52,235] {dagbag.py:500} INFO - Filling up the DagBag from /home/airflow/.local/lib/python3.7/site-packages/airflow/example_dags/example_xcomargs.py
[2022-02-03 20:52:52,269] {processor.py:654} INFO - DAG(s) dict_keys(['example_xcom_args', 'example_xcom_args_with_operators']) retrieved from /home/airflow/.local/lib/python3.7/site-packages/airflow/example_dags/example_xcomargs.py
[2022-02-03 20:52:52,505] {logging_mixin.py:109} INFO - [2022-02-03 20:52:52,505] {dag.py:2396} INFO - Sync 2 DAGs
[2022-02-03 20:52:52,518] {logging_mixin.py:109} INFO - [2022-02-03 20:52:52,518] {dag.py:2935} INFO - Setting next_dagrun for example_xcom_args to None
[2022-02-03 20:52:52,519] {logging_mixin.py:109} INFO - [2022-02-03 20:52:52,519] {dag.py:2935} INFO - Setting next_dagrun for example_xcom_args_with_operators to None
[2022-02-03 20:52:52,532] {processor.py:171} INFO - Processing /home/airflow/.local/lib/python3.7/site-packages/airflow/example_dags/example_xcomargs.py took 0.302 seconds
[2022-02-03 20:53:23,006] {processor.py:163} INFO - Started process (PID=1931) to work on /home/airflow/.local/lib/python3.7/site-packages/airflow/example_dags/example_xcomargs.py
[2022-02-03 20:53:23,008] {processor.py:642} INFO - Processing file /home/airflow/.local/lib/python3.7/site-packages/airflow/example_dags/example_xcomargs.py for tasks to queue
[2022-02-03 20:53:23,008] {logging_mixin.py:109} INFO - [2022-02-03 20:53:23,008] {dagbag.py:500} INFO - Filling up the DagBag from /home/airflow/.local/lib/python3.7/site-packages/airflow/example_dags/example_xcomargs.py
[2022-02-03 20:53:23,116] {processor.py:654} INFO - DAG(s) dict_keys(['example_xcom_args', 'example_xcom_args_with_operators']) retrieved from /home/airflow/.local/lib/python3.7/site-packages/airflow/example_dags/example_xcomargs.py
[2022-02-03 20:53:23,319] {logging_mixin.py:109} INFO - [2022-02-03 20:53:23,319] {dag.py:2396} INFO - Sync 2 DAGs
[2022-02-03 20:53:23,335] {logging_mixin.py:109} INFO - [2022-02-03 20:53:23,335] {dag.py:2935} INFO - Setting next_dagrun for example_xcom_args to None
[2022-02-03 20:53:23,335] {logging_mixin.py:109} INFO - [2022-02-03 20:53:23,335] {dag.py:2935} INFO - Setting next_dagrun for example_xcom_args_with_operators to None
[2022-02-03 20:53:23,346] {processor.py:171} INFO - Processing /home/airflow/.local/lib/python3.7/site-packages/airflow/example_dags/example_xcomargs.py took 0.344 seconds
[2022-02-03 20:53:53,489] {processor.py:163} INFO - Started process (PID=1982) to work on /home/airflow/.local/lib/python3.7/site-packages/airflow/example_dags/example_xcomargs.py
[2022-02-03 20:53:53,490] {processor.py:642} INFO - Processing file /home/airflow/.local/lib/python3.7/site-packages/airflow/example_dags/example_xcomargs.py for tasks to queue
[2022-02-03 20:53:53,491] {logging_mixin.py:109} INFO - [2022-02-03 20:53:53,491] {dagbag.py:500} INFO - Filling up the DagBag from /home/airflow/.local/lib/python3.7/site-packages/airflow/example_dags/example_xcomargs.py
[2022-02-03 20:53:53,603] {processor.py:654} INFO - DAG(s) dict_keys(['example_xcom_args', 'example_xcom_args_with_operators']) retrieved from /home/airflow/.local/lib/python3.7/site-packages/airflow/example_dags/example_xcomargs.py
[2022-02-03 20:53:53,817] {logging_mixin.py:109} INFO - [2022-02-03 20:53:53,817] {dag.py:2396} INFO - Sync 2 DAGs
[2022-02-03 20:53:53,831] {logging_mixin.py:109} INFO - [2022-02-03 20:53:53,831] {dag.py:2935} INFO - Setting next_dagrun for example_xcom_args to None
[2022-02-03 20:53:53,831] {logging_mixin.py:109} INFO - [2022-02-03 20:53:53,831] {dag.py:2935} INFO - Setting next_dagrun for example_xcom_args_with_operators to None
[2022-02-03 20:53:53,843] {processor.py:171} INFO - Processing /home/airflow/.local/lib/python3.7/site-packages/airflow/example_dags/example_xcomargs.py took 0.358 seconds
[2022-02-03 20:54:23,922] {processor.py:163} INFO - Started process (PID=2043) to work on /home/airflow/.local/lib/python3.7/site-packages/airflow/example_dags/example_xcomargs.py
[2022-02-03 20:54:23,923] {processor.py:642} INFO - Processing file /home/airflow/.local/lib/python3.7/site-packages/airflow/example_dags/example_xcomargs.py for tasks to queue
[2022-02-03 20:54:23,924] {logging_mixin.py:109} INFO - [2022-02-03 20:54:23,924] {dagbag.py:500} INFO - Filling up the DagBag from /home/airflow/.local/lib/python3.7/site-packages/airflow/example_dags/example_xcomargs.py
[2022-02-03 20:54:24,019] {processor.py:654} INFO - DAG(s) dict_keys(['example_xcom_args', 'example_xcom_args_with_operators']) retrieved from /home/airflow/.local/lib/python3.7/site-packages/airflow/example_dags/example_xcomargs.py
[2022-02-03 20:54:24,172] {logging_mixin.py:109} INFO - [2022-02-03 20:54:24,172] {dag.py:2396} INFO - Sync 2 DAGs
[2022-02-03 20:54:24,188] {logging_mixin.py:109} INFO - [2022-02-03 20:54:24,188] {dag.py:2935} INFO - Setting next_dagrun for example_xcom_args to None
[2022-02-03 20:54:24,189] {logging_mixin.py:109} INFO - [2022-02-03 20:54:24,189] {dag.py:2935} INFO - Setting next_dagrun for example_xcom_args_with_operators to None
[2022-02-03 20:54:24,203] {processor.py:171} INFO - Processing /home/airflow/.local/lib/python3.7/site-packages/airflow/example_dags/example_xcomargs.py took 0.283 seconds
[2022-02-03 20:54:54,680] {processor.py:163} INFO - Started process (PID=2094) to work on /home/airflow/.local/lib/python3.7/site-packages/airflow/example_dags/example_xcomargs.py
[2022-02-03 20:54:54,681] {processor.py:642} INFO - Processing file /home/airflow/.local/lib/python3.7/site-packages/airflow/example_dags/example_xcomargs.py for tasks to queue
[2022-02-03 20:54:54,682] {logging_mixin.py:109} INFO - [2022-02-03 20:54:54,682] {dagbag.py:500} INFO - Filling up the DagBag from /home/airflow/.local/lib/python3.7/site-packages/airflow/example_dags/example_xcomargs.py
[2022-02-03 20:54:54,836] {processor.py:654} INFO - DAG(s) dict_keys(['example_xcom_args', 'example_xcom_args_with_operators']) retrieved from /home/airflow/.local/lib/python3.7/site-packages/airflow/example_dags/example_xcomargs.py
[2022-02-03 20:54:55,072] {logging_mixin.py:109} INFO - [2022-02-03 20:54:55,072] {dag.py:2396} INFO - Sync 2 DAGs
[2022-02-03 20:54:55,091] {logging_mixin.py:109} INFO - [2022-02-03 20:54:55,091] {dag.py:2935} INFO - Setting next_dagrun for example_xcom_args to None
[2022-02-03 20:54:55,092] {logging_mixin.py:109} INFO - [2022-02-03 20:54:55,092] {dag.py:2935} INFO - Setting next_dagrun for example_xcom_args_with_operators to None
[2022-02-03 20:54:55,107] {processor.py:171} INFO - Processing /home/airflow/.local/lib/python3.7/site-packages/airflow/example_dags/example_xcomargs.py took 0.431 seconds
[2022-02-03 20:55:25,446] {processor.py:163} INFO - Started process (PID=2154) to work on /home/airflow/.local/lib/python3.7/site-packages/airflow/example_dags/example_xcomargs.py
[2022-02-03 20:55:25,448] {processor.py:642} INFO - Processing file /home/airflow/.local/lib/python3.7/site-packages/airflow/example_dags/example_xcomargs.py for tasks to queue
[2022-02-03 20:55:25,449] {logging_mixin.py:109} INFO - [2022-02-03 20:55:25,449] {dagbag.py:500} INFO - Filling up the DagBag from /home/airflow/.local/lib/python3.7/site-packages/airflow/example_dags/example_xcomargs.py
[2022-02-03 20:55:25,567] {processor.py:654} INFO - DAG(s) dict_keys(['example_xcom_args', 'example_xcom_args_with_operators']) retrieved from /home/airflow/.local/lib/python3.7/site-packages/airflow/example_dags/example_xcomargs.py
[2022-02-03 20:55:25,766] {logging_mixin.py:109} INFO - [2022-02-03 20:55:25,766] {dag.py:2396} INFO - Sync 2 DAGs
[2022-02-03 20:55:25,780] {logging_mixin.py:109} INFO - [2022-02-03 20:55:25,780] {dag.py:2935} INFO - Setting next_dagrun for example_xcom_args to None
[2022-02-03 20:55:25,781] {logging_mixin.py:109} INFO - [2022-02-03 20:55:25,781] {dag.py:2935} INFO - Setting next_dagrun for example_xcom_args_with_operators to None
[2022-02-03 20:55:25,792] {processor.py:171} INFO - Processing /home/airflow/.local/lib/python3.7/site-packages/airflow/example_dags/example_xcomargs.py took 0.350 seconds
