[2022-02-03 20:38:28,064] {processor.py:163} INFO - Started process (PID=103) to work on /home/airflow/.local/lib/python3.7/site-packages/airflow/example_dags/example_complex.py
[2022-02-03 20:38:28,066] {processor.py:642} INFO - Processing file /home/airflow/.local/lib/python3.7/site-packages/airflow/example_dags/example_complex.py for tasks to queue
[2022-02-03 20:38:28,068] {logging_mixin.py:109} INFO - [2022-02-03 20:38:28,068] {dagbag.py:500} INFO - Filling up the DagBag from /home/airflow/.local/lib/python3.7/site-packages/airflow/example_dags/example_complex.py
[2022-02-03 20:38:28,152] {processor.py:654} INFO - DAG(s) dict_keys(['example_complex']) retrieved from /home/airflow/.local/lib/python3.7/site-packages/airflow/example_dags/example_complex.py
[2022-02-03 20:38:31,508] {logging_mixin.py:109} INFO - [2022-02-03 20:38:31,508] {manager.py:496} INFO - Created Permission View: can read on DAG:example_complex
[2022-02-03 20:38:31,523] {logging_mixin.py:109} INFO - [2022-02-03 20:38:31,523] {manager.py:496} INFO - Created Permission View: can edit on DAG:example_complex
[2022-02-03 20:38:31,524] {logging_mixin.py:109} INFO - [2022-02-03 20:38:31,523] {dag.py:2396} INFO - Sync 1 DAGs
[2022-02-03 20:38:31,535] {logging_mixin.py:109} INFO - [2022-02-03 20:38:31,535] {dag.py:2415} INFO - Creating ORM DAG for example_complex
[2022-02-03 20:38:31,551] {logging_mixin.py:109} INFO - [2022-02-03 20:38:31,551] {dag.py:2935} INFO - Setting next_dagrun for example_complex to None
[2022-02-03 20:38:31,571] {processor.py:171} INFO - Processing /home/airflow/.local/lib/python3.7/site-packages/airflow/example_dags/example_complex.py took 3.515 seconds
[2022-02-03 20:39:02,152] {processor.py:163} INFO - Started process (PID=356) to work on /home/airflow/.local/lib/python3.7/site-packages/airflow/example_dags/example_complex.py
[2022-02-03 20:39:02,153] {processor.py:642} INFO - Processing file /home/airflow/.local/lib/python3.7/site-packages/airflow/example_dags/example_complex.py for tasks to queue
[2022-02-03 20:39:02,154] {logging_mixin.py:109} INFO - [2022-02-03 20:39:02,154] {dagbag.py:500} INFO - Filling up the DagBag from /home/airflow/.local/lib/python3.7/site-packages/airflow/example_dags/example_complex.py
[2022-02-03 20:39:02,186] {processor.py:654} INFO - DAG(s) dict_keys(['example_complex']) retrieved from /home/airflow/.local/lib/python3.7/site-packages/airflow/example_dags/example_complex.py
[2022-02-03 20:39:02,200] {logging_mixin.py:109} INFO - [2022-02-03 20:39:02,200] {dag.py:2396} INFO - Sync 1 DAGs
[2022-02-03 20:39:02,216] {logging_mixin.py:109} INFO - [2022-02-03 20:39:02,216] {dag.py:2935} INFO - Setting next_dagrun for example_complex to None
[2022-02-03 20:39:02,225] {processor.py:171} INFO - Processing /home/airflow/.local/lib/python3.7/site-packages/airflow/example_dags/example_complex.py took 0.076 seconds
[2022-02-03 20:39:32,249] {processor.py:163} INFO - Started process (PID=410) to work on /home/airflow/.local/lib/python3.7/site-packages/airflow/example_dags/example_complex.py
[2022-02-03 20:39:32,250] {processor.py:642} INFO - Processing file /home/airflow/.local/lib/python3.7/site-packages/airflow/example_dags/example_complex.py for tasks to queue
[2022-02-03 20:39:32,251] {logging_mixin.py:109} INFO - [2022-02-03 20:39:32,251] {dagbag.py:500} INFO - Filling up the DagBag from /home/airflow/.local/lib/python3.7/site-packages/airflow/example_dags/example_complex.py
[2022-02-03 20:39:32,280] {processor.py:654} INFO - DAG(s) dict_keys(['example_complex']) retrieved from /home/airflow/.local/lib/python3.7/site-packages/airflow/example_dags/example_complex.py
[2022-02-03 20:39:32,293] {logging_mixin.py:109} INFO - [2022-02-03 20:39:32,292] {dag.py:2396} INFO - Sync 1 DAGs
[2022-02-03 20:39:32,305] {logging_mixin.py:109} INFO - [2022-02-03 20:39:32,305] {dag.py:2935} INFO - Setting next_dagrun for example_complex to None
[2022-02-03 20:39:32,313] {processor.py:171} INFO - Processing /home/airflow/.local/lib/python3.7/site-packages/airflow/example_dags/example_complex.py took 0.067 seconds
[2022-02-03 20:40:02,392] {processor.py:163} INFO - Started process (PID=460) to work on /home/airflow/.local/lib/python3.7/site-packages/airflow/example_dags/example_complex.py
[2022-02-03 20:40:02,394] {processor.py:642} INFO - Processing file /home/airflow/.local/lib/python3.7/site-packages/airflow/example_dags/example_complex.py for tasks to queue
[2022-02-03 20:40:02,395] {logging_mixin.py:109} INFO - [2022-02-03 20:40:02,395] {dagbag.py:500} INFO - Filling up the DagBag from /home/airflow/.local/lib/python3.7/site-packages/airflow/example_dags/example_complex.py
[2022-02-03 20:40:02,438] {processor.py:654} INFO - DAG(s) dict_keys(['example_complex']) retrieved from /home/airflow/.local/lib/python3.7/site-packages/airflow/example_dags/example_complex.py
[2022-02-03 20:40:02,457] {logging_mixin.py:109} INFO - [2022-02-03 20:40:02,457] {dag.py:2396} INFO - Sync 1 DAGs
[2022-02-03 20:40:02,474] {logging_mixin.py:109} INFO - [2022-02-03 20:40:02,474] {dag.py:2935} INFO - Setting next_dagrun for example_complex to None
[2022-02-03 20:40:02,487] {processor.py:171} INFO - Processing /home/airflow/.local/lib/python3.7/site-packages/airflow/example_dags/example_complex.py took 0.099 seconds
[2022-02-03 20:40:32,673] {processor.py:163} INFO - Started process (PID=521) to work on /home/airflow/.local/lib/python3.7/site-packages/airflow/example_dags/example_complex.py
[2022-02-03 20:40:32,675] {processor.py:642} INFO - Processing file /home/airflow/.local/lib/python3.7/site-packages/airflow/example_dags/example_complex.py for tasks to queue
[2022-02-03 20:40:32,676] {logging_mixin.py:109} INFO - [2022-02-03 20:40:32,676] {dagbag.py:500} INFO - Filling up the DagBag from /home/airflow/.local/lib/python3.7/site-packages/airflow/example_dags/example_complex.py
[2022-02-03 20:40:32,768] {processor.py:654} INFO - DAG(s) dict_keys(['example_complex']) retrieved from /home/airflow/.local/lib/python3.7/site-packages/airflow/example_dags/example_complex.py
[2022-02-03 20:40:32,790] {logging_mixin.py:109} INFO - [2022-02-03 20:40:32,789] {dag.py:2396} INFO - Sync 1 DAGs
[2022-02-03 20:40:32,810] {logging_mixin.py:109} INFO - [2022-02-03 20:40:32,810] {dag.py:2935} INFO - Setting next_dagrun for example_complex to None
[2022-02-03 20:40:32,819] {processor.py:171} INFO - Processing /home/airflow/.local/lib/python3.7/site-packages/airflow/example_dags/example_complex.py took 0.150 seconds
[2022-02-03 20:41:03,698] {processor.py:163} INFO - Started process (PID=572) to work on /home/airflow/.local/lib/python3.7/site-packages/airflow/example_dags/example_complex.py
[2022-02-03 20:41:03,700] {processor.py:642} INFO - Processing file /home/airflow/.local/lib/python3.7/site-packages/airflow/example_dags/example_complex.py for tasks to queue
[2022-02-03 20:41:03,700] {logging_mixin.py:109} INFO - [2022-02-03 20:41:03,700] {dagbag.py:500} INFO - Filling up the DagBag from /home/airflow/.local/lib/python3.7/site-packages/airflow/example_dags/example_complex.py
[2022-02-03 20:41:03,731] {processor.py:654} INFO - DAG(s) dict_keys(['example_complex']) retrieved from /home/airflow/.local/lib/python3.7/site-packages/airflow/example_dags/example_complex.py
[2022-02-03 20:41:03,745] {logging_mixin.py:109} INFO - [2022-02-03 20:41:03,745] {dag.py:2396} INFO - Sync 1 DAGs
[2022-02-03 20:41:03,760] {logging_mixin.py:109} INFO - [2022-02-03 20:41:03,759] {dag.py:2935} INFO - Setting next_dagrun for example_complex to None
[2022-02-03 20:41:03,769] {processor.py:171} INFO - Processing /home/airflow/.local/lib/python3.7/site-packages/airflow/example_dags/example_complex.py took 0.074 seconds
[2022-02-03 20:41:34,822] {processor.py:163} INFO - Started process (PID=632) to work on /home/airflow/.local/lib/python3.7/site-packages/airflow/example_dags/example_complex.py
[2022-02-03 20:41:34,823] {processor.py:642} INFO - Processing file /home/airflow/.local/lib/python3.7/site-packages/airflow/example_dags/example_complex.py for tasks to queue
[2022-02-03 20:41:34,823] {logging_mixin.py:109} INFO - [2022-02-03 20:41:34,823] {dagbag.py:500} INFO - Filling up the DagBag from /home/airflow/.local/lib/python3.7/site-packages/airflow/example_dags/example_complex.py
[2022-02-03 20:41:34,851] {processor.py:654} INFO - DAG(s) dict_keys(['example_complex']) retrieved from /home/airflow/.local/lib/python3.7/site-packages/airflow/example_dags/example_complex.py
[2022-02-03 20:41:34,864] {logging_mixin.py:109} INFO - [2022-02-03 20:41:34,864] {dag.py:2396} INFO - Sync 1 DAGs
[2022-02-03 20:41:34,876] {logging_mixin.py:109} INFO - [2022-02-03 20:41:34,876] {dag.py:2935} INFO - Setting next_dagrun for example_complex to None
[2022-02-03 20:41:34,884] {processor.py:171} INFO - Processing /home/airflow/.local/lib/python3.7/site-packages/airflow/example_dags/example_complex.py took 0.065 seconds
[2022-02-03 20:42:05,875] {processor.py:163} INFO - Started process (PID=693) to work on /home/airflow/.local/lib/python3.7/site-packages/airflow/example_dags/example_complex.py
[2022-02-03 20:42:05,876] {processor.py:642} INFO - Processing file /home/airflow/.local/lib/python3.7/site-packages/airflow/example_dags/example_complex.py for tasks to queue
[2022-02-03 20:42:05,878] {logging_mixin.py:109} INFO - [2022-02-03 20:42:05,878] {dagbag.py:500} INFO - Filling up the DagBag from /home/airflow/.local/lib/python3.7/site-packages/airflow/example_dags/example_complex.py
[2022-02-03 20:42:05,931] {processor.py:654} INFO - DAG(s) dict_keys(['example_complex']) retrieved from /home/airflow/.local/lib/python3.7/site-packages/airflow/example_dags/example_complex.py
[2022-02-03 20:42:05,957] {logging_mixin.py:109} INFO - [2022-02-03 20:42:05,957] {dag.py:2396} INFO - Sync 1 DAGs
[2022-02-03 20:42:05,978] {logging_mixin.py:109} INFO - [2022-02-03 20:42:05,978] {dag.py:2935} INFO - Setting next_dagrun for example_complex to None
[2022-02-03 20:42:05,989] {processor.py:171} INFO - Processing /home/airflow/.local/lib/python3.7/site-packages/airflow/example_dags/example_complex.py took 0.118 seconds
[2022-02-03 20:42:37,164] {processor.py:163} INFO - Started process (PID=744) to work on /home/airflow/.local/lib/python3.7/site-packages/airflow/example_dags/example_complex.py
[2022-02-03 20:42:37,165] {processor.py:642} INFO - Processing file /home/airflow/.local/lib/python3.7/site-packages/airflow/example_dags/example_complex.py for tasks to queue
[2022-02-03 20:42:37,165] {logging_mixin.py:109} INFO - [2022-02-03 20:42:37,165] {dagbag.py:500} INFO - Filling up the DagBag from /home/airflow/.local/lib/python3.7/site-packages/airflow/example_dags/example_complex.py
[2022-02-03 20:42:37,194] {processor.py:654} INFO - DAG(s) dict_keys(['example_complex']) retrieved from /home/airflow/.local/lib/python3.7/site-packages/airflow/example_dags/example_complex.py
[2022-02-03 20:42:37,207] {logging_mixin.py:109} INFO - [2022-02-03 20:42:37,207] {dag.py:2396} INFO - Sync 1 DAGs
[2022-02-03 20:42:37,220] {logging_mixin.py:109} INFO - [2022-02-03 20:42:37,220] {dag.py:2935} INFO - Setting next_dagrun for example_complex to None
[2022-02-03 20:42:37,229] {processor.py:171} INFO - Processing /home/airflow/.local/lib/python3.7/site-packages/airflow/example_dags/example_complex.py took 0.068 seconds
[2022-02-03 20:43:08,271] {processor.py:163} INFO - Started process (PID=805) to work on /home/airflow/.local/lib/python3.7/site-packages/airflow/example_dags/example_complex.py
[2022-02-03 20:43:08,272] {processor.py:642} INFO - Processing file /home/airflow/.local/lib/python3.7/site-packages/airflow/example_dags/example_complex.py for tasks to queue
[2022-02-03 20:43:08,273] {logging_mixin.py:109} INFO - [2022-02-03 20:43:08,273] {dagbag.py:500} INFO - Filling up the DagBag from /home/airflow/.local/lib/python3.7/site-packages/airflow/example_dags/example_complex.py
[2022-02-03 20:43:08,309] {processor.py:654} INFO - DAG(s) dict_keys(['example_complex']) retrieved from /home/airflow/.local/lib/python3.7/site-packages/airflow/example_dags/example_complex.py
[2022-02-03 20:43:08,324] {logging_mixin.py:109} INFO - [2022-02-03 20:43:08,324] {dag.py:2396} INFO - Sync 1 DAGs
[2022-02-03 20:43:08,340] {logging_mixin.py:109} INFO - [2022-02-03 20:43:08,340] {dag.py:2935} INFO - Setting next_dagrun for example_complex to None
[2022-02-03 20:43:08,351] {processor.py:171} INFO - Processing /home/airflow/.local/lib/python3.7/site-packages/airflow/example_dags/example_complex.py took 0.084 seconds
[2022-02-03 20:43:39,516] {processor.py:163} INFO - Started process (PID=857) to work on /home/airflow/.local/lib/python3.7/site-packages/airflow/example_dags/example_complex.py
[2022-02-03 20:43:39,518] {processor.py:642} INFO - Processing file /home/airflow/.local/lib/python3.7/site-packages/airflow/example_dags/example_complex.py for tasks to queue
[2022-02-03 20:43:39,518] {logging_mixin.py:109} INFO - [2022-02-03 20:43:39,518] {dagbag.py:500} INFO - Filling up the DagBag from /home/airflow/.local/lib/python3.7/site-packages/airflow/example_dags/example_complex.py
[2022-02-03 20:43:39,548] {processor.py:654} INFO - DAG(s) dict_keys(['example_complex']) retrieved from /home/airflow/.local/lib/python3.7/site-packages/airflow/example_dags/example_complex.py
[2022-02-03 20:43:39,565] {logging_mixin.py:109} INFO - [2022-02-03 20:43:39,565] {dag.py:2396} INFO - Sync 1 DAGs
[2022-02-03 20:43:39,584] {logging_mixin.py:109} INFO - [2022-02-03 20:43:39,584] {dag.py:2935} INFO - Setting next_dagrun for example_complex to None
[2022-02-03 20:43:39,593] {processor.py:171} INFO - Processing /home/airflow/.local/lib/python3.7/site-packages/airflow/example_dags/example_complex.py took 0.080 seconds
[2022-02-03 20:44:10,597] {processor.py:163} INFO - Started process (PID=916) to work on /home/airflow/.local/lib/python3.7/site-packages/airflow/example_dags/example_complex.py
[2022-02-03 20:44:10,598] {processor.py:642} INFO - Processing file /home/airflow/.local/lib/python3.7/site-packages/airflow/example_dags/example_complex.py for tasks to queue
[2022-02-03 20:44:10,599] {logging_mixin.py:109} INFO - [2022-02-03 20:44:10,598] {dagbag.py:500} INFO - Filling up the DagBag from /home/airflow/.local/lib/python3.7/site-packages/airflow/example_dags/example_complex.py
[2022-02-03 20:44:10,626] {processor.py:654} INFO - DAG(s) dict_keys(['example_complex']) retrieved from /home/airflow/.local/lib/python3.7/site-packages/airflow/example_dags/example_complex.py
[2022-02-03 20:44:10,639] {logging_mixin.py:109} INFO - [2022-02-03 20:44:10,639] {dag.py:2396} INFO - Sync 1 DAGs
[2022-02-03 20:44:10,652] {logging_mixin.py:109} INFO - [2022-02-03 20:44:10,652] {dag.py:2935} INFO - Setting next_dagrun for example_complex to None
[2022-02-03 20:44:10,662] {processor.py:171} INFO - Processing /home/airflow/.local/lib/python3.7/site-packages/airflow/example_dags/example_complex.py took 0.067 seconds
[2022-02-03 20:44:41,073] {processor.py:163} INFO - Started process (PID=966) to work on /home/airflow/.local/lib/python3.7/site-packages/airflow/example_dags/example_complex.py
[2022-02-03 20:44:41,074] {processor.py:642} INFO - Processing file /home/airflow/.local/lib/python3.7/site-packages/airflow/example_dags/example_complex.py for tasks to queue
[2022-02-03 20:44:41,075] {logging_mixin.py:109} INFO - [2022-02-03 20:44:41,075] {dagbag.py:500} INFO - Filling up the DagBag from /home/airflow/.local/lib/python3.7/site-packages/airflow/example_dags/example_complex.py
[2022-02-03 20:44:41,102] {processor.py:654} INFO - DAG(s) dict_keys(['example_complex']) retrieved from /home/airflow/.local/lib/python3.7/site-packages/airflow/example_dags/example_complex.py
[2022-02-03 20:44:41,114] {logging_mixin.py:109} INFO - [2022-02-03 20:44:41,114] {dag.py:2396} INFO - Sync 1 DAGs
[2022-02-03 20:44:41,130] {logging_mixin.py:109} INFO - [2022-02-03 20:44:41,129] {dag.py:2935} INFO - Setting next_dagrun for example_complex to None
[2022-02-03 20:44:41,138] {processor.py:171} INFO - Processing /home/airflow/.local/lib/python3.7/site-packages/airflow/example_dags/example_complex.py took 0.067 seconds
[2022-02-03 20:45:11,690] {processor.py:163} INFO - Started process (PID=1028) to work on /home/airflow/.local/lib/python3.7/site-packages/airflow/example_dags/example_complex.py
[2022-02-03 20:45:11,691] {processor.py:642} INFO - Processing file /home/airflow/.local/lib/python3.7/site-packages/airflow/example_dags/example_complex.py for tasks to queue
[2022-02-03 20:45:11,692] {logging_mixin.py:109} INFO - [2022-02-03 20:45:11,692] {dagbag.py:500} INFO - Filling up the DagBag from /home/airflow/.local/lib/python3.7/site-packages/airflow/example_dags/example_complex.py
[2022-02-03 20:45:11,718] {processor.py:654} INFO - DAG(s) dict_keys(['example_complex']) retrieved from /home/airflow/.local/lib/python3.7/site-packages/airflow/example_dags/example_complex.py
[2022-02-03 20:45:11,731] {logging_mixin.py:109} INFO - [2022-02-03 20:45:11,731] {dag.py:2396} INFO - Sync 1 DAGs
[2022-02-03 20:45:11,743] {logging_mixin.py:109} INFO - [2022-02-03 20:45:11,743] {dag.py:2935} INFO - Setting next_dagrun for example_complex to None
[2022-02-03 20:45:11,752] {processor.py:171} INFO - Processing /home/airflow/.local/lib/python3.7/site-packages/airflow/example_dags/example_complex.py took 0.064 seconds
[2022-02-03 20:45:42,259] {processor.py:163} INFO - Started process (PID=1079) to work on /home/airflow/.local/lib/python3.7/site-packages/airflow/example_dags/example_complex.py
[2022-02-03 20:45:42,260] {processor.py:642} INFO - Processing file /home/airflow/.local/lib/python3.7/site-packages/airflow/example_dags/example_complex.py for tasks to queue
[2022-02-03 20:45:42,261] {logging_mixin.py:109} INFO - [2022-02-03 20:45:42,261] {dagbag.py:500} INFO - Filling up the DagBag from /home/airflow/.local/lib/python3.7/site-packages/airflow/example_dags/example_complex.py
[2022-02-03 20:45:42,288] {processor.py:654} INFO - DAG(s) dict_keys(['example_complex']) retrieved from /home/airflow/.local/lib/python3.7/site-packages/airflow/example_dags/example_complex.py
[2022-02-03 20:45:42,300] {logging_mixin.py:109} INFO - [2022-02-03 20:45:42,300] {dag.py:2396} INFO - Sync 1 DAGs
[2022-02-03 20:45:42,313] {logging_mixin.py:109} INFO - [2022-02-03 20:45:42,313] {dag.py:2935} INFO - Setting next_dagrun for example_complex to None
[2022-02-03 20:45:42,322] {processor.py:171} INFO - Processing /home/airflow/.local/lib/python3.7/site-packages/airflow/example_dags/example_complex.py took 0.065 seconds
[2022-02-03 20:46:12,697] {processor.py:163} INFO - Started process (PID=1141) to work on /home/airflow/.local/lib/python3.7/site-packages/airflow/example_dags/example_complex.py
[2022-02-03 20:46:12,699] {processor.py:642} INFO - Processing file /home/airflow/.local/lib/python3.7/site-packages/airflow/example_dags/example_complex.py for tasks to queue
[2022-02-03 20:46:12,699] {logging_mixin.py:109} INFO - [2022-02-03 20:46:12,699] {dagbag.py:500} INFO - Filling up the DagBag from /home/airflow/.local/lib/python3.7/site-packages/airflow/example_dags/example_complex.py
[2022-02-03 20:46:12,732] {processor.py:654} INFO - DAG(s) dict_keys(['example_complex']) retrieved from /home/airflow/.local/lib/python3.7/site-packages/airflow/example_dags/example_complex.py
[2022-02-03 20:46:12,746] {logging_mixin.py:109} INFO - [2022-02-03 20:46:12,746] {dag.py:2396} INFO - Sync 1 DAGs
[2022-02-03 20:46:12,763] {logging_mixin.py:109} INFO - [2022-02-03 20:46:12,763] {dag.py:2935} INFO - Setting next_dagrun for example_complex to None
[2022-02-03 20:46:12,773] {processor.py:171} INFO - Processing /home/airflow/.local/lib/python3.7/site-packages/airflow/example_dags/example_complex.py took 0.079 seconds
[2022-02-03 20:46:43,173] {processor.py:163} INFO - Started process (PID=1192) to work on /home/airflow/.local/lib/python3.7/site-packages/airflow/example_dags/example_complex.py
[2022-02-03 20:46:43,175] {processor.py:642} INFO - Processing file /home/airflow/.local/lib/python3.7/site-packages/airflow/example_dags/example_complex.py for tasks to queue
[2022-02-03 20:46:43,175] {logging_mixin.py:109} INFO - [2022-02-03 20:46:43,175] {dagbag.py:500} INFO - Filling up the DagBag from /home/airflow/.local/lib/python3.7/site-packages/airflow/example_dags/example_complex.py
[2022-02-03 20:46:43,203] {processor.py:654} INFO - DAG(s) dict_keys(['example_complex']) retrieved from /home/airflow/.local/lib/python3.7/site-packages/airflow/example_dags/example_complex.py
[2022-02-03 20:46:43,214] {logging_mixin.py:109} INFO - [2022-02-03 20:46:43,214] {dag.py:2396} INFO - Sync 1 DAGs
[2022-02-03 20:46:43,227] {logging_mixin.py:109} INFO - [2022-02-03 20:46:43,227] {dag.py:2935} INFO - Setting next_dagrun for example_complex to None
[2022-02-03 20:46:43,236] {processor.py:171} INFO - Processing /home/airflow/.local/lib/python3.7/site-packages/airflow/example_dags/example_complex.py took 0.065 seconds
[2022-02-03 20:47:13,762] {processor.py:163} INFO - Started process (PID=1253) to work on /home/airflow/.local/lib/python3.7/site-packages/airflow/example_dags/example_complex.py
[2022-02-03 20:47:13,763] {processor.py:642} INFO - Processing file /home/airflow/.local/lib/python3.7/site-packages/airflow/example_dags/example_complex.py for tasks to queue
[2022-02-03 20:47:13,764] {logging_mixin.py:109} INFO - [2022-02-03 20:47:13,764] {dagbag.py:500} INFO - Filling up the DagBag from /home/airflow/.local/lib/python3.7/site-packages/airflow/example_dags/example_complex.py
[2022-02-03 20:47:13,791] {processor.py:654} INFO - DAG(s) dict_keys(['example_complex']) retrieved from /home/airflow/.local/lib/python3.7/site-packages/airflow/example_dags/example_complex.py
[2022-02-03 20:47:13,803] {logging_mixin.py:109} INFO - [2022-02-03 20:47:13,803] {dag.py:2396} INFO - Sync 1 DAGs
[2022-02-03 20:47:13,816] {logging_mixin.py:109} INFO - [2022-02-03 20:47:13,816] {dag.py:2935} INFO - Setting next_dagrun for example_complex to None
[2022-02-03 20:47:13,825] {processor.py:171} INFO - Processing /home/airflow/.local/lib/python3.7/site-packages/airflow/example_dags/example_complex.py took 0.065 seconds
[2022-02-03 20:47:44,304] {processor.py:163} INFO - Started process (PID=1304) to work on /home/airflow/.local/lib/python3.7/site-packages/airflow/example_dags/example_complex.py
[2022-02-03 20:47:44,305] {processor.py:642} INFO - Processing file /home/airflow/.local/lib/python3.7/site-packages/airflow/example_dags/example_complex.py for tasks to queue
[2022-02-03 20:47:44,306] {logging_mixin.py:109} INFO - [2022-02-03 20:47:44,305] {dagbag.py:500} INFO - Filling up the DagBag from /home/airflow/.local/lib/python3.7/site-packages/airflow/example_dags/example_complex.py
[2022-02-03 20:47:44,333] {processor.py:654} INFO - DAG(s) dict_keys(['example_complex']) retrieved from /home/airflow/.local/lib/python3.7/site-packages/airflow/example_dags/example_complex.py
[2022-02-03 20:47:44,345] {logging_mixin.py:109} INFO - [2022-02-03 20:47:44,345] {dag.py:2396} INFO - Sync 1 DAGs
[2022-02-03 20:47:44,357] {logging_mixin.py:109} INFO - [2022-02-03 20:47:44,357] {dag.py:2935} INFO - Setting next_dagrun for example_complex to None
[2022-02-03 20:47:44,367] {processor.py:171} INFO - Processing /home/airflow/.local/lib/python3.7/site-packages/airflow/example_dags/example_complex.py took 0.066 seconds
[2022-02-03 20:48:14,922] {processor.py:163} INFO - Started process (PID=1365) to work on /home/airflow/.local/lib/python3.7/site-packages/airflow/example_dags/example_complex.py
[2022-02-03 20:48:14,923] {processor.py:642} INFO - Processing file /home/airflow/.local/lib/python3.7/site-packages/airflow/example_dags/example_complex.py for tasks to queue
[2022-02-03 20:48:14,924] {logging_mixin.py:109} INFO - [2022-02-03 20:48:14,924] {dagbag.py:500} INFO - Filling up the DagBag from /home/airflow/.local/lib/python3.7/site-packages/airflow/example_dags/example_complex.py
[2022-02-03 20:48:14,958] {processor.py:654} INFO - DAG(s) dict_keys(['example_complex']) retrieved from /home/airflow/.local/lib/python3.7/site-packages/airflow/example_dags/example_complex.py
[2022-02-03 20:48:14,971] {logging_mixin.py:109} INFO - [2022-02-03 20:48:14,971] {dag.py:2396} INFO - Sync 1 DAGs
[2022-02-03 20:48:14,984] {logging_mixin.py:109} INFO - [2022-02-03 20:48:14,984] {dag.py:2935} INFO - Setting next_dagrun for example_complex to None
[2022-02-03 20:48:14,992] {processor.py:171} INFO - Processing /home/airflow/.local/lib/python3.7/site-packages/airflow/example_dags/example_complex.py took 0.074 seconds
[2022-02-03 20:48:45,507] {processor.py:163} INFO - Started process (PID=1427) to work on /home/airflow/.local/lib/python3.7/site-packages/airflow/example_dags/example_complex.py
[2022-02-03 20:48:45,508] {processor.py:642} INFO - Processing file /home/airflow/.local/lib/python3.7/site-packages/airflow/example_dags/example_complex.py for tasks to queue
[2022-02-03 20:48:45,508] {logging_mixin.py:109} INFO - [2022-02-03 20:48:45,508] {dagbag.py:500} INFO - Filling up the DagBag from /home/airflow/.local/lib/python3.7/site-packages/airflow/example_dags/example_complex.py
[2022-02-03 20:48:45,543] {processor.py:654} INFO - DAG(s) dict_keys(['example_complex']) retrieved from /home/airflow/.local/lib/python3.7/site-packages/airflow/example_dags/example_complex.py
[2022-02-03 20:48:45,559] {logging_mixin.py:109} INFO - [2022-02-03 20:48:45,559] {dag.py:2396} INFO - Sync 1 DAGs
[2022-02-03 20:48:45,574] {logging_mixin.py:109} INFO - [2022-02-03 20:48:45,574] {dag.py:2935} INFO - Setting next_dagrun for example_complex to None
[2022-02-03 20:48:45,583] {processor.py:171} INFO - Processing /home/airflow/.local/lib/python3.7/site-packages/airflow/example_dags/example_complex.py took 0.079 seconds
[2022-02-03 20:49:15,978] {processor.py:163} INFO - Started process (PID=1478) to work on /home/airflow/.local/lib/python3.7/site-packages/airflow/example_dags/example_complex.py
[2022-02-03 20:49:15,979] {processor.py:642} INFO - Processing file /home/airflow/.local/lib/python3.7/site-packages/airflow/example_dags/example_complex.py for tasks to queue
[2022-02-03 20:49:15,980] {logging_mixin.py:109} INFO - [2022-02-03 20:49:15,980] {dagbag.py:500} INFO - Filling up the DagBag from /home/airflow/.local/lib/python3.7/site-packages/airflow/example_dags/example_complex.py
[2022-02-03 20:49:16,007] {processor.py:654} INFO - DAG(s) dict_keys(['example_complex']) retrieved from /home/airflow/.local/lib/python3.7/site-packages/airflow/example_dags/example_complex.py
[2022-02-03 20:49:16,019] {logging_mixin.py:109} INFO - [2022-02-03 20:49:16,019] {dag.py:2396} INFO - Sync 1 DAGs
[2022-02-03 20:49:16,033] {logging_mixin.py:109} INFO - [2022-02-03 20:49:16,033] {dag.py:2935} INFO - Setting next_dagrun for example_complex to None
[2022-02-03 20:49:16,042] {processor.py:171} INFO - Processing /home/airflow/.local/lib/python3.7/site-packages/airflow/example_dags/example_complex.py took 0.066 seconds
[2022-02-03 20:49:46,509] {processor.py:163} INFO - Started process (PID=1539) to work on /home/airflow/.local/lib/python3.7/site-packages/airflow/example_dags/example_complex.py
[2022-02-03 20:49:46,511] {processor.py:642} INFO - Processing file /home/airflow/.local/lib/python3.7/site-packages/airflow/example_dags/example_complex.py for tasks to queue
[2022-02-03 20:49:46,512] {logging_mixin.py:109} INFO - [2022-02-03 20:49:46,511] {dagbag.py:500} INFO - Filling up the DagBag from /home/airflow/.local/lib/python3.7/site-packages/airflow/example_dags/example_complex.py
[2022-02-03 20:49:46,547] {processor.py:654} INFO - DAG(s) dict_keys(['example_complex']) retrieved from /home/airflow/.local/lib/python3.7/site-packages/airflow/example_dags/example_complex.py
[2022-02-03 20:49:46,563] {logging_mixin.py:109} INFO - [2022-02-03 20:49:46,563] {dag.py:2396} INFO - Sync 1 DAGs
[2022-02-03 20:49:46,581] {logging_mixin.py:109} INFO - [2022-02-03 20:49:46,581] {dag.py:2935} INFO - Setting next_dagrun for example_complex to None
[2022-02-03 20:49:46,676] {processor.py:171} INFO - Processing /home/airflow/.local/lib/python3.7/site-packages/airflow/example_dags/example_complex.py took 0.170 seconds
[2022-02-03 20:50:17,809] {processor.py:163} INFO - Started process (PID=1590) to work on /home/airflow/.local/lib/python3.7/site-packages/airflow/example_dags/example_complex.py
[2022-02-03 20:50:17,810] {processor.py:642} INFO - Processing file /home/airflow/.local/lib/python3.7/site-packages/airflow/example_dags/example_complex.py for tasks to queue
[2022-02-03 20:50:17,811] {logging_mixin.py:109} INFO - [2022-02-03 20:50:17,811] {dagbag.py:500} INFO - Filling up the DagBag from /home/airflow/.local/lib/python3.7/site-packages/airflow/example_dags/example_complex.py
[2022-02-03 20:50:17,838] {processor.py:654} INFO - DAG(s) dict_keys(['example_complex']) retrieved from /home/airflow/.local/lib/python3.7/site-packages/airflow/example_dags/example_complex.py
[2022-02-03 20:50:17,849] {logging_mixin.py:109} INFO - [2022-02-03 20:50:17,849] {dag.py:2396} INFO - Sync 1 DAGs
[2022-02-03 20:50:17,935] {logging_mixin.py:109} INFO - [2022-02-03 20:50:17,935] {dag.py:2935} INFO - Setting next_dagrun for example_complex to None
[2022-02-03 20:50:17,944] {processor.py:171} INFO - Processing /home/airflow/.local/lib/python3.7/site-packages/airflow/example_dags/example_complex.py took 0.138 seconds
[2022-02-03 20:50:48,523] {processor.py:163} INFO - Started process (PID=1651) to work on /home/airflow/.local/lib/python3.7/site-packages/airflow/example_dags/example_complex.py
[2022-02-03 20:50:48,525] {processor.py:642} INFO - Processing file /home/airflow/.local/lib/python3.7/site-packages/airflow/example_dags/example_complex.py for tasks to queue
[2022-02-03 20:50:48,526] {logging_mixin.py:109} INFO - [2022-02-03 20:50:48,526] {dagbag.py:500} INFO - Filling up the DagBag from /home/airflow/.local/lib/python3.7/site-packages/airflow/example_dags/example_complex.py
[2022-02-03 20:50:48,559] {processor.py:654} INFO - DAG(s) dict_keys(['example_complex']) retrieved from /home/airflow/.local/lib/python3.7/site-packages/airflow/example_dags/example_complex.py
[2022-02-03 20:50:48,576] {logging_mixin.py:109} INFO - [2022-02-03 20:50:48,576] {dag.py:2396} INFO - Sync 1 DAGs
[2022-02-03 20:50:48,669] {logging_mixin.py:109} INFO - [2022-02-03 20:50:48,669] {dag.py:2935} INFO - Setting next_dagrun for example_complex to None
[2022-02-03 20:50:48,678] {processor.py:171} INFO - Processing /home/airflow/.local/lib/python3.7/site-packages/airflow/example_dags/example_complex.py took 0.158 seconds
[2022-02-03 20:51:19,217] {processor.py:163} INFO - Started process (PID=1702) to work on /home/airflow/.local/lib/python3.7/site-packages/airflow/example_dags/example_complex.py
[2022-02-03 20:51:19,218] {processor.py:642} INFO - Processing file /home/airflow/.local/lib/python3.7/site-packages/airflow/example_dags/example_complex.py for tasks to queue
[2022-02-03 20:51:19,219] {logging_mixin.py:109} INFO - [2022-02-03 20:51:19,219] {dagbag.py:500} INFO - Filling up the DagBag from /home/airflow/.local/lib/python3.7/site-packages/airflow/example_dags/example_complex.py
[2022-02-03 20:51:19,252] {processor.py:654} INFO - DAG(s) dict_keys(['example_complex']) retrieved from /home/airflow/.local/lib/python3.7/site-packages/airflow/example_dags/example_complex.py
[2022-02-03 20:51:19,270] {logging_mixin.py:109} INFO - [2022-02-03 20:51:19,270] {dag.py:2396} INFO - Sync 1 DAGs
[2022-02-03 20:51:19,363] {logging_mixin.py:109} INFO - [2022-02-03 20:51:19,363] {dag.py:2935} INFO - Setting next_dagrun for example_complex to None
[2022-02-03 20:51:19,372] {processor.py:171} INFO - Processing /home/airflow/.local/lib/python3.7/site-packages/airflow/example_dags/example_complex.py took 0.157 seconds
[2022-02-03 20:51:49,659] {processor.py:163} INFO - Started process (PID=1759) to work on /home/airflow/.local/lib/python3.7/site-packages/airflow/example_dags/example_complex.py
[2022-02-03 20:51:49,661] {processor.py:642} INFO - Processing file /home/airflow/.local/lib/python3.7/site-packages/airflow/example_dags/example_complex.py for tasks to queue
[2022-02-03 20:51:49,662] {logging_mixin.py:109} INFO - [2022-02-03 20:51:49,662] {dagbag.py:500} INFO - Filling up the DagBag from /home/airflow/.local/lib/python3.7/site-packages/airflow/example_dags/example_complex.py
[2022-02-03 20:51:49,702] {processor.py:654} INFO - DAG(s) dict_keys(['example_complex']) retrieved from /home/airflow/.local/lib/python3.7/site-packages/airflow/example_dags/example_complex.py
[2022-02-03 20:51:49,721] {logging_mixin.py:109} INFO - [2022-02-03 20:51:49,721] {dag.py:2396} INFO - Sync 1 DAGs
[2022-02-03 20:51:49,835] {logging_mixin.py:109} INFO - [2022-02-03 20:51:49,834] {dag.py:2935} INFO - Setting next_dagrun for example_complex to None
[2022-02-03 20:51:49,845] {processor.py:171} INFO - Processing /home/airflow/.local/lib/python3.7/site-packages/airflow/example_dags/example_complex.py took 0.189 seconds
[2022-02-03 20:52:20,539] {processor.py:163} INFO - Started process (PID=1813) to work on /home/airflow/.local/lib/python3.7/site-packages/airflow/example_dags/example_complex.py
[2022-02-03 20:52:20,541] {processor.py:642} INFO - Processing file /home/airflow/.local/lib/python3.7/site-packages/airflow/example_dags/example_complex.py for tasks to queue
[2022-02-03 20:52:20,542] {logging_mixin.py:109} INFO - [2022-02-03 20:52:20,542] {dagbag.py:500} INFO - Filling up the DagBag from /home/airflow/.local/lib/python3.7/site-packages/airflow/example_dags/example_complex.py
[2022-02-03 20:52:20,574] {processor.py:654} INFO - DAG(s) dict_keys(['example_complex']) retrieved from /home/airflow/.local/lib/python3.7/site-packages/airflow/example_dags/example_complex.py
[2022-02-03 20:52:20,664] {logging_mixin.py:109} INFO - [2022-02-03 20:52:20,664] {dag.py:2396} INFO - Sync 1 DAGs
[2022-02-03 20:52:20,677] {logging_mixin.py:109} INFO - [2022-02-03 20:52:20,677] {dag.py:2935} INFO - Setting next_dagrun for example_complex to None
[2022-02-03 20:52:20,687] {processor.py:171} INFO - Processing /home/airflow/.local/lib/python3.7/site-packages/airflow/example_dags/example_complex.py took 0.151 seconds
[2022-02-03 20:52:51,607] {processor.py:163} INFO - Started process (PID=1864) to work on /home/airflow/.local/lib/python3.7/site-packages/airflow/example_dags/example_complex.py
[2022-02-03 20:52:51,609] {processor.py:642} INFO - Processing file /home/airflow/.local/lib/python3.7/site-packages/airflow/example_dags/example_complex.py for tasks to queue
[2022-02-03 20:52:51,610] {logging_mixin.py:109} INFO - [2022-02-03 20:52:51,610] {dagbag.py:500} INFO - Filling up the DagBag from /home/airflow/.local/lib/python3.7/site-packages/airflow/example_dags/example_complex.py
[2022-02-03 20:52:51,710] {processor.py:654} INFO - DAG(s) dict_keys(['example_complex']) retrieved from /home/airflow/.local/lib/python3.7/site-packages/airflow/example_dags/example_complex.py
[2022-02-03 20:52:51,723] {logging_mixin.py:109} INFO - [2022-02-03 20:52:51,723] {dag.py:2396} INFO - Sync 1 DAGs
[2022-02-03 20:52:51,734] {logging_mixin.py:109} INFO - [2022-02-03 20:52:51,734] {dag.py:2935} INFO - Setting next_dagrun for example_complex to None
[2022-02-03 20:52:51,743] {processor.py:171} INFO - Processing /home/airflow/.local/lib/python3.7/site-packages/airflow/example_dags/example_complex.py took 0.138 seconds
[2022-02-03 20:53:22,458] {processor.py:163} INFO - Started process (PID=1924) to work on /home/airflow/.local/lib/python3.7/site-packages/airflow/example_dags/example_complex.py
[2022-02-03 20:53:22,460] {processor.py:642} INFO - Processing file /home/airflow/.local/lib/python3.7/site-packages/airflow/example_dags/example_complex.py for tasks to queue
[2022-02-03 20:53:22,461] {logging_mixin.py:109} INFO - [2022-02-03 20:53:22,461] {dagbag.py:500} INFO - Filling up the DagBag from /home/airflow/.local/lib/python3.7/site-packages/airflow/example_dags/example_complex.py
[2022-02-03 20:53:22,598] {processor.py:654} INFO - DAG(s) dict_keys(['example_complex']) retrieved from /home/airflow/.local/lib/python3.7/site-packages/airflow/example_dags/example_complex.py
[2022-02-03 20:53:22,613] {logging_mixin.py:109} INFO - [2022-02-03 20:53:22,613] {dag.py:2396} INFO - Sync 1 DAGs
[2022-02-03 20:53:22,629] {logging_mixin.py:109} INFO - [2022-02-03 20:53:22,628] {dag.py:2935} INFO - Setting next_dagrun for example_complex to None
[2022-02-03 20:53:22,639] {processor.py:171} INFO - Processing /home/airflow/.local/lib/python3.7/site-packages/airflow/example_dags/example_complex.py took 0.184 seconds
[2022-02-03 20:53:52,730] {processor.py:163} INFO - Started process (PID=1975) to work on /home/airflow/.local/lib/python3.7/site-packages/airflow/example_dags/example_complex.py
[2022-02-03 20:53:52,732] {processor.py:642} INFO - Processing file /home/airflow/.local/lib/python3.7/site-packages/airflow/example_dags/example_complex.py for tasks to queue
[2022-02-03 20:53:52,733] {logging_mixin.py:109} INFO - [2022-02-03 20:53:52,733] {dagbag.py:500} INFO - Filling up the DagBag from /home/airflow/.local/lib/python3.7/site-packages/airflow/example_dags/example_complex.py
[2022-02-03 20:53:52,863] {processor.py:654} INFO - DAG(s) dict_keys(['example_complex']) retrieved from /home/airflow/.local/lib/python3.7/site-packages/airflow/example_dags/example_complex.py
[2022-02-03 20:53:52,882] {logging_mixin.py:109} INFO - [2022-02-03 20:53:52,882] {dag.py:2396} INFO - Sync 1 DAGs
[2022-02-03 20:53:52,898] {logging_mixin.py:109} INFO - [2022-02-03 20:53:52,898] {dag.py:2935} INFO - Setting next_dagrun for example_complex to None
[2022-02-03 20:53:52,909] {processor.py:171} INFO - Processing /home/airflow/.local/lib/python3.7/site-packages/airflow/example_dags/example_complex.py took 0.183 seconds
[2022-02-03 20:54:23,221] {processor.py:163} INFO - Started process (PID=2036) to work on /home/airflow/.local/lib/python3.7/site-packages/airflow/example_dags/example_complex.py
[2022-02-03 20:54:23,222] {processor.py:642} INFO - Processing file /home/airflow/.local/lib/python3.7/site-packages/airflow/example_dags/example_complex.py for tasks to queue
[2022-02-03 20:54:23,223] {logging_mixin.py:109} INFO - [2022-02-03 20:54:23,223] {dagbag.py:500} INFO - Filling up the DagBag from /home/airflow/.local/lib/python3.7/site-packages/airflow/example_dags/example_complex.py
[2022-02-03 20:54:23,312] {processor.py:654} INFO - DAG(s) dict_keys(['example_complex']) retrieved from /home/airflow/.local/lib/python3.7/site-packages/airflow/example_dags/example_complex.py
[2022-02-03 20:54:23,322] {logging_mixin.py:109} INFO - [2022-02-03 20:54:23,322] {dag.py:2396} INFO - Sync 1 DAGs
[2022-02-03 20:54:23,333] {logging_mixin.py:109} INFO - [2022-02-03 20:54:23,333] {dag.py:2935} INFO - Setting next_dagrun for example_complex to None
[2022-02-03 20:54:23,341] {processor.py:171} INFO - Processing /home/airflow/.local/lib/python3.7/site-packages/airflow/example_dags/example_complex.py took 0.123 seconds
[2022-02-03 20:54:53,753] {processor.py:163} INFO - Started process (PID=2087) to work on /home/airflow/.local/lib/python3.7/site-packages/airflow/example_dags/example_complex.py
[2022-02-03 20:54:53,755] {processor.py:642} INFO - Processing file /home/airflow/.local/lib/python3.7/site-packages/airflow/example_dags/example_complex.py for tasks to queue
[2022-02-03 20:54:53,756] {logging_mixin.py:109} INFO - [2022-02-03 20:54:53,756] {dagbag.py:500} INFO - Filling up the DagBag from /home/airflow/.local/lib/python3.7/site-packages/airflow/example_dags/example_complex.py
[2022-02-03 20:54:53,881] {processor.py:654} INFO - DAG(s) dict_keys(['example_complex']) retrieved from /home/airflow/.local/lib/python3.7/site-packages/airflow/example_dags/example_complex.py
[2022-02-03 20:54:53,903] {logging_mixin.py:109} INFO - [2022-02-03 20:54:53,903] {dag.py:2396} INFO - Sync 1 DAGs
[2022-02-03 20:54:53,922] {logging_mixin.py:109} INFO - [2022-02-03 20:54:53,921] {dag.py:2935} INFO - Setting next_dagrun for example_complex to None
[2022-02-03 20:54:53,932] {processor.py:171} INFO - Processing /home/airflow/.local/lib/python3.7/site-packages/airflow/example_dags/example_complex.py took 0.182 seconds
[2022-02-03 20:55:24,724] {processor.py:163} INFO - Started process (PID=2147) to work on /home/airflow/.local/lib/python3.7/site-packages/airflow/example_dags/example_complex.py
[2022-02-03 20:55:24,726] {processor.py:642} INFO - Processing file /home/airflow/.local/lib/python3.7/site-packages/airflow/example_dags/example_complex.py for tasks to queue
[2022-02-03 20:55:24,726] {logging_mixin.py:109} INFO - [2022-02-03 20:55:24,726] {dagbag.py:500} INFO - Filling up the DagBag from /home/airflow/.local/lib/python3.7/site-packages/airflow/example_dags/example_complex.py
[2022-02-03 20:55:24,841] {processor.py:654} INFO - DAG(s) dict_keys(['example_complex']) retrieved from /home/airflow/.local/lib/python3.7/site-packages/airflow/example_dags/example_complex.py
[2022-02-03 20:55:24,856] {logging_mixin.py:109} INFO - [2022-02-03 20:55:24,856] {dag.py:2396} INFO - Sync 1 DAGs
[2022-02-03 20:55:24,875] {logging_mixin.py:109} INFO - [2022-02-03 20:55:24,875] {dag.py:2935} INFO - Setting next_dagrun for example_complex to None
[2022-02-03 20:55:24,888] {processor.py:171} INFO - Processing /home/airflow/.local/lib/python3.7/site-packages/airflow/example_dags/example_complex.py took 0.167 seconds
