[2022-02-03 20:38:31,621] {processor.py:163} INFO - Started process (PID=121) to work on /home/airflow/.local/lib/python3.7/site-packages/airflow/example_dags/example_skip_dag.py
[2022-02-03 20:38:31,623] {processor.py:642} INFO - Processing file /home/airflow/.local/lib/python3.7/site-packages/airflow/example_dags/example_skip_dag.py for tasks to queue
[2022-02-03 20:38:31,625] {logging_mixin.py:109} INFO - [2022-02-03 20:38:31,625] {dagbag.py:500} INFO - Filling up the DagBag from /home/airflow/.local/lib/python3.7/site-packages/airflow/example_dags/example_skip_dag.py
[2022-02-03 20:38:31,681] {processor.py:654} INFO - DAG(s) dict_keys(['example_skip_dag']) retrieved from /home/airflow/.local/lib/python3.7/site-packages/airflow/example_dags/example_skip_dag.py
[2022-02-03 20:38:34,314] {logging_mixin.py:109} INFO - [2022-02-03 20:38:34,314] {manager.py:496} INFO - Created Permission View: can read on DAG:example_skip_dag
[2022-02-03 20:38:34,324] {logging_mixin.py:109} INFO - [2022-02-03 20:38:34,324] {manager.py:496} INFO - Created Permission View: can edit on DAG:example_skip_dag
[2022-02-03 20:38:34,325] {logging_mixin.py:109} INFO - [2022-02-03 20:38:34,324] {dag.py:2396} INFO - Sync 1 DAGs
[2022-02-03 20:38:34,333] {logging_mixin.py:109} INFO - [2022-02-03 20:38:34,333] {dag.py:2415} INFO - Creating ORM DAG for example_skip_dag
[2022-02-03 20:38:34,343] {logging_mixin.py:109} INFO - [2022-02-03 20:38:34,343] {dag.py:2935} INFO - Setting next_dagrun for example_skip_dag to 2022-02-02T20:38:34.343371+00:00
[2022-02-03 20:38:34,357] {processor.py:171} INFO - Processing /home/airflow/.local/lib/python3.7/site-packages/airflow/example_dags/example_skip_dag.py took 2.741 seconds
[2022-02-03 20:39:05,254] {processor.py:163} INFO - Started process (PID=358) to work on /home/airflow/.local/lib/python3.7/site-packages/airflow/example_dags/example_skip_dag.py
[2022-02-03 20:39:05,255] {processor.py:642} INFO - Processing file /home/airflow/.local/lib/python3.7/site-packages/airflow/example_dags/example_skip_dag.py for tasks to queue
[2022-02-03 20:39:05,255] {logging_mixin.py:109} INFO - [2022-02-03 20:39:05,255] {dagbag.py:500} INFO - Filling up the DagBag from /home/airflow/.local/lib/python3.7/site-packages/airflow/example_dags/example_skip_dag.py
[2022-02-03 20:39:05,280] {processor.py:654} INFO - DAG(s) dict_keys(['example_skip_dag']) retrieved from /home/airflow/.local/lib/python3.7/site-packages/airflow/example_dags/example_skip_dag.py
[2022-02-03 20:39:05,289] {logging_mixin.py:109} INFO - [2022-02-03 20:39:05,289] {dag.py:2396} INFO - Sync 1 DAGs
[2022-02-03 20:39:05,304] {logging_mixin.py:109} INFO - [2022-02-03 20:39:05,304] {dag.py:2935} INFO - Setting next_dagrun for example_skip_dag to 2022-02-02T20:39:05.304323+00:00
[2022-02-03 20:39:05,313] {processor.py:171} INFO - Processing /home/airflow/.local/lib/python3.7/site-packages/airflow/example_dags/example_skip_dag.py took 0.062 seconds
[2022-02-03 20:39:35,363] {processor.py:163} INFO - Started process (PID=412) to work on /home/airflow/.local/lib/python3.7/site-packages/airflow/example_dags/example_skip_dag.py
[2022-02-03 20:39:35,364] {processor.py:642} INFO - Processing file /home/airflow/.local/lib/python3.7/site-packages/airflow/example_dags/example_skip_dag.py for tasks to queue
[2022-02-03 20:39:35,365] {logging_mixin.py:109} INFO - [2022-02-03 20:39:35,364] {dagbag.py:500} INFO - Filling up the DagBag from /home/airflow/.local/lib/python3.7/site-packages/airflow/example_dags/example_skip_dag.py
[2022-02-03 20:39:35,388] {processor.py:654} INFO - DAG(s) dict_keys(['example_skip_dag']) retrieved from /home/airflow/.local/lib/python3.7/site-packages/airflow/example_dags/example_skip_dag.py
[2022-02-03 20:39:35,397] {logging_mixin.py:109} INFO - [2022-02-03 20:39:35,397] {dag.py:2396} INFO - Sync 1 DAGs
[2022-02-03 20:39:35,409] {logging_mixin.py:109} INFO - [2022-02-03 20:39:35,409] {dag.py:2935} INFO - Setting next_dagrun for example_skip_dag to 2022-02-02T20:39:35.409629+00:00
[2022-02-03 20:39:35,418] {processor.py:171} INFO - Processing /home/airflow/.local/lib/python3.7/site-packages/airflow/example_dags/example_skip_dag.py took 0.058 seconds
[2022-02-03 20:40:05,539] {processor.py:163} INFO - Started process (PID=471) to work on /home/airflow/.local/lib/python3.7/site-packages/airflow/example_dags/example_skip_dag.py
[2022-02-03 20:40:05,541] {processor.py:642} INFO - Processing file /home/airflow/.local/lib/python3.7/site-packages/airflow/example_dags/example_skip_dag.py for tasks to queue
[2022-02-03 20:40:05,542] {logging_mixin.py:109} INFO - [2022-02-03 20:40:05,542] {dagbag.py:500} INFO - Filling up the DagBag from /home/airflow/.local/lib/python3.7/site-packages/airflow/example_dags/example_skip_dag.py
[2022-02-03 20:40:05,578] {processor.py:654} INFO - DAG(s) dict_keys(['example_skip_dag']) retrieved from /home/airflow/.local/lib/python3.7/site-packages/airflow/example_dags/example_skip_dag.py
[2022-02-03 20:40:05,596] {logging_mixin.py:109} INFO - [2022-02-03 20:40:05,595] {dag.py:2396} INFO - Sync 1 DAGs
[2022-02-03 20:40:05,616] {logging_mixin.py:109} INFO - [2022-02-03 20:40:05,616] {dag.py:2935} INFO - Setting next_dagrun for example_skip_dag to 2022-02-02T20:40:05.616300+00:00
[2022-02-03 20:40:05,630] {processor.py:171} INFO - Processing /home/airflow/.local/lib/python3.7/site-packages/airflow/example_dags/example_skip_dag.py took 0.095 seconds
[2022-02-03 20:40:35,921] {processor.py:163} INFO - Started process (PID=523) to work on /home/airflow/.local/lib/python3.7/site-packages/airflow/example_dags/example_skip_dag.py
[2022-02-03 20:40:35,922] {processor.py:642} INFO - Processing file /home/airflow/.local/lib/python3.7/site-packages/airflow/example_dags/example_skip_dag.py for tasks to queue
[2022-02-03 20:40:35,923] {logging_mixin.py:109} INFO - [2022-02-03 20:40:35,923] {dagbag.py:500} INFO - Filling up the DagBag from /home/airflow/.local/lib/python3.7/site-packages/airflow/example_dags/example_skip_dag.py
[2022-02-03 20:40:35,944] {processor.py:654} INFO - DAG(s) dict_keys(['example_skip_dag']) retrieved from /home/airflow/.local/lib/python3.7/site-packages/airflow/example_dags/example_skip_dag.py
[2022-02-03 20:40:35,953] {logging_mixin.py:109} INFO - [2022-02-03 20:40:35,953] {dag.py:2396} INFO - Sync 1 DAGs
[2022-02-03 20:40:35,973] {logging_mixin.py:109} INFO - [2022-02-03 20:40:35,973] {dag.py:2935} INFO - Setting next_dagrun for example_skip_dag to 2022-02-02T20:40:35.972891+00:00
[2022-02-03 20:40:35,980] {processor.py:171} INFO - Processing /home/airflow/.local/lib/python3.7/site-packages/airflow/example_dags/example_skip_dag.py took 0.063 seconds
[2022-02-03 20:41:06,025] {processor.py:163} INFO - Started process (PID=584) to work on /home/airflow/.local/lib/python3.7/site-packages/airflow/example_dags/example_skip_dag.py
[2022-02-03 20:41:06,026] {processor.py:642} INFO - Processing file /home/airflow/.local/lib/python3.7/site-packages/airflow/example_dags/example_skip_dag.py for tasks to queue
[2022-02-03 20:41:06,027] {logging_mixin.py:109} INFO - [2022-02-03 20:41:06,027] {dagbag.py:500} INFO - Filling up the DagBag from /home/airflow/.local/lib/python3.7/site-packages/airflow/example_dags/example_skip_dag.py
[2022-02-03 20:41:06,048] {processor.py:654} INFO - DAG(s) dict_keys(['example_skip_dag']) retrieved from /home/airflow/.local/lib/python3.7/site-packages/airflow/example_dags/example_skip_dag.py
[2022-02-03 20:41:06,057] {logging_mixin.py:109} INFO - [2022-02-03 20:41:06,057] {dag.py:2396} INFO - Sync 1 DAGs
[2022-02-03 20:41:06,070] {logging_mixin.py:109} INFO - [2022-02-03 20:41:06,070] {dag.py:2935} INFO - Setting next_dagrun for example_skip_dag to 2022-02-02T20:41:06.070244+00:00
[2022-02-03 20:41:06,082] {processor.py:171} INFO - Processing /home/airflow/.local/lib/python3.7/site-packages/airflow/example_dags/example_skip_dag.py took 0.059 seconds
[2022-02-03 20:41:36,142] {processor.py:163} INFO - Started process (PID=635) to work on /home/airflow/.local/lib/python3.7/site-packages/airflow/example_dags/example_skip_dag.py
[2022-02-03 20:41:36,144] {processor.py:642} INFO - Processing file /home/airflow/.local/lib/python3.7/site-packages/airflow/example_dags/example_skip_dag.py for tasks to queue
[2022-02-03 20:41:36,145] {logging_mixin.py:109} INFO - [2022-02-03 20:41:36,145] {dagbag.py:500} INFO - Filling up the DagBag from /home/airflow/.local/lib/python3.7/site-packages/airflow/example_dags/example_skip_dag.py
[2022-02-03 20:41:36,172] {processor.py:654} INFO - DAG(s) dict_keys(['example_skip_dag']) retrieved from /home/airflow/.local/lib/python3.7/site-packages/airflow/example_dags/example_skip_dag.py
[2022-02-03 20:41:36,185] {logging_mixin.py:109} INFO - [2022-02-03 20:41:36,185] {dag.py:2396} INFO - Sync 1 DAGs
[2022-02-03 20:41:36,203] {logging_mixin.py:109} INFO - [2022-02-03 20:41:36,203] {dag.py:2935} INFO - Setting next_dagrun for example_skip_dag to 2022-02-02T20:41:36.202978+00:00
[2022-02-03 20:41:36,213] {processor.py:171} INFO - Processing /home/airflow/.local/lib/python3.7/site-packages/airflow/example_dags/example_skip_dag.py took 0.074 seconds
[2022-02-03 20:42:06,401] {processor.py:163} INFO - Started process (PID=696) to work on /home/airflow/.local/lib/python3.7/site-packages/airflow/example_dags/example_skip_dag.py
[2022-02-03 20:42:06,402] {processor.py:642} INFO - Processing file /home/airflow/.local/lib/python3.7/site-packages/airflow/example_dags/example_skip_dag.py for tasks to queue
[2022-02-03 20:42:06,403] {logging_mixin.py:109} INFO - [2022-02-03 20:42:06,403] {dagbag.py:500} INFO - Filling up the DagBag from /home/airflow/.local/lib/python3.7/site-packages/airflow/example_dags/example_skip_dag.py
[2022-02-03 20:42:06,430] {processor.py:654} INFO - DAG(s) dict_keys(['example_skip_dag']) retrieved from /home/airflow/.local/lib/python3.7/site-packages/airflow/example_dags/example_skip_dag.py
[2022-02-03 20:42:06,442] {logging_mixin.py:109} INFO - [2022-02-03 20:42:06,442] {dag.py:2396} INFO - Sync 1 DAGs
[2022-02-03 20:42:06,458] {logging_mixin.py:109} INFO - [2022-02-03 20:42:06,458] {dag.py:2935} INFO - Setting next_dagrun for example_skip_dag to 2022-02-02T20:42:06.458491+00:00
[2022-02-03 20:42:06,470] {processor.py:171} INFO - Processing /home/airflow/.local/lib/python3.7/site-packages/airflow/example_dags/example_skip_dag.py took 0.073 seconds
[2022-02-03 20:42:37,236] {processor.py:163} INFO - Started process (PID=746) to work on /home/airflow/.local/lib/python3.7/site-packages/airflow/example_dags/example_skip_dag.py
[2022-02-03 20:42:37,237] {processor.py:642} INFO - Processing file /home/airflow/.local/lib/python3.7/site-packages/airflow/example_dags/example_skip_dag.py for tasks to queue
[2022-02-03 20:42:37,238] {logging_mixin.py:109} INFO - [2022-02-03 20:42:37,238] {dagbag.py:500} INFO - Filling up the DagBag from /home/airflow/.local/lib/python3.7/site-packages/airflow/example_dags/example_skip_dag.py
[2022-02-03 20:42:37,259] {processor.py:654} INFO - DAG(s) dict_keys(['example_skip_dag']) retrieved from /home/airflow/.local/lib/python3.7/site-packages/airflow/example_dags/example_skip_dag.py
[2022-02-03 20:42:37,268] {logging_mixin.py:109} INFO - [2022-02-03 20:42:37,268] {dag.py:2396} INFO - Sync 1 DAGs
[2022-02-03 20:42:37,281] {logging_mixin.py:109} INFO - [2022-02-03 20:42:37,281] {dag.py:2935} INFO - Setting next_dagrun for example_skip_dag to 2022-02-02T20:42:37.281511+00:00
[2022-02-03 20:42:37,290] {processor.py:171} INFO - Processing /home/airflow/.local/lib/python3.7/site-packages/airflow/example_dags/example_skip_dag.py took 0.057 seconds
[2022-02-03 20:43:08,369] {processor.py:163} INFO - Started process (PID=807) to work on /home/airflow/.local/lib/python3.7/site-packages/airflow/example_dags/example_skip_dag.py
[2022-02-03 20:43:08,371] {processor.py:642} INFO - Processing file /home/airflow/.local/lib/python3.7/site-packages/airflow/example_dags/example_skip_dag.py for tasks to queue
[2022-02-03 20:43:08,372] {logging_mixin.py:109} INFO - [2022-02-03 20:43:08,372] {dagbag.py:500} INFO - Filling up the DagBag from /home/airflow/.local/lib/python3.7/site-packages/airflow/example_dags/example_skip_dag.py
[2022-02-03 20:43:08,398] {processor.py:654} INFO - DAG(s) dict_keys(['example_skip_dag']) retrieved from /home/airflow/.local/lib/python3.7/site-packages/airflow/example_dags/example_skip_dag.py
[2022-02-03 20:43:08,409] {logging_mixin.py:109} INFO - [2022-02-03 20:43:08,409] {dag.py:2396} INFO - Sync 1 DAGs
[2022-02-03 20:43:08,426] {logging_mixin.py:109} INFO - [2022-02-03 20:43:08,425] {dag.py:2935} INFO - Setting next_dagrun for example_skip_dag to 2022-02-02T20:43:08.425635+00:00
[2022-02-03 20:43:08,436] {processor.py:171} INFO - Processing /home/airflow/.local/lib/python3.7/site-packages/airflow/example_dags/example_skip_dag.py took 0.070 seconds
[2022-02-03 20:43:39,610] {processor.py:163} INFO - Started process (PID=859) to work on /home/airflow/.local/lib/python3.7/site-packages/airflow/example_dags/example_skip_dag.py
[2022-02-03 20:43:39,612] {processor.py:642} INFO - Processing file /home/airflow/.local/lib/python3.7/site-packages/airflow/example_dags/example_skip_dag.py for tasks to queue
[2022-02-03 20:43:39,612] {logging_mixin.py:109} INFO - [2022-02-03 20:43:39,612] {dagbag.py:500} INFO - Filling up the DagBag from /home/airflow/.local/lib/python3.7/site-packages/airflow/example_dags/example_skip_dag.py
[2022-02-03 20:43:39,634] {processor.py:654} INFO - DAG(s) dict_keys(['example_skip_dag']) retrieved from /home/airflow/.local/lib/python3.7/site-packages/airflow/example_dags/example_skip_dag.py
[2022-02-03 20:43:39,644] {logging_mixin.py:109} INFO - [2022-02-03 20:43:39,644] {dag.py:2396} INFO - Sync 1 DAGs
[2022-02-03 20:43:39,657] {logging_mixin.py:109} INFO - [2022-02-03 20:43:39,657] {dag.py:2935} INFO - Setting next_dagrun for example_skip_dag to 2022-02-02T20:43:39.657234+00:00
[2022-02-03 20:43:39,666] {processor.py:171} INFO - Processing /home/airflow/.local/lib/python3.7/site-packages/airflow/example_dags/example_skip_dag.py took 0.059 seconds
[2022-02-03 20:44:10,670] {processor.py:163} INFO - Started process (PID=918) to work on /home/airflow/.local/lib/python3.7/site-packages/airflow/example_dags/example_skip_dag.py
[2022-02-03 20:44:10,671] {processor.py:642} INFO - Processing file /home/airflow/.local/lib/python3.7/site-packages/airflow/example_dags/example_skip_dag.py for tasks to queue
[2022-02-03 20:44:10,671] {logging_mixin.py:109} INFO - [2022-02-03 20:44:10,671] {dagbag.py:500} INFO - Filling up the DagBag from /home/airflow/.local/lib/python3.7/site-packages/airflow/example_dags/example_skip_dag.py
[2022-02-03 20:44:10,692] {processor.py:654} INFO - DAG(s) dict_keys(['example_skip_dag']) retrieved from /home/airflow/.local/lib/python3.7/site-packages/airflow/example_dags/example_skip_dag.py
[2022-02-03 20:44:10,702] {logging_mixin.py:109} INFO - [2022-02-03 20:44:10,702] {dag.py:2396} INFO - Sync 1 DAGs
[2022-02-03 20:44:10,716] {logging_mixin.py:109} INFO - [2022-02-03 20:44:10,716] {dag.py:2935} INFO - Setting next_dagrun for example_skip_dag to 2022-02-02T20:44:10.716388+00:00
[2022-02-03 20:44:10,725] {processor.py:171} INFO - Processing /home/airflow/.local/lib/python3.7/site-packages/airflow/example_dags/example_skip_dag.py took 0.058 seconds
[2022-02-03 20:44:41,144] {processor.py:163} INFO - Started process (PID=968) to work on /home/airflow/.local/lib/python3.7/site-packages/airflow/example_dags/example_skip_dag.py
[2022-02-03 20:44:41,145] {processor.py:642} INFO - Processing file /home/airflow/.local/lib/python3.7/site-packages/airflow/example_dags/example_skip_dag.py for tasks to queue
[2022-02-03 20:44:41,146] {logging_mixin.py:109} INFO - [2022-02-03 20:44:41,146] {dagbag.py:500} INFO - Filling up the DagBag from /home/airflow/.local/lib/python3.7/site-packages/airflow/example_dags/example_skip_dag.py
[2022-02-03 20:44:41,167] {processor.py:654} INFO - DAG(s) dict_keys(['example_skip_dag']) retrieved from /home/airflow/.local/lib/python3.7/site-packages/airflow/example_dags/example_skip_dag.py
[2022-02-03 20:44:41,176] {logging_mixin.py:109} INFO - [2022-02-03 20:44:41,176] {dag.py:2396} INFO - Sync 1 DAGs
[2022-02-03 20:44:41,189] {logging_mixin.py:109} INFO - [2022-02-03 20:44:41,189] {dag.py:2935} INFO - Setting next_dagrun for example_skip_dag to 2022-02-02T20:44:41.188940+00:00
[2022-02-03 20:44:41,198] {processor.py:171} INFO - Processing /home/airflow/.local/lib/python3.7/site-packages/airflow/example_dags/example_skip_dag.py took 0.056 seconds
[2022-02-03 20:45:11,760] {processor.py:163} INFO - Started process (PID=1030) to work on /home/airflow/.local/lib/python3.7/site-packages/airflow/example_dags/example_skip_dag.py
[2022-02-03 20:45:11,761] {processor.py:642} INFO - Processing file /home/airflow/.local/lib/python3.7/site-packages/airflow/example_dags/example_skip_dag.py for tasks to queue
[2022-02-03 20:45:11,761] {logging_mixin.py:109} INFO - [2022-02-03 20:45:11,761] {dagbag.py:500} INFO - Filling up the DagBag from /home/airflow/.local/lib/python3.7/site-packages/airflow/example_dags/example_skip_dag.py
[2022-02-03 20:45:11,782] {processor.py:654} INFO - DAG(s) dict_keys(['example_skip_dag']) retrieved from /home/airflow/.local/lib/python3.7/site-packages/airflow/example_dags/example_skip_dag.py
[2022-02-03 20:45:11,792] {logging_mixin.py:109} INFO - [2022-02-03 20:45:11,791] {dag.py:2396} INFO - Sync 1 DAGs
[2022-02-03 20:45:11,805] {logging_mixin.py:109} INFO - [2022-02-03 20:45:11,805] {dag.py:2935} INFO - Setting next_dagrun for example_skip_dag to 2022-02-02T20:45:11.805241+00:00
[2022-02-03 20:45:11,814] {processor.py:171} INFO - Processing /home/airflow/.local/lib/python3.7/site-packages/airflow/example_dags/example_skip_dag.py took 0.057 seconds
[2022-02-03 20:45:42,330] {processor.py:163} INFO - Started process (PID=1081) to work on /home/airflow/.local/lib/python3.7/site-packages/airflow/example_dags/example_skip_dag.py
[2022-02-03 20:45:42,331] {processor.py:642} INFO - Processing file /home/airflow/.local/lib/python3.7/site-packages/airflow/example_dags/example_skip_dag.py for tasks to queue
[2022-02-03 20:45:42,332] {logging_mixin.py:109} INFO - [2022-02-03 20:45:42,332] {dagbag.py:500} INFO - Filling up the DagBag from /home/airflow/.local/lib/python3.7/site-packages/airflow/example_dags/example_skip_dag.py
[2022-02-03 20:45:42,354] {processor.py:654} INFO - DAG(s) dict_keys(['example_skip_dag']) retrieved from /home/airflow/.local/lib/python3.7/site-packages/airflow/example_dags/example_skip_dag.py
[2022-02-03 20:45:42,363] {logging_mixin.py:109} INFO - [2022-02-03 20:45:42,363] {dag.py:2396} INFO - Sync 1 DAGs
[2022-02-03 20:45:42,375] {logging_mixin.py:109} INFO - [2022-02-03 20:45:42,375] {dag.py:2935} INFO - Setting next_dagrun for example_skip_dag to 2022-02-02T20:45:42.375491+00:00
[2022-02-03 20:45:42,384] {processor.py:171} INFO - Processing /home/airflow/.local/lib/python3.7/site-packages/airflow/example_dags/example_skip_dag.py took 0.056 seconds
[2022-02-03 20:46:12,780] {processor.py:163} INFO - Started process (PID=1143) to work on /home/airflow/.local/lib/python3.7/site-packages/airflow/example_dags/example_skip_dag.py
[2022-02-03 20:46:12,782] {processor.py:642} INFO - Processing file /home/airflow/.local/lib/python3.7/site-packages/airflow/example_dags/example_skip_dag.py for tasks to queue
[2022-02-03 20:46:12,782] {logging_mixin.py:109} INFO - [2022-02-03 20:46:12,782] {dagbag.py:500} INFO - Filling up the DagBag from /home/airflow/.local/lib/python3.7/site-packages/airflow/example_dags/example_skip_dag.py
[2022-02-03 20:46:12,808] {processor.py:654} INFO - DAG(s) dict_keys(['example_skip_dag']) retrieved from /home/airflow/.local/lib/python3.7/site-packages/airflow/example_dags/example_skip_dag.py
[2022-02-03 20:46:12,819] {logging_mixin.py:109} INFO - [2022-02-03 20:46:12,819] {dag.py:2396} INFO - Sync 1 DAGs
[2022-02-03 20:46:12,835] {logging_mixin.py:109} INFO - [2022-02-03 20:46:12,835] {dag.py:2935} INFO - Setting next_dagrun for example_skip_dag to 2022-02-02T20:46:12.834934+00:00
[2022-02-03 20:46:12,846] {processor.py:171} INFO - Processing /home/airflow/.local/lib/python3.7/site-packages/airflow/example_dags/example_skip_dag.py took 0.069 seconds
[2022-02-03 20:46:43,244] {processor.py:163} INFO - Started process (PID=1194) to work on /home/airflow/.local/lib/python3.7/site-packages/airflow/example_dags/example_skip_dag.py
[2022-02-03 20:46:43,246] {processor.py:642} INFO - Processing file /home/airflow/.local/lib/python3.7/site-packages/airflow/example_dags/example_skip_dag.py for tasks to queue
[2022-02-03 20:46:43,246] {logging_mixin.py:109} INFO - [2022-02-03 20:46:43,246] {dagbag.py:500} INFO - Filling up the DagBag from /home/airflow/.local/lib/python3.7/site-packages/airflow/example_dags/example_skip_dag.py
[2022-02-03 20:46:43,268] {processor.py:654} INFO - DAG(s) dict_keys(['example_skip_dag']) retrieved from /home/airflow/.local/lib/python3.7/site-packages/airflow/example_dags/example_skip_dag.py
[2022-02-03 20:46:43,278] {logging_mixin.py:109} INFO - [2022-02-03 20:46:43,278] {dag.py:2396} INFO - Sync 1 DAGs
[2022-02-03 20:46:43,292] {logging_mixin.py:109} INFO - [2022-02-03 20:46:43,292] {dag.py:2935} INFO - Setting next_dagrun for example_skip_dag to 2022-02-02T20:46:43.292397+00:00
[2022-02-03 20:46:43,301] {processor.py:171} INFO - Processing /home/airflow/.local/lib/python3.7/site-packages/airflow/example_dags/example_skip_dag.py took 0.059 seconds
[2022-02-03 20:47:13,830] {processor.py:163} INFO - Started process (PID=1255) to work on /home/airflow/.local/lib/python3.7/site-packages/airflow/example_dags/example_skip_dag.py
[2022-02-03 20:47:13,831] {processor.py:642} INFO - Processing file /home/airflow/.local/lib/python3.7/site-packages/airflow/example_dags/example_skip_dag.py for tasks to queue
[2022-02-03 20:47:13,831] {logging_mixin.py:109} INFO - [2022-02-03 20:47:13,831] {dagbag.py:500} INFO - Filling up the DagBag from /home/airflow/.local/lib/python3.7/site-packages/airflow/example_dags/example_skip_dag.py
[2022-02-03 20:47:13,853] {processor.py:654} INFO - DAG(s) dict_keys(['example_skip_dag']) retrieved from /home/airflow/.local/lib/python3.7/site-packages/airflow/example_dags/example_skip_dag.py
[2022-02-03 20:47:13,861] {logging_mixin.py:109} INFO - [2022-02-03 20:47:13,861] {dag.py:2396} INFO - Sync 1 DAGs
[2022-02-03 20:47:13,876] {logging_mixin.py:109} INFO - [2022-02-03 20:47:13,876] {dag.py:2935} INFO - Setting next_dagrun for example_skip_dag to 2022-02-02T20:47:13.875819+00:00
[2022-02-03 20:47:13,885] {processor.py:171} INFO - Processing /home/airflow/.local/lib/python3.7/site-packages/airflow/example_dags/example_skip_dag.py took 0.058 seconds
[2022-02-03 20:47:44,373] {processor.py:163} INFO - Started process (PID=1306) to work on /home/airflow/.local/lib/python3.7/site-packages/airflow/example_dags/example_skip_dag.py
[2022-02-03 20:47:44,374] {processor.py:642} INFO - Processing file /home/airflow/.local/lib/python3.7/site-packages/airflow/example_dags/example_skip_dag.py for tasks to queue
[2022-02-03 20:47:44,375] {logging_mixin.py:109} INFO - [2022-02-03 20:47:44,375] {dagbag.py:500} INFO - Filling up the DagBag from /home/airflow/.local/lib/python3.7/site-packages/airflow/example_dags/example_skip_dag.py
[2022-02-03 20:47:44,397] {processor.py:654} INFO - DAG(s) dict_keys(['example_skip_dag']) retrieved from /home/airflow/.local/lib/python3.7/site-packages/airflow/example_dags/example_skip_dag.py
[2022-02-03 20:47:44,406] {logging_mixin.py:109} INFO - [2022-02-03 20:47:44,406] {dag.py:2396} INFO - Sync 1 DAGs
[2022-02-03 20:47:44,419] {logging_mixin.py:109} INFO - [2022-02-03 20:47:44,419] {dag.py:2935} INFO - Setting next_dagrun for example_skip_dag to 2022-02-02T20:47:44.418979+00:00
[2022-02-03 20:47:44,427] {processor.py:171} INFO - Processing /home/airflow/.local/lib/python3.7/site-packages/airflow/example_dags/example_skip_dag.py took 0.057 seconds
[2022-02-03 20:48:15,007] {processor.py:163} INFO - Started process (PID=1367) to work on /home/airflow/.local/lib/python3.7/site-packages/airflow/example_dags/example_skip_dag.py
[2022-02-03 20:48:15,008] {processor.py:642} INFO - Processing file /home/airflow/.local/lib/python3.7/site-packages/airflow/example_dags/example_skip_dag.py for tasks to queue
[2022-02-03 20:48:15,009] {logging_mixin.py:109} INFO - [2022-02-03 20:48:15,009] {dagbag.py:500} INFO - Filling up the DagBag from /home/airflow/.local/lib/python3.7/site-packages/airflow/example_dags/example_skip_dag.py
[2022-02-03 20:48:15,029] {processor.py:654} INFO - DAG(s) dict_keys(['example_skip_dag']) retrieved from /home/airflow/.local/lib/python3.7/site-packages/airflow/example_dags/example_skip_dag.py
[2022-02-03 20:48:15,038] {logging_mixin.py:109} INFO - [2022-02-03 20:48:15,038] {dag.py:2396} INFO - Sync 1 DAGs
[2022-02-03 20:48:15,051] {logging_mixin.py:109} INFO - [2022-02-03 20:48:15,051] {dag.py:2935} INFO - Setting next_dagrun for example_skip_dag to 2022-02-02T20:48:15.051322+00:00
[2022-02-03 20:48:15,060] {processor.py:171} INFO - Processing /home/airflow/.local/lib/python3.7/site-packages/airflow/example_dags/example_skip_dag.py took 0.056 seconds
[2022-02-03 20:48:45,582] {processor.py:163} INFO - Started process (PID=1429) to work on /home/airflow/.local/lib/python3.7/site-packages/airflow/example_dags/example_skip_dag.py
[2022-02-03 20:48:45,583] {processor.py:642} INFO - Processing file /home/airflow/.local/lib/python3.7/site-packages/airflow/example_dags/example_skip_dag.py for tasks to queue
[2022-02-03 20:48:45,584] {logging_mixin.py:109} INFO - [2022-02-03 20:48:45,584] {dagbag.py:500} INFO - Filling up the DagBag from /home/airflow/.local/lib/python3.7/site-packages/airflow/example_dags/example_skip_dag.py
[2022-02-03 20:48:45,612] {processor.py:654} INFO - DAG(s) dict_keys(['example_skip_dag']) retrieved from /home/airflow/.local/lib/python3.7/site-packages/airflow/example_dags/example_skip_dag.py
[2022-02-03 20:48:45,622] {logging_mixin.py:109} INFO - [2022-02-03 20:48:45,622] {dag.py:2396} INFO - Sync 1 DAGs
[2022-02-03 20:48:45,636] {logging_mixin.py:109} INFO - [2022-02-03 20:48:45,636] {dag.py:2935} INFO - Setting next_dagrun for example_skip_dag to 2022-02-02T20:48:45.636269+00:00
[2022-02-03 20:48:45,647] {processor.py:171} INFO - Processing /home/airflow/.local/lib/python3.7/site-packages/airflow/example_dags/example_skip_dag.py took 0.068 seconds
[2022-02-03 20:49:16,047] {processor.py:163} INFO - Started process (PID=1480) to work on /home/airflow/.local/lib/python3.7/site-packages/airflow/example_dags/example_skip_dag.py
[2022-02-03 20:49:16,048] {processor.py:642} INFO - Processing file /home/airflow/.local/lib/python3.7/site-packages/airflow/example_dags/example_skip_dag.py for tasks to queue
[2022-02-03 20:49:16,049] {logging_mixin.py:109} INFO - [2022-02-03 20:49:16,049] {dagbag.py:500} INFO - Filling up the DagBag from /home/airflow/.local/lib/python3.7/site-packages/airflow/example_dags/example_skip_dag.py
[2022-02-03 20:49:16,072] {processor.py:654} INFO - DAG(s) dict_keys(['example_skip_dag']) retrieved from /home/airflow/.local/lib/python3.7/site-packages/airflow/example_dags/example_skip_dag.py
[2022-02-03 20:49:16,081] {logging_mixin.py:109} INFO - [2022-02-03 20:49:16,081] {dag.py:2396} INFO - Sync 1 DAGs
[2022-02-03 20:49:16,095] {logging_mixin.py:109} INFO - [2022-02-03 20:49:16,095] {dag.py:2935} INFO - Setting next_dagrun for example_skip_dag to 2022-02-02T20:49:16.095244+00:00
[2022-02-03 20:49:16,104] {processor.py:171} INFO - Processing /home/airflow/.local/lib/python3.7/site-packages/airflow/example_dags/example_skip_dag.py took 0.060 seconds
[2022-02-03 20:49:46,691] {processor.py:163} INFO - Started process (PID=1541) to work on /home/airflow/.local/lib/python3.7/site-packages/airflow/example_dags/example_skip_dag.py
[2022-02-03 20:49:46,693] {processor.py:642} INFO - Processing file /home/airflow/.local/lib/python3.7/site-packages/airflow/example_dags/example_skip_dag.py for tasks to queue
[2022-02-03 20:49:46,694] {logging_mixin.py:109} INFO - [2022-02-03 20:49:46,694] {dagbag.py:500} INFO - Filling up the DagBag from /home/airflow/.local/lib/python3.7/site-packages/airflow/example_dags/example_skip_dag.py
[2022-02-03 20:49:46,735] {processor.py:654} INFO - DAG(s) dict_keys(['example_skip_dag']) retrieved from /home/airflow/.local/lib/python3.7/site-packages/airflow/example_dags/example_skip_dag.py
[2022-02-03 20:49:46,753] {logging_mixin.py:109} INFO - [2022-02-03 20:49:46,753] {dag.py:2396} INFO - Sync 1 DAGs
[2022-02-03 20:49:46,779] {logging_mixin.py:109} INFO - [2022-02-03 20:49:46,779] {dag.py:2935} INFO - Setting next_dagrun for example_skip_dag to 2022-02-02T20:49:46.778936+00:00
[2022-02-03 20:49:46,800] {processor.py:171} INFO - Processing /home/airflow/.local/lib/python3.7/site-packages/airflow/example_dags/example_skip_dag.py took 0.113 seconds
[2022-02-03 20:50:17,879] {processor.py:163} INFO - Started process (PID=1592) to work on /home/airflow/.local/lib/python3.7/site-packages/airflow/example_dags/example_skip_dag.py
[2022-02-03 20:50:17,880] {processor.py:642} INFO - Processing file /home/airflow/.local/lib/python3.7/site-packages/airflow/example_dags/example_skip_dag.py for tasks to queue
[2022-02-03 20:50:17,881] {logging_mixin.py:109} INFO - [2022-02-03 20:50:17,881] {dagbag.py:500} INFO - Filling up the DagBag from /home/airflow/.local/lib/python3.7/site-packages/airflow/example_dags/example_skip_dag.py
[2022-02-03 20:50:17,902] {processor.py:654} INFO - DAG(s) dict_keys(['example_skip_dag']) retrieved from /home/airflow/.local/lib/python3.7/site-packages/airflow/example_dags/example_skip_dag.py
[2022-02-03 20:50:17,911] {logging_mixin.py:109} INFO - [2022-02-03 20:50:17,911] {dag.py:2396} INFO - Sync 1 DAGs
[2022-02-03 20:50:17,924] {logging_mixin.py:109} INFO - [2022-02-03 20:50:17,924] {dag.py:2935} INFO - Setting next_dagrun for example_skip_dag to 2022-02-02T20:50:17.924223+00:00
[2022-02-03 20:50:17,934] {processor.py:171} INFO - Processing /home/airflow/.local/lib/python3.7/site-packages/airflow/example_dags/example_skip_dag.py took 0.057 seconds
[2022-02-03 20:50:48,663] {processor.py:163} INFO - Started process (PID=1653) to work on /home/airflow/.local/lib/python3.7/site-packages/airflow/example_dags/example_skip_dag.py
[2022-02-03 20:50:48,665] {processor.py:642} INFO - Processing file /home/airflow/.local/lib/python3.7/site-packages/airflow/example_dags/example_skip_dag.py for tasks to queue
[2022-02-03 20:50:48,666] {logging_mixin.py:109} INFO - [2022-02-03 20:50:48,666] {dagbag.py:500} INFO - Filling up the DagBag from /home/airflow/.local/lib/python3.7/site-packages/airflow/example_dags/example_skip_dag.py
[2022-02-03 20:50:48,693] {processor.py:654} INFO - DAG(s) dict_keys(['example_skip_dag']) retrieved from /home/airflow/.local/lib/python3.7/site-packages/airflow/example_dags/example_skip_dag.py
[2022-02-03 20:50:48,707] {logging_mixin.py:109} INFO - [2022-02-03 20:50:48,707] {dag.py:2396} INFO - Sync 1 DAGs
[2022-02-03 20:50:48,725] {logging_mixin.py:109} INFO - [2022-02-03 20:50:48,725] {dag.py:2935} INFO - Setting next_dagrun for example_skip_dag to 2022-02-02T20:50:48.724752+00:00
[2022-02-03 20:50:48,735] {processor.py:171} INFO - Processing /home/airflow/.local/lib/python3.7/site-packages/airflow/example_dags/example_skip_dag.py took 0.075 seconds
[2022-02-03 20:51:19,217] {processor.py:163} INFO - Started process (PID=1703) to work on /home/airflow/.local/lib/python3.7/site-packages/airflow/example_dags/example_skip_dag.py
[2022-02-03 20:51:19,219] {processor.py:642} INFO - Processing file /home/airflow/.local/lib/python3.7/site-packages/airflow/example_dags/example_skip_dag.py for tasks to queue
[2022-02-03 20:51:19,219] {logging_mixin.py:109} INFO - [2022-02-03 20:51:19,219] {dagbag.py:500} INFO - Filling up the DagBag from /home/airflow/.local/lib/python3.7/site-packages/airflow/example_dags/example_skip_dag.py
[2022-02-03 20:51:19,246] {processor.py:654} INFO - DAG(s) dict_keys(['example_skip_dag']) retrieved from /home/airflow/.local/lib/python3.7/site-packages/airflow/example_dags/example_skip_dag.py
[2022-02-03 20:51:19,258] {logging_mixin.py:109} INFO - [2022-02-03 20:51:19,258] {dag.py:2396} INFO - Sync 1 DAGs
[2022-02-03 20:51:19,275] {logging_mixin.py:109} INFO - [2022-02-03 20:51:19,275] {dag.py:2935} INFO - Setting next_dagrun for example_skip_dag to 2022-02-02T20:51:19.275578+00:00
[2022-02-03 20:51:19,285] {processor.py:171} INFO - Processing /home/airflow/.local/lib/python3.7/site-packages/airflow/example_dags/example_skip_dag.py took 0.071 seconds
[2022-02-03 20:51:49,860] {processor.py:163} INFO - Started process (PID=1762) to work on /home/airflow/.local/lib/python3.7/site-packages/airflow/example_dags/example_skip_dag.py
[2022-02-03 20:51:49,862] {processor.py:642} INFO - Processing file /home/airflow/.local/lib/python3.7/site-packages/airflow/example_dags/example_skip_dag.py for tasks to queue
[2022-02-03 20:51:49,864] {logging_mixin.py:109} INFO - [2022-02-03 20:51:49,863] {dagbag.py:500} INFO - Filling up the DagBag from /home/airflow/.local/lib/python3.7/site-packages/airflow/example_dags/example_skip_dag.py
[2022-02-03 20:51:49,893] {processor.py:654} INFO - DAG(s) dict_keys(['example_skip_dag']) retrieved from /home/airflow/.local/lib/python3.7/site-packages/airflow/example_dags/example_skip_dag.py
[2022-02-03 20:51:49,905] {logging_mixin.py:109} INFO - [2022-02-03 20:51:49,905] {dag.py:2396} INFO - Sync 1 DAGs
[2022-02-03 20:51:49,930] {logging_mixin.py:109} INFO - [2022-02-03 20:51:49,930] {dag.py:2935} INFO - Setting next_dagrun for example_skip_dag to 2022-02-02T20:51:49.930075+00:00
[2022-02-03 20:51:49,945] {processor.py:171} INFO - Processing /home/airflow/.local/lib/python3.7/site-packages/airflow/example_dags/example_skip_dag.py took 0.090 seconds
[2022-02-03 20:52:20,709] {processor.py:163} INFO - Started process (PID=1815) to work on /home/airflow/.local/lib/python3.7/site-packages/airflow/example_dags/example_skip_dag.py
[2022-02-03 20:52:20,710] {processor.py:642} INFO - Processing file /home/airflow/.local/lib/python3.7/site-packages/airflow/example_dags/example_skip_dag.py for tasks to queue
[2022-02-03 20:52:20,711] {logging_mixin.py:109} INFO - [2022-02-03 20:52:20,711] {dagbag.py:500} INFO - Filling up the DagBag from /home/airflow/.local/lib/python3.7/site-packages/airflow/example_dags/example_skip_dag.py
[2022-02-03 20:52:20,738] {processor.py:654} INFO - DAG(s) dict_keys(['example_skip_dag']) retrieved from /home/airflow/.local/lib/python3.7/site-packages/airflow/example_dags/example_skip_dag.py
[2022-02-03 20:52:20,749] {logging_mixin.py:109} INFO - [2022-02-03 20:52:20,749] {dag.py:2396} INFO - Sync 1 DAGs
[2022-02-03 20:52:20,845] {logging_mixin.py:109} INFO - [2022-02-03 20:52:20,845] {dag.py:2935} INFO - Setting next_dagrun for example_skip_dag to 2022-02-02T20:52:20.845140+00:00
[2022-02-03 20:52:20,857] {processor.py:171} INFO - Processing /home/airflow/.local/lib/python3.7/site-packages/airflow/example_dags/example_skip_dag.py took 0.152 seconds
[2022-02-03 20:52:51,757] {processor.py:163} INFO - Started process (PID=1866) to work on /home/airflow/.local/lib/python3.7/site-packages/airflow/example_dags/example_skip_dag.py
[2022-02-03 20:52:51,758] {processor.py:642} INFO - Processing file /home/airflow/.local/lib/python3.7/site-packages/airflow/example_dags/example_skip_dag.py for tasks to queue
[2022-02-03 20:52:51,759] {logging_mixin.py:109} INFO - [2022-02-03 20:52:51,759] {dagbag.py:500} INFO - Filling up the DagBag from /home/airflow/.local/lib/python3.7/site-packages/airflow/example_dags/example_skip_dag.py
[2022-02-03 20:52:51,782] {processor.py:654} INFO - DAG(s) dict_keys(['example_skip_dag']) retrieved from /home/airflow/.local/lib/python3.7/site-packages/airflow/example_dags/example_skip_dag.py
[2022-02-03 20:52:51,792] {logging_mixin.py:109} INFO - [2022-02-03 20:52:51,792] {dag.py:2396} INFO - Sync 1 DAGs
[2022-02-03 20:52:51,878] {logging_mixin.py:109} INFO - [2022-02-03 20:52:51,878] {dag.py:2935} INFO - Setting next_dagrun for example_skip_dag to 2022-02-02T20:52:51.878488+00:00
[2022-02-03 20:52:51,888] {processor.py:171} INFO - Processing /home/airflow/.local/lib/python3.7/site-packages/airflow/example_dags/example_skip_dag.py took 0.133 seconds
[2022-02-03 20:53:22,639] {processor.py:163} INFO - Started process (PID=1926) to work on /home/airflow/.local/lib/python3.7/site-packages/airflow/example_dags/example_skip_dag.py
[2022-02-03 20:53:22,640] {processor.py:642} INFO - Processing file /home/airflow/.local/lib/python3.7/site-packages/airflow/example_dags/example_skip_dag.py for tasks to queue
[2022-02-03 20:53:22,641] {logging_mixin.py:109} INFO - [2022-02-03 20:53:22,641] {dagbag.py:500} INFO - Filling up the DagBag from /home/airflow/.local/lib/python3.7/site-packages/airflow/example_dags/example_skip_dag.py
[2022-02-03 20:53:22,670] {processor.py:654} INFO - DAG(s) dict_keys(['example_skip_dag']) retrieved from /home/airflow/.local/lib/python3.7/site-packages/airflow/example_dags/example_skip_dag.py
[2022-02-03 20:53:22,769] {logging_mixin.py:109} INFO - [2022-02-03 20:53:22,769] {dag.py:2396} INFO - Sync 1 DAGs
[2022-02-03 20:53:22,785] {logging_mixin.py:109} INFO - [2022-02-03 20:53:22,785] {dag.py:2935} INFO - Setting next_dagrun for example_skip_dag to 2022-02-02T20:53:22.785264+00:00
[2022-02-03 20:53:22,796] {processor.py:171} INFO - Processing /home/airflow/.local/lib/python3.7/site-packages/airflow/example_dags/example_skip_dag.py took 0.161 seconds
[2022-02-03 20:53:52,933] {processor.py:163} INFO - Started process (PID=1977) to work on /home/airflow/.local/lib/python3.7/site-packages/airflow/example_dags/example_skip_dag.py
[2022-02-03 20:53:52,934] {processor.py:642} INFO - Processing file /home/airflow/.local/lib/python3.7/site-packages/airflow/example_dags/example_skip_dag.py for tasks to queue
[2022-02-03 20:53:52,935] {logging_mixin.py:109} INFO - [2022-02-03 20:53:52,935] {dagbag.py:500} INFO - Filling up the DagBag from /home/airflow/.local/lib/python3.7/site-packages/airflow/example_dags/example_skip_dag.py
[2022-02-03 20:53:52,967] {processor.py:654} INFO - DAG(s) dict_keys(['example_skip_dag']) retrieved from /home/airflow/.local/lib/python3.7/site-packages/airflow/example_dags/example_skip_dag.py
[2022-02-03 20:53:53,069] {logging_mixin.py:109} INFO - [2022-02-03 20:53:53,069] {dag.py:2396} INFO - Sync 1 DAGs
[2022-02-03 20:53:53,086] {logging_mixin.py:109} INFO - [2022-02-03 20:53:53,086] {dag.py:2935} INFO - Setting next_dagrun for example_skip_dag to 2022-02-02T20:53:53.086626+00:00
[2022-02-03 20:53:53,097] {processor.py:171} INFO - Processing /home/airflow/.local/lib/python3.7/site-packages/airflow/example_dags/example_skip_dag.py took 0.168 seconds
[2022-02-03 20:54:23,373] {processor.py:163} INFO - Started process (PID=2038) to work on /home/airflow/.local/lib/python3.7/site-packages/airflow/example_dags/example_skip_dag.py
[2022-02-03 20:54:23,374] {processor.py:642} INFO - Processing file /home/airflow/.local/lib/python3.7/site-packages/airflow/example_dags/example_skip_dag.py for tasks to queue
[2022-02-03 20:54:23,375] {logging_mixin.py:109} INFO - [2022-02-03 20:54:23,375] {dagbag.py:500} INFO - Filling up the DagBag from /home/airflow/.local/lib/python3.7/site-packages/airflow/example_dags/example_skip_dag.py
[2022-02-03 20:54:23,458] {processor.py:654} INFO - DAG(s) dict_keys(['example_skip_dag']) retrieved from /home/airflow/.local/lib/python3.7/site-packages/airflow/example_dags/example_skip_dag.py
[2022-02-03 20:54:23,466] {logging_mixin.py:109} INFO - [2022-02-03 20:54:23,466] {dag.py:2396} INFO - Sync 1 DAGs
[2022-02-03 20:54:23,478] {logging_mixin.py:109} INFO - [2022-02-03 20:54:23,478] {dag.py:2935} INFO - Setting next_dagrun for example_skip_dag to 2022-02-02T20:54:23.477980+00:00
[2022-02-03 20:54:23,487] {processor.py:171} INFO - Processing /home/airflow/.local/lib/python3.7/site-packages/airflow/example_dags/example_skip_dag.py took 0.117 seconds
[2022-02-03 20:54:53,998] {processor.py:163} INFO - Started process (PID=2089) to work on /home/airflow/.local/lib/python3.7/site-packages/airflow/example_dags/example_skip_dag.py
[2022-02-03 20:54:54,000] {processor.py:642} INFO - Processing file /home/airflow/.local/lib/python3.7/site-packages/airflow/example_dags/example_skip_dag.py for tasks to queue
[2022-02-03 20:54:54,002] {logging_mixin.py:109} INFO - [2022-02-03 20:54:54,001] {dagbag.py:500} INFO - Filling up the DagBag from /home/airflow/.local/lib/python3.7/site-packages/airflow/example_dags/example_skip_dag.py
[2022-02-03 20:54:54,131] {processor.py:654} INFO - DAG(s) dict_keys(['example_skip_dag']) retrieved from /home/airflow/.local/lib/python3.7/site-packages/airflow/example_dags/example_skip_dag.py
[2022-02-03 20:54:54,145] {logging_mixin.py:109} INFO - [2022-02-03 20:54:54,145] {dag.py:2396} INFO - Sync 1 DAGs
[2022-02-03 20:54:54,162] {logging_mixin.py:109} INFO - [2022-02-03 20:54:54,162] {dag.py:2935} INFO - Setting next_dagrun for example_skip_dag to 2022-02-02T20:54:54.162161+00:00
[2022-02-03 20:54:54,176] {processor.py:171} INFO - Processing /home/airflow/.local/lib/python3.7/site-packages/airflow/example_dags/example_skip_dag.py took 0.183 seconds
[2022-02-03 20:55:24,912] {processor.py:163} INFO - Started process (PID=2149) to work on /home/airflow/.local/lib/python3.7/site-packages/airflow/example_dags/example_skip_dag.py
[2022-02-03 20:55:24,914] {processor.py:642} INFO - Processing file /home/airflow/.local/lib/python3.7/site-packages/airflow/example_dags/example_skip_dag.py for tasks to queue
[2022-02-03 20:55:24,914] {logging_mixin.py:109} INFO - [2022-02-03 20:55:24,914] {dagbag.py:500} INFO - Filling up the DagBag from /home/airflow/.local/lib/python3.7/site-packages/airflow/example_dags/example_skip_dag.py
[2022-02-03 20:55:25,042] {processor.py:654} INFO - DAG(s) dict_keys(['example_skip_dag']) retrieved from /home/airflow/.local/lib/python3.7/site-packages/airflow/example_dags/example_skip_dag.py
[2022-02-03 20:55:25,053] {logging_mixin.py:109} INFO - [2022-02-03 20:55:25,053] {dag.py:2396} INFO - Sync 1 DAGs
[2022-02-03 20:55:25,069] {logging_mixin.py:109} INFO - [2022-02-03 20:55:25,069] {dag.py:2935} INFO - Setting next_dagrun for example_skip_dag to 2022-02-02T20:55:25.068877+00:00
[2022-02-03 20:55:25,080] {processor.py:171} INFO - Processing /home/airflow/.local/lib/python3.7/site-packages/airflow/example_dags/example_skip_dag.py took 0.171 seconds
