[2022-02-03 20:38:24,038] {processor.py:163} INFO - Started process (PID=84) to work on /home/airflow/.local/lib/python3.7/site-packages/airflow/example_dags/example_branch_labels.py
[2022-02-03 20:38:24,041] {processor.py:642} INFO - Processing file /home/airflow/.local/lib/python3.7/site-packages/airflow/example_dags/example_branch_labels.py for tasks to queue
[2022-02-03 20:38:24,042] {logging_mixin.py:109} INFO - [2022-02-03 20:38:24,042] {dagbag.py:500} INFO - Filling up the DagBag from /home/airflow/.local/lib/python3.7/site-packages/airflow/example_dags/example_branch_labels.py
[2022-02-03 20:38:24,094] {processor.py:654} INFO - DAG(s) dict_keys(['example_branch_labels']) retrieved from /home/airflow/.local/lib/python3.7/site-packages/airflow/example_dags/example_branch_labels.py
[2022-02-03 20:38:27,373] {logging_mixin.py:109} INFO - [2022-02-03 20:38:27,373] {manager.py:496} INFO - Created Permission View: can read on DAG:example_branch_labels
[2022-02-03 20:38:27,388] {logging_mixin.py:109} INFO - [2022-02-03 20:38:27,388] {manager.py:496} INFO - Created Permission View: can edit on DAG:example_branch_labels
[2022-02-03 20:38:27,389] {logging_mixin.py:109} INFO - [2022-02-03 20:38:27,388] {dag.py:2396} INFO - Sync 1 DAGs
[2022-02-03 20:38:27,401] {logging_mixin.py:109} INFO - [2022-02-03 20:38:27,401] {dag.py:2415} INFO - Creating ORM DAG for example_branch_labels
[2022-02-03 20:38:27,418] {logging_mixin.py:109} INFO - [2022-02-03 20:38:27,418] {dag.py:2935} INFO - Setting next_dagrun for example_branch_labels to 2022-02-02 00:00:00+00:00
[2022-02-03 20:38:27,434] {processor.py:171} INFO - Processing /home/airflow/.local/lib/python3.7/site-packages/airflow/example_dags/example_branch_labels.py took 3.402 seconds
[2022-02-03 20:38:58,615] {processor.py:163} INFO - Started process (PID=344) to work on /home/airflow/.local/lib/python3.7/site-packages/airflow/example_dags/example_branch_labels.py
[2022-02-03 20:38:58,617] {processor.py:642} INFO - Processing file /home/airflow/.local/lib/python3.7/site-packages/airflow/example_dags/example_branch_labels.py for tasks to queue
[2022-02-03 20:38:58,618] {logging_mixin.py:109} INFO - [2022-02-03 20:38:58,618] {dagbag.py:500} INFO - Filling up the DagBag from /home/airflow/.local/lib/python3.7/site-packages/airflow/example_dags/example_branch_labels.py
[2022-02-03 20:38:58,651] {processor.py:654} INFO - DAG(s) dict_keys(['example_branch_labels']) retrieved from /home/airflow/.local/lib/python3.7/site-packages/airflow/example_dags/example_branch_labels.py
[2022-02-03 20:38:58,664] {logging_mixin.py:109} INFO - [2022-02-03 20:38:58,664] {dag.py:2396} INFO - Sync 1 DAGs
[2022-02-03 20:38:58,682] {logging_mixin.py:109} INFO - [2022-02-03 20:38:58,682] {dag.py:2935} INFO - Setting next_dagrun for example_branch_labels to 2022-02-02 00:00:00+00:00
[2022-02-03 20:38:58,692] {processor.py:171} INFO - Processing /home/airflow/.local/lib/python3.7/site-packages/airflow/example_dags/example_branch_labels.py took 0.081 seconds
[2022-02-03 20:39:29,797] {processor.py:163} INFO - Started process (PID=406) to work on /home/airflow/.local/lib/python3.7/site-packages/airflow/example_dags/example_branch_labels.py
[2022-02-03 20:39:29,798] {processor.py:642} INFO - Processing file /home/airflow/.local/lib/python3.7/site-packages/airflow/example_dags/example_branch_labels.py for tasks to queue
[2022-02-03 20:39:29,799] {logging_mixin.py:109} INFO - [2022-02-03 20:39:29,799] {dagbag.py:500} INFO - Filling up the DagBag from /home/airflow/.local/lib/python3.7/site-packages/airflow/example_dags/example_branch_labels.py
[2022-02-03 20:39:29,822] {processor.py:654} INFO - DAG(s) dict_keys(['example_branch_labels']) retrieved from /home/airflow/.local/lib/python3.7/site-packages/airflow/example_dags/example_branch_labels.py
[2022-02-03 20:39:29,831] {logging_mixin.py:109} INFO - [2022-02-03 20:39:29,831] {dag.py:2396} INFO - Sync 1 DAGs
[2022-02-03 20:39:29,843] {logging_mixin.py:109} INFO - [2022-02-03 20:39:29,843] {dag.py:2935} INFO - Setting next_dagrun for example_branch_labels to 2022-02-02 00:00:00+00:00
[2022-02-03 20:39:29,851] {processor.py:171} INFO - Processing /home/airflow/.local/lib/python3.7/site-packages/airflow/example_dags/example_branch_labels.py took 0.057 seconds
[2022-02-03 20:40:00,857] {processor.py:163} INFO - Started process (PID=456) to work on /home/airflow/.local/lib/python3.7/site-packages/airflow/example_dags/example_branch_labels.py
[2022-02-03 20:40:00,859] {processor.py:642} INFO - Processing file /home/airflow/.local/lib/python3.7/site-packages/airflow/example_dags/example_branch_labels.py for tasks to queue
[2022-02-03 20:40:00,860] {logging_mixin.py:109} INFO - [2022-02-03 20:40:00,860] {dagbag.py:500} INFO - Filling up the DagBag from /home/airflow/.local/lib/python3.7/site-packages/airflow/example_dags/example_branch_labels.py
[2022-02-03 20:40:00,882] {processor.py:654} INFO - DAG(s) dict_keys(['example_branch_labels']) retrieved from /home/airflow/.local/lib/python3.7/site-packages/airflow/example_dags/example_branch_labels.py
[2022-02-03 20:40:00,892] {logging_mixin.py:109} INFO - [2022-02-03 20:40:00,892] {dag.py:2396} INFO - Sync 1 DAGs
[2022-02-03 20:40:00,907] {logging_mixin.py:109} INFO - [2022-02-03 20:40:00,907] {dag.py:2935} INFO - Setting next_dagrun for example_branch_labels to 2022-02-02 00:00:00+00:00
[2022-02-03 20:40:00,916] {processor.py:171} INFO - Processing /home/airflow/.local/lib/python3.7/site-packages/airflow/example_dags/example_branch_labels.py took 0.062 seconds
[2022-02-03 20:40:30,989] {processor.py:163} INFO - Started process (PID=516) to work on /home/airflow/.local/lib/python3.7/site-packages/airflow/example_dags/example_branch_labels.py
[2022-02-03 20:40:30,991] {processor.py:642} INFO - Processing file /home/airflow/.local/lib/python3.7/site-packages/airflow/example_dags/example_branch_labels.py for tasks to queue
[2022-02-03 20:40:30,991] {logging_mixin.py:109} INFO - [2022-02-03 20:40:30,991] {dagbag.py:500} INFO - Filling up the DagBag from /home/airflow/.local/lib/python3.7/site-packages/airflow/example_dags/example_branch_labels.py
[2022-02-03 20:40:31,015] {processor.py:654} INFO - DAG(s) dict_keys(['example_branch_labels']) retrieved from /home/airflow/.local/lib/python3.7/site-packages/airflow/example_dags/example_branch_labels.py
[2022-02-03 20:40:31,024] {logging_mixin.py:109} INFO - [2022-02-03 20:40:31,024] {dag.py:2396} INFO - Sync 1 DAGs
[2022-02-03 20:40:31,040] {logging_mixin.py:109} INFO - [2022-02-03 20:40:31,039] {dag.py:2935} INFO - Setting next_dagrun for example_branch_labels to 2022-02-02 00:00:00+00:00
[2022-02-03 20:40:31,049] {processor.py:171} INFO - Processing /home/airflow/.local/lib/python3.7/site-packages/airflow/example_dags/example_branch_labels.py took 0.062 seconds
[2022-02-03 20:41:01,213] {processor.py:163} INFO - Started process (PID=568) to work on /home/airflow/.local/lib/python3.7/site-packages/airflow/example_dags/example_branch_labels.py
[2022-02-03 20:41:01,214] {processor.py:642} INFO - Processing file /home/airflow/.local/lib/python3.7/site-packages/airflow/example_dags/example_branch_labels.py for tasks to queue
[2022-02-03 20:41:01,214] {logging_mixin.py:109} INFO - [2022-02-03 20:41:01,214] {dagbag.py:500} INFO - Filling up the DagBag from /home/airflow/.local/lib/python3.7/site-packages/airflow/example_dags/example_branch_labels.py
[2022-02-03 20:41:01,236] {processor.py:654} INFO - DAG(s) dict_keys(['example_branch_labels']) retrieved from /home/airflow/.local/lib/python3.7/site-packages/airflow/example_dags/example_branch_labels.py
[2022-02-03 20:41:01,245] {logging_mixin.py:109} INFO - [2022-02-03 20:41:01,245] {dag.py:2396} INFO - Sync 1 DAGs
[2022-02-03 20:41:01,259] {logging_mixin.py:109} INFO - [2022-02-03 20:41:01,259] {dag.py:2935} INFO - Setting next_dagrun for example_branch_labels to 2022-02-02 00:00:00+00:00
[2022-02-03 20:41:01,267] {processor.py:171} INFO - Processing /home/airflow/.local/lib/python3.7/site-packages/airflow/example_dags/example_branch_labels.py took 0.057 seconds
[2022-02-03 20:41:31,368] {processor.py:163} INFO - Started process (PID=628) to work on /home/airflow/.local/lib/python3.7/site-packages/airflow/example_dags/example_branch_labels.py
[2022-02-03 20:41:31,370] {processor.py:642} INFO - Processing file /home/airflow/.local/lib/python3.7/site-packages/airflow/example_dags/example_branch_labels.py for tasks to queue
[2022-02-03 20:41:31,370] {logging_mixin.py:109} INFO - [2022-02-03 20:41:31,370] {dagbag.py:500} INFO - Filling up the DagBag from /home/airflow/.local/lib/python3.7/site-packages/airflow/example_dags/example_branch_labels.py
[2022-02-03 20:41:31,392] {processor.py:654} INFO - DAG(s) dict_keys(['example_branch_labels']) retrieved from /home/airflow/.local/lib/python3.7/site-packages/airflow/example_dags/example_branch_labels.py
[2022-02-03 20:41:31,401] {logging_mixin.py:109} INFO - [2022-02-03 20:41:31,401] {dag.py:2396} INFO - Sync 1 DAGs
[2022-02-03 20:41:31,415] {logging_mixin.py:109} INFO - [2022-02-03 20:41:31,415] {dag.py:2935} INFO - Setting next_dagrun for example_branch_labels to 2022-02-02 00:00:00+00:00
[2022-02-03 20:41:31,423] {processor.py:171} INFO - Processing /home/airflow/.local/lib/python3.7/site-packages/airflow/example_dags/example_branch_labels.py took 0.057 seconds
[2022-02-03 20:42:01,501] {processor.py:163} INFO - Started process (PID=680) to work on /home/airflow/.local/lib/python3.7/site-packages/airflow/example_dags/example_branch_labels.py
[2022-02-03 20:42:01,502] {processor.py:642} INFO - Processing file /home/airflow/.local/lib/python3.7/site-packages/airflow/example_dags/example_branch_labels.py for tasks to queue
[2022-02-03 20:42:01,503] {logging_mixin.py:109} INFO - [2022-02-03 20:42:01,503] {dagbag.py:500} INFO - Filling up the DagBag from /home/airflow/.local/lib/python3.7/site-packages/airflow/example_dags/example_branch_labels.py
[2022-02-03 20:42:01,534] {processor.py:654} INFO - DAG(s) dict_keys(['example_branch_labels']) retrieved from /home/airflow/.local/lib/python3.7/site-packages/airflow/example_dags/example_branch_labels.py
[2022-02-03 20:42:01,545] {logging_mixin.py:109} INFO - [2022-02-03 20:42:01,545] {dag.py:2396} INFO - Sync 1 DAGs
[2022-02-03 20:42:01,564] {logging_mixin.py:109} INFO - [2022-02-03 20:42:01,564] {dag.py:2935} INFO - Setting next_dagrun for example_branch_labels to 2022-02-02 00:00:00+00:00
[2022-02-03 20:42:01,577] {processor.py:171} INFO - Processing /home/airflow/.local/lib/python3.7/site-packages/airflow/example_dags/example_branch_labels.py took 0.078 seconds
[2022-02-03 20:42:31,682] {processor.py:163} INFO - Started process (PID=740) to work on /home/airflow/.local/lib/python3.7/site-packages/airflow/example_dags/example_branch_labels.py
[2022-02-03 20:42:31,683] {processor.py:642} INFO - Processing file /home/airflow/.local/lib/python3.7/site-packages/airflow/example_dags/example_branch_labels.py for tasks to queue
[2022-02-03 20:42:31,683] {logging_mixin.py:109} INFO - [2022-02-03 20:42:31,683] {dagbag.py:500} INFO - Filling up the DagBag from /home/airflow/.local/lib/python3.7/site-packages/airflow/example_dags/example_branch_labels.py
[2022-02-03 20:42:31,705] {processor.py:654} INFO - DAG(s) dict_keys(['example_branch_labels']) retrieved from /home/airflow/.local/lib/python3.7/site-packages/airflow/example_dags/example_branch_labels.py
[2022-02-03 20:42:31,715] {logging_mixin.py:109} INFO - [2022-02-03 20:42:31,714] {dag.py:2396} INFO - Sync 1 DAGs
[2022-02-03 20:42:31,728] {logging_mixin.py:109} INFO - [2022-02-03 20:42:31,728] {dag.py:2935} INFO - Setting next_dagrun for example_branch_labels to 2022-02-02 00:00:00+00:00
[2022-02-03 20:42:31,740] {processor.py:171} INFO - Processing /home/airflow/.local/lib/python3.7/site-packages/airflow/example_dags/example_branch_labels.py took 0.060 seconds
[2022-02-03 20:43:01,828] {processor.py:163} INFO - Started process (PID=790) to work on /home/airflow/.local/lib/python3.7/site-packages/airflow/example_dags/example_branch_labels.py
[2022-02-03 20:43:01,829] {processor.py:642} INFO - Processing file /home/airflow/.local/lib/python3.7/site-packages/airflow/example_dags/example_branch_labels.py for tasks to queue
[2022-02-03 20:43:01,830] {logging_mixin.py:109} INFO - [2022-02-03 20:43:01,830] {dagbag.py:500} INFO - Filling up the DagBag from /home/airflow/.local/lib/python3.7/site-packages/airflow/example_dags/example_branch_labels.py
[2022-02-03 20:43:01,852] {processor.py:654} INFO - DAG(s) dict_keys(['example_branch_labels']) retrieved from /home/airflow/.local/lib/python3.7/site-packages/airflow/example_dags/example_branch_labels.py
[2022-02-03 20:43:01,861] {logging_mixin.py:109} INFO - [2022-02-03 20:43:01,861] {dag.py:2396} INFO - Sync 1 DAGs
[2022-02-03 20:43:01,875] {logging_mixin.py:109} INFO - [2022-02-03 20:43:01,875] {dag.py:2935} INFO - Setting next_dagrun for example_branch_labels to 2022-02-02 00:00:00+00:00
[2022-02-03 20:43:01,883] {processor.py:171} INFO - Processing /home/airflow/.local/lib/python3.7/site-packages/airflow/example_dags/example_branch_labels.py took 0.058 seconds
[2022-02-03 20:43:32,096] {processor.py:163} INFO - Started process (PID=853) to work on /home/airflow/.local/lib/python3.7/site-packages/airflow/example_dags/example_branch_labels.py
[2022-02-03 20:43:32,097] {processor.py:642} INFO - Processing file /home/airflow/.local/lib/python3.7/site-packages/airflow/example_dags/example_branch_labels.py for tasks to queue
[2022-02-03 20:43:32,098] {logging_mixin.py:109} INFO - [2022-02-03 20:43:32,098] {dagbag.py:500} INFO - Filling up the DagBag from /home/airflow/.local/lib/python3.7/site-packages/airflow/example_dags/example_branch_labels.py
[2022-02-03 20:43:32,120] {processor.py:654} INFO - DAG(s) dict_keys(['example_branch_labels']) retrieved from /home/airflow/.local/lib/python3.7/site-packages/airflow/example_dags/example_branch_labels.py
[2022-02-03 20:43:32,129] {logging_mixin.py:109} INFO - [2022-02-03 20:43:32,129] {dag.py:2396} INFO - Sync 1 DAGs
[2022-02-03 20:43:32,143] {logging_mixin.py:109} INFO - [2022-02-03 20:43:32,143] {dag.py:2935} INFO - Setting next_dagrun for example_branch_labels to 2022-02-02 00:00:00+00:00
[2022-02-03 20:43:32,151] {processor.py:171} INFO - Processing /home/airflow/.local/lib/python3.7/site-packages/airflow/example_dags/example_branch_labels.py took 0.057 seconds
[2022-02-03 20:44:02,215] {processor.py:163} INFO - Started process (PID=903) to work on /home/airflow/.local/lib/python3.7/site-packages/airflow/example_dags/example_branch_labels.py
[2022-02-03 20:44:02,216] {processor.py:642} INFO - Processing file /home/airflow/.local/lib/python3.7/site-packages/airflow/example_dags/example_branch_labels.py for tasks to queue
[2022-02-03 20:44:02,217] {logging_mixin.py:109} INFO - [2022-02-03 20:44:02,217] {dagbag.py:500} INFO - Filling up the DagBag from /home/airflow/.local/lib/python3.7/site-packages/airflow/example_dags/example_branch_labels.py
[2022-02-03 20:44:02,239] {processor.py:654} INFO - DAG(s) dict_keys(['example_branch_labels']) retrieved from /home/airflow/.local/lib/python3.7/site-packages/airflow/example_dags/example_branch_labels.py
[2022-02-03 20:44:02,247] {logging_mixin.py:109} INFO - [2022-02-03 20:44:02,246] {dag.py:2396} INFO - Sync 1 DAGs
[2022-02-03 20:44:02,260] {logging_mixin.py:109} INFO - [2022-02-03 20:44:02,260] {dag.py:2935} INFO - Setting next_dagrun for example_branch_labels to 2022-02-02 00:00:00+00:00
[2022-02-03 20:44:02,270] {processor.py:171} INFO - Processing /home/airflow/.local/lib/python3.7/site-packages/airflow/example_dags/example_branch_labels.py took 0.057 seconds
[2022-02-03 20:44:32,557] {processor.py:163} INFO - Started process (PID=962) to work on /home/airflow/.local/lib/python3.7/site-packages/airflow/example_dags/example_branch_labels.py
[2022-02-03 20:44:32,558] {processor.py:642} INFO - Processing file /home/airflow/.local/lib/python3.7/site-packages/airflow/example_dags/example_branch_labels.py for tasks to queue
[2022-02-03 20:44:32,559] {logging_mixin.py:109} INFO - [2022-02-03 20:44:32,559] {dagbag.py:500} INFO - Filling up the DagBag from /home/airflow/.local/lib/python3.7/site-packages/airflow/example_dags/example_branch_labels.py
[2022-02-03 20:44:32,584] {processor.py:654} INFO - DAG(s) dict_keys(['example_branch_labels']) retrieved from /home/airflow/.local/lib/python3.7/site-packages/airflow/example_dags/example_branch_labels.py
[2022-02-03 20:44:32,593] {logging_mixin.py:109} INFO - [2022-02-03 20:44:32,593] {dag.py:2396} INFO - Sync 1 DAGs
[2022-02-03 20:44:32,611] {logging_mixin.py:109} INFO - [2022-02-03 20:44:32,611] {dag.py:2935} INFO - Setting next_dagrun for example_branch_labels to 2022-02-02 00:00:00+00:00
[2022-02-03 20:44:32,620] {processor.py:171} INFO - Processing /home/airflow/.local/lib/python3.7/site-packages/airflow/example_dags/example_branch_labels.py took 0.067 seconds
[2022-02-03 20:45:03,234] {processor.py:163} INFO - Started process (PID=1014) to work on /home/airflow/.local/lib/python3.7/site-packages/airflow/example_dags/example_branch_labels.py
[2022-02-03 20:45:03,235] {processor.py:642} INFO - Processing file /home/airflow/.local/lib/python3.7/site-packages/airflow/example_dags/example_branch_labels.py for tasks to queue
[2022-02-03 20:45:03,235] {logging_mixin.py:109} INFO - [2022-02-03 20:45:03,235] {dagbag.py:500} INFO - Filling up the DagBag from /home/airflow/.local/lib/python3.7/site-packages/airflow/example_dags/example_branch_labels.py
[2022-02-03 20:45:03,259] {processor.py:654} INFO - DAG(s) dict_keys(['example_branch_labels']) retrieved from /home/airflow/.local/lib/python3.7/site-packages/airflow/example_dags/example_branch_labels.py
[2022-02-03 20:45:03,268] {logging_mixin.py:109} INFO - [2022-02-03 20:45:03,268] {dag.py:2396} INFO - Sync 1 DAGs
[2022-02-03 20:45:03,283] {logging_mixin.py:109} INFO - [2022-02-03 20:45:03,283] {dag.py:2935} INFO - Setting next_dagrun for example_branch_labels to 2022-02-02 00:00:00+00:00
[2022-02-03 20:45:03,292] {processor.py:171} INFO - Processing /home/airflow/.local/lib/python3.7/site-packages/airflow/example_dags/example_branch_labels.py took 0.061 seconds
[2022-02-03 20:45:33,797] {processor.py:163} INFO - Started process (PID=1075) to work on /home/airflow/.local/lib/python3.7/site-packages/airflow/example_dags/example_branch_labels.py
[2022-02-03 20:45:33,799] {processor.py:642} INFO - Processing file /home/airflow/.local/lib/python3.7/site-packages/airflow/example_dags/example_branch_labels.py for tasks to queue
[2022-02-03 20:45:33,799] {logging_mixin.py:109} INFO - [2022-02-03 20:45:33,799] {dagbag.py:500} INFO - Filling up the DagBag from /home/airflow/.local/lib/python3.7/site-packages/airflow/example_dags/example_branch_labels.py
[2022-02-03 20:45:33,820] {processor.py:654} INFO - DAG(s) dict_keys(['example_branch_labels']) retrieved from /home/airflow/.local/lib/python3.7/site-packages/airflow/example_dags/example_branch_labels.py
[2022-02-03 20:45:33,828] {logging_mixin.py:109} INFO - [2022-02-03 20:45:33,828] {dag.py:2396} INFO - Sync 1 DAGs
[2022-02-03 20:45:33,843] {logging_mixin.py:109} INFO - [2022-02-03 20:45:33,843] {dag.py:2935} INFO - Setting next_dagrun for example_branch_labels to 2022-02-02 00:00:00+00:00
[2022-02-03 20:45:33,851] {processor.py:171} INFO - Processing /home/airflow/.local/lib/python3.7/site-packages/airflow/example_dags/example_branch_labels.py took 0.056 seconds
[2022-02-03 20:46:04,283] {processor.py:163} INFO - Started process (PID=1127) to work on /home/airflow/.local/lib/python3.7/site-packages/airflow/example_dags/example_branch_labels.py
[2022-02-03 20:46:04,285] {processor.py:642} INFO - Processing file /home/airflow/.local/lib/python3.7/site-packages/airflow/example_dags/example_branch_labels.py for tasks to queue
[2022-02-03 20:46:04,287] {logging_mixin.py:109} INFO - [2022-02-03 20:46:04,286] {dagbag.py:500} INFO - Filling up the DagBag from /home/airflow/.local/lib/python3.7/site-packages/airflow/example_dags/example_branch_labels.py
[2022-02-03 20:46:04,316] {processor.py:654} INFO - DAG(s) dict_keys(['example_branch_labels']) retrieved from /home/airflow/.local/lib/python3.7/site-packages/airflow/example_dags/example_branch_labels.py
[2022-02-03 20:46:04,328] {logging_mixin.py:109} INFO - [2022-02-03 20:46:04,328] {dag.py:2396} INFO - Sync 1 DAGs
[2022-02-03 20:46:04,350] {logging_mixin.py:109} INFO - [2022-02-03 20:46:04,349] {dag.py:2935} INFO - Setting next_dagrun for example_branch_labels to 2022-02-02 00:00:00+00:00
[2022-02-03 20:46:04,360] {processor.py:171} INFO - Processing /home/airflow/.local/lib/python3.7/site-packages/airflow/example_dags/example_branch_labels.py took 0.081 seconds
[2022-02-03 20:46:34,727] {processor.py:163} INFO - Started process (PID=1188) to work on /home/airflow/.local/lib/python3.7/site-packages/airflow/example_dags/example_branch_labels.py
[2022-02-03 20:46:34,728] {processor.py:642} INFO - Processing file /home/airflow/.local/lib/python3.7/site-packages/airflow/example_dags/example_branch_labels.py for tasks to queue
[2022-02-03 20:46:34,729] {logging_mixin.py:109} INFO - [2022-02-03 20:46:34,729] {dagbag.py:500} INFO - Filling up the DagBag from /home/airflow/.local/lib/python3.7/site-packages/airflow/example_dags/example_branch_labels.py
[2022-02-03 20:46:34,751] {processor.py:654} INFO - DAG(s) dict_keys(['example_branch_labels']) retrieved from /home/airflow/.local/lib/python3.7/site-packages/airflow/example_dags/example_branch_labels.py
[2022-02-03 20:46:34,760] {logging_mixin.py:109} INFO - [2022-02-03 20:46:34,760] {dag.py:2396} INFO - Sync 1 DAGs
[2022-02-03 20:46:34,774] {logging_mixin.py:109} INFO - [2022-02-03 20:46:34,774] {dag.py:2935} INFO - Setting next_dagrun for example_branch_labels to 2022-02-02 00:00:00+00:00
[2022-02-03 20:46:34,782] {processor.py:171} INFO - Processing /home/airflow/.local/lib/python3.7/site-packages/airflow/example_dags/example_branch_labels.py took 0.057 seconds
[2022-02-03 20:47:05,369] {processor.py:163} INFO - Started process (PID=1239) to work on /home/airflow/.local/lib/python3.7/site-packages/airflow/example_dags/example_branch_labels.py
[2022-02-03 20:47:05,370] {processor.py:642} INFO - Processing file /home/airflow/.local/lib/python3.7/site-packages/airflow/example_dags/example_branch_labels.py for tasks to queue
[2022-02-03 20:47:05,371] {logging_mixin.py:109} INFO - [2022-02-03 20:47:05,371] {dagbag.py:500} INFO - Filling up the DagBag from /home/airflow/.local/lib/python3.7/site-packages/airflow/example_dags/example_branch_labels.py
[2022-02-03 20:47:05,393] {processor.py:654} INFO - DAG(s) dict_keys(['example_branch_labels']) retrieved from /home/airflow/.local/lib/python3.7/site-packages/airflow/example_dags/example_branch_labels.py
[2022-02-03 20:47:05,402] {logging_mixin.py:109} INFO - [2022-02-03 20:47:05,401] {dag.py:2396} INFO - Sync 1 DAGs
[2022-02-03 20:47:05,418] {logging_mixin.py:109} INFO - [2022-02-03 20:47:05,418] {dag.py:2935} INFO - Setting next_dagrun for example_branch_labels to 2022-02-02 00:00:00+00:00
[2022-02-03 20:47:05,427] {processor.py:171} INFO - Processing /home/airflow/.local/lib/python3.7/site-packages/airflow/example_dags/example_branch_labels.py took 0.060 seconds
[2022-02-03 20:47:35,916] {processor.py:163} INFO - Started process (PID=1300) to work on /home/airflow/.local/lib/python3.7/site-packages/airflow/example_dags/example_branch_labels.py
[2022-02-03 20:47:35,917] {processor.py:642} INFO - Processing file /home/airflow/.local/lib/python3.7/site-packages/airflow/example_dags/example_branch_labels.py for tasks to queue
[2022-02-03 20:47:35,918] {logging_mixin.py:109} INFO - [2022-02-03 20:47:35,918] {dagbag.py:500} INFO - Filling up the DagBag from /home/airflow/.local/lib/python3.7/site-packages/airflow/example_dags/example_branch_labels.py
[2022-02-03 20:47:35,942] {processor.py:654} INFO - DAG(s) dict_keys(['example_branch_labels']) retrieved from /home/airflow/.local/lib/python3.7/site-packages/airflow/example_dags/example_branch_labels.py
[2022-02-03 20:47:35,950] {logging_mixin.py:109} INFO - [2022-02-03 20:47:35,950] {dag.py:2396} INFO - Sync 1 DAGs
[2022-02-03 20:47:35,963] {logging_mixin.py:109} INFO - [2022-02-03 20:47:35,963] {dag.py:2935} INFO - Setting next_dagrun for example_branch_labels to 2022-02-02 00:00:00+00:00
[2022-02-03 20:47:35,970] {processor.py:171} INFO - Processing /home/airflow/.local/lib/python3.7/site-packages/airflow/example_dags/example_branch_labels.py took 0.058 seconds
[2022-02-03 20:48:06,445] {processor.py:163} INFO - Started process (PID=1351) to work on /home/airflow/.local/lib/python3.7/site-packages/airflow/example_dags/example_branch_labels.py
[2022-02-03 20:48:06,446] {processor.py:642} INFO - Processing file /home/airflow/.local/lib/python3.7/site-packages/airflow/example_dags/example_branch_labels.py for tasks to queue
[2022-02-03 20:48:06,447] {logging_mixin.py:109} INFO - [2022-02-03 20:48:06,447] {dagbag.py:500} INFO - Filling up the DagBag from /home/airflow/.local/lib/python3.7/site-packages/airflow/example_dags/example_branch_labels.py
[2022-02-03 20:48:06,470] {processor.py:654} INFO - DAG(s) dict_keys(['example_branch_labels']) retrieved from /home/airflow/.local/lib/python3.7/site-packages/airflow/example_dags/example_branch_labels.py
[2022-02-03 20:48:06,479] {logging_mixin.py:109} INFO - [2022-02-03 20:48:06,479] {dag.py:2396} INFO - Sync 1 DAGs
[2022-02-03 20:48:06,493] {logging_mixin.py:109} INFO - [2022-02-03 20:48:06,493] {dag.py:2935} INFO - Setting next_dagrun for example_branch_labels to 2022-02-02 00:00:00+00:00
[2022-02-03 20:48:06,502] {processor.py:171} INFO - Processing /home/airflow/.local/lib/python3.7/site-packages/airflow/example_dags/example_branch_labels.py took 0.060 seconds
[2022-02-03 20:48:37,039] {processor.py:163} INFO - Started process (PID=1413) to work on /home/airflow/.local/lib/python3.7/site-packages/airflow/example_dags/example_branch_labels.py
[2022-02-03 20:48:37,040] {processor.py:642} INFO - Processing file /home/airflow/.local/lib/python3.7/site-packages/airflow/example_dags/example_branch_labels.py for tasks to queue
[2022-02-03 20:48:37,041] {logging_mixin.py:109} INFO - [2022-02-03 20:48:37,041] {dagbag.py:500} INFO - Filling up the DagBag from /home/airflow/.local/lib/python3.7/site-packages/airflow/example_dags/example_branch_labels.py
[2022-02-03 20:48:37,061] {processor.py:654} INFO - DAG(s) dict_keys(['example_branch_labels']) retrieved from /home/airflow/.local/lib/python3.7/site-packages/airflow/example_dags/example_branch_labels.py
[2022-02-03 20:48:37,069] {logging_mixin.py:109} INFO - [2022-02-03 20:48:37,069] {dag.py:2396} INFO - Sync 1 DAGs
[2022-02-03 20:48:37,082] {logging_mixin.py:109} INFO - [2022-02-03 20:48:37,082] {dag.py:2935} INFO - Setting next_dagrun for example_branch_labels to 2022-02-02 00:00:00+00:00
[2022-02-03 20:48:37,090] {processor.py:171} INFO - Processing /home/airflow/.local/lib/python3.7/site-packages/airflow/example_dags/example_branch_labels.py took 0.053 seconds
[2022-02-03 20:49:07,594] {processor.py:163} INFO - Started process (PID=1465) to work on /home/airflow/.local/lib/python3.7/site-packages/airflow/example_dags/example_branch_labels.py
[2022-02-03 20:49:07,596] {processor.py:642} INFO - Processing file /home/airflow/.local/lib/python3.7/site-packages/airflow/example_dags/example_branch_labels.py for tasks to queue
[2022-02-03 20:49:07,597] {logging_mixin.py:109} INFO - [2022-02-03 20:49:07,597] {dagbag.py:500} INFO - Filling up the DagBag from /home/airflow/.local/lib/python3.7/site-packages/airflow/example_dags/example_branch_labels.py
[2022-02-03 20:49:07,623] {processor.py:654} INFO - DAG(s) dict_keys(['example_branch_labels']) retrieved from /home/airflow/.local/lib/python3.7/site-packages/airflow/example_dags/example_branch_labels.py
[2022-02-03 20:49:07,632] {logging_mixin.py:109} INFO - [2022-02-03 20:49:07,632] {dag.py:2396} INFO - Sync 1 DAGs
[2022-02-03 20:49:07,648] {logging_mixin.py:109} INFO - [2022-02-03 20:49:07,648] {dag.py:2935} INFO - Setting next_dagrun for example_branch_labels to 2022-02-02 00:00:00+00:00
[2022-02-03 20:49:07,657] {processor.py:171} INFO - Processing /home/airflow/.local/lib/python3.7/site-packages/airflow/example_dags/example_branch_labels.py took 0.066 seconds
[2022-02-03 20:49:38,067] {processor.py:163} INFO - Started process (PID=1526) to work on /home/airflow/.local/lib/python3.7/site-packages/airflow/example_dags/example_branch_labels.py
[2022-02-03 20:49:38,068] {processor.py:642} INFO - Processing file /home/airflow/.local/lib/python3.7/site-packages/airflow/example_dags/example_branch_labels.py for tasks to queue
[2022-02-03 20:49:38,069] {logging_mixin.py:109} INFO - [2022-02-03 20:49:38,069] {dagbag.py:500} INFO - Filling up the DagBag from /home/airflow/.local/lib/python3.7/site-packages/airflow/example_dags/example_branch_labels.py
[2022-02-03 20:49:38,090] {processor.py:654} INFO - DAG(s) dict_keys(['example_branch_labels']) retrieved from /home/airflow/.local/lib/python3.7/site-packages/airflow/example_dags/example_branch_labels.py
[2022-02-03 20:49:38,098] {logging_mixin.py:109} INFO - [2022-02-03 20:49:38,098] {dag.py:2396} INFO - Sync 1 DAGs
[2022-02-03 20:49:38,112] {logging_mixin.py:109} INFO - [2022-02-03 20:49:38,112] {dag.py:2935} INFO - Setting next_dagrun for example_branch_labels to 2022-02-02 00:00:00+00:00
[2022-02-03 20:49:38,121] {processor.py:171} INFO - Processing /home/airflow/.local/lib/python3.7/site-packages/airflow/example_dags/example_branch_labels.py took 0.056 seconds
[2022-02-03 20:50:08,347] {processor.py:163} INFO - Started process (PID=1577) to work on /home/airflow/.local/lib/python3.7/site-packages/airflow/example_dags/example_branch_labels.py
[2022-02-03 20:50:08,349] {processor.py:642} INFO - Processing file /home/airflow/.local/lib/python3.7/site-packages/airflow/example_dags/example_branch_labels.py for tasks to queue
[2022-02-03 20:50:08,350] {logging_mixin.py:109} INFO - [2022-02-03 20:50:08,349] {dagbag.py:500} INFO - Filling up the DagBag from /home/airflow/.local/lib/python3.7/site-packages/airflow/example_dags/example_branch_labels.py
[2022-02-03 20:50:08,372] {processor.py:654} INFO - DAG(s) dict_keys(['example_branch_labels']) retrieved from /home/airflow/.local/lib/python3.7/site-packages/airflow/example_dags/example_branch_labels.py
[2022-02-03 20:50:08,381] {logging_mixin.py:109} INFO - [2022-02-03 20:50:08,381] {dag.py:2396} INFO - Sync 1 DAGs
[2022-02-03 20:50:08,395] {logging_mixin.py:109} INFO - [2022-02-03 20:50:08,395] {dag.py:2935} INFO - Setting next_dagrun for example_branch_labels to 2022-02-02 00:00:00+00:00
[2022-02-03 20:50:08,405] {processor.py:171} INFO - Processing /home/airflow/.local/lib/python3.7/site-packages/airflow/example_dags/example_branch_labels.py took 0.060 seconds
[2022-02-03 20:50:39,148] {processor.py:163} INFO - Started process (PID=1638) to work on /home/airflow/.local/lib/python3.7/site-packages/airflow/example_dags/example_branch_labels.py
[2022-02-03 20:50:39,150] {processor.py:642} INFO - Processing file /home/airflow/.local/lib/python3.7/site-packages/airflow/example_dags/example_branch_labels.py for tasks to queue
[2022-02-03 20:50:39,150] {logging_mixin.py:109} INFO - [2022-02-03 20:50:39,150] {dagbag.py:500} INFO - Filling up the DagBag from /home/airflow/.local/lib/python3.7/site-packages/airflow/example_dags/example_branch_labels.py
[2022-02-03 20:50:39,174] {processor.py:654} INFO - DAG(s) dict_keys(['example_branch_labels']) retrieved from /home/airflow/.local/lib/python3.7/site-packages/airflow/example_dags/example_branch_labels.py
[2022-02-03 20:50:39,183] {logging_mixin.py:109} INFO - [2022-02-03 20:50:39,183] {dag.py:2396} INFO - Sync 1 DAGs
[2022-02-03 20:50:39,198] {logging_mixin.py:109} INFO - [2022-02-03 20:50:39,197] {dag.py:2935} INFO - Setting next_dagrun for example_branch_labels to 2022-02-02 00:00:00+00:00
[2022-02-03 20:50:39,207] {processor.py:171} INFO - Processing /home/airflow/.local/lib/python3.7/site-packages/airflow/example_dags/example_branch_labels.py took 0.061 seconds
[2022-02-03 20:51:09,574] {processor.py:163} INFO - Started process (PID=1688) to work on /home/airflow/.local/lib/python3.7/site-packages/airflow/example_dags/example_branch_labels.py
[2022-02-03 20:51:09,575] {processor.py:642} INFO - Processing file /home/airflow/.local/lib/python3.7/site-packages/airflow/example_dags/example_branch_labels.py for tasks to queue
[2022-02-03 20:51:09,576] {logging_mixin.py:109} INFO - [2022-02-03 20:51:09,576] {dagbag.py:500} INFO - Filling up the DagBag from /home/airflow/.local/lib/python3.7/site-packages/airflow/example_dags/example_branch_labels.py
[2022-02-03 20:51:09,599] {processor.py:654} INFO - DAG(s) dict_keys(['example_branch_labels']) retrieved from /home/airflow/.local/lib/python3.7/site-packages/airflow/example_dags/example_branch_labels.py
[2022-02-03 20:51:09,607] {logging_mixin.py:109} INFO - [2022-02-03 20:51:09,607] {dag.py:2396} INFO - Sync 1 DAGs
[2022-02-03 20:51:09,621] {logging_mixin.py:109} INFO - [2022-02-03 20:51:09,621] {dag.py:2935} INFO - Setting next_dagrun for example_branch_labels to 2022-02-02 00:00:00+00:00
[2022-02-03 20:51:09,630] {processor.py:171} INFO - Processing /home/airflow/.local/lib/python3.7/site-packages/airflow/example_dags/example_branch_labels.py took 0.058 seconds
[2022-02-03 20:51:40,160] {processor.py:163} INFO - Started process (PID=1748) to work on /home/airflow/.local/lib/python3.7/site-packages/airflow/example_dags/example_branch_labels.py
[2022-02-03 20:51:40,161] {processor.py:642} INFO - Processing file /home/airflow/.local/lib/python3.7/site-packages/airflow/example_dags/example_branch_labels.py for tasks to queue
[2022-02-03 20:51:40,162] {logging_mixin.py:109} INFO - [2022-02-03 20:51:40,162] {dagbag.py:500} INFO - Filling up the DagBag from /home/airflow/.local/lib/python3.7/site-packages/airflow/example_dags/example_branch_labels.py
[2022-02-03 20:51:40,185] {processor.py:654} INFO - DAG(s) dict_keys(['example_branch_labels']) retrieved from /home/airflow/.local/lib/python3.7/site-packages/airflow/example_dags/example_branch_labels.py
[2022-02-03 20:51:40,194] {logging_mixin.py:109} INFO - [2022-02-03 20:51:40,194] {dag.py:2396} INFO - Sync 1 DAGs
[2022-02-03 20:51:40,208] {logging_mixin.py:109} INFO - [2022-02-03 20:51:40,208] {dag.py:2935} INFO - Setting next_dagrun for example_branch_labels to 2022-02-02 00:00:00+00:00
[2022-02-03 20:51:40,217] {processor.py:171} INFO - Processing /home/airflow/.local/lib/python3.7/site-packages/airflow/example_dags/example_branch_labels.py took 0.060 seconds
[2022-02-03 20:52:10,991] {processor.py:163} INFO - Started process (PID=1799) to work on /home/airflow/.local/lib/python3.7/site-packages/airflow/example_dags/example_branch_labels.py
[2022-02-03 20:52:10,993] {processor.py:642} INFO - Processing file /home/airflow/.local/lib/python3.7/site-packages/airflow/example_dags/example_branch_labels.py for tasks to queue
[2022-02-03 20:52:10,995] {logging_mixin.py:109} INFO - [2022-02-03 20:52:10,995] {dagbag.py:500} INFO - Filling up the DagBag from /home/airflow/.local/lib/python3.7/site-packages/airflow/example_dags/example_branch_labels.py
[2022-02-03 20:52:11,065] {processor.py:654} INFO - DAG(s) dict_keys(['example_branch_labels']) retrieved from /home/airflow/.local/lib/python3.7/site-packages/airflow/example_dags/example_branch_labels.py
[2022-02-03 20:52:11,084] {logging_mixin.py:109} INFO - [2022-02-03 20:52:11,083] {dag.py:2396} INFO - Sync 1 DAGs
[2022-02-03 20:52:11,113] {logging_mixin.py:109} INFO - [2022-02-03 20:52:11,113] {dag.py:2935} INFO - Setting next_dagrun for example_branch_labels to 2022-02-02 00:00:00+00:00
[2022-02-03 20:52:11,223] {processor.py:171} INFO - Processing /home/airflow/.local/lib/python3.7/site-packages/airflow/example_dags/example_branch_labels.py took 0.236 seconds
[2022-02-03 20:52:41,950] {processor.py:163} INFO - Started process (PID=1860) to work on /home/airflow/.local/lib/python3.7/site-packages/airflow/example_dags/example_branch_labels.py
[2022-02-03 20:52:41,951] {processor.py:642} INFO - Processing file /home/airflow/.local/lib/python3.7/site-packages/airflow/example_dags/example_branch_labels.py for tasks to queue
[2022-02-03 20:52:41,952] {logging_mixin.py:109} INFO - [2022-02-03 20:52:41,952] {dagbag.py:500} INFO - Filling up the DagBag from /home/airflow/.local/lib/python3.7/site-packages/airflow/example_dags/example_branch_labels.py
[2022-02-03 20:52:41,982] {processor.py:654} INFO - DAG(s) dict_keys(['example_branch_labels']) retrieved from /home/airflow/.local/lib/python3.7/site-packages/airflow/example_dags/example_branch_labels.py
[2022-02-03 20:52:41,994] {logging_mixin.py:109} INFO - [2022-02-03 20:52:41,993] {dag.py:2396} INFO - Sync 1 DAGs
[2022-02-03 20:52:42,094] {logging_mixin.py:109} INFO - [2022-02-03 20:52:42,094] {dag.py:2935} INFO - Setting next_dagrun for example_branch_labels to 2022-02-02 00:00:00+00:00
[2022-02-03 20:52:42,105] {processor.py:171} INFO - Processing /home/airflow/.local/lib/python3.7/site-packages/airflow/example_dags/example_branch_labels.py took 0.159 seconds
[2022-02-03 20:53:12,856] {processor.py:163} INFO - Started process (PID=1910) to work on /home/airflow/.local/lib/python3.7/site-packages/airflow/example_dags/example_branch_labels.py
[2022-02-03 20:53:12,858] {processor.py:642} INFO - Processing file /home/airflow/.local/lib/python3.7/site-packages/airflow/example_dags/example_branch_labels.py for tasks to queue
[2022-02-03 20:53:12,859] {logging_mixin.py:109} INFO - [2022-02-03 20:53:12,858] {dagbag.py:500} INFO - Filling up the DagBag from /home/airflow/.local/lib/python3.7/site-packages/airflow/example_dags/example_branch_labels.py
[2022-02-03 20:53:12,887] {processor.py:654} INFO - DAG(s) dict_keys(['example_branch_labels']) retrieved from /home/airflow/.local/lib/python3.7/site-packages/airflow/example_dags/example_branch_labels.py
[2022-02-03 20:53:12,967] {logging_mixin.py:109} INFO - [2022-02-03 20:53:12,967] {dag.py:2396} INFO - Sync 1 DAGs
[2022-02-03 20:53:12,982] {logging_mixin.py:109} INFO - [2022-02-03 20:53:12,982] {dag.py:2935} INFO - Setting next_dagrun for example_branch_labels to 2022-02-02 00:00:00+00:00
[2022-02-03 20:53:12,990] {processor.py:171} INFO - Processing /home/airflow/.local/lib/python3.7/site-packages/airflow/example_dags/example_branch_labels.py took 0.137 seconds
[2022-02-03 20:53:43,128] {processor.py:163} INFO - Started process (PID=1961) to work on /home/airflow/.local/lib/python3.7/site-packages/airflow/example_dags/example_branch_labels.py
[2022-02-03 20:53:43,129] {processor.py:642} INFO - Processing file /home/airflow/.local/lib/python3.7/site-packages/airflow/example_dags/example_branch_labels.py for tasks to queue
[2022-02-03 20:53:43,130] {logging_mixin.py:109} INFO - [2022-02-03 20:53:43,130] {dagbag.py:500} INFO - Filling up the DagBag from /home/airflow/.local/lib/python3.7/site-packages/airflow/example_dags/example_branch_labels.py
[2022-02-03 20:53:43,152] {processor.py:654} INFO - DAG(s) dict_keys(['example_branch_labels']) retrieved from /home/airflow/.local/lib/python3.7/site-packages/airflow/example_dags/example_branch_labels.py
[2022-02-03 20:53:43,234] {logging_mixin.py:109} INFO - [2022-02-03 20:53:43,234] {dag.py:2396} INFO - Sync 1 DAGs
[2022-02-03 20:53:43,249] {logging_mixin.py:109} INFO - [2022-02-03 20:53:43,249] {dag.py:2935} INFO - Setting next_dagrun for example_branch_labels to 2022-02-02 00:00:00+00:00
[2022-02-03 20:53:43,258] {processor.py:171} INFO - Processing /home/airflow/.local/lib/python3.7/site-packages/airflow/example_dags/example_branch_labels.py took 0.133 seconds
[2022-02-03 20:54:13,514] {processor.py:163} INFO - Started process (PID=2022) to work on /home/airflow/.local/lib/python3.7/site-packages/airflow/example_dags/example_branch_labels.py
[2022-02-03 20:54:13,521] {processor.py:642} INFO - Processing file /home/airflow/.local/lib/python3.7/site-packages/airflow/example_dags/example_branch_labels.py for tasks to queue
[2022-02-03 20:54:13,523] {logging_mixin.py:109} INFO - [2022-02-03 20:54:13,523] {dagbag.py:500} INFO - Filling up the DagBag from /home/airflow/.local/lib/python3.7/site-packages/airflow/example_dags/example_branch_labels.py
[2022-02-03 20:54:13,683] {processor.py:654} INFO - DAG(s) dict_keys(['example_branch_labels']) retrieved from /home/airflow/.local/lib/python3.7/site-packages/airflow/example_dags/example_branch_labels.py
[2022-02-03 20:54:13,695] {logging_mixin.py:109} INFO - [2022-02-03 20:54:13,694] {dag.py:2396} INFO - Sync 1 DAGs
[2022-02-03 20:54:13,718] {logging_mixin.py:109} INFO - [2022-02-03 20:54:13,718] {dag.py:2935} INFO - Setting next_dagrun for example_branch_labels to 2022-02-02 00:00:00+00:00
[2022-02-03 20:54:13,731] {processor.py:171} INFO - Processing /home/airflow/.local/lib/python3.7/site-packages/airflow/example_dags/example_branch_labels.py took 0.222 seconds
[2022-02-03 20:54:43,908] {processor.py:163} INFO - Started process (PID=2074) to work on /home/airflow/.local/lib/python3.7/site-packages/airflow/example_dags/example_branch_labels.py
[2022-02-03 20:54:43,909] {processor.py:642} INFO - Processing file /home/airflow/.local/lib/python3.7/site-packages/airflow/example_dags/example_branch_labels.py for tasks to queue
[2022-02-03 20:54:43,910] {logging_mixin.py:109} INFO - [2022-02-03 20:54:43,910] {dagbag.py:500} INFO - Filling up the DagBag from /home/airflow/.local/lib/python3.7/site-packages/airflow/example_dags/example_branch_labels.py
[2022-02-03 20:54:44,048] {processor.py:654} INFO - DAG(s) dict_keys(['example_branch_labels']) retrieved from /home/airflow/.local/lib/python3.7/site-packages/airflow/example_dags/example_branch_labels.py
[2022-02-03 20:54:44,058] {logging_mixin.py:109} INFO - [2022-02-03 20:54:44,058] {dag.py:2396} INFO - Sync 1 DAGs
[2022-02-03 20:54:44,079] {logging_mixin.py:109} INFO - [2022-02-03 20:54:44,078] {dag.py:2935} INFO - Setting next_dagrun for example_branch_labels to 2022-02-02 00:00:00+00:00
[2022-02-03 20:54:44,088] {processor.py:171} INFO - Processing /home/airflow/.local/lib/python3.7/site-packages/airflow/example_dags/example_branch_labels.py took 0.186 seconds
[2022-02-03 20:55:14,181] {processor.py:163} INFO - Started process (PID=2134) to work on /home/airflow/.local/lib/python3.7/site-packages/airflow/example_dags/example_branch_labels.py
[2022-02-03 20:55:14,183] {processor.py:642} INFO - Processing file /home/airflow/.local/lib/python3.7/site-packages/airflow/example_dags/example_branch_labels.py for tasks to queue
[2022-02-03 20:55:14,183] {logging_mixin.py:109} INFO - [2022-02-03 20:55:14,183] {dagbag.py:500} INFO - Filling up the DagBag from /home/airflow/.local/lib/python3.7/site-packages/airflow/example_dags/example_branch_labels.py
[2022-02-03 20:55:14,282] {processor.py:654} INFO - DAG(s) dict_keys(['example_branch_labels']) retrieved from /home/airflow/.local/lib/python3.7/site-packages/airflow/example_dags/example_branch_labels.py
[2022-02-03 20:55:14,293] {logging_mixin.py:109} INFO - [2022-02-03 20:55:14,293] {dag.py:2396} INFO - Sync 1 DAGs
[2022-02-03 20:55:14,313] {logging_mixin.py:109} INFO - [2022-02-03 20:55:14,313] {dag.py:2935} INFO - Setting next_dagrun for example_branch_labels to 2022-02-02 00:00:00+00:00
[2022-02-03 20:55:14,322] {processor.py:171} INFO - Processing /home/airflow/.local/lib/python3.7/site-packages/airflow/example_dags/example_branch_labels.py took 0.143 seconds
[2022-02-03 20:55:44,525] {processor.py:163} INFO - Started process (PID=2184) to work on /home/airflow/.local/lib/python3.7/site-packages/airflow/example_dags/example_branch_labels.py
[2022-02-03 20:55:44,526] {processor.py:642} INFO - Processing file /home/airflow/.local/lib/python3.7/site-packages/airflow/example_dags/example_branch_labels.py for tasks to queue
[2022-02-03 20:55:44,527] {logging_mixin.py:109} INFO - [2022-02-03 20:55:44,527] {dagbag.py:500} INFO - Filling up the DagBag from /home/airflow/.local/lib/python3.7/site-packages/airflow/example_dags/example_branch_labels.py
[2022-02-03 20:55:44,659] {processor.py:654} INFO - DAG(s) dict_keys(['example_branch_labels']) retrieved from /home/airflow/.local/lib/python3.7/site-packages/airflow/example_dags/example_branch_labels.py
[2022-02-03 20:55:44,672] {logging_mixin.py:109} INFO - [2022-02-03 20:55:44,672] {dag.py:2396} INFO - Sync 1 DAGs
[2022-02-03 20:55:44,698] {logging_mixin.py:109} INFO - [2022-02-03 20:55:44,698] {dag.py:2935} INFO - Setting next_dagrun for example_branch_labels to 2022-02-02 00:00:00+00:00
[2022-02-03 20:55:44,709] {processor.py:171} INFO - Processing /home/airflow/.local/lib/python3.7/site-packages/airflow/example_dags/example_branch_labels.py took 0.187 seconds
