[2022-02-03 20:38:46,633] {processor.py:163} INFO - Started process (PID=249) to work on /home/airflow/.local/lib/python3.7/site-packages/airflow/example_dags/example_branch_datetime_operator.py
[2022-02-03 20:38:46,636] {processor.py:642} INFO - Processing file /home/airflow/.local/lib/python3.7/site-packages/airflow/example_dags/example_branch_datetime_operator.py for tasks to queue
[2022-02-03 20:38:46,637] {logging_mixin.py:109} INFO - [2022-02-03 20:38:46,637] {dagbag.py:500} INFO - Filling up the DagBag from /home/airflow/.local/lib/python3.7/site-packages/airflow/example_dags/example_branch_datetime_operator.py
[2022-02-03 20:38:46,680] {processor.py:654} INFO - DAG(s) dict_keys(['example_branch_datetime_operator_2']) retrieved from /home/airflow/.local/lib/python3.7/site-packages/airflow/example_dags/example_branch_datetime_operator.py
[2022-02-03 20:38:49,350] {logging_mixin.py:109} INFO - [2022-02-03 20:38:49,350] {manager.py:496} INFO - Created Permission View: can read on DAG:example_branch_datetime_operator_2
[2022-02-03 20:38:49,360] {logging_mixin.py:109} INFO - [2022-02-03 20:38:49,360] {manager.py:496} INFO - Created Permission View: can edit on DAG:example_branch_datetime_operator_2
[2022-02-03 20:38:49,361] {logging_mixin.py:109} INFO - [2022-02-03 20:38:49,360] {dag.py:2396} INFO - Sync 1 DAGs
[2022-02-03 20:38:49,369] {logging_mixin.py:109} INFO - [2022-02-03 20:38:49,368] {dag.py:2415} INFO - Creating ORM DAG for example_branch_datetime_operator_2
[2022-02-03 20:38:49,379] {logging_mixin.py:109} INFO - [2022-02-03 20:38:49,379] {dag.py:2935} INFO - Setting next_dagrun for example_branch_datetime_operator_2 to 2022-02-02 00:00:00+00:00
[2022-02-03 20:38:49,393] {processor.py:171} INFO - Processing /home/airflow/.local/lib/python3.7/site-packages/airflow/example_dags/example_branch_datetime_operator.py took 2.764 seconds
[2022-02-03 20:39:19,729] {processor.py:163} INFO - Started process (PID=382) to work on /home/airflow/.local/lib/python3.7/site-packages/airflow/example_dags/example_branch_datetime_operator.py
[2022-02-03 20:39:19,730] {processor.py:642} INFO - Processing file /home/airflow/.local/lib/python3.7/site-packages/airflow/example_dags/example_branch_datetime_operator.py for tasks to queue
[2022-02-03 20:39:19,731] {logging_mixin.py:109} INFO - [2022-02-03 20:39:19,731] {dagbag.py:500} INFO - Filling up the DagBag from /home/airflow/.local/lib/python3.7/site-packages/airflow/example_dags/example_branch_datetime_operator.py
[2022-02-03 20:39:19,756] {processor.py:654} INFO - DAG(s) dict_keys(['example_branch_datetime_operator_2']) retrieved from /home/airflow/.local/lib/python3.7/site-packages/airflow/example_dags/example_branch_datetime_operator.py
[2022-02-03 20:39:19,764] {logging_mixin.py:109} INFO - [2022-02-03 20:39:19,764] {dag.py:2396} INFO - Sync 1 DAGs
[2022-02-03 20:39:19,778] {logging_mixin.py:109} INFO - [2022-02-03 20:39:19,778] {dag.py:2935} INFO - Setting next_dagrun for example_branch_datetime_operator_2 to 2022-02-02 00:00:00+00:00
[2022-02-03 20:39:19,790] {processor.py:171} INFO - Processing /home/airflow/.local/lib/python3.7/site-packages/airflow/example_dags/example_branch_datetime_operator.py took 0.063 seconds
[2022-02-03 20:39:49,968] {processor.py:163} INFO - Started process (PID=433) to work on /home/airflow/.local/lib/python3.7/site-packages/airflow/example_dags/example_branch_datetime_operator.py
[2022-02-03 20:39:49,969] {processor.py:642} INFO - Processing file /home/airflow/.local/lib/python3.7/site-packages/airflow/example_dags/example_branch_datetime_operator.py for tasks to queue
[2022-02-03 20:39:49,970] {logging_mixin.py:109} INFO - [2022-02-03 20:39:49,969] {dagbag.py:500} INFO - Filling up the DagBag from /home/airflow/.local/lib/python3.7/site-packages/airflow/example_dags/example_branch_datetime_operator.py
[2022-02-03 20:39:49,998] {processor.py:654} INFO - DAG(s) dict_keys(['example_branch_datetime_operator_2']) retrieved from /home/airflow/.local/lib/python3.7/site-packages/airflow/example_dags/example_branch_datetime_operator.py
[2022-02-03 20:39:50,008] {logging_mixin.py:109} INFO - [2022-02-03 20:39:50,008] {dag.py:2396} INFO - Sync 1 DAGs
[2022-02-03 20:39:50,026] {logging_mixin.py:109} INFO - [2022-02-03 20:39:50,026] {dag.py:2935} INFO - Setting next_dagrun for example_branch_datetime_operator_2 to 2022-02-02 00:00:00+00:00
[2022-02-03 20:39:50,040] {processor.py:171} INFO - Processing /home/airflow/.local/lib/python3.7/site-packages/airflow/example_dags/example_branch_datetime_operator.py took 0.076 seconds
[2022-02-03 20:40:20,255] {processor.py:163} INFO - Started process (PID=493) to work on /home/airflow/.local/lib/python3.7/site-packages/airflow/example_dags/example_branch_datetime_operator.py
[2022-02-03 20:40:20,256] {processor.py:642} INFO - Processing file /home/airflow/.local/lib/python3.7/site-packages/airflow/example_dags/example_branch_datetime_operator.py for tasks to queue
[2022-02-03 20:40:20,257] {logging_mixin.py:109} INFO - [2022-02-03 20:40:20,256] {dagbag.py:500} INFO - Filling up the DagBag from /home/airflow/.local/lib/python3.7/site-packages/airflow/example_dags/example_branch_datetime_operator.py
[2022-02-03 20:40:20,281] {processor.py:654} INFO - DAG(s) dict_keys(['example_branch_datetime_operator_2']) retrieved from /home/airflow/.local/lib/python3.7/site-packages/airflow/example_dags/example_branch_datetime_operator.py
[2022-02-03 20:40:20,292] {logging_mixin.py:109} INFO - [2022-02-03 20:40:20,292] {dag.py:2396} INFO - Sync 1 DAGs
[2022-02-03 20:40:20,306] {logging_mixin.py:109} INFO - [2022-02-03 20:40:20,306] {dag.py:2935} INFO - Setting next_dagrun for example_branch_datetime_operator_2 to 2022-02-02 00:00:00+00:00
[2022-02-03 20:40:20,316] {processor.py:171} INFO - Processing /home/airflow/.local/lib/python3.7/site-packages/airflow/example_dags/example_branch_datetime_operator.py took 0.064 seconds
[2022-02-03 20:40:50,409] {processor.py:163} INFO - Started process (PID=545) to work on /home/airflow/.local/lib/python3.7/site-packages/airflow/example_dags/example_branch_datetime_operator.py
[2022-02-03 20:40:50,410] {processor.py:642} INFO - Processing file /home/airflow/.local/lib/python3.7/site-packages/airflow/example_dags/example_branch_datetime_operator.py for tasks to queue
[2022-02-03 20:40:50,411] {logging_mixin.py:109} INFO - [2022-02-03 20:40:50,411] {dagbag.py:500} INFO - Filling up the DagBag from /home/airflow/.local/lib/python3.7/site-packages/airflow/example_dags/example_branch_datetime_operator.py
[2022-02-03 20:40:50,433] {processor.py:654} INFO - DAG(s) dict_keys(['example_branch_datetime_operator_2']) retrieved from /home/airflow/.local/lib/python3.7/site-packages/airflow/example_dags/example_branch_datetime_operator.py
[2022-02-03 20:40:50,441] {logging_mixin.py:109} INFO - [2022-02-03 20:40:50,441] {dag.py:2396} INFO - Sync 1 DAGs
[2022-02-03 20:40:50,454] {logging_mixin.py:109} INFO - [2022-02-03 20:40:50,454] {dag.py:2935} INFO - Setting next_dagrun for example_branch_datetime_operator_2 to 2022-02-02 00:00:00+00:00
[2022-02-03 20:40:50,463] {processor.py:171} INFO - Processing /home/airflow/.local/lib/python3.7/site-packages/airflow/example_dags/example_branch_datetime_operator.py took 0.056 seconds
[2022-02-03 20:41:20,607] {processor.py:163} INFO - Started process (PID=605) to work on /home/airflow/.local/lib/python3.7/site-packages/airflow/example_dags/example_branch_datetime_operator.py
[2022-02-03 20:41:20,608] {processor.py:642} INFO - Processing file /home/airflow/.local/lib/python3.7/site-packages/airflow/example_dags/example_branch_datetime_operator.py for tasks to queue
[2022-02-03 20:41:20,609] {logging_mixin.py:109} INFO - [2022-02-03 20:41:20,609] {dagbag.py:500} INFO - Filling up the DagBag from /home/airflow/.local/lib/python3.7/site-packages/airflow/example_dags/example_branch_datetime_operator.py
[2022-02-03 20:41:20,676] {processor.py:654} INFO - DAG(s) dict_keys(['example_branch_datetime_operator_2']) retrieved from /home/airflow/.local/lib/python3.7/site-packages/airflow/example_dags/example_branch_datetime_operator.py
[2022-02-03 20:41:20,684] {logging_mixin.py:109} INFO - [2022-02-03 20:41:20,683] {dag.py:2396} INFO - Sync 1 DAGs
[2022-02-03 20:41:20,702] {logging_mixin.py:109} INFO - [2022-02-03 20:41:20,702] {dag.py:2935} INFO - Setting next_dagrun for example_branch_datetime_operator_2 to 2022-02-02 00:00:00+00:00
[2022-02-03 20:41:20,710] {processor.py:171} INFO - Processing /home/airflow/.local/lib/python3.7/site-packages/airflow/example_dags/example_branch_datetime_operator.py took 0.106 seconds
[2022-02-03 20:41:50,804] {processor.py:163} INFO - Started process (PID=657) to work on /home/airflow/.local/lib/python3.7/site-packages/airflow/example_dags/example_branch_datetime_operator.py
[2022-02-03 20:41:50,805] {processor.py:642} INFO - Processing file /home/airflow/.local/lib/python3.7/site-packages/airflow/example_dags/example_branch_datetime_operator.py for tasks to queue
[2022-02-03 20:41:50,806] {logging_mixin.py:109} INFO - [2022-02-03 20:41:50,806] {dagbag.py:500} INFO - Filling up the DagBag from /home/airflow/.local/lib/python3.7/site-packages/airflow/example_dags/example_branch_datetime_operator.py
[2022-02-03 20:41:50,828] {processor.py:654} INFO - DAG(s) dict_keys(['example_branch_datetime_operator_2']) retrieved from /home/airflow/.local/lib/python3.7/site-packages/airflow/example_dags/example_branch_datetime_operator.py
[2022-02-03 20:41:50,837] {logging_mixin.py:109} INFO - [2022-02-03 20:41:50,837] {dag.py:2396} INFO - Sync 1 DAGs
[2022-02-03 20:41:50,851] {logging_mixin.py:109} INFO - [2022-02-03 20:41:50,851] {dag.py:2935} INFO - Setting next_dagrun for example_branch_datetime_operator_2 to 2022-02-02 00:00:00+00:00
[2022-02-03 20:41:50,860] {processor.py:171} INFO - Processing /home/airflow/.local/lib/python3.7/site-packages/airflow/example_dags/example_branch_datetime_operator.py took 0.059 seconds
[2022-02-03 20:42:20,991] {processor.py:163} INFO - Started process (PID=718) to work on /home/airflow/.local/lib/python3.7/site-packages/airflow/example_dags/example_branch_datetime_operator.py
[2022-02-03 20:42:20,992] {processor.py:642} INFO - Processing file /home/airflow/.local/lib/python3.7/site-packages/airflow/example_dags/example_branch_datetime_operator.py for tasks to queue
[2022-02-03 20:42:20,993] {logging_mixin.py:109} INFO - [2022-02-03 20:42:20,993] {dagbag.py:500} INFO - Filling up the DagBag from /home/airflow/.local/lib/python3.7/site-packages/airflow/example_dags/example_branch_datetime_operator.py
[2022-02-03 20:42:21,016] {processor.py:654} INFO - DAG(s) dict_keys(['example_branch_datetime_operator_2']) retrieved from /home/airflow/.local/lib/python3.7/site-packages/airflow/example_dags/example_branch_datetime_operator.py
[2022-02-03 20:42:21,025] {logging_mixin.py:109} INFO - [2022-02-03 20:42:21,024] {dag.py:2396} INFO - Sync 1 DAGs
[2022-02-03 20:42:21,039] {logging_mixin.py:109} INFO - [2022-02-03 20:42:21,039] {dag.py:2935} INFO - Setting next_dagrun for example_branch_datetime_operator_2 to 2022-02-02 00:00:00+00:00
[2022-02-03 20:42:21,048] {processor.py:171} INFO - Processing /home/airflow/.local/lib/python3.7/site-packages/airflow/example_dags/example_branch_datetime_operator.py took 0.059 seconds
[2022-02-03 20:42:51,182] {processor.py:163} INFO - Started process (PID=768) to work on /home/airflow/.local/lib/python3.7/site-packages/airflow/example_dags/example_branch_datetime_operator.py
[2022-02-03 20:42:51,183] {processor.py:642} INFO - Processing file /home/airflow/.local/lib/python3.7/site-packages/airflow/example_dags/example_branch_datetime_operator.py for tasks to queue
[2022-02-03 20:42:51,184] {logging_mixin.py:109} INFO - [2022-02-03 20:42:51,184] {dagbag.py:500} INFO - Filling up the DagBag from /home/airflow/.local/lib/python3.7/site-packages/airflow/example_dags/example_branch_datetime_operator.py
[2022-02-03 20:42:51,208] {processor.py:654} INFO - DAG(s) dict_keys(['example_branch_datetime_operator_2']) retrieved from /home/airflow/.local/lib/python3.7/site-packages/airflow/example_dags/example_branch_datetime_operator.py
[2022-02-03 20:42:51,216] {logging_mixin.py:109} INFO - [2022-02-03 20:42:51,216] {dag.py:2396} INFO - Sync 1 DAGs
[2022-02-03 20:42:51,233] {logging_mixin.py:109} INFO - [2022-02-03 20:42:51,233] {dag.py:2935} INFO - Setting next_dagrun for example_branch_datetime_operator_2 to 2022-02-02 00:00:00+00:00
[2022-02-03 20:42:51,246] {processor.py:171} INFO - Processing /home/airflow/.local/lib/python3.7/site-packages/airflow/example_dags/example_branch_datetime_operator.py took 0.066 seconds
[2022-02-03 20:43:21,409] {processor.py:163} INFO - Started process (PID=830) to work on /home/airflow/.local/lib/python3.7/site-packages/airflow/example_dags/example_branch_datetime_operator.py
[2022-02-03 20:43:21,410] {processor.py:642} INFO - Processing file /home/airflow/.local/lib/python3.7/site-packages/airflow/example_dags/example_branch_datetime_operator.py for tasks to queue
[2022-02-03 20:43:21,411] {logging_mixin.py:109} INFO - [2022-02-03 20:43:21,410] {dagbag.py:500} INFO - Filling up the DagBag from /home/airflow/.local/lib/python3.7/site-packages/airflow/example_dags/example_branch_datetime_operator.py
[2022-02-03 20:43:21,432] {processor.py:654} INFO - DAG(s) dict_keys(['example_branch_datetime_operator_2']) retrieved from /home/airflow/.local/lib/python3.7/site-packages/airflow/example_dags/example_branch_datetime_operator.py
[2022-02-03 20:43:21,441] {logging_mixin.py:109} INFO - [2022-02-03 20:43:21,440] {dag.py:2396} INFO - Sync 1 DAGs
[2022-02-03 20:43:21,454] {logging_mixin.py:109} INFO - [2022-02-03 20:43:21,454] {dag.py:2935} INFO - Setting next_dagrun for example_branch_datetime_operator_2 to 2022-02-02 00:00:00+00:00
[2022-02-03 20:43:21,463] {processor.py:171} INFO - Processing /home/airflow/.local/lib/python3.7/site-packages/airflow/example_dags/example_branch_datetime_operator.py took 0.057 seconds
[2022-02-03 20:43:52,394] {processor.py:163} INFO - Started process (PID=881) to work on /home/airflow/.local/lib/python3.7/site-packages/airflow/example_dags/example_branch_datetime_operator.py
[2022-02-03 20:43:52,396] {processor.py:642} INFO - Processing file /home/airflow/.local/lib/python3.7/site-packages/airflow/example_dags/example_branch_datetime_operator.py for tasks to queue
[2022-02-03 20:43:52,396] {logging_mixin.py:109} INFO - [2022-02-03 20:43:52,396] {dagbag.py:500} INFO - Filling up the DagBag from /home/airflow/.local/lib/python3.7/site-packages/airflow/example_dags/example_branch_datetime_operator.py
[2022-02-03 20:43:52,420] {processor.py:654} INFO - DAG(s) dict_keys(['example_branch_datetime_operator_2']) retrieved from /home/airflow/.local/lib/python3.7/site-packages/airflow/example_dags/example_branch_datetime_operator.py
[2022-02-03 20:43:52,430] {logging_mixin.py:109} INFO - [2022-02-03 20:43:52,430] {dag.py:2396} INFO - Sync 1 DAGs
[2022-02-03 20:43:52,449] {logging_mixin.py:109} INFO - [2022-02-03 20:43:52,449] {dag.py:2935} INFO - Setting next_dagrun for example_branch_datetime_operator_2 to 2022-02-02 00:00:00+00:00
[2022-02-03 20:43:52,458] {processor.py:171} INFO - Processing /home/airflow/.local/lib/python3.7/site-packages/airflow/example_dags/example_branch_datetime_operator.py took 0.066 seconds
[2022-02-03 20:44:23,059] {processor.py:163} INFO - Started process (PID=940) to work on /home/airflow/.local/lib/python3.7/site-packages/airflow/example_dags/example_branch_datetime_operator.py
[2022-02-03 20:44:23,060] {processor.py:642} INFO - Processing file /home/airflow/.local/lib/python3.7/site-packages/airflow/example_dags/example_branch_datetime_operator.py for tasks to queue
[2022-02-03 20:44:23,061] {logging_mixin.py:109} INFO - [2022-02-03 20:44:23,061] {dagbag.py:500} INFO - Filling up the DagBag from /home/airflow/.local/lib/python3.7/site-packages/airflow/example_dags/example_branch_datetime_operator.py
[2022-02-03 20:44:23,084] {processor.py:654} INFO - DAG(s) dict_keys(['example_branch_datetime_operator_2']) retrieved from /home/airflow/.local/lib/python3.7/site-packages/airflow/example_dags/example_branch_datetime_operator.py
[2022-02-03 20:44:23,093] {logging_mixin.py:109} INFO - [2022-02-03 20:44:23,092] {dag.py:2396} INFO - Sync 1 DAGs
[2022-02-03 20:44:23,107] {logging_mixin.py:109} INFO - [2022-02-03 20:44:23,107] {dag.py:2935} INFO - Setting next_dagrun for example_branch_datetime_operator_2 to 2022-02-02 00:00:00+00:00
[2022-02-03 20:44:23,116] {processor.py:171} INFO - Processing /home/airflow/.local/lib/python3.7/site-packages/airflow/example_dags/example_branch_datetime_operator.py took 0.060 seconds
[2022-02-03 20:44:53,586] {processor.py:163} INFO - Started process (PID=991) to work on /home/airflow/.local/lib/python3.7/site-packages/airflow/example_dags/example_branch_datetime_operator.py
[2022-02-03 20:44:53,588] {processor.py:642} INFO - Processing file /home/airflow/.local/lib/python3.7/site-packages/airflow/example_dags/example_branch_datetime_operator.py for tasks to queue
[2022-02-03 20:44:53,588] {logging_mixin.py:109} INFO - [2022-02-03 20:44:53,588] {dagbag.py:500} INFO - Filling up the DagBag from /home/airflow/.local/lib/python3.7/site-packages/airflow/example_dags/example_branch_datetime_operator.py
[2022-02-03 20:44:53,614] {processor.py:654} INFO - DAG(s) dict_keys(['example_branch_datetime_operator_2']) retrieved from /home/airflow/.local/lib/python3.7/site-packages/airflow/example_dags/example_branch_datetime_operator.py
[2022-02-03 20:44:53,623] {logging_mixin.py:109} INFO - [2022-02-03 20:44:53,622] {dag.py:2396} INFO - Sync 1 DAGs
[2022-02-03 20:44:53,636] {logging_mixin.py:109} INFO - [2022-02-03 20:44:53,636] {dag.py:2935} INFO - Setting next_dagrun for example_branch_datetime_operator_2 to 2022-02-02 00:00:00+00:00
[2022-02-03 20:44:53,646] {processor.py:171} INFO - Processing /home/airflow/.local/lib/python3.7/site-packages/airflow/example_dags/example_branch_datetime_operator.py took 0.062 seconds
[2022-02-03 20:45:24,257] {processor.py:163} INFO - Started process (PID=1052) to work on /home/airflow/.local/lib/python3.7/site-packages/airflow/example_dags/example_branch_datetime_operator.py
[2022-02-03 20:45:24,258] {processor.py:642} INFO - Processing file /home/airflow/.local/lib/python3.7/site-packages/airflow/example_dags/example_branch_datetime_operator.py for tasks to queue
[2022-02-03 20:45:24,259] {logging_mixin.py:109} INFO - [2022-02-03 20:45:24,259] {dagbag.py:500} INFO - Filling up the DagBag from /home/airflow/.local/lib/python3.7/site-packages/airflow/example_dags/example_branch_datetime_operator.py
[2022-02-03 20:45:24,285] {processor.py:654} INFO - DAG(s) dict_keys(['example_branch_datetime_operator_2']) retrieved from /home/airflow/.local/lib/python3.7/site-packages/airflow/example_dags/example_branch_datetime_operator.py
[2022-02-03 20:45:24,293] {logging_mixin.py:109} INFO - [2022-02-03 20:45:24,293] {dag.py:2396} INFO - Sync 1 DAGs
[2022-02-03 20:45:24,311] {logging_mixin.py:109} INFO - [2022-02-03 20:45:24,311] {dag.py:2935} INFO - Setting next_dagrun for example_branch_datetime_operator_2 to 2022-02-02 00:00:00+00:00
[2022-02-03 20:45:24,318] {processor.py:171} INFO - Processing /home/airflow/.local/lib/python3.7/site-packages/airflow/example_dags/example_branch_datetime_operator.py took 0.065 seconds
[2022-02-03 20:45:54,731] {processor.py:163} INFO - Started process (PID=1104) to work on /home/airflow/.local/lib/python3.7/site-packages/airflow/example_dags/example_branch_datetime_operator.py
[2022-02-03 20:45:54,732] {processor.py:642} INFO - Processing file /home/airflow/.local/lib/python3.7/site-packages/airflow/example_dags/example_branch_datetime_operator.py for tasks to queue
[2022-02-03 20:45:54,733] {logging_mixin.py:109} INFO - [2022-02-03 20:45:54,733] {dagbag.py:500} INFO - Filling up the DagBag from /home/airflow/.local/lib/python3.7/site-packages/airflow/example_dags/example_branch_datetime_operator.py
[2022-02-03 20:45:54,755] {processor.py:654} INFO - DAG(s) dict_keys(['example_branch_datetime_operator_2']) retrieved from /home/airflow/.local/lib/python3.7/site-packages/airflow/example_dags/example_branch_datetime_operator.py
[2022-02-03 20:45:54,763] {logging_mixin.py:109} INFO - [2022-02-03 20:45:54,763] {dag.py:2396} INFO - Sync 1 DAGs
[2022-02-03 20:45:54,777] {logging_mixin.py:109} INFO - [2022-02-03 20:45:54,777] {dag.py:2935} INFO - Setting next_dagrun for example_branch_datetime_operator_2 to 2022-02-02 00:00:00+00:00
[2022-02-03 20:45:54,786] {processor.py:171} INFO - Processing /home/airflow/.local/lib/python3.7/site-packages/airflow/example_dags/example_branch_datetime_operator.py took 0.059 seconds
[2022-02-03 20:46:25,239] {processor.py:163} INFO - Started process (PID=1166) to work on /home/airflow/.local/lib/python3.7/site-packages/airflow/example_dags/example_branch_datetime_operator.py
[2022-02-03 20:46:25,240] {processor.py:642} INFO - Processing file /home/airflow/.local/lib/python3.7/site-packages/airflow/example_dags/example_branch_datetime_operator.py for tasks to queue
[2022-02-03 20:46:25,241] {logging_mixin.py:109} INFO - [2022-02-03 20:46:25,241] {dagbag.py:500} INFO - Filling up the DagBag from /home/airflow/.local/lib/python3.7/site-packages/airflow/example_dags/example_branch_datetime_operator.py
[2022-02-03 20:46:25,266] {processor.py:654} INFO - DAG(s) dict_keys(['example_branch_datetime_operator_2']) retrieved from /home/airflow/.local/lib/python3.7/site-packages/airflow/example_dags/example_branch_datetime_operator.py
[2022-02-03 20:46:25,277] {logging_mixin.py:109} INFO - [2022-02-03 20:46:25,277] {dag.py:2396} INFO - Sync 1 DAGs
[2022-02-03 20:46:25,297] {logging_mixin.py:109} INFO - [2022-02-03 20:46:25,297] {dag.py:2935} INFO - Setting next_dagrun for example_branch_datetime_operator_2 to 2022-02-02 00:00:00+00:00
[2022-02-03 20:46:25,308] {processor.py:171} INFO - Processing /home/airflow/.local/lib/python3.7/site-packages/airflow/example_dags/example_branch_datetime_operator.py took 0.073 seconds
[2022-02-03 20:46:55,801] {processor.py:163} INFO - Started process (PID=1216) to work on /home/airflow/.local/lib/python3.7/site-packages/airflow/example_dags/example_branch_datetime_operator.py
[2022-02-03 20:46:55,802] {processor.py:642} INFO - Processing file /home/airflow/.local/lib/python3.7/site-packages/airflow/example_dags/example_branch_datetime_operator.py for tasks to queue
[2022-02-03 20:46:55,803] {logging_mixin.py:109} INFO - [2022-02-03 20:46:55,803] {dagbag.py:500} INFO - Filling up the DagBag from /home/airflow/.local/lib/python3.7/site-packages/airflow/example_dags/example_branch_datetime_operator.py
[2022-02-03 20:46:55,828] {processor.py:654} INFO - DAG(s) dict_keys(['example_branch_datetime_operator_2']) retrieved from /home/airflow/.local/lib/python3.7/site-packages/airflow/example_dags/example_branch_datetime_operator.py
[2022-02-03 20:46:55,836] {logging_mixin.py:109} INFO - [2022-02-03 20:46:55,836] {dag.py:2396} INFO - Sync 1 DAGs
[2022-02-03 20:46:55,854] {logging_mixin.py:109} INFO - [2022-02-03 20:46:55,854] {dag.py:2935} INFO - Setting next_dagrun for example_branch_datetime_operator_2 to 2022-02-02 00:00:00+00:00
[2022-02-03 20:46:55,862] {processor.py:171} INFO - Processing /home/airflow/.local/lib/python3.7/site-packages/airflow/example_dags/example_branch_datetime_operator.py took 0.064 seconds
[2022-02-03 20:47:26,292] {processor.py:163} INFO - Started process (PID=1277) to work on /home/airflow/.local/lib/python3.7/site-packages/airflow/example_dags/example_branch_datetime_operator.py
[2022-02-03 20:47:26,293] {processor.py:642} INFO - Processing file /home/airflow/.local/lib/python3.7/site-packages/airflow/example_dags/example_branch_datetime_operator.py for tasks to queue
[2022-02-03 20:47:26,294] {logging_mixin.py:109} INFO - [2022-02-03 20:47:26,294] {dagbag.py:500} INFO - Filling up the DagBag from /home/airflow/.local/lib/python3.7/site-packages/airflow/example_dags/example_branch_datetime_operator.py
[2022-02-03 20:47:26,317] {processor.py:654} INFO - DAG(s) dict_keys(['example_branch_datetime_operator_2']) retrieved from /home/airflow/.local/lib/python3.7/site-packages/airflow/example_dags/example_branch_datetime_operator.py
[2022-02-03 20:47:26,325] {logging_mixin.py:109} INFO - [2022-02-03 20:47:26,325] {dag.py:2396} INFO - Sync 1 DAGs
[2022-02-03 20:47:26,339] {logging_mixin.py:109} INFO - [2022-02-03 20:47:26,339] {dag.py:2935} INFO - Setting next_dagrun for example_branch_datetime_operator_2 to 2022-02-02 00:00:00+00:00
[2022-02-03 20:47:26,347] {processor.py:171} INFO - Processing /home/airflow/.local/lib/python3.7/site-packages/airflow/example_dags/example_branch_datetime_operator.py took 0.058 seconds
[2022-02-03 20:47:56,838] {processor.py:163} INFO - Started process (PID=1328) to work on /home/airflow/.local/lib/python3.7/site-packages/airflow/example_dags/example_branch_datetime_operator.py
[2022-02-03 20:47:56,839] {processor.py:642} INFO - Processing file /home/airflow/.local/lib/python3.7/site-packages/airflow/example_dags/example_branch_datetime_operator.py for tasks to queue
[2022-02-03 20:47:56,840] {logging_mixin.py:109} INFO - [2022-02-03 20:47:56,840] {dagbag.py:500} INFO - Filling up the DagBag from /home/airflow/.local/lib/python3.7/site-packages/airflow/example_dags/example_branch_datetime_operator.py
[2022-02-03 20:47:56,915] {processor.py:654} INFO - DAG(s) dict_keys(['example_branch_datetime_operator_2']) retrieved from /home/airflow/.local/lib/python3.7/site-packages/airflow/example_dags/example_branch_datetime_operator.py
[2022-02-03 20:47:56,923] {logging_mixin.py:109} INFO - [2022-02-03 20:47:56,923] {dag.py:2396} INFO - Sync 1 DAGs
[2022-02-03 20:47:56,941] {logging_mixin.py:109} INFO - [2022-02-03 20:47:56,941] {dag.py:2935} INFO - Setting next_dagrun for example_branch_datetime_operator_2 to 2022-02-02 00:00:00+00:00
[2022-02-03 20:47:56,951] {processor.py:171} INFO - Processing /home/airflow/.local/lib/python3.7/site-packages/airflow/example_dags/example_branch_datetime_operator.py took 0.116 seconds
[2022-02-03 20:48:27,514] {processor.py:163} INFO - Started process (PID=1390) to work on /home/airflow/.local/lib/python3.7/site-packages/airflow/example_dags/example_branch_datetime_operator.py
[2022-02-03 20:48:27,515] {processor.py:642} INFO - Processing file /home/airflow/.local/lib/python3.7/site-packages/airflow/example_dags/example_branch_datetime_operator.py for tasks to queue
[2022-02-03 20:48:27,516] {logging_mixin.py:109} INFO - [2022-02-03 20:48:27,516] {dagbag.py:500} INFO - Filling up the DagBag from /home/airflow/.local/lib/python3.7/site-packages/airflow/example_dags/example_branch_datetime_operator.py
[2022-02-03 20:48:27,541] {processor.py:654} INFO - DAG(s) dict_keys(['example_branch_datetime_operator_2']) retrieved from /home/airflow/.local/lib/python3.7/site-packages/airflow/example_dags/example_branch_datetime_operator.py
[2022-02-03 20:48:27,551] {logging_mixin.py:109} INFO - [2022-02-03 20:48:27,551] {dag.py:2396} INFO - Sync 1 DAGs
[2022-02-03 20:48:27,565] {logging_mixin.py:109} INFO - [2022-02-03 20:48:27,565] {dag.py:2935} INFO - Setting next_dagrun for example_branch_datetime_operator_2 to 2022-02-02 00:00:00+00:00
[2022-02-03 20:48:27,574] {processor.py:171} INFO - Processing /home/airflow/.local/lib/python3.7/site-packages/airflow/example_dags/example_branch_datetime_operator.py took 0.063 seconds
[2022-02-03 20:48:58,062] {processor.py:163} INFO - Started process (PID=1452) to work on /home/airflow/.local/lib/python3.7/site-packages/airflow/example_dags/example_branch_datetime_operator.py
[2022-02-03 20:48:58,063] {processor.py:642} INFO - Processing file /home/airflow/.local/lib/python3.7/site-packages/airflow/example_dags/example_branch_datetime_operator.py for tasks to queue
[2022-02-03 20:48:58,064] {logging_mixin.py:109} INFO - [2022-02-03 20:48:58,064] {dagbag.py:500} INFO - Filling up the DagBag from /home/airflow/.local/lib/python3.7/site-packages/airflow/example_dags/example_branch_datetime_operator.py
[2022-02-03 20:48:58,090] {processor.py:654} INFO - DAG(s) dict_keys(['example_branch_datetime_operator_2']) retrieved from /home/airflow/.local/lib/python3.7/site-packages/airflow/example_dags/example_branch_datetime_operator.py
[2022-02-03 20:48:58,100] {logging_mixin.py:109} INFO - [2022-02-03 20:48:58,100] {dag.py:2396} INFO - Sync 1 DAGs
[2022-02-03 20:48:58,119] {logging_mixin.py:109} INFO - [2022-02-03 20:48:58,119] {dag.py:2935} INFO - Setting next_dagrun for example_branch_datetime_operator_2 to 2022-02-02 00:00:00+00:00
[2022-02-03 20:48:58,129] {processor.py:171} INFO - Processing /home/airflow/.local/lib/python3.7/site-packages/airflow/example_dags/example_branch_datetime_operator.py took 0.071 seconds
[2022-02-03 20:49:28,500] {processor.py:163} INFO - Started process (PID=1503) to work on /home/airflow/.local/lib/python3.7/site-packages/airflow/example_dags/example_branch_datetime_operator.py
[2022-02-03 20:49:28,501] {processor.py:642} INFO - Processing file /home/airflow/.local/lib/python3.7/site-packages/airflow/example_dags/example_branch_datetime_operator.py for tasks to queue
[2022-02-03 20:49:28,502] {logging_mixin.py:109} INFO - [2022-02-03 20:49:28,502] {dagbag.py:500} INFO - Filling up the DagBag from /home/airflow/.local/lib/python3.7/site-packages/airflow/example_dags/example_branch_datetime_operator.py
[2022-02-03 20:49:28,524] {processor.py:654} INFO - DAG(s) dict_keys(['example_branch_datetime_operator_2']) retrieved from /home/airflow/.local/lib/python3.7/site-packages/airflow/example_dags/example_branch_datetime_operator.py
[2022-02-03 20:49:28,532] {logging_mixin.py:109} INFO - [2022-02-03 20:49:28,532] {dag.py:2396} INFO - Sync 1 DAGs
[2022-02-03 20:49:28,545] {logging_mixin.py:109} INFO - [2022-02-03 20:49:28,545] {dag.py:2935} INFO - Setting next_dagrun for example_branch_datetime_operator_2 to 2022-02-02 00:00:00+00:00
[2022-02-03 20:49:28,554] {processor.py:171} INFO - Processing /home/airflow/.local/lib/python3.7/site-packages/airflow/example_dags/example_branch_datetime_operator.py took 0.057 seconds
[2022-02-03 20:49:58,635] {processor.py:163} INFO - Started process (PID=1561) to work on /home/airflow/.local/lib/python3.7/site-packages/airflow/example_dags/example_branch_datetime_operator.py
[2022-02-03 20:49:58,636] {processor.py:642} INFO - Processing file /home/airflow/.local/lib/python3.7/site-packages/airflow/example_dags/example_branch_datetime_operator.py for tasks to queue
[2022-02-03 20:49:58,637] {logging_mixin.py:109} INFO - [2022-02-03 20:49:58,637] {dagbag.py:500} INFO - Filling up the DagBag from /home/airflow/.local/lib/python3.7/site-packages/airflow/example_dags/example_branch_datetime_operator.py
[2022-02-03 20:49:58,659] {processor.py:654} INFO - DAG(s) dict_keys(['example_branch_datetime_operator_2']) retrieved from /home/airflow/.local/lib/python3.7/site-packages/airflow/example_dags/example_branch_datetime_operator.py
[2022-02-03 20:49:58,667] {logging_mixin.py:109} INFO - [2022-02-03 20:49:58,667] {dag.py:2396} INFO - Sync 1 DAGs
[2022-02-03 20:49:58,681] {logging_mixin.py:109} INFO - [2022-02-03 20:49:58,681] {dag.py:2935} INFO - Setting next_dagrun for example_branch_datetime_operator_2 to 2022-02-02 00:00:00+00:00
[2022-02-03 20:49:58,690] {processor.py:171} INFO - Processing /home/airflow/.local/lib/python3.7/site-packages/airflow/example_dags/example_branch_datetime_operator.py took 0.057 seconds
[2022-02-03 20:50:29,429] {processor.py:163} INFO - Started process (PID=1615) to work on /home/airflow/.local/lib/python3.7/site-packages/airflow/example_dags/example_branch_datetime_operator.py
[2022-02-03 20:50:29,430] {processor.py:642} INFO - Processing file /home/airflow/.local/lib/python3.7/site-packages/airflow/example_dags/example_branch_datetime_operator.py for tasks to queue
[2022-02-03 20:50:29,431] {logging_mixin.py:109} INFO - [2022-02-03 20:50:29,431] {dagbag.py:500} INFO - Filling up the DagBag from /home/airflow/.local/lib/python3.7/site-packages/airflow/example_dags/example_branch_datetime_operator.py
[2022-02-03 20:50:29,452] {processor.py:654} INFO - DAG(s) dict_keys(['example_branch_datetime_operator_2']) retrieved from /home/airflow/.local/lib/python3.7/site-packages/airflow/example_dags/example_branch_datetime_operator.py
[2022-02-03 20:50:29,459] {logging_mixin.py:109} INFO - [2022-02-03 20:50:29,459] {dag.py:2396} INFO - Sync 1 DAGs
[2022-02-03 20:50:29,472] {logging_mixin.py:109} INFO - [2022-02-03 20:50:29,472] {dag.py:2935} INFO - Setting next_dagrun for example_branch_datetime_operator_2 to 2022-02-02 00:00:00+00:00
[2022-02-03 20:50:29,481] {processor.py:171} INFO - Processing /home/airflow/.local/lib/python3.7/site-packages/airflow/example_dags/example_branch_datetime_operator.py took 0.055 seconds
[2022-02-03 20:50:59,863] {processor.py:163} INFO - Started process (PID=1673) to work on /home/airflow/.local/lib/python3.7/site-packages/airflow/example_dags/example_branch_datetime_operator.py
[2022-02-03 20:50:59,864] {processor.py:642} INFO - Processing file /home/airflow/.local/lib/python3.7/site-packages/airflow/example_dags/example_branch_datetime_operator.py for tasks to queue
[2022-02-03 20:50:59,865] {logging_mixin.py:109} INFO - [2022-02-03 20:50:59,865] {dagbag.py:500} INFO - Filling up the DagBag from /home/airflow/.local/lib/python3.7/site-packages/airflow/example_dags/example_branch_datetime_operator.py
[2022-02-03 20:50:59,896] {processor.py:654} INFO - DAG(s) dict_keys(['example_branch_datetime_operator_2']) retrieved from /home/airflow/.local/lib/python3.7/site-packages/airflow/example_dags/example_branch_datetime_operator.py
[2022-02-03 20:50:59,910] {logging_mixin.py:109} INFO - [2022-02-03 20:50:59,910] {dag.py:2396} INFO - Sync 1 DAGs
[2022-02-03 20:50:59,931] {logging_mixin.py:109} INFO - [2022-02-03 20:50:59,931] {dag.py:2935} INFO - Setting next_dagrun for example_branch_datetime_operator_2 to 2022-02-02 00:00:00+00:00
[2022-02-03 20:50:59,943] {processor.py:171} INFO - Processing /home/airflow/.local/lib/python3.7/site-packages/airflow/example_dags/example_branch_datetime_operator.py took 0.083 seconds
[2022-02-03 20:51:30,047] {processor.py:163} INFO - Started process (PID=1725) to work on /home/airflow/.local/lib/python3.7/site-packages/airflow/example_dags/example_branch_datetime_operator.py
[2022-02-03 20:51:30,049] {processor.py:642} INFO - Processing file /home/airflow/.local/lib/python3.7/site-packages/airflow/example_dags/example_branch_datetime_operator.py for tasks to queue
[2022-02-03 20:51:30,051] {logging_mixin.py:109} INFO - [2022-02-03 20:51:30,051] {dagbag.py:500} INFO - Filling up the DagBag from /home/airflow/.local/lib/python3.7/site-packages/airflow/example_dags/example_branch_datetime_operator.py
[2022-02-03 20:51:30,079] {processor.py:654} INFO - DAG(s) dict_keys(['example_branch_datetime_operator_2']) retrieved from /home/airflow/.local/lib/python3.7/site-packages/airflow/example_dags/example_branch_datetime_operator.py
[2022-02-03 20:51:30,089] {logging_mixin.py:109} INFO - [2022-02-03 20:51:30,089] {dag.py:2396} INFO - Sync 1 DAGs
[2022-02-03 20:51:30,107] {logging_mixin.py:109} INFO - [2022-02-03 20:51:30,107] {dag.py:2935} INFO - Setting next_dagrun for example_branch_datetime_operator_2 to 2022-02-02 00:00:00+00:00
[2022-02-03 20:51:30,199] {processor.py:171} INFO - Processing /home/airflow/.local/lib/python3.7/site-packages/airflow/example_dags/example_branch_datetime_operator.py took 0.154 seconds
[2022-02-03 20:52:00,845] {processor.py:163} INFO - Started process (PID=1777) to work on /home/airflow/.local/lib/python3.7/site-packages/airflow/example_dags/example_branch_datetime_operator.py
[2022-02-03 20:52:00,847] {processor.py:642} INFO - Processing file /home/airflow/.local/lib/python3.7/site-packages/airflow/example_dags/example_branch_datetime_operator.py for tasks to queue
[2022-02-03 20:52:00,848] {logging_mixin.py:109} INFO - [2022-02-03 20:52:00,848] {dagbag.py:500} INFO - Filling up the DagBag from /home/airflow/.local/lib/python3.7/site-packages/airflow/example_dags/example_branch_datetime_operator.py
[2022-02-03 20:52:00,880] {processor.py:654} INFO - DAG(s) dict_keys(['example_branch_datetime_operator_2']) retrieved from /home/airflow/.local/lib/python3.7/site-packages/airflow/example_dags/example_branch_datetime_operator.py
[2022-02-03 20:52:00,895] {logging_mixin.py:109} INFO - [2022-02-03 20:52:00,895] {dag.py:2396} INFO - Sync 1 DAGs
[2022-02-03 20:52:01,021] {logging_mixin.py:109} INFO - [2022-02-03 20:52:01,021] {dag.py:2935} INFO - Setting next_dagrun for example_branch_datetime_operator_2 to 2022-02-02 00:00:00+00:00
[2022-02-03 20:52:01,033] {processor.py:171} INFO - Processing /home/airflow/.local/lib/python3.7/site-packages/airflow/example_dags/example_branch_datetime_operator.py took 0.190 seconds
[2022-02-03 20:52:31,165] {processor.py:163} INFO - Started process (PID=1838) to work on /home/airflow/.local/lib/python3.7/site-packages/airflow/example_dags/example_branch_datetime_operator.py
[2022-02-03 20:52:31,167] {processor.py:642} INFO - Processing file /home/airflow/.local/lib/python3.7/site-packages/airflow/example_dags/example_branch_datetime_operator.py for tasks to queue
[2022-02-03 20:52:31,168] {logging_mixin.py:109} INFO - [2022-02-03 20:52:31,168] {dagbag.py:500} INFO - Filling up the DagBag from /home/airflow/.local/lib/python3.7/site-packages/airflow/example_dags/example_branch_datetime_operator.py
[2022-02-03 20:52:31,196] {processor.py:654} INFO - DAG(s) dict_keys(['example_branch_datetime_operator_2']) retrieved from /home/airflow/.local/lib/python3.7/site-packages/airflow/example_dags/example_branch_datetime_operator.py
[2022-02-03 20:52:31,214] {logging_mixin.py:109} INFO - [2022-02-03 20:52:31,213] {dag.py:2396} INFO - Sync 1 DAGs
[2022-02-03 20:52:31,314] {logging_mixin.py:109} INFO - [2022-02-03 20:52:31,314] {dag.py:2935} INFO - Setting next_dagrun for example_branch_datetime_operator_2 to 2022-02-02 00:00:00+00:00
[2022-02-03 20:52:31,324] {processor.py:171} INFO - Processing /home/airflow/.local/lib/python3.7/site-packages/airflow/example_dags/example_branch_datetime_operator.py took 0.162 seconds
[2022-02-03 20:53:01,732] {processor.py:163} INFO - Started process (PID=1888) to work on /home/airflow/.local/lib/python3.7/site-packages/airflow/example_dags/example_branch_datetime_operator.py
[2022-02-03 20:53:01,733] {processor.py:642} INFO - Processing file /home/airflow/.local/lib/python3.7/site-packages/airflow/example_dags/example_branch_datetime_operator.py for tasks to queue
[2022-02-03 20:53:01,734] {logging_mixin.py:109} INFO - [2022-02-03 20:53:01,734] {dagbag.py:500} INFO - Filling up the DagBag from /home/airflow/.local/lib/python3.7/site-packages/airflow/example_dags/example_branch_datetime_operator.py
[2022-02-03 20:53:01,759] {processor.py:654} INFO - DAG(s) dict_keys(['example_branch_datetime_operator_2']) retrieved from /home/airflow/.local/lib/python3.7/site-packages/airflow/example_dags/example_branch_datetime_operator.py
[2022-02-03 20:53:01,768] {logging_mixin.py:109} INFO - [2022-02-03 20:53:01,768] {dag.py:2396} INFO - Sync 1 DAGs
[2022-02-03 20:53:01,844] {logging_mixin.py:109} INFO - [2022-02-03 20:53:01,844] {dag.py:2935} INFO - Setting next_dagrun for example_branch_datetime_operator_2 to 2022-02-02 00:00:00+00:00
[2022-02-03 20:53:01,851] {processor.py:171} INFO - Processing /home/airflow/.local/lib/python3.7/site-packages/airflow/example_dags/example_branch_datetime_operator.py took 0.123 seconds
[2022-02-03 20:53:32,815] {processor.py:163} INFO - Started process (PID=1948) to work on /home/airflow/.local/lib/python3.7/site-packages/airflow/example_dags/example_branch_datetime_operator.py
[2022-02-03 20:53:32,816] {processor.py:642} INFO - Processing file /home/airflow/.local/lib/python3.7/site-packages/airflow/example_dags/example_branch_datetime_operator.py for tasks to queue
[2022-02-03 20:53:32,817] {logging_mixin.py:109} INFO - [2022-02-03 20:53:32,817] {dagbag.py:500} INFO - Filling up the DagBag from /home/airflow/.local/lib/python3.7/site-packages/airflow/example_dags/example_branch_datetime_operator.py
[2022-02-03 20:53:32,918] {processor.py:654} INFO - DAG(s) dict_keys(['example_branch_datetime_operator_2']) retrieved from /home/airflow/.local/lib/python3.7/site-packages/airflow/example_dags/example_branch_datetime_operator.py
[2022-02-03 20:53:32,924] {logging_mixin.py:109} INFO - [2022-02-03 20:53:32,924] {dag.py:2396} INFO - Sync 1 DAGs
[2022-02-03 20:53:32,940] {logging_mixin.py:109} INFO - [2022-02-03 20:53:32,940] {dag.py:2935} INFO - Setting next_dagrun for example_branch_datetime_operator_2 to 2022-02-02 00:00:00+00:00
[2022-02-03 20:53:32,948] {processor.py:171} INFO - Processing /home/airflow/.local/lib/python3.7/site-packages/airflow/example_dags/example_branch_datetime_operator.py took 0.137 seconds
[2022-02-03 20:54:03,354] {processor.py:163} INFO - Started process (PID=1999) to work on /home/airflow/.local/lib/python3.7/site-packages/airflow/example_dags/example_branch_datetime_operator.py
[2022-02-03 20:54:03,359] {processor.py:642} INFO - Processing file /home/airflow/.local/lib/python3.7/site-packages/airflow/example_dags/example_branch_datetime_operator.py for tasks to queue
[2022-02-03 20:54:03,361] {logging_mixin.py:109} INFO - [2022-02-03 20:54:03,361] {dagbag.py:500} INFO - Filling up the DagBag from /home/airflow/.local/lib/python3.7/site-packages/airflow/example_dags/example_branch_datetime_operator.py
[2022-02-03 20:54:03,559] {processor.py:654} INFO - DAG(s) dict_keys(['example_branch_datetime_operator_2']) retrieved from /home/airflow/.local/lib/python3.7/site-packages/airflow/example_dags/example_branch_datetime_operator.py
[2022-02-03 20:54:03,575] {logging_mixin.py:109} INFO - [2022-02-03 20:54:03,575] {dag.py:2396} INFO - Sync 1 DAGs
[2022-02-03 20:54:03,607] {logging_mixin.py:109} INFO - [2022-02-03 20:54:03,607] {dag.py:2935} INFO - Setting next_dagrun for example_branch_datetime_operator_2 to 2022-02-02 00:00:00+00:00
[2022-02-03 20:54:03,621] {processor.py:171} INFO - Processing /home/airflow/.local/lib/python3.7/site-packages/airflow/example_dags/example_branch_datetime_operator.py took 0.273 seconds
[2022-02-03 20:54:34,443] {processor.py:163} INFO - Started process (PID=2051) to work on /home/airflow/.local/lib/python3.7/site-packages/airflow/example_dags/example_branch_datetime_operator.py
[2022-02-03 20:54:34,444] {processor.py:642} INFO - Processing file /home/airflow/.local/lib/python3.7/site-packages/airflow/example_dags/example_branch_datetime_operator.py for tasks to queue
[2022-02-03 20:54:34,445] {logging_mixin.py:109} INFO - [2022-02-03 20:54:34,445] {dagbag.py:500} INFO - Filling up the DagBag from /home/airflow/.local/lib/python3.7/site-packages/airflow/example_dags/example_branch_datetime_operator.py
[2022-02-03 20:54:34,529] {processor.py:654} INFO - DAG(s) dict_keys(['example_branch_datetime_operator_2']) retrieved from /home/airflow/.local/lib/python3.7/site-packages/airflow/example_dags/example_branch_datetime_operator.py
[2022-02-03 20:54:34,535] {logging_mixin.py:109} INFO - [2022-02-03 20:54:34,535] {dag.py:2396} INFO - Sync 1 DAGs
[2022-02-03 20:54:34,548] {logging_mixin.py:109} INFO - [2022-02-03 20:54:34,548] {dag.py:2935} INFO - Setting next_dagrun for example_branch_datetime_operator_2 to 2022-02-02 00:00:00+00:00
[2022-02-03 20:54:34,555] {processor.py:171} INFO - Processing /home/airflow/.local/lib/python3.7/site-packages/airflow/example_dags/example_branch_datetime_operator.py took 0.115 seconds
[2022-02-03 20:55:04,621] {processor.py:163} INFO - Started process (PID=2111) to work on /home/airflow/.local/lib/python3.7/site-packages/airflow/example_dags/example_branch_datetime_operator.py
[2022-02-03 20:55:04,622] {processor.py:642} INFO - Processing file /home/airflow/.local/lib/python3.7/site-packages/airflow/example_dags/example_branch_datetime_operator.py for tasks to queue
[2022-02-03 20:55:04,623] {logging_mixin.py:109} INFO - [2022-02-03 20:55:04,623] {dagbag.py:500} INFO - Filling up the DagBag from /home/airflow/.local/lib/python3.7/site-packages/airflow/example_dags/example_branch_datetime_operator.py
[2022-02-03 20:55:04,746] {processor.py:654} INFO - DAG(s) dict_keys(['example_branch_datetime_operator_2']) retrieved from /home/airflow/.local/lib/python3.7/site-packages/airflow/example_dags/example_branch_datetime_operator.py
[2022-02-03 20:55:04,753] {logging_mixin.py:109} INFO - [2022-02-03 20:55:04,752] {dag.py:2396} INFO - Sync 1 DAGs
[2022-02-03 20:55:04,769] {logging_mixin.py:109} INFO - [2022-02-03 20:55:04,769] {dag.py:2935} INFO - Setting next_dagrun for example_branch_datetime_operator_2 to 2022-02-02 00:00:00+00:00
[2022-02-03 20:55:04,779] {processor.py:171} INFO - Processing /home/airflow/.local/lib/python3.7/site-packages/airflow/example_dags/example_branch_datetime_operator.py took 0.161 seconds
[2022-02-03 20:55:34,811] {processor.py:163} INFO - Started process (PID=2161) to work on /home/airflow/.local/lib/python3.7/site-packages/airflow/example_dags/example_branch_datetime_operator.py
[2022-02-03 20:55:34,812] {processor.py:642} INFO - Processing file /home/airflow/.local/lib/python3.7/site-packages/airflow/example_dags/example_branch_datetime_operator.py for tasks to queue
[2022-02-03 20:55:34,813] {logging_mixin.py:109} INFO - [2022-02-03 20:55:34,813] {dagbag.py:500} INFO - Filling up the DagBag from /home/airflow/.local/lib/python3.7/site-packages/airflow/example_dags/example_branch_datetime_operator.py
[2022-02-03 20:55:34,901] {processor.py:654} INFO - DAG(s) dict_keys(['example_branch_datetime_operator_2']) retrieved from /home/airflow/.local/lib/python3.7/site-packages/airflow/example_dags/example_branch_datetime_operator.py
[2022-02-03 20:55:34,909] {logging_mixin.py:109} INFO - [2022-02-03 20:55:34,909] {dag.py:2396} INFO - Sync 1 DAGs
[2022-02-03 20:55:34,923] {logging_mixin.py:109} INFO - [2022-02-03 20:55:34,923] {dag.py:2935} INFO - Setting next_dagrun for example_branch_datetime_operator_2 to 2022-02-02 00:00:00+00:00
[2022-02-03 20:55:34,932] {processor.py:171} INFO - Processing /home/airflow/.local/lib/python3.7/site-packages/airflow/example_dags/example_branch_datetime_operator.py took 0.123 seconds
