[2022-02-03 20:38:43,719] {processor.py:163} INFO - Started process (PID=220) to work on /home/airflow/.local/lib/python3.7/site-packages/airflow/example_dags/example_nested_branch_dag.py
[2022-02-03 20:38:43,722] {processor.py:642} INFO - Processing file /home/airflow/.local/lib/python3.7/site-packages/airflow/example_dags/example_nested_branch_dag.py for tasks to queue
[2022-02-03 20:38:43,723] {logging_mixin.py:109} INFO - [2022-02-03 20:38:43,723] {dagbag.py:500} INFO - Filling up the DagBag from /home/airflow/.local/lib/python3.7/site-packages/airflow/example_dags/example_nested_branch_dag.py
[2022-02-03 20:38:43,773] {processor.py:654} INFO - DAG(s) dict_keys(['example_nested_branch_dag']) retrieved from /home/airflow/.local/lib/python3.7/site-packages/airflow/example_dags/example_nested_branch_dag.py
[2022-02-03 20:38:46,036] {logging_mixin.py:109} INFO - [2022-02-03 20:38:46,035] {manager.py:496} INFO - Created Permission View: can read on DAG:example_nested_branch_dag
[2022-02-03 20:38:46,052] {logging_mixin.py:109} INFO - [2022-02-03 20:38:46,052] {manager.py:496} INFO - Created Permission View: can edit on DAG:example_nested_branch_dag
[2022-02-03 20:38:46,055] {logging_mixin.py:109} INFO - [2022-02-03 20:38:46,052] {dag.py:2396} INFO - Sync 1 DAGs
[2022-02-03 20:38:46,065] {logging_mixin.py:109} INFO - [2022-02-03 20:38:46,065] {dag.py:2415} INFO - Creating ORM DAG for example_nested_branch_dag
[2022-02-03 20:38:46,081] {logging_mixin.py:109} INFO - [2022-02-03 20:38:46,081] {dag.py:2935} INFO - Setting next_dagrun for example_nested_branch_dag to 2022-02-02 00:00:00+00:00
[2022-02-03 20:38:46,100] {processor.py:171} INFO - Processing /home/airflow/.local/lib/python3.7/site-packages/airflow/example_dags/example_nested_branch_dag.py took 2.387 seconds
[2022-02-03 20:39:16,630] {processor.py:163} INFO - Started process (PID=379) to work on /home/airflow/.local/lib/python3.7/site-packages/airflow/example_dags/example_nested_branch_dag.py
[2022-02-03 20:39:16,632] {processor.py:642} INFO - Processing file /home/airflow/.local/lib/python3.7/site-packages/airflow/example_dags/example_nested_branch_dag.py for tasks to queue
[2022-02-03 20:39:16,632] {logging_mixin.py:109} INFO - [2022-02-03 20:39:16,632] {dagbag.py:500} INFO - Filling up the DagBag from /home/airflow/.local/lib/python3.7/site-packages/airflow/example_dags/example_nested_branch_dag.py
[2022-02-03 20:39:16,656] {processor.py:654} INFO - DAG(s) dict_keys(['example_nested_branch_dag']) retrieved from /home/airflow/.local/lib/python3.7/site-packages/airflow/example_dags/example_nested_branch_dag.py
[2022-02-03 20:39:16,664] {logging_mixin.py:109} INFO - [2022-02-03 20:39:16,663] {dag.py:2396} INFO - Sync 1 DAGs
[2022-02-03 20:39:16,677] {logging_mixin.py:109} INFO - [2022-02-03 20:39:16,677] {dag.py:2935} INFO - Setting next_dagrun for example_nested_branch_dag to 2022-02-02 00:00:00+00:00
[2022-02-03 20:39:16,688] {processor.py:171} INFO - Processing /home/airflow/.local/lib/python3.7/site-packages/airflow/example_dags/example_nested_branch_dag.py took 0.060 seconds
[2022-02-03 20:39:46,953] {processor.py:163} INFO - Started process (PID=430) to work on /home/airflow/.local/lib/python3.7/site-packages/airflow/example_dags/example_nested_branch_dag.py
[2022-02-03 20:39:46,954] {processor.py:642} INFO - Processing file /home/airflow/.local/lib/python3.7/site-packages/airflow/example_dags/example_nested_branch_dag.py for tasks to queue
[2022-02-03 20:39:46,954] {logging_mixin.py:109} INFO - [2022-02-03 20:39:46,954] {dagbag.py:500} INFO - Filling up the DagBag from /home/airflow/.local/lib/python3.7/site-packages/airflow/example_dags/example_nested_branch_dag.py
[2022-02-03 20:39:46,977] {processor.py:654} INFO - DAG(s) dict_keys(['example_nested_branch_dag']) retrieved from /home/airflow/.local/lib/python3.7/site-packages/airflow/example_dags/example_nested_branch_dag.py
[2022-02-03 20:39:46,985] {logging_mixin.py:109} INFO - [2022-02-03 20:39:46,985] {dag.py:2396} INFO - Sync 1 DAGs
[2022-02-03 20:39:46,998] {logging_mixin.py:109} INFO - [2022-02-03 20:39:46,998] {dag.py:2935} INFO - Setting next_dagrun for example_nested_branch_dag to 2022-02-02 00:00:00+00:00
[2022-02-03 20:39:47,006] {processor.py:171} INFO - Processing /home/airflow/.local/lib/python3.7/site-packages/airflow/example_dags/example_nested_branch_dag.py took 0.056 seconds
[2022-02-03 20:40:17,169] {processor.py:163} INFO - Started process (PID=490) to work on /home/airflow/.local/lib/python3.7/site-packages/airflow/example_dags/example_nested_branch_dag.py
[2022-02-03 20:40:17,171] {processor.py:642} INFO - Processing file /home/airflow/.local/lib/python3.7/site-packages/airflow/example_dags/example_nested_branch_dag.py for tasks to queue
[2022-02-03 20:40:17,171] {logging_mixin.py:109} INFO - [2022-02-03 20:40:17,171] {dagbag.py:500} INFO - Filling up the DagBag from /home/airflow/.local/lib/python3.7/site-packages/airflow/example_dags/example_nested_branch_dag.py
[2022-02-03 20:40:17,195] {processor.py:654} INFO - DAG(s) dict_keys(['example_nested_branch_dag']) retrieved from /home/airflow/.local/lib/python3.7/site-packages/airflow/example_dags/example_nested_branch_dag.py
[2022-02-03 20:40:17,204] {logging_mixin.py:109} INFO - [2022-02-03 20:40:17,204] {dag.py:2396} INFO - Sync 1 DAGs
[2022-02-03 20:40:17,218] {logging_mixin.py:109} INFO - [2022-02-03 20:40:17,218] {dag.py:2935} INFO - Setting next_dagrun for example_nested_branch_dag to 2022-02-02 00:00:00+00:00
[2022-02-03 20:40:17,227] {processor.py:171} INFO - Processing /home/airflow/.local/lib/python3.7/site-packages/airflow/example_dags/example_nested_branch_dag.py took 0.060 seconds
[2022-02-03 20:40:47,319] {processor.py:163} INFO - Started process (PID=542) to work on /home/airflow/.local/lib/python3.7/site-packages/airflow/example_dags/example_nested_branch_dag.py
[2022-02-03 20:40:47,320] {processor.py:642} INFO - Processing file /home/airflow/.local/lib/python3.7/site-packages/airflow/example_dags/example_nested_branch_dag.py for tasks to queue
[2022-02-03 20:40:47,321] {logging_mixin.py:109} INFO - [2022-02-03 20:40:47,321] {dagbag.py:500} INFO - Filling up the DagBag from /home/airflow/.local/lib/python3.7/site-packages/airflow/example_dags/example_nested_branch_dag.py
[2022-02-03 20:40:47,346] {processor.py:654} INFO - DAG(s) dict_keys(['example_nested_branch_dag']) retrieved from /home/airflow/.local/lib/python3.7/site-packages/airflow/example_dags/example_nested_branch_dag.py
[2022-02-03 20:40:47,356] {logging_mixin.py:109} INFO - [2022-02-03 20:40:47,356] {dag.py:2396} INFO - Sync 1 DAGs
[2022-02-03 20:40:47,373] {logging_mixin.py:109} INFO - [2022-02-03 20:40:47,373] {dag.py:2935} INFO - Setting next_dagrun for example_nested_branch_dag to 2022-02-02 00:00:00+00:00
[2022-02-03 20:40:47,384] {processor.py:171} INFO - Processing /home/airflow/.local/lib/python3.7/site-packages/airflow/example_dags/example_nested_branch_dag.py took 0.068 seconds
[2022-02-03 20:41:17,449] {processor.py:163} INFO - Started process (PID=602) to work on /home/airflow/.local/lib/python3.7/site-packages/airflow/example_dags/example_nested_branch_dag.py
[2022-02-03 20:41:17,450] {processor.py:642} INFO - Processing file /home/airflow/.local/lib/python3.7/site-packages/airflow/example_dags/example_nested_branch_dag.py for tasks to queue
[2022-02-03 20:41:17,451] {logging_mixin.py:109} INFO - [2022-02-03 20:41:17,451] {dagbag.py:500} INFO - Filling up the DagBag from /home/airflow/.local/lib/python3.7/site-packages/airflow/example_dags/example_nested_branch_dag.py
[2022-02-03 20:41:17,478] {processor.py:654} INFO - DAG(s) dict_keys(['example_nested_branch_dag']) retrieved from /home/airflow/.local/lib/python3.7/site-packages/airflow/example_dags/example_nested_branch_dag.py
[2022-02-03 20:41:17,487] {logging_mixin.py:109} INFO - [2022-02-03 20:41:17,487] {dag.py:2396} INFO - Sync 1 DAGs
[2022-02-03 20:41:17,502] {logging_mixin.py:109} INFO - [2022-02-03 20:41:17,502] {dag.py:2935} INFO - Setting next_dagrun for example_nested_branch_dag to 2022-02-02 00:00:00+00:00
[2022-02-03 20:41:17,512] {processor.py:171} INFO - Processing /home/airflow/.local/lib/python3.7/site-packages/airflow/example_dags/example_nested_branch_dag.py took 0.065 seconds
[2022-02-03 20:41:47,635] {processor.py:163} INFO - Started process (PID=653) to work on /home/airflow/.local/lib/python3.7/site-packages/airflow/example_dags/example_nested_branch_dag.py
[2022-02-03 20:41:47,636] {processor.py:642} INFO - Processing file /home/airflow/.local/lib/python3.7/site-packages/airflow/example_dags/example_nested_branch_dag.py for tasks to queue
[2022-02-03 20:41:47,637] {logging_mixin.py:109} INFO - [2022-02-03 20:41:47,637] {dagbag.py:500} INFO - Filling up the DagBag from /home/airflow/.local/lib/python3.7/site-packages/airflow/example_dags/example_nested_branch_dag.py
[2022-02-03 20:41:47,664] {processor.py:654} INFO - DAG(s) dict_keys(['example_nested_branch_dag']) retrieved from /home/airflow/.local/lib/python3.7/site-packages/airflow/example_dags/example_nested_branch_dag.py
[2022-02-03 20:41:47,672] {logging_mixin.py:109} INFO - [2022-02-03 20:41:47,672] {dag.py:2396} INFO - Sync 1 DAGs
[2022-02-03 20:41:47,685] {logging_mixin.py:109} INFO - [2022-02-03 20:41:47,685] {dag.py:2935} INFO - Setting next_dagrun for example_nested_branch_dag to 2022-02-02 00:00:00+00:00
[2022-02-03 20:41:47,694] {processor.py:171} INFO - Processing /home/airflow/.local/lib/python3.7/site-packages/airflow/example_dags/example_nested_branch_dag.py took 0.061 seconds
[2022-02-03 20:42:17,891] {processor.py:163} INFO - Started process (PID=714) to work on /home/airflow/.local/lib/python3.7/site-packages/airflow/example_dags/example_nested_branch_dag.py
[2022-02-03 20:42:17,892] {processor.py:642} INFO - Processing file /home/airflow/.local/lib/python3.7/site-packages/airflow/example_dags/example_nested_branch_dag.py for tasks to queue
[2022-02-03 20:42:17,893] {logging_mixin.py:109} INFO - [2022-02-03 20:42:17,893] {dagbag.py:500} INFO - Filling up the DagBag from /home/airflow/.local/lib/python3.7/site-packages/airflow/example_dags/example_nested_branch_dag.py
[2022-02-03 20:42:17,915] {processor.py:654} INFO - DAG(s) dict_keys(['example_nested_branch_dag']) retrieved from /home/airflow/.local/lib/python3.7/site-packages/airflow/example_dags/example_nested_branch_dag.py
[2022-02-03 20:42:17,924] {logging_mixin.py:109} INFO - [2022-02-03 20:42:17,923] {dag.py:2396} INFO - Sync 1 DAGs
[2022-02-03 20:42:17,938] {logging_mixin.py:109} INFO - [2022-02-03 20:42:17,938] {dag.py:2935} INFO - Setting next_dagrun for example_nested_branch_dag to 2022-02-02 00:00:00+00:00
[2022-02-03 20:42:17,950] {processor.py:171} INFO - Processing /home/airflow/.local/lib/python3.7/site-packages/airflow/example_dags/example_nested_branch_dag.py took 0.062 seconds
[2022-02-03 20:42:48,832] {processor.py:163} INFO - Started process (PID=764) to work on /home/airflow/.local/lib/python3.7/site-packages/airflow/example_dags/example_nested_branch_dag.py
[2022-02-03 20:42:48,833] {processor.py:642} INFO - Processing file /home/airflow/.local/lib/python3.7/site-packages/airflow/example_dags/example_nested_branch_dag.py for tasks to queue
[2022-02-03 20:42:48,834] {logging_mixin.py:109} INFO - [2022-02-03 20:42:48,834] {dagbag.py:500} INFO - Filling up the DagBag from /home/airflow/.local/lib/python3.7/site-packages/airflow/example_dags/example_nested_branch_dag.py
[2022-02-03 20:42:48,860] {processor.py:654} INFO - DAG(s) dict_keys(['example_nested_branch_dag']) retrieved from /home/airflow/.local/lib/python3.7/site-packages/airflow/example_dags/example_nested_branch_dag.py
[2022-02-03 20:42:48,869] {logging_mixin.py:109} INFO - [2022-02-03 20:42:48,869] {dag.py:2396} INFO - Sync 1 DAGs
[2022-02-03 20:42:48,884] {logging_mixin.py:109} INFO - [2022-02-03 20:42:48,884] {dag.py:2935} INFO - Setting next_dagrun for example_nested_branch_dag to 2022-02-02 00:00:00+00:00
[2022-02-03 20:42:48,894] {processor.py:171} INFO - Processing /home/airflow/.local/lib/python3.7/site-packages/airflow/example_dags/example_nested_branch_dag.py took 0.065 seconds
[2022-02-03 20:43:19,055] {processor.py:163} INFO - Started process (PID=826) to work on /home/airflow/.local/lib/python3.7/site-packages/airflow/example_dags/example_nested_branch_dag.py
[2022-02-03 20:43:19,057] {processor.py:642} INFO - Processing file /home/airflow/.local/lib/python3.7/site-packages/airflow/example_dags/example_nested_branch_dag.py for tasks to queue
[2022-02-03 20:43:19,058] {logging_mixin.py:109} INFO - [2022-02-03 20:43:19,057] {dagbag.py:500} INFO - Filling up the DagBag from /home/airflow/.local/lib/python3.7/site-packages/airflow/example_dags/example_nested_branch_dag.py
[2022-02-03 20:43:19,083] {processor.py:654} INFO - DAG(s) dict_keys(['example_nested_branch_dag']) retrieved from /home/airflow/.local/lib/python3.7/site-packages/airflow/example_dags/example_nested_branch_dag.py
[2022-02-03 20:43:19,093] {logging_mixin.py:109} INFO - [2022-02-03 20:43:19,093] {dag.py:2396} INFO - Sync 1 DAGs
[2022-02-03 20:43:19,109] {logging_mixin.py:109} INFO - [2022-02-03 20:43:19,109] {dag.py:2935} INFO - Setting next_dagrun for example_nested_branch_dag to 2022-02-02 00:00:00+00:00
[2022-02-03 20:43:19,118] {processor.py:171} INFO - Processing /home/airflow/.local/lib/python3.7/site-packages/airflow/example_dags/example_nested_branch_dag.py took 0.066 seconds
[2022-02-03 20:43:49,235] {processor.py:163} INFO - Started process (PID=877) to work on /home/airflow/.local/lib/python3.7/site-packages/airflow/example_dags/example_nested_branch_dag.py
[2022-02-03 20:43:49,236] {processor.py:642} INFO - Processing file /home/airflow/.local/lib/python3.7/site-packages/airflow/example_dags/example_nested_branch_dag.py for tasks to queue
[2022-02-03 20:43:49,237] {logging_mixin.py:109} INFO - [2022-02-03 20:43:49,237] {dagbag.py:500} INFO - Filling up the DagBag from /home/airflow/.local/lib/python3.7/site-packages/airflow/example_dags/example_nested_branch_dag.py
[2022-02-03 20:43:49,263] {processor.py:654} INFO - DAG(s) dict_keys(['example_nested_branch_dag']) retrieved from /home/airflow/.local/lib/python3.7/site-packages/airflow/example_dags/example_nested_branch_dag.py
[2022-02-03 20:43:49,272] {logging_mixin.py:109} INFO - [2022-02-03 20:43:49,272] {dag.py:2396} INFO - Sync 1 DAGs
[2022-02-03 20:43:49,285] {logging_mixin.py:109} INFO - [2022-02-03 20:43:49,285] {dag.py:2935} INFO - Setting next_dagrun for example_nested_branch_dag to 2022-02-02 00:00:00+00:00
[2022-02-03 20:43:49,294] {processor.py:171} INFO - Processing /home/airflow/.local/lib/python3.7/site-packages/airflow/example_dags/example_nested_branch_dag.py took 0.062 seconds
[2022-02-03 20:44:19,962] {processor.py:163} INFO - Started process (PID=936) to work on /home/airflow/.local/lib/python3.7/site-packages/airflow/example_dags/example_nested_branch_dag.py
[2022-02-03 20:44:19,963] {processor.py:642} INFO - Processing file /home/airflow/.local/lib/python3.7/site-packages/airflow/example_dags/example_nested_branch_dag.py for tasks to queue
[2022-02-03 20:44:19,964] {logging_mixin.py:109} INFO - [2022-02-03 20:44:19,964] {dagbag.py:500} INFO - Filling up the DagBag from /home/airflow/.local/lib/python3.7/site-packages/airflow/example_dags/example_nested_branch_dag.py
[2022-02-03 20:44:19,993] {processor.py:654} INFO - DAG(s) dict_keys(['example_nested_branch_dag']) retrieved from /home/airflow/.local/lib/python3.7/site-packages/airflow/example_dags/example_nested_branch_dag.py
[2022-02-03 20:44:20,005] {logging_mixin.py:109} INFO - [2022-02-03 20:44:20,005] {dag.py:2396} INFO - Sync 1 DAGs
[2022-02-03 20:44:20,023] {logging_mixin.py:109} INFO - [2022-02-03 20:44:20,023] {dag.py:2935} INFO - Setting next_dagrun for example_nested_branch_dag to 2022-02-02 00:00:00+00:00
[2022-02-03 20:44:20,034] {processor.py:171} INFO - Processing /home/airflow/.local/lib/python3.7/site-packages/airflow/example_dags/example_nested_branch_dag.py took 0.075 seconds
[2022-02-03 20:44:50,417] {processor.py:163} INFO - Started process (PID=987) to work on /home/airflow/.local/lib/python3.7/site-packages/airflow/example_dags/example_nested_branch_dag.py
[2022-02-03 20:44:50,418] {processor.py:642} INFO - Processing file /home/airflow/.local/lib/python3.7/site-packages/airflow/example_dags/example_nested_branch_dag.py for tasks to queue
[2022-02-03 20:44:50,418] {logging_mixin.py:109} INFO - [2022-02-03 20:44:50,418] {dagbag.py:500} INFO - Filling up the DagBag from /home/airflow/.local/lib/python3.7/site-packages/airflow/example_dags/example_nested_branch_dag.py
[2022-02-03 20:44:50,442] {processor.py:654} INFO - DAG(s) dict_keys(['example_nested_branch_dag']) retrieved from /home/airflow/.local/lib/python3.7/site-packages/airflow/example_dags/example_nested_branch_dag.py
[2022-02-03 20:44:50,451] {logging_mixin.py:109} INFO - [2022-02-03 20:44:50,451] {dag.py:2396} INFO - Sync 1 DAGs
[2022-02-03 20:44:50,465] {logging_mixin.py:109} INFO - [2022-02-03 20:44:50,465] {dag.py:2935} INFO - Setting next_dagrun for example_nested_branch_dag to 2022-02-02 00:00:00+00:00
[2022-02-03 20:44:50,474] {processor.py:171} INFO - Processing /home/airflow/.local/lib/python3.7/site-packages/airflow/example_dags/example_nested_branch_dag.py took 0.060 seconds
[2022-02-03 20:45:21,071] {processor.py:163} INFO - Started process (PID=1048) to work on /home/airflow/.local/lib/python3.7/site-packages/airflow/example_dags/example_nested_branch_dag.py
[2022-02-03 20:45:21,073] {processor.py:642} INFO - Processing file /home/airflow/.local/lib/python3.7/site-packages/airflow/example_dags/example_nested_branch_dag.py for tasks to queue
[2022-02-03 20:45:21,074] {logging_mixin.py:109} INFO - [2022-02-03 20:45:21,074] {dagbag.py:500} INFO - Filling up the DagBag from /home/airflow/.local/lib/python3.7/site-packages/airflow/example_dags/example_nested_branch_dag.py
[2022-02-03 20:45:21,113] {processor.py:654} INFO - DAG(s) dict_keys(['example_nested_branch_dag']) retrieved from /home/airflow/.local/lib/python3.7/site-packages/airflow/example_dags/example_nested_branch_dag.py
[2022-02-03 20:45:21,127] {logging_mixin.py:109} INFO - [2022-02-03 20:45:21,126] {dag.py:2396} INFO - Sync 1 DAGs
[2022-02-03 20:45:21,146] {logging_mixin.py:109} INFO - [2022-02-03 20:45:21,146] {dag.py:2935} INFO - Setting next_dagrun for example_nested_branch_dag to 2022-02-02 00:00:00+00:00
[2022-02-03 20:45:21,156] {processor.py:171} INFO - Processing /home/airflow/.local/lib/python3.7/site-packages/airflow/example_dags/example_nested_branch_dag.py took 0.090 seconds
[2022-02-03 20:45:51,629] {processor.py:163} INFO - Started process (PID=1100) to work on /home/airflow/.local/lib/python3.7/site-packages/airflow/example_dags/example_nested_branch_dag.py
[2022-02-03 20:45:51,631] {processor.py:642} INFO - Processing file /home/airflow/.local/lib/python3.7/site-packages/airflow/example_dags/example_nested_branch_dag.py for tasks to queue
[2022-02-03 20:45:51,632] {logging_mixin.py:109} INFO - [2022-02-03 20:45:51,631] {dagbag.py:500} INFO - Filling up the DagBag from /home/airflow/.local/lib/python3.7/site-packages/airflow/example_dags/example_nested_branch_dag.py
[2022-02-03 20:45:51,654] {processor.py:654} INFO - DAG(s) dict_keys(['example_nested_branch_dag']) retrieved from /home/airflow/.local/lib/python3.7/site-packages/airflow/example_dags/example_nested_branch_dag.py
[2022-02-03 20:45:51,662] {logging_mixin.py:109} INFO - [2022-02-03 20:45:51,662] {dag.py:2396} INFO - Sync 1 DAGs
[2022-02-03 20:45:51,677] {logging_mixin.py:109} INFO - [2022-02-03 20:45:51,677] {dag.py:2935} INFO - Setting next_dagrun for example_nested_branch_dag to 2022-02-02 00:00:00+00:00
[2022-02-03 20:45:51,686] {processor.py:171} INFO - Processing /home/airflow/.local/lib/python3.7/site-packages/airflow/example_dags/example_nested_branch_dag.py took 0.059 seconds
[2022-02-03 20:46:22,142] {processor.py:163} INFO - Started process (PID=1162) to work on /home/airflow/.local/lib/python3.7/site-packages/airflow/example_dags/example_nested_branch_dag.py
[2022-02-03 20:46:22,143] {processor.py:642} INFO - Processing file /home/airflow/.local/lib/python3.7/site-packages/airflow/example_dags/example_nested_branch_dag.py for tasks to queue
[2022-02-03 20:46:22,144] {logging_mixin.py:109} INFO - [2022-02-03 20:46:22,144] {dagbag.py:500} INFO - Filling up the DagBag from /home/airflow/.local/lib/python3.7/site-packages/airflow/example_dags/example_nested_branch_dag.py
[2022-02-03 20:46:22,167] {processor.py:654} INFO - DAG(s) dict_keys(['example_nested_branch_dag']) retrieved from /home/airflow/.local/lib/python3.7/site-packages/airflow/example_dags/example_nested_branch_dag.py
[2022-02-03 20:46:22,175] {logging_mixin.py:109} INFO - [2022-02-03 20:46:22,175] {dag.py:2396} INFO - Sync 1 DAGs
[2022-02-03 20:46:22,188] {logging_mixin.py:109} INFO - [2022-02-03 20:46:22,188] {dag.py:2935} INFO - Setting next_dagrun for example_nested_branch_dag to 2022-02-02 00:00:00+00:00
[2022-02-03 20:46:22,199] {processor.py:171} INFO - Processing /home/airflow/.local/lib/python3.7/site-packages/airflow/example_dags/example_nested_branch_dag.py took 0.059 seconds
[2022-02-03 20:46:52,541] {processor.py:163} INFO - Started process (PID=1212) to work on /home/airflow/.local/lib/python3.7/site-packages/airflow/example_dags/example_nested_branch_dag.py
[2022-02-03 20:46:52,542] {processor.py:642} INFO - Processing file /home/airflow/.local/lib/python3.7/site-packages/airflow/example_dags/example_nested_branch_dag.py for tasks to queue
[2022-02-03 20:46:52,543] {logging_mixin.py:109} INFO - [2022-02-03 20:46:52,543] {dagbag.py:500} INFO - Filling up the DagBag from /home/airflow/.local/lib/python3.7/site-packages/airflow/example_dags/example_nested_branch_dag.py
[2022-02-03 20:46:52,575] {processor.py:654} INFO - DAG(s) dict_keys(['example_nested_branch_dag']) retrieved from /home/airflow/.local/lib/python3.7/site-packages/airflow/example_dags/example_nested_branch_dag.py
[2022-02-03 20:46:52,585] {logging_mixin.py:109} INFO - [2022-02-03 20:46:52,585] {dag.py:2396} INFO - Sync 1 DAGs
[2022-02-03 20:46:52,601] {logging_mixin.py:109} INFO - [2022-02-03 20:46:52,601] {dag.py:2935} INFO - Setting next_dagrun for example_nested_branch_dag to 2022-02-02 00:00:00+00:00
[2022-02-03 20:46:52,611] {processor.py:171} INFO - Processing /home/airflow/.local/lib/python3.7/site-packages/airflow/example_dags/example_nested_branch_dag.py took 0.072 seconds
[2022-02-03 20:47:23,119] {processor.py:163} INFO - Started process (PID=1273) to work on /home/airflow/.local/lib/python3.7/site-packages/airflow/example_dags/example_nested_branch_dag.py
[2022-02-03 20:47:23,120] {processor.py:642} INFO - Processing file /home/airflow/.local/lib/python3.7/site-packages/airflow/example_dags/example_nested_branch_dag.py for tasks to queue
[2022-02-03 20:47:23,121] {logging_mixin.py:109} INFO - [2022-02-03 20:47:23,121] {dagbag.py:500} INFO - Filling up the DagBag from /home/airflow/.local/lib/python3.7/site-packages/airflow/example_dags/example_nested_branch_dag.py
[2022-02-03 20:47:23,148] {processor.py:654} INFO - DAG(s) dict_keys(['example_nested_branch_dag']) retrieved from /home/airflow/.local/lib/python3.7/site-packages/airflow/example_dags/example_nested_branch_dag.py
[2022-02-03 20:47:23,156] {logging_mixin.py:109} INFO - [2022-02-03 20:47:23,156] {dag.py:2396} INFO - Sync 1 DAGs
[2022-02-03 20:47:23,170] {logging_mixin.py:109} INFO - [2022-02-03 20:47:23,170] {dag.py:2935} INFO - Setting next_dagrun for example_nested_branch_dag to 2022-02-02 00:00:00+00:00
[2022-02-03 20:47:23,179] {processor.py:171} INFO - Processing /home/airflow/.local/lib/python3.7/site-packages/airflow/example_dags/example_nested_branch_dag.py took 0.063 seconds
[2022-02-03 20:47:53,663] {processor.py:163} INFO - Started process (PID=1324) to work on /home/airflow/.local/lib/python3.7/site-packages/airflow/example_dags/example_nested_branch_dag.py
[2022-02-03 20:47:53,664] {processor.py:642} INFO - Processing file /home/airflow/.local/lib/python3.7/site-packages/airflow/example_dags/example_nested_branch_dag.py for tasks to queue
[2022-02-03 20:47:53,664] {logging_mixin.py:109} INFO - [2022-02-03 20:47:53,664] {dagbag.py:500} INFO - Filling up the DagBag from /home/airflow/.local/lib/python3.7/site-packages/airflow/example_dags/example_nested_branch_dag.py
[2022-02-03 20:47:53,689] {processor.py:654} INFO - DAG(s) dict_keys(['example_nested_branch_dag']) retrieved from /home/airflow/.local/lib/python3.7/site-packages/airflow/example_dags/example_nested_branch_dag.py
[2022-02-03 20:47:53,699] {logging_mixin.py:109} INFO - [2022-02-03 20:47:53,699] {dag.py:2396} INFO - Sync 1 DAGs
[2022-02-03 20:47:53,714] {logging_mixin.py:109} INFO - [2022-02-03 20:47:53,714] {dag.py:2935} INFO - Setting next_dagrun for example_nested_branch_dag to 2022-02-02 00:00:00+00:00
[2022-02-03 20:47:53,723] {processor.py:171} INFO - Processing /home/airflow/.local/lib/python3.7/site-packages/airflow/example_dags/example_nested_branch_dag.py took 0.063 seconds
[2022-02-03 20:48:24,316] {processor.py:163} INFO - Started process (PID=1386) to work on /home/airflow/.local/lib/python3.7/site-packages/airflow/example_dags/example_nested_branch_dag.py
[2022-02-03 20:48:24,317] {processor.py:642} INFO - Processing file /home/airflow/.local/lib/python3.7/site-packages/airflow/example_dags/example_nested_branch_dag.py for tasks to queue
[2022-02-03 20:48:24,318] {logging_mixin.py:109} INFO - [2022-02-03 20:48:24,318] {dagbag.py:500} INFO - Filling up the DagBag from /home/airflow/.local/lib/python3.7/site-packages/airflow/example_dags/example_nested_branch_dag.py
[2022-02-03 20:48:24,342] {processor.py:654} INFO - DAG(s) dict_keys(['example_nested_branch_dag']) retrieved from /home/airflow/.local/lib/python3.7/site-packages/airflow/example_dags/example_nested_branch_dag.py
[2022-02-03 20:48:24,350] {logging_mixin.py:109} INFO - [2022-02-03 20:48:24,350] {dag.py:2396} INFO - Sync 1 DAGs
[2022-02-03 20:48:24,363] {logging_mixin.py:109} INFO - [2022-02-03 20:48:24,362] {dag.py:2935} INFO - Setting next_dagrun for example_nested_branch_dag to 2022-02-02 00:00:00+00:00
[2022-02-03 20:48:24,372] {processor.py:171} INFO - Processing /home/airflow/.local/lib/python3.7/site-packages/airflow/example_dags/example_nested_branch_dag.py took 0.058 seconds
[2022-02-03 20:48:54,895] {processor.py:163} INFO - Started process (PID=1438) to work on /home/airflow/.local/lib/python3.7/site-packages/airflow/example_dags/example_nested_branch_dag.py
[2022-02-03 20:48:54,896] {processor.py:642} INFO - Processing file /home/airflow/.local/lib/python3.7/site-packages/airflow/example_dags/example_nested_branch_dag.py for tasks to queue
[2022-02-03 20:48:54,897] {logging_mixin.py:109} INFO - [2022-02-03 20:48:54,897] {dagbag.py:500} INFO - Filling up the DagBag from /home/airflow/.local/lib/python3.7/site-packages/airflow/example_dags/example_nested_branch_dag.py
[2022-02-03 20:48:54,920] {processor.py:654} INFO - DAG(s) dict_keys(['example_nested_branch_dag']) retrieved from /home/airflow/.local/lib/python3.7/site-packages/airflow/example_dags/example_nested_branch_dag.py
[2022-02-03 20:48:54,930] {logging_mixin.py:109} INFO - [2022-02-03 20:48:54,930] {dag.py:2396} INFO - Sync 1 DAGs
[2022-02-03 20:48:54,947] {logging_mixin.py:109} INFO - [2022-02-03 20:48:54,947] {dag.py:2935} INFO - Setting next_dagrun for example_nested_branch_dag to 2022-02-02 00:00:00+00:00
[2022-02-03 20:48:54,959] {processor.py:171} INFO - Processing /home/airflow/.local/lib/python3.7/site-packages/airflow/example_dags/example_nested_branch_dag.py took 0.066 seconds
[2022-02-03 20:49:25,337] {processor.py:163} INFO - Started process (PID=1499) to work on /home/airflow/.local/lib/python3.7/site-packages/airflow/example_dags/example_nested_branch_dag.py
[2022-02-03 20:49:25,338] {processor.py:642} INFO - Processing file /home/airflow/.local/lib/python3.7/site-packages/airflow/example_dags/example_nested_branch_dag.py for tasks to queue
[2022-02-03 20:49:25,339] {logging_mixin.py:109} INFO - [2022-02-03 20:49:25,339] {dagbag.py:500} INFO - Filling up the DagBag from /home/airflow/.local/lib/python3.7/site-packages/airflow/example_dags/example_nested_branch_dag.py
[2022-02-03 20:49:25,362] {processor.py:654} INFO - DAG(s) dict_keys(['example_nested_branch_dag']) retrieved from /home/airflow/.local/lib/python3.7/site-packages/airflow/example_dags/example_nested_branch_dag.py
[2022-02-03 20:49:25,371] {logging_mixin.py:109} INFO - [2022-02-03 20:49:25,371] {dag.py:2396} INFO - Sync 1 DAGs
[2022-02-03 20:49:25,384] {logging_mixin.py:109} INFO - [2022-02-03 20:49:25,384] {dag.py:2935} INFO - Setting next_dagrun for example_nested_branch_dag to 2022-02-02 00:00:00+00:00
[2022-02-03 20:49:25,394] {processor.py:171} INFO - Processing /home/airflow/.local/lib/python3.7/site-packages/airflow/example_dags/example_nested_branch_dag.py took 0.059 seconds
[2022-02-03 20:49:55,455] {processor.py:163} INFO - Started process (PID=1550) to work on /home/airflow/.local/lib/python3.7/site-packages/airflow/example_dags/example_nested_branch_dag.py
[2022-02-03 20:49:55,456] {processor.py:642} INFO - Processing file /home/airflow/.local/lib/python3.7/site-packages/airflow/example_dags/example_nested_branch_dag.py for tasks to queue
[2022-02-03 20:49:55,457] {logging_mixin.py:109} INFO - [2022-02-03 20:49:55,457] {dagbag.py:500} INFO - Filling up the DagBag from /home/airflow/.local/lib/python3.7/site-packages/airflow/example_dags/example_nested_branch_dag.py
[2022-02-03 20:49:55,490] {processor.py:654} INFO - DAG(s) dict_keys(['example_nested_branch_dag']) retrieved from /home/airflow/.local/lib/python3.7/site-packages/airflow/example_dags/example_nested_branch_dag.py
[2022-02-03 20:49:55,501] {logging_mixin.py:109} INFO - [2022-02-03 20:49:55,501] {dag.py:2396} INFO - Sync 1 DAGs
[2022-02-03 20:49:55,520] {logging_mixin.py:109} INFO - [2022-02-03 20:49:55,520] {dag.py:2935} INFO - Setting next_dagrun for example_nested_branch_dag to 2022-02-02 00:00:00+00:00
[2022-02-03 20:49:55,529] {processor.py:171} INFO - Processing /home/airflow/.local/lib/python3.7/site-packages/airflow/example_dags/example_nested_branch_dag.py took 0.077 seconds
[2022-02-03 20:50:26,261] {processor.py:163} INFO - Started process (PID=1611) to work on /home/airflow/.local/lib/python3.7/site-packages/airflow/example_dags/example_nested_branch_dag.py
[2022-02-03 20:50:26,262] {processor.py:642} INFO - Processing file /home/airflow/.local/lib/python3.7/site-packages/airflow/example_dags/example_nested_branch_dag.py for tasks to queue
[2022-02-03 20:50:26,263] {logging_mixin.py:109} INFO - [2022-02-03 20:50:26,263] {dagbag.py:500} INFO - Filling up the DagBag from /home/airflow/.local/lib/python3.7/site-packages/airflow/example_dags/example_nested_branch_dag.py
[2022-02-03 20:50:26,289] {processor.py:654} INFO - DAG(s) dict_keys(['example_nested_branch_dag']) retrieved from /home/airflow/.local/lib/python3.7/site-packages/airflow/example_dags/example_nested_branch_dag.py
[2022-02-03 20:50:26,297] {logging_mixin.py:109} INFO - [2022-02-03 20:50:26,297] {dag.py:2396} INFO - Sync 1 DAGs
[2022-02-03 20:50:26,314] {logging_mixin.py:109} INFO - [2022-02-03 20:50:26,314] {dag.py:2935} INFO - Setting next_dagrun for example_nested_branch_dag to 2022-02-02 00:00:00+00:00
[2022-02-03 20:50:26,322] {processor.py:171} INFO - Processing /home/airflow/.local/lib/python3.7/site-packages/airflow/example_dags/example_nested_branch_dag.py took 0.063 seconds
[2022-02-03 20:50:56,519] {processor.py:163} INFO - Started process (PID=1662) to work on /home/airflow/.local/lib/python3.7/site-packages/airflow/example_dags/example_nested_branch_dag.py
[2022-02-03 20:50:56,520] {processor.py:642} INFO - Processing file /home/airflow/.local/lib/python3.7/site-packages/airflow/example_dags/example_nested_branch_dag.py for tasks to queue
[2022-02-03 20:50:56,521] {logging_mixin.py:109} INFO - [2022-02-03 20:50:56,520] {dagbag.py:500} INFO - Filling up the DagBag from /home/airflow/.local/lib/python3.7/site-packages/airflow/example_dags/example_nested_branch_dag.py
[2022-02-03 20:50:56,544] {processor.py:654} INFO - DAG(s) dict_keys(['example_nested_branch_dag']) retrieved from /home/airflow/.local/lib/python3.7/site-packages/airflow/example_dags/example_nested_branch_dag.py
[2022-02-03 20:50:56,553] {logging_mixin.py:109} INFO - [2022-02-03 20:50:56,553] {dag.py:2396} INFO - Sync 1 DAGs
[2022-02-03 20:50:56,568] {logging_mixin.py:109} INFO - [2022-02-03 20:50:56,567] {dag.py:2935} INFO - Setting next_dagrun for example_nested_branch_dag to 2022-02-02 00:00:00+00:00
[2022-02-03 20:50:56,640] {processor.py:171} INFO - Processing /home/airflow/.local/lib/python3.7/site-packages/airflow/example_dags/example_nested_branch_dag.py took 0.123 seconds
[2022-02-03 20:51:26,968] {processor.py:163} INFO - Started process (PID=1722) to work on /home/airflow/.local/lib/python3.7/site-packages/airflow/example_dags/example_nested_branch_dag.py
[2022-02-03 20:51:26,970] {processor.py:642} INFO - Processing file /home/airflow/.local/lib/python3.7/site-packages/airflow/example_dags/example_nested_branch_dag.py for tasks to queue
[2022-02-03 20:51:26,970] {logging_mixin.py:109} INFO - [2022-02-03 20:51:26,970] {dagbag.py:500} INFO - Filling up the DagBag from /home/airflow/.local/lib/python3.7/site-packages/airflow/example_dags/example_nested_branch_dag.py
[2022-02-03 20:51:26,993] {processor.py:654} INFO - DAG(s) dict_keys(['example_nested_branch_dag']) retrieved from /home/airflow/.local/lib/python3.7/site-packages/airflow/example_dags/example_nested_branch_dag.py
[2022-02-03 20:51:27,001] {logging_mixin.py:109} INFO - [2022-02-03 20:51:27,001] {dag.py:2396} INFO - Sync 1 DAGs
[2022-02-03 20:51:27,077] {logging_mixin.py:109} INFO - [2022-02-03 20:51:27,077] {dag.py:2935} INFO - Setting next_dagrun for example_nested_branch_dag to 2022-02-02 00:00:00+00:00
[2022-02-03 20:51:27,086] {processor.py:171} INFO - Processing /home/airflow/.local/lib/python3.7/site-packages/airflow/example_dags/example_nested_branch_dag.py took 0.120 seconds
[2022-02-03 20:51:57,581] {processor.py:163} INFO - Started process (PID=1773) to work on /home/airflow/.local/lib/python3.7/site-packages/airflow/example_dags/example_nested_branch_dag.py
[2022-02-03 20:51:57,583] {processor.py:642} INFO - Processing file /home/airflow/.local/lib/python3.7/site-packages/airflow/example_dags/example_nested_branch_dag.py for tasks to queue
[2022-02-03 20:51:57,584] {logging_mixin.py:109} INFO - [2022-02-03 20:51:57,584] {dagbag.py:500} INFO - Filling up the DagBag from /home/airflow/.local/lib/python3.7/site-packages/airflow/example_dags/example_nested_branch_dag.py
[2022-02-03 20:51:57,619] {processor.py:654} INFO - DAG(s) dict_keys(['example_nested_branch_dag']) retrieved from /home/airflow/.local/lib/python3.7/site-packages/airflow/example_dags/example_nested_branch_dag.py
[2022-02-03 20:51:57,629] {logging_mixin.py:109} INFO - [2022-02-03 20:51:57,629] {dag.py:2396} INFO - Sync 1 DAGs
[2022-02-03 20:51:57,724] {logging_mixin.py:109} INFO - [2022-02-03 20:51:57,724] {dag.py:2935} INFO - Setting next_dagrun for example_nested_branch_dag to 2022-02-02 00:00:00+00:00
[2022-02-03 20:51:57,736] {processor.py:171} INFO - Processing /home/airflow/.local/lib/python3.7/site-packages/airflow/example_dags/example_nested_branch_dag.py took 0.159 seconds
[2022-02-03 20:52:27,863] {processor.py:163} INFO - Started process (PID=1825) to work on /home/airflow/.local/lib/python3.7/site-packages/airflow/example_dags/example_nested_branch_dag.py
[2022-02-03 20:52:27,865] {processor.py:642} INFO - Processing file /home/airflow/.local/lib/python3.7/site-packages/airflow/example_dags/example_nested_branch_dag.py for tasks to queue
[2022-02-03 20:52:27,866] {logging_mixin.py:109} INFO - [2022-02-03 20:52:27,866] {dagbag.py:500} INFO - Filling up the DagBag from /home/airflow/.local/lib/python3.7/site-packages/airflow/example_dags/example_nested_branch_dag.py
[2022-02-03 20:52:27,907] {processor.py:654} INFO - DAG(s) dict_keys(['example_nested_branch_dag']) retrieved from /home/airflow/.local/lib/python3.7/site-packages/airflow/example_dags/example_nested_branch_dag.py
[2022-02-03 20:52:27,917] {logging_mixin.py:109} INFO - [2022-02-03 20:52:27,917] {dag.py:2396} INFO - Sync 1 DAGs
[2022-02-03 20:52:27,993] {logging_mixin.py:109} INFO - [2022-02-03 20:52:27,993] {dag.py:2935} INFO - Setting next_dagrun for example_nested_branch_dag to 2022-02-02 00:00:00+00:00
[2022-02-03 20:52:28,001] {processor.py:171} INFO - Processing /home/airflow/.local/lib/python3.7/site-packages/airflow/example_dags/example_nested_branch_dag.py took 0.142 seconds
[2022-02-03 20:52:58,407] {processor.py:163} INFO - Started process (PID=1884) to work on /home/airflow/.local/lib/python3.7/site-packages/airflow/example_dags/example_nested_branch_dag.py
[2022-02-03 20:52:58,409] {processor.py:642} INFO - Processing file /home/airflow/.local/lib/python3.7/site-packages/airflow/example_dags/example_nested_branch_dag.py for tasks to queue
[2022-02-03 20:52:58,410] {logging_mixin.py:109} INFO - [2022-02-03 20:52:58,410] {dagbag.py:500} INFO - Filling up the DagBag from /home/airflow/.local/lib/python3.7/site-packages/airflow/example_dags/example_nested_branch_dag.py
[2022-02-03 20:52:58,437] {processor.py:654} INFO - DAG(s) dict_keys(['example_nested_branch_dag']) retrieved from /home/airflow/.local/lib/python3.7/site-packages/airflow/example_dags/example_nested_branch_dag.py
[2022-02-03 20:52:58,446] {logging_mixin.py:109} INFO - [2022-02-03 20:52:58,446] {dag.py:2396} INFO - Sync 1 DAGs
[2022-02-03 20:52:58,521] {logging_mixin.py:109} INFO - [2022-02-03 20:52:58,520] {dag.py:2935} INFO - Setting next_dagrun for example_nested_branch_dag to 2022-02-02 00:00:00+00:00
[2022-02-03 20:52:58,529] {processor.py:171} INFO - Processing /home/airflow/.local/lib/python3.7/site-packages/airflow/example_dags/example_nested_branch_dag.py took 0.125 seconds
[2022-02-03 20:53:29,458] {processor.py:163} INFO - Started process (PID=1935) to work on /home/airflow/.local/lib/python3.7/site-packages/airflow/example_dags/example_nested_branch_dag.py
[2022-02-03 20:53:29,459] {processor.py:642} INFO - Processing file /home/airflow/.local/lib/python3.7/site-packages/airflow/example_dags/example_nested_branch_dag.py for tasks to queue
[2022-02-03 20:53:29,460] {logging_mixin.py:109} INFO - [2022-02-03 20:53:29,460] {dagbag.py:500} INFO - Filling up the DagBag from /home/airflow/.local/lib/python3.7/site-packages/airflow/example_dags/example_nested_branch_dag.py
[2022-02-03 20:53:29,568] {processor.py:654} INFO - DAG(s) dict_keys(['example_nested_branch_dag']) retrieved from /home/airflow/.local/lib/python3.7/site-packages/airflow/example_dags/example_nested_branch_dag.py
[2022-02-03 20:53:29,575] {logging_mixin.py:109} INFO - [2022-02-03 20:53:29,575] {dag.py:2396} INFO - Sync 1 DAGs
[2022-02-03 20:53:29,590] {logging_mixin.py:109} INFO - [2022-02-03 20:53:29,590] {dag.py:2935} INFO - Setting next_dagrun for example_nested_branch_dag to 2022-02-02 00:00:00+00:00
[2022-02-03 20:53:29,599] {processor.py:171} INFO - Processing /home/airflow/.local/lib/python3.7/site-packages/airflow/example_dags/example_nested_branch_dag.py took 0.144 seconds
[2022-02-03 20:53:59,847] {processor.py:163} INFO - Started process (PID=1995) to work on /home/airflow/.local/lib/python3.7/site-packages/airflow/example_dags/example_nested_branch_dag.py
[2022-02-03 20:53:59,849] {processor.py:642} INFO - Processing file /home/airflow/.local/lib/python3.7/site-packages/airflow/example_dags/example_nested_branch_dag.py for tasks to queue
[2022-02-03 20:53:59,850] {logging_mixin.py:109} INFO - [2022-02-03 20:53:59,850] {dagbag.py:500} INFO - Filling up the DagBag from /home/airflow/.local/lib/python3.7/site-packages/airflow/example_dags/example_nested_branch_dag.py
[2022-02-03 20:54:00,043] {processor.py:654} INFO - DAG(s) dict_keys(['example_nested_branch_dag']) retrieved from /home/airflow/.local/lib/python3.7/site-packages/airflow/example_dags/example_nested_branch_dag.py
[2022-02-03 20:54:00,064] {logging_mixin.py:109} INFO - [2022-02-03 20:54:00,064] {dag.py:2396} INFO - Sync 1 DAGs
[2022-02-03 20:54:00,095] {logging_mixin.py:109} INFO - [2022-02-03 20:54:00,095] {dag.py:2935} INFO - Setting next_dagrun for example_nested_branch_dag to 2022-02-02 00:00:00+00:00
[2022-02-03 20:54:00,109] {processor.py:171} INFO - Processing /home/airflow/.local/lib/python3.7/site-packages/airflow/example_dags/example_nested_branch_dag.py took 0.268 seconds
[2022-02-03 20:54:30,244] {processor.py:163} INFO - Started process (PID=2047) to work on /home/airflow/.local/lib/python3.7/site-packages/airflow/example_dags/example_nested_branch_dag.py
[2022-02-03 20:54:30,246] {processor.py:642} INFO - Processing file /home/airflow/.local/lib/python3.7/site-packages/airflow/example_dags/example_nested_branch_dag.py for tasks to queue
[2022-02-03 20:54:30,247] {logging_mixin.py:109} INFO - [2022-02-03 20:54:30,247] {dagbag.py:500} INFO - Filling up the DagBag from /home/airflow/.local/lib/python3.7/site-packages/airflow/example_dags/example_nested_branch_dag.py
[2022-02-03 20:54:30,365] {processor.py:654} INFO - DAG(s) dict_keys(['example_nested_branch_dag']) retrieved from /home/airflow/.local/lib/python3.7/site-packages/airflow/example_dags/example_nested_branch_dag.py
[2022-02-03 20:54:30,374] {logging_mixin.py:109} INFO - [2022-02-03 20:54:30,374] {dag.py:2396} INFO - Sync 1 DAGs
[2022-02-03 20:54:30,390] {logging_mixin.py:109} INFO - [2022-02-03 20:54:30,390] {dag.py:2935} INFO - Setting next_dagrun for example_nested_branch_dag to 2022-02-02 00:00:00+00:00
[2022-02-03 20:54:30,400] {processor.py:171} INFO - Processing /home/airflow/.local/lib/python3.7/site-packages/airflow/example_dags/example_nested_branch_dag.py took 0.159 seconds
[2022-02-03 20:55:00,444] {processor.py:163} INFO - Started process (PID=2108) to work on /home/airflow/.local/lib/python3.7/site-packages/airflow/example_dags/example_nested_branch_dag.py
[2022-02-03 20:55:00,445] {processor.py:642} INFO - Processing file /home/airflow/.local/lib/python3.7/site-packages/airflow/example_dags/example_nested_branch_dag.py for tasks to queue
[2022-02-03 20:55:00,446] {logging_mixin.py:109} INFO - [2022-02-03 20:55:00,446] {dagbag.py:500} INFO - Filling up the DagBag from /home/airflow/.local/lib/python3.7/site-packages/airflow/example_dags/example_nested_branch_dag.py
[2022-02-03 20:55:00,545] {processor.py:654} INFO - DAG(s) dict_keys(['example_nested_branch_dag']) retrieved from /home/airflow/.local/lib/python3.7/site-packages/airflow/example_dags/example_nested_branch_dag.py
[2022-02-03 20:55:00,556] {logging_mixin.py:109} INFO - [2022-02-03 20:55:00,556] {dag.py:2396} INFO - Sync 1 DAGs
[2022-02-03 20:55:00,570] {logging_mixin.py:109} INFO - [2022-02-03 20:55:00,570] {dag.py:2935} INFO - Setting next_dagrun for example_nested_branch_dag to 2022-02-02 00:00:00+00:00
[2022-02-03 20:55:00,580] {processor.py:171} INFO - Processing /home/airflow/.local/lib/python3.7/site-packages/airflow/example_dags/example_nested_branch_dag.py took 0.140 seconds
[2022-02-03 20:55:30,641] {processor.py:163} INFO - Started process (PID=2158) to work on /home/airflow/.local/lib/python3.7/site-packages/airflow/example_dags/example_nested_branch_dag.py
[2022-02-03 20:55:30,642] {processor.py:642} INFO - Processing file /home/airflow/.local/lib/python3.7/site-packages/airflow/example_dags/example_nested_branch_dag.py for tasks to queue
[2022-02-03 20:55:30,643] {logging_mixin.py:109} INFO - [2022-02-03 20:55:30,643] {dagbag.py:500} INFO - Filling up the DagBag from /home/airflow/.local/lib/python3.7/site-packages/airflow/example_dags/example_nested_branch_dag.py
[2022-02-03 20:55:30,736] {processor.py:654} INFO - DAG(s) dict_keys(['example_nested_branch_dag']) retrieved from /home/airflow/.local/lib/python3.7/site-packages/airflow/example_dags/example_nested_branch_dag.py
[2022-02-03 20:55:30,743] {logging_mixin.py:109} INFO - [2022-02-03 20:55:30,743] {dag.py:2396} INFO - Sync 1 DAGs
[2022-02-03 20:55:30,755] {logging_mixin.py:109} INFO - [2022-02-03 20:55:30,755] {dag.py:2935} INFO - Setting next_dagrun for example_nested_branch_dag to 2022-02-02 00:00:00+00:00
[2022-02-03 20:55:30,764] {processor.py:171} INFO - Processing /home/airflow/.local/lib/python3.7/site-packages/airflow/example_dags/example_nested_branch_dag.py took 0.126 seconds
