[2022-02-03 20:38:51,914] {processor.py:163} INFO - Started process (PID=285) to work on /home/airflow/.local/lib/python3.7/site-packages/airflow/example_dags/example_latest_only_with_trigger.py
[2022-02-03 20:38:51,916] {processor.py:642} INFO - Processing file /home/airflow/.local/lib/python3.7/site-packages/airflow/example_dags/example_latest_only_with_trigger.py for tasks to queue
[2022-02-03 20:38:51,918] {logging_mixin.py:109} INFO - [2022-02-03 20:38:51,917] {dagbag.py:500} INFO - Filling up the DagBag from /home/airflow/.local/lib/python3.7/site-packages/airflow/example_dags/example_latest_only_with_trigger.py
[2022-02-03 20:38:51,958] {processor.py:654} INFO - DAG(s) dict_keys(['latest_only_with_trigger']) retrieved from /home/airflow/.local/lib/python3.7/site-packages/airflow/example_dags/example_latest_only_with_trigger.py
[2022-02-03 20:38:54,187] {logging_mixin.py:109} INFO - [2022-02-03 20:38:54,187] {manager.py:496} INFO - Created Permission View: can read on DAG:latest_only_with_trigger
[2022-02-03 20:38:54,197] {logging_mixin.py:109} INFO - [2022-02-03 20:38:54,197] {manager.py:496} INFO - Created Permission View: can edit on DAG:latest_only_with_trigger
[2022-02-03 20:38:54,198] {logging_mixin.py:109} INFO - [2022-02-03 20:38:54,198] {dag.py:2396} INFO - Sync 1 DAGs
[2022-02-03 20:38:54,206] {logging_mixin.py:109} INFO - [2022-02-03 20:38:54,206] {dag.py:2415} INFO - Creating ORM DAG for latest_only_with_trigger
[2022-02-03 20:38:54,215] {logging_mixin.py:109} INFO - [2022-02-03 20:38:54,215] {dag.py:2935} INFO - Setting next_dagrun for latest_only_with_trigger to 2022-02-03T16:38:54.215192+00:00
[2022-02-03 20:38:54,229] {processor.py:171} INFO - Processing /home/airflow/.local/lib/python3.7/site-packages/airflow/example_dags/example_latest_only_with_trigger.py took 2.320 seconds
[2022-02-03 20:39:25,158] {processor.py:163} INFO - Started process (PID=386) to work on /home/airflow/.local/lib/python3.7/site-packages/airflow/example_dags/example_latest_only_with_trigger.py
[2022-02-03 20:39:25,159] {processor.py:642} INFO - Processing file /home/airflow/.local/lib/python3.7/site-packages/airflow/example_dags/example_latest_only_with_trigger.py for tasks to queue
[2022-02-03 20:39:25,160] {logging_mixin.py:109} INFO - [2022-02-03 20:39:25,160] {dagbag.py:500} INFO - Filling up the DagBag from /home/airflow/.local/lib/python3.7/site-packages/airflow/example_dags/example_latest_only_with_trigger.py
[2022-02-03 20:39:25,183] {processor.py:654} INFO - DAG(s) dict_keys(['latest_only_with_trigger']) retrieved from /home/airflow/.local/lib/python3.7/site-packages/airflow/example_dags/example_latest_only_with_trigger.py
[2022-02-03 20:39:25,192] {logging_mixin.py:109} INFO - [2022-02-03 20:39:25,192] {dag.py:2396} INFO - Sync 1 DAGs
[2022-02-03 20:39:25,205] {logging_mixin.py:109} INFO - [2022-02-03 20:39:25,205] {dag.py:2935} INFO - Setting next_dagrun for latest_only_with_trigger to 2022-02-03T16:39:25.204964+00:00
[2022-02-03 20:39:25,214] {processor.py:171} INFO - Processing /home/airflow/.local/lib/python3.7/site-packages/airflow/example_dags/example_latest_only_with_trigger.py took 0.058 seconds
[2022-02-03 20:39:55,498] {processor.py:163} INFO - Started process (PID=446) to work on /home/airflow/.local/lib/python3.7/site-packages/airflow/example_dags/example_latest_only_with_trigger.py
[2022-02-03 20:39:55,499] {processor.py:642} INFO - Processing file /home/airflow/.local/lib/python3.7/site-packages/airflow/example_dags/example_latest_only_with_trigger.py for tasks to queue
[2022-02-03 20:39:55,500] {logging_mixin.py:109} INFO - [2022-02-03 20:39:55,500] {dagbag.py:500} INFO - Filling up the DagBag from /home/airflow/.local/lib/python3.7/site-packages/airflow/example_dags/example_latest_only_with_trigger.py
[2022-02-03 20:39:55,525] {processor.py:654} INFO - DAG(s) dict_keys(['latest_only_with_trigger']) retrieved from /home/airflow/.local/lib/python3.7/site-packages/airflow/example_dags/example_latest_only_with_trigger.py
[2022-02-03 20:39:55,535] {logging_mixin.py:109} INFO - [2022-02-03 20:39:55,535] {dag.py:2396} INFO - Sync 1 DAGs
[2022-02-03 20:39:55,553] {logging_mixin.py:109} INFO - [2022-02-03 20:39:55,553] {dag.py:2935} INFO - Setting next_dagrun for latest_only_with_trigger to 2022-02-03T16:39:55.553308+00:00
[2022-02-03 20:39:55,567] {processor.py:171} INFO - Processing /home/airflow/.local/lib/python3.7/site-packages/airflow/example_dags/example_latest_only_with_trigger.py took 0.071 seconds
[2022-02-03 20:40:25,645] {processor.py:163} INFO - Started process (PID=497) to work on /home/airflow/.local/lib/python3.7/site-packages/airflow/example_dags/example_latest_only_with_trigger.py
[2022-02-03 20:40:25,646] {processor.py:642} INFO - Processing file /home/airflow/.local/lib/python3.7/site-packages/airflow/example_dags/example_latest_only_with_trigger.py for tasks to queue
[2022-02-03 20:40:25,647] {logging_mixin.py:109} INFO - [2022-02-03 20:40:25,647] {dagbag.py:500} INFO - Filling up the DagBag from /home/airflow/.local/lib/python3.7/site-packages/airflow/example_dags/example_latest_only_with_trigger.py
[2022-02-03 20:40:25,668] {processor.py:654} INFO - DAG(s) dict_keys(['latest_only_with_trigger']) retrieved from /home/airflow/.local/lib/python3.7/site-packages/airflow/example_dags/example_latest_only_with_trigger.py
[2022-02-03 20:40:25,679] {logging_mixin.py:109} INFO - [2022-02-03 20:40:25,679] {dag.py:2396} INFO - Sync 1 DAGs
[2022-02-03 20:40:25,693] {logging_mixin.py:109} INFO - [2022-02-03 20:40:25,693] {dag.py:2935} INFO - Setting next_dagrun for latest_only_with_trigger to 2022-02-03T16:40:25.693188+00:00
[2022-02-03 20:40:25,701] {processor.py:171} INFO - Processing /home/airflow/.local/lib/python3.7/site-packages/airflow/example_dags/example_latest_only_with_trigger.py took 0.059 seconds
[2022-02-03 20:40:55,875] {processor.py:163} INFO - Started process (PID=559) to work on /home/airflow/.local/lib/python3.7/site-packages/airflow/example_dags/example_latest_only_with_trigger.py
[2022-02-03 20:40:55,876] {processor.py:642} INFO - Processing file /home/airflow/.local/lib/python3.7/site-packages/airflow/example_dags/example_latest_only_with_trigger.py for tasks to queue
[2022-02-03 20:40:55,876] {logging_mixin.py:109} INFO - [2022-02-03 20:40:55,876] {dagbag.py:500} INFO - Filling up the DagBag from /home/airflow/.local/lib/python3.7/site-packages/airflow/example_dags/example_latest_only_with_trigger.py
[2022-02-03 20:40:55,897] {processor.py:654} INFO - DAG(s) dict_keys(['latest_only_with_trigger']) retrieved from /home/airflow/.local/lib/python3.7/site-packages/airflow/example_dags/example_latest_only_with_trigger.py
[2022-02-03 20:40:55,906] {logging_mixin.py:109} INFO - [2022-02-03 20:40:55,906] {dag.py:2396} INFO - Sync 1 DAGs
[2022-02-03 20:40:55,920] {logging_mixin.py:109} INFO - [2022-02-03 20:40:55,920] {dag.py:2935} INFO - Setting next_dagrun for latest_only_with_trigger to 2022-02-03T16:40:55.919628+00:00
[2022-02-03 20:40:55,929] {processor.py:171} INFO - Processing /home/airflow/.local/lib/python3.7/site-packages/airflow/example_dags/example_latest_only_with_trigger.py took 0.057 seconds
[2022-02-03 20:41:26,030] {processor.py:163} INFO - Started process (PID=609) to work on /home/airflow/.local/lib/python3.7/site-packages/airflow/example_dags/example_latest_only_with_trigger.py
[2022-02-03 20:41:26,032] {processor.py:642} INFO - Processing file /home/airflow/.local/lib/python3.7/site-packages/airflow/example_dags/example_latest_only_with_trigger.py for tasks to queue
[2022-02-03 20:41:26,032] {logging_mixin.py:109} INFO - [2022-02-03 20:41:26,032] {dagbag.py:500} INFO - Filling up the DagBag from /home/airflow/.local/lib/python3.7/site-packages/airflow/example_dags/example_latest_only_with_trigger.py
[2022-02-03 20:41:26,055] {processor.py:654} INFO - DAG(s) dict_keys(['latest_only_with_trigger']) retrieved from /home/airflow/.local/lib/python3.7/site-packages/airflow/example_dags/example_latest_only_with_trigger.py
[2022-02-03 20:41:26,063] {logging_mixin.py:109} INFO - [2022-02-03 20:41:26,063] {dag.py:2396} INFO - Sync 1 DAGs
[2022-02-03 20:41:26,075] {logging_mixin.py:109} INFO - [2022-02-03 20:41:26,075] {dag.py:2935} INFO - Setting next_dagrun for latest_only_with_trigger to 2022-02-03T16:41:26.075559+00:00
[2022-02-03 20:41:26,087] {processor.py:171} INFO - Processing /home/airflow/.local/lib/python3.7/site-packages/airflow/example_dags/example_latest_only_with_trigger.py took 0.060 seconds
[2022-02-03 20:41:56,174] {processor.py:163} INFO - Started process (PID=671) to work on /home/airflow/.local/lib/python3.7/site-packages/airflow/example_dags/example_latest_only_with_trigger.py
[2022-02-03 20:41:56,175] {processor.py:642} INFO - Processing file /home/airflow/.local/lib/python3.7/site-packages/airflow/example_dags/example_latest_only_with_trigger.py for tasks to queue
[2022-02-03 20:41:56,175] {logging_mixin.py:109} INFO - [2022-02-03 20:41:56,175] {dagbag.py:500} INFO - Filling up the DagBag from /home/airflow/.local/lib/python3.7/site-packages/airflow/example_dags/example_latest_only_with_trigger.py
[2022-02-03 20:41:56,197] {processor.py:654} INFO - DAG(s) dict_keys(['latest_only_with_trigger']) retrieved from /home/airflow/.local/lib/python3.7/site-packages/airflow/example_dags/example_latest_only_with_trigger.py
[2022-02-03 20:41:56,205] {logging_mixin.py:109} INFO - [2022-02-03 20:41:56,205] {dag.py:2396} INFO - Sync 1 DAGs
[2022-02-03 20:41:56,218] {logging_mixin.py:109} INFO - [2022-02-03 20:41:56,218] {dag.py:2935} INFO - Setting next_dagrun for latest_only_with_trigger to 2022-02-03T16:41:56.218394+00:00
[2022-02-03 20:41:56,227] {processor.py:171} INFO - Processing /home/airflow/.local/lib/python3.7/site-packages/airflow/example_dags/example_latest_only_with_trigger.py took 0.055 seconds
[2022-02-03 20:42:26,487] {processor.py:163} INFO - Started process (PID=722) to work on /home/airflow/.local/lib/python3.7/site-packages/airflow/example_dags/example_latest_only_with_trigger.py
[2022-02-03 20:42:26,488] {processor.py:642} INFO - Processing file /home/airflow/.local/lib/python3.7/site-packages/airflow/example_dags/example_latest_only_with_trigger.py for tasks to queue
[2022-02-03 20:42:26,488] {logging_mixin.py:109} INFO - [2022-02-03 20:42:26,488] {dagbag.py:500} INFO - Filling up the DagBag from /home/airflow/.local/lib/python3.7/site-packages/airflow/example_dags/example_latest_only_with_trigger.py
[2022-02-03 20:42:26,508] {processor.py:654} INFO - DAG(s) dict_keys(['latest_only_with_trigger']) retrieved from /home/airflow/.local/lib/python3.7/site-packages/airflow/example_dags/example_latest_only_with_trigger.py
[2022-02-03 20:42:26,517] {logging_mixin.py:109} INFO - [2022-02-03 20:42:26,516] {dag.py:2396} INFO - Sync 1 DAGs
[2022-02-03 20:42:26,530] {logging_mixin.py:109} INFO - [2022-02-03 20:42:26,530] {dag.py:2935} INFO - Setting next_dagrun for latest_only_with_trigger to 2022-02-03T16:42:26.529789+00:00
[2022-02-03 20:42:26,538] {processor.py:171} INFO - Processing /home/airflow/.local/lib/python3.7/site-packages/airflow/example_dags/example_latest_only_with_trigger.py took 0.054 seconds
[2022-02-03 20:42:57,290] {processor.py:163} INFO - Started process (PID=782) to work on /home/airflow/.local/lib/python3.7/site-packages/airflow/example_dags/example_latest_only_with_trigger.py
[2022-02-03 20:42:57,291] {processor.py:642} INFO - Processing file /home/airflow/.local/lib/python3.7/site-packages/airflow/example_dags/example_latest_only_with_trigger.py for tasks to queue
[2022-02-03 20:42:57,292] {logging_mixin.py:109} INFO - [2022-02-03 20:42:57,292] {dagbag.py:500} INFO - Filling up the DagBag from /home/airflow/.local/lib/python3.7/site-packages/airflow/example_dags/example_latest_only_with_trigger.py
[2022-02-03 20:42:57,314] {processor.py:654} INFO - DAG(s) dict_keys(['latest_only_with_trigger']) retrieved from /home/airflow/.local/lib/python3.7/site-packages/airflow/example_dags/example_latest_only_with_trigger.py
[2022-02-03 20:42:57,325] {logging_mixin.py:109} INFO - [2022-02-03 20:42:57,325] {dag.py:2396} INFO - Sync 1 DAGs
[2022-02-03 20:42:57,340] {logging_mixin.py:109} INFO - [2022-02-03 20:42:57,340] {dag.py:2935} INFO - Setting next_dagrun for latest_only_with_trigger to 2022-02-03T16:42:57.340003+00:00
[2022-02-03 20:42:57,349] {processor.py:171} INFO - Processing /home/airflow/.local/lib/python3.7/site-packages/airflow/example_dags/example_latest_only_with_trigger.py took 0.062 seconds
[2022-02-03 20:43:27,519] {processor.py:163} INFO - Started process (PID=833) to work on /home/airflow/.local/lib/python3.7/site-packages/airflow/example_dags/example_latest_only_with_trigger.py
[2022-02-03 20:43:27,520] {processor.py:642} INFO - Processing file /home/airflow/.local/lib/python3.7/site-packages/airflow/example_dags/example_latest_only_with_trigger.py for tasks to queue
[2022-02-03 20:43:27,521] {logging_mixin.py:109} INFO - [2022-02-03 20:43:27,521] {dagbag.py:500} INFO - Filling up the DagBag from /home/airflow/.local/lib/python3.7/site-packages/airflow/example_dags/example_latest_only_with_trigger.py
[2022-02-03 20:43:27,542] {processor.py:654} INFO - DAG(s) dict_keys(['latest_only_with_trigger']) retrieved from /home/airflow/.local/lib/python3.7/site-packages/airflow/example_dags/example_latest_only_with_trigger.py
[2022-02-03 20:43:27,551] {logging_mixin.py:109} INFO - [2022-02-03 20:43:27,551] {dag.py:2396} INFO - Sync 1 DAGs
[2022-02-03 20:43:27,565] {logging_mixin.py:109} INFO - [2022-02-03 20:43:27,565] {dag.py:2935} INFO - Setting next_dagrun for latest_only_with_trigger to 2022-02-03T16:43:27.564869+00:00
[2022-02-03 20:43:27,573] {processor.py:171} INFO - Processing /home/airflow/.local/lib/python3.7/site-packages/airflow/example_dags/example_latest_only_with_trigger.py took 0.057 seconds
[2022-02-03 20:43:57,649] {processor.py:163} INFO - Started process (PID=893) to work on /home/airflow/.local/lib/python3.7/site-packages/airflow/example_dags/example_latest_only_with_trigger.py
[2022-02-03 20:43:57,650] {processor.py:642} INFO - Processing file /home/airflow/.local/lib/python3.7/site-packages/airflow/example_dags/example_latest_only_with_trigger.py for tasks to queue
[2022-02-03 20:43:57,651] {logging_mixin.py:109} INFO - [2022-02-03 20:43:57,650] {dagbag.py:500} INFO - Filling up the DagBag from /home/airflow/.local/lib/python3.7/site-packages/airflow/example_dags/example_latest_only_with_trigger.py
[2022-02-03 20:43:57,671] {processor.py:654} INFO - DAG(s) dict_keys(['latest_only_with_trigger']) retrieved from /home/airflow/.local/lib/python3.7/site-packages/airflow/example_dags/example_latest_only_with_trigger.py
[2022-02-03 20:43:57,679] {logging_mixin.py:109} INFO - [2022-02-03 20:43:57,679] {dag.py:2396} INFO - Sync 1 DAGs
[2022-02-03 20:43:57,691] {logging_mixin.py:109} INFO - [2022-02-03 20:43:57,691] {dag.py:2935} INFO - Setting next_dagrun for latest_only_with_trigger to 2022-02-03T16:43:57.691659+00:00
[2022-02-03 20:43:57,703] {processor.py:171} INFO - Processing /home/airflow/.local/lib/python3.7/site-packages/airflow/example_dags/example_latest_only_with_trigger.py took 0.057 seconds
[2022-02-03 20:44:28,238] {processor.py:163} INFO - Started process (PID=943) to work on /home/airflow/.local/lib/python3.7/site-packages/airflow/example_dags/example_latest_only_with_trigger.py
[2022-02-03 20:44:28,239] {processor.py:642} INFO - Processing file /home/airflow/.local/lib/python3.7/site-packages/airflow/example_dags/example_latest_only_with_trigger.py for tasks to queue
[2022-02-03 20:44:28,240] {logging_mixin.py:109} INFO - [2022-02-03 20:44:28,240] {dagbag.py:500} INFO - Filling up the DagBag from /home/airflow/.local/lib/python3.7/site-packages/airflow/example_dags/example_latest_only_with_trigger.py
[2022-02-03 20:44:28,261] {processor.py:654} INFO - DAG(s) dict_keys(['latest_only_with_trigger']) retrieved from /home/airflow/.local/lib/python3.7/site-packages/airflow/example_dags/example_latest_only_with_trigger.py
[2022-02-03 20:44:28,269] {logging_mixin.py:109} INFO - [2022-02-03 20:44:28,269] {dag.py:2396} INFO - Sync 1 DAGs
[2022-02-03 20:44:28,282] {logging_mixin.py:109} INFO - [2022-02-03 20:44:28,282] {dag.py:2935} INFO - Setting next_dagrun for latest_only_with_trigger to 2022-02-03T16:44:28.281878+00:00
[2022-02-03 20:44:28,290] {processor.py:171} INFO - Processing /home/airflow/.local/lib/python3.7/site-packages/airflow/example_dags/example_latest_only_with_trigger.py took 0.054 seconds
[2022-02-03 20:44:58,823] {processor.py:163} INFO - Started process (PID=1004) to work on /home/airflow/.local/lib/python3.7/site-packages/airflow/example_dags/example_latest_only_with_trigger.py
[2022-02-03 20:44:58,824] {processor.py:642} INFO - Processing file /home/airflow/.local/lib/python3.7/site-packages/airflow/example_dags/example_latest_only_with_trigger.py for tasks to queue
[2022-02-03 20:44:58,825] {logging_mixin.py:109} INFO - [2022-02-03 20:44:58,825] {dagbag.py:500} INFO - Filling up the DagBag from /home/airflow/.local/lib/python3.7/site-packages/airflow/example_dags/example_latest_only_with_trigger.py
[2022-02-03 20:44:58,845] {processor.py:654} INFO - DAG(s) dict_keys(['latest_only_with_trigger']) retrieved from /home/airflow/.local/lib/python3.7/site-packages/airflow/example_dags/example_latest_only_with_trigger.py
[2022-02-03 20:44:58,853] {logging_mixin.py:109} INFO - [2022-02-03 20:44:58,853] {dag.py:2396} INFO - Sync 1 DAGs
[2022-02-03 20:44:58,864] {logging_mixin.py:109} INFO - [2022-02-03 20:44:58,864] {dag.py:2935} INFO - Setting next_dagrun for latest_only_with_trigger to 2022-02-03T16:44:58.864420+00:00
[2022-02-03 20:44:58,875] {processor.py:171} INFO - Processing /home/airflow/.local/lib/python3.7/site-packages/airflow/example_dags/example_latest_only_with_trigger.py took 0.055 seconds
[2022-02-03 20:45:29,448] {processor.py:163} INFO - Started process (PID=1055) to work on /home/airflow/.local/lib/python3.7/site-packages/airflow/example_dags/example_latest_only_with_trigger.py
[2022-02-03 20:45:29,450] {processor.py:642} INFO - Processing file /home/airflow/.local/lib/python3.7/site-packages/airflow/example_dags/example_latest_only_with_trigger.py for tasks to queue
[2022-02-03 20:45:29,450] {logging_mixin.py:109} INFO - [2022-02-03 20:45:29,450] {dagbag.py:500} INFO - Filling up the DagBag from /home/airflow/.local/lib/python3.7/site-packages/airflow/example_dags/example_latest_only_with_trigger.py
[2022-02-03 20:45:29,471] {processor.py:654} INFO - DAG(s) dict_keys(['latest_only_with_trigger']) retrieved from /home/airflow/.local/lib/python3.7/site-packages/airflow/example_dags/example_latest_only_with_trigger.py
[2022-02-03 20:45:29,479] {logging_mixin.py:109} INFO - [2022-02-03 20:45:29,479] {dag.py:2396} INFO - Sync 1 DAGs
[2022-02-03 20:45:29,491] {logging_mixin.py:109} INFO - [2022-02-03 20:45:29,491] {dag.py:2935} INFO - Setting next_dagrun for latest_only_with_trigger to 2022-02-03T16:45:29.491204+00:00
[2022-02-03 20:45:29,499] {processor.py:171} INFO - Processing /home/airflow/.local/lib/python3.7/site-packages/airflow/example_dags/example_latest_only_with_trigger.py took 0.053 seconds
[2022-02-03 20:45:59,905] {processor.py:163} INFO - Started process (PID=1117) to work on /home/airflow/.local/lib/python3.7/site-packages/airflow/example_dags/example_latest_only_with_trigger.py
[2022-02-03 20:45:59,906] {processor.py:642} INFO - Processing file /home/airflow/.local/lib/python3.7/site-packages/airflow/example_dags/example_latest_only_with_trigger.py for tasks to queue
[2022-02-03 20:45:59,906] {logging_mixin.py:109} INFO - [2022-02-03 20:45:59,906] {dagbag.py:500} INFO - Filling up the DagBag from /home/airflow/.local/lib/python3.7/site-packages/airflow/example_dags/example_latest_only_with_trigger.py
[2022-02-03 20:45:59,934] {processor.py:654} INFO - DAG(s) dict_keys(['latest_only_with_trigger']) retrieved from /home/airflow/.local/lib/python3.7/site-packages/airflow/example_dags/example_latest_only_with_trigger.py
[2022-02-03 20:45:59,945] {logging_mixin.py:109} INFO - [2022-02-03 20:45:59,944] {dag.py:2396} INFO - Sync 1 DAGs
[2022-02-03 20:45:59,960] {logging_mixin.py:109} INFO - [2022-02-03 20:45:59,960] {dag.py:2935} INFO - Setting next_dagrun for latest_only_with_trigger to 2022-02-03T16:45:59.960339+00:00
[2022-02-03 20:45:59,971] {processor.py:171} INFO - Processing /home/airflow/.local/lib/python3.7/site-packages/airflow/example_dags/example_latest_only_with_trigger.py took 0.069 seconds
[2022-02-03 20:46:30,357] {processor.py:163} INFO - Started process (PID=1169) to work on /home/airflow/.local/lib/python3.7/site-packages/airflow/example_dags/example_latest_only_with_trigger.py
[2022-02-03 20:46:30,358] {processor.py:642} INFO - Processing file /home/airflow/.local/lib/python3.7/site-packages/airflow/example_dags/example_latest_only_with_trigger.py for tasks to queue
[2022-02-03 20:46:30,358] {logging_mixin.py:109} INFO - [2022-02-03 20:46:30,358] {dagbag.py:500} INFO - Filling up the DagBag from /home/airflow/.local/lib/python3.7/site-packages/airflow/example_dags/example_latest_only_with_trigger.py
[2022-02-03 20:46:30,379] {processor.py:654} INFO - DAG(s) dict_keys(['latest_only_with_trigger']) retrieved from /home/airflow/.local/lib/python3.7/site-packages/airflow/example_dags/example_latest_only_with_trigger.py
[2022-02-03 20:46:30,387] {logging_mixin.py:109} INFO - [2022-02-03 20:46:30,387] {dag.py:2396} INFO - Sync 1 DAGs
[2022-02-03 20:46:30,398] {logging_mixin.py:109} INFO - [2022-02-03 20:46:30,398] {dag.py:2935} INFO - Setting next_dagrun for latest_only_with_trigger to 2022-02-03T16:46:30.398567+00:00
[2022-02-03 20:46:30,410] {processor.py:171} INFO - Processing /home/airflow/.local/lib/python3.7/site-packages/airflow/example_dags/example_latest_only_with_trigger.py took 0.056 seconds
[2022-02-03 20:47:00,982] {processor.py:163} INFO - Started process (PID=1229) to work on /home/airflow/.local/lib/python3.7/site-packages/airflow/example_dags/example_latest_only_with_trigger.py
[2022-02-03 20:47:00,984] {processor.py:642} INFO - Processing file /home/airflow/.local/lib/python3.7/site-packages/airflow/example_dags/example_latest_only_with_trigger.py for tasks to queue
[2022-02-03 20:47:00,984] {logging_mixin.py:109} INFO - [2022-02-03 20:47:00,984] {dagbag.py:500} INFO - Filling up the DagBag from /home/airflow/.local/lib/python3.7/site-packages/airflow/example_dags/example_latest_only_with_trigger.py
[2022-02-03 20:47:01,005] {processor.py:654} INFO - DAG(s) dict_keys(['latest_only_with_trigger']) retrieved from /home/airflow/.local/lib/python3.7/site-packages/airflow/example_dags/example_latest_only_with_trigger.py
[2022-02-03 20:47:01,013] {logging_mixin.py:109} INFO - [2022-02-03 20:47:01,013] {dag.py:2396} INFO - Sync 1 DAGs
[2022-02-03 20:47:01,025] {logging_mixin.py:109} INFO - [2022-02-03 20:47:01,025] {dag.py:2935} INFO - Setting next_dagrun for latest_only_with_trigger to 2022-02-03T16:47:01.024957+00:00
[2022-02-03 20:47:01,033] {processor.py:171} INFO - Processing /home/airflow/.local/lib/python3.7/site-packages/airflow/example_dags/example_latest_only_with_trigger.py took 0.054 seconds
[2022-02-03 20:47:31,401] {processor.py:163} INFO - Started process (PID=1280) to work on /home/airflow/.local/lib/python3.7/site-packages/airflow/example_dags/example_latest_only_with_trigger.py
[2022-02-03 20:47:31,402] {processor.py:642} INFO - Processing file /home/airflow/.local/lib/python3.7/site-packages/airflow/example_dags/example_latest_only_with_trigger.py for tasks to queue
[2022-02-03 20:47:31,403] {logging_mixin.py:109} INFO - [2022-02-03 20:47:31,403] {dagbag.py:500} INFO - Filling up the DagBag from /home/airflow/.local/lib/python3.7/site-packages/airflow/example_dags/example_latest_only_with_trigger.py
[2022-02-03 20:47:31,423] {processor.py:654} INFO - DAG(s) dict_keys(['latest_only_with_trigger']) retrieved from /home/airflow/.local/lib/python3.7/site-packages/airflow/example_dags/example_latest_only_with_trigger.py
[2022-02-03 20:47:31,430] {logging_mixin.py:109} INFO - [2022-02-03 20:47:31,430] {dag.py:2396} INFO - Sync 1 DAGs
[2022-02-03 20:47:31,444] {logging_mixin.py:109} INFO - [2022-02-03 20:47:31,444] {dag.py:2935} INFO - Setting next_dagrun for latest_only_with_trigger to 2022-02-03T16:47:31.443927+00:00
[2022-02-03 20:47:31,455] {processor.py:171} INFO - Processing /home/airflow/.local/lib/python3.7/site-packages/airflow/example_dags/example_latest_only_with_trigger.py took 0.056 seconds
[2022-02-03 20:48:02,061] {processor.py:163} INFO - Started process (PID=1341) to work on /home/airflow/.local/lib/python3.7/site-packages/airflow/example_dags/example_latest_only_with_trigger.py
[2022-02-03 20:48:02,062] {processor.py:642} INFO - Processing file /home/airflow/.local/lib/python3.7/site-packages/airflow/example_dags/example_latest_only_with_trigger.py for tasks to queue
[2022-02-03 20:48:02,063] {logging_mixin.py:109} INFO - [2022-02-03 20:48:02,063] {dagbag.py:500} INFO - Filling up the DagBag from /home/airflow/.local/lib/python3.7/site-packages/airflow/example_dags/example_latest_only_with_trigger.py
[2022-02-03 20:48:02,083] {processor.py:654} INFO - DAG(s) dict_keys(['latest_only_with_trigger']) retrieved from /home/airflow/.local/lib/python3.7/site-packages/airflow/example_dags/example_latest_only_with_trigger.py
[2022-02-03 20:48:02,091] {logging_mixin.py:109} INFO - [2022-02-03 20:48:02,090] {dag.py:2396} INFO - Sync 1 DAGs
[2022-02-03 20:48:02,102] {logging_mixin.py:109} INFO - [2022-02-03 20:48:02,102] {dag.py:2935} INFO - Setting next_dagrun for latest_only_with_trigger to 2022-02-03T16:48:02.102165+00:00
[2022-02-03 20:48:02,111] {processor.py:171} INFO - Processing /home/airflow/.local/lib/python3.7/site-packages/airflow/example_dags/example_latest_only_with_trigger.py took 0.052 seconds
[2022-02-03 20:48:32,620] {processor.py:163} INFO - Started process (PID=1393) to work on /home/airflow/.local/lib/python3.7/site-packages/airflow/example_dags/example_latest_only_with_trigger.py
[2022-02-03 20:48:32,622] {processor.py:642} INFO - Processing file /home/airflow/.local/lib/python3.7/site-packages/airflow/example_dags/example_latest_only_with_trigger.py for tasks to queue
[2022-02-03 20:48:32,622] {logging_mixin.py:109} INFO - [2022-02-03 20:48:32,622] {dagbag.py:500} INFO - Filling up the DagBag from /home/airflow/.local/lib/python3.7/site-packages/airflow/example_dags/example_latest_only_with_trigger.py
[2022-02-03 20:48:32,675] {processor.py:654} INFO - DAG(s) dict_keys(['latest_only_with_trigger']) retrieved from /home/airflow/.local/lib/python3.7/site-packages/airflow/example_dags/example_latest_only_with_trigger.py
[2022-02-03 20:48:32,683] {logging_mixin.py:109} INFO - [2022-02-03 20:48:32,683] {dag.py:2396} INFO - Sync 1 DAGs
[2022-02-03 20:48:32,698] {logging_mixin.py:109} INFO - [2022-02-03 20:48:32,698] {dag.py:2935} INFO - Setting next_dagrun for latest_only_with_trigger to 2022-02-03T16:48:32.698400+00:00
[2022-02-03 20:48:32,706] {processor.py:171} INFO - Processing /home/airflow/.local/lib/python3.7/site-packages/airflow/example_dags/example_latest_only_with_trigger.py took 0.088 seconds
[2022-02-03 20:49:03,177] {processor.py:163} INFO - Started process (PID=1455) to work on /home/airflow/.local/lib/python3.7/site-packages/airflow/example_dags/example_latest_only_with_trigger.py
[2022-02-03 20:49:03,178] {processor.py:642} INFO - Processing file /home/airflow/.local/lib/python3.7/site-packages/airflow/example_dags/example_latest_only_with_trigger.py for tasks to queue
[2022-02-03 20:49:03,179] {logging_mixin.py:109} INFO - [2022-02-03 20:49:03,179] {dagbag.py:500} INFO - Filling up the DagBag from /home/airflow/.local/lib/python3.7/site-packages/airflow/example_dags/example_latest_only_with_trigger.py
[2022-02-03 20:49:03,199] {processor.py:654} INFO - DAG(s) dict_keys(['latest_only_with_trigger']) retrieved from /home/airflow/.local/lib/python3.7/site-packages/airflow/example_dags/example_latest_only_with_trigger.py
[2022-02-03 20:49:03,207] {logging_mixin.py:109} INFO - [2022-02-03 20:49:03,207] {dag.py:2396} INFO - Sync 1 DAGs
[2022-02-03 20:49:03,218] {logging_mixin.py:109} INFO - [2022-02-03 20:49:03,218] {dag.py:2935} INFO - Setting next_dagrun for latest_only_with_trigger to 2022-02-03T16:49:03.218522+00:00
[2022-02-03 20:49:03,230] {processor.py:171} INFO - Processing /home/airflow/.local/lib/python3.7/site-packages/airflow/example_dags/example_latest_only_with_trigger.py took 0.056 seconds
[2022-02-03 20:49:33,640] {processor.py:163} INFO - Started process (PID=1508) to work on /home/airflow/.local/lib/python3.7/site-packages/airflow/example_dags/example_latest_only_with_trigger.py
[2022-02-03 20:49:33,641] {processor.py:642} INFO - Processing file /home/airflow/.local/lib/python3.7/site-packages/airflow/example_dags/example_latest_only_with_trigger.py for tasks to queue
[2022-02-03 20:49:33,641] {logging_mixin.py:109} INFO - [2022-02-03 20:49:33,641] {dagbag.py:500} INFO - Filling up the DagBag from /home/airflow/.local/lib/python3.7/site-packages/airflow/example_dags/example_latest_only_with_trigger.py
[2022-02-03 20:49:33,663] {processor.py:654} INFO - DAG(s) dict_keys(['latest_only_with_trigger']) retrieved from /home/airflow/.local/lib/python3.7/site-packages/airflow/example_dags/example_latest_only_with_trigger.py
[2022-02-03 20:49:33,671] {logging_mixin.py:109} INFO - [2022-02-03 20:49:33,671] {dag.py:2396} INFO - Sync 1 DAGs
[2022-02-03 20:49:33,683] {logging_mixin.py:109} INFO - [2022-02-03 20:49:33,683] {dag.py:2935} INFO - Setting next_dagrun for latest_only_with_trigger to 2022-02-03T16:49:33.683191+00:00
[2022-02-03 20:49:33,693] {processor.py:171} INFO - Processing /home/airflow/.local/lib/python3.7/site-packages/airflow/example_dags/example_latest_only_with_trigger.py took 0.056 seconds
[2022-02-03 20:50:03,820] {processor.py:163} INFO - Started process (PID=1567) to work on /home/airflow/.local/lib/python3.7/site-packages/airflow/example_dags/example_latest_only_with_trigger.py
[2022-02-03 20:50:03,821] {processor.py:642} INFO - Processing file /home/airflow/.local/lib/python3.7/site-packages/airflow/example_dags/example_latest_only_with_trigger.py for tasks to queue
[2022-02-03 20:50:03,822] {logging_mixin.py:109} INFO - [2022-02-03 20:50:03,822] {dagbag.py:500} INFO - Filling up the DagBag from /home/airflow/.local/lib/python3.7/site-packages/airflow/example_dags/example_latest_only_with_trigger.py
[2022-02-03 20:50:03,843] {processor.py:654} INFO - DAG(s) dict_keys(['latest_only_with_trigger']) retrieved from /home/airflow/.local/lib/python3.7/site-packages/airflow/example_dags/example_latest_only_with_trigger.py
[2022-02-03 20:50:03,851] {logging_mixin.py:109} INFO - [2022-02-03 20:50:03,851] {dag.py:2396} INFO - Sync 1 DAGs
[2022-02-03 20:50:03,863] {logging_mixin.py:109} INFO - [2022-02-03 20:50:03,863] {dag.py:2935} INFO - Setting next_dagrun for latest_only_with_trigger to 2022-02-03T16:50:03.862856+00:00
[2022-02-03 20:50:03,871] {processor.py:171} INFO - Processing /home/airflow/.local/lib/python3.7/site-packages/airflow/example_dags/example_latest_only_with_trigger.py took 0.053 seconds
[2022-02-03 20:50:34,540] {processor.py:163} INFO - Started process (PID=1618) to work on /home/airflow/.local/lib/python3.7/site-packages/airflow/example_dags/example_latest_only_with_trigger.py
[2022-02-03 20:50:34,541] {processor.py:642} INFO - Processing file /home/airflow/.local/lib/python3.7/site-packages/airflow/example_dags/example_latest_only_with_trigger.py for tasks to queue
[2022-02-03 20:50:34,542] {logging_mixin.py:109} INFO - [2022-02-03 20:50:34,542] {dagbag.py:500} INFO - Filling up the DagBag from /home/airflow/.local/lib/python3.7/site-packages/airflow/example_dags/example_latest_only_with_trigger.py
[2022-02-03 20:50:34,564] {processor.py:654} INFO - DAG(s) dict_keys(['latest_only_with_trigger']) retrieved from /home/airflow/.local/lib/python3.7/site-packages/airflow/example_dags/example_latest_only_with_trigger.py
[2022-02-03 20:50:34,573] {logging_mixin.py:109} INFO - [2022-02-03 20:50:34,573] {dag.py:2396} INFO - Sync 1 DAGs
[2022-02-03 20:50:34,587] {logging_mixin.py:109} INFO - [2022-02-03 20:50:34,587] {dag.py:2935} INFO - Setting next_dagrun for latest_only_with_trigger to 2022-02-03T16:50:34.587287+00:00
[2022-02-03 20:50:34,599] {processor.py:171} INFO - Processing /home/airflow/.local/lib/python3.7/site-packages/airflow/example_dags/example_latest_only_with_trigger.py took 0.062 seconds
[2022-02-03 20:51:04,993] {processor.py:163} INFO - Started process (PID=1678) to work on /home/airflow/.local/lib/python3.7/site-packages/airflow/example_dags/example_latest_only_with_trigger.py
[2022-02-03 20:51:04,994] {processor.py:642} INFO - Processing file /home/airflow/.local/lib/python3.7/site-packages/airflow/example_dags/example_latest_only_with_trigger.py for tasks to queue
[2022-02-03 20:51:04,995] {logging_mixin.py:109} INFO - [2022-02-03 20:51:04,995] {dagbag.py:500} INFO - Filling up the DagBag from /home/airflow/.local/lib/python3.7/site-packages/airflow/example_dags/example_latest_only_with_trigger.py
[2022-02-03 20:51:05,016] {processor.py:654} INFO - DAG(s) dict_keys(['latest_only_with_trigger']) retrieved from /home/airflow/.local/lib/python3.7/site-packages/airflow/example_dags/example_latest_only_with_trigger.py
[2022-02-03 20:51:05,024] {logging_mixin.py:109} INFO - [2022-02-03 20:51:05,024] {dag.py:2396} INFO - Sync 1 DAGs
[2022-02-03 20:51:05,035] {logging_mixin.py:109} INFO - [2022-02-03 20:51:05,035] {dag.py:2935} INFO - Setting next_dagrun for latest_only_with_trigger to 2022-02-03T16:51:05.035645+00:00
[2022-02-03 20:51:05,047] {processor.py:171} INFO - Processing /home/airflow/.local/lib/python3.7/site-packages/airflow/example_dags/example_latest_only_with_trigger.py took 0.056 seconds
[2022-02-03 20:51:35,244] {processor.py:163} INFO - Started process (PID=1729) to work on /home/airflow/.local/lib/python3.7/site-packages/airflow/example_dags/example_latest_only_with_trigger.py
[2022-02-03 20:51:35,245] {processor.py:642} INFO - Processing file /home/airflow/.local/lib/python3.7/site-packages/airflow/example_dags/example_latest_only_with_trigger.py for tasks to queue
[2022-02-03 20:51:35,246] {logging_mixin.py:109} INFO - [2022-02-03 20:51:35,246] {dagbag.py:500} INFO - Filling up the DagBag from /home/airflow/.local/lib/python3.7/site-packages/airflow/example_dags/example_latest_only_with_trigger.py
[2022-02-03 20:51:35,266] {processor.py:654} INFO - DAG(s) dict_keys(['latest_only_with_trigger']) retrieved from /home/airflow/.local/lib/python3.7/site-packages/airflow/example_dags/example_latest_only_with_trigger.py
[2022-02-03 20:51:35,275] {logging_mixin.py:109} INFO - [2022-02-03 20:51:35,275] {dag.py:2396} INFO - Sync 1 DAGs
[2022-02-03 20:51:35,288] {logging_mixin.py:109} INFO - [2022-02-03 20:51:35,288] {dag.py:2935} INFO - Setting next_dagrun for latest_only_with_trigger to 2022-02-03T16:51:35.288144+00:00
[2022-02-03 20:51:35,298] {processor.py:171} INFO - Processing /home/airflow/.local/lib/python3.7/site-packages/airflow/example_dags/example_latest_only_with_trigger.py took 0.057 seconds
[2022-02-03 20:52:06,099] {processor.py:163} INFO - Started process (PID=1789) to work on /home/airflow/.local/lib/python3.7/site-packages/airflow/example_dags/example_latest_only_with_trigger.py
[2022-02-03 20:52:06,100] {processor.py:642} INFO - Processing file /home/airflow/.local/lib/python3.7/site-packages/airflow/example_dags/example_latest_only_with_trigger.py for tasks to queue
[2022-02-03 20:52:06,100] {logging_mixin.py:109} INFO - [2022-02-03 20:52:06,100] {dagbag.py:500} INFO - Filling up the DagBag from /home/airflow/.local/lib/python3.7/site-packages/airflow/example_dags/example_latest_only_with_trigger.py
[2022-02-03 20:52:06,123] {processor.py:654} INFO - DAG(s) dict_keys(['latest_only_with_trigger']) retrieved from /home/airflow/.local/lib/python3.7/site-packages/airflow/example_dags/example_latest_only_with_trigger.py
[2022-02-03 20:52:06,132] {logging_mixin.py:109} INFO - [2022-02-03 20:52:06,132] {dag.py:2396} INFO - Sync 1 DAGs
[2022-02-03 20:52:06,147] {logging_mixin.py:109} INFO - [2022-02-03 20:52:06,147] {dag.py:2935} INFO - Setting next_dagrun for latest_only_with_trigger to 2022-02-03T16:52:06.147030+00:00
[2022-02-03 20:52:06,219] {processor.py:171} INFO - Processing /home/airflow/.local/lib/python3.7/site-packages/airflow/example_dags/example_latest_only_with_trigger.py took 0.123 seconds
[2022-02-03 20:52:36,368] {processor.py:163} INFO - Started process (PID=1841) to work on /home/airflow/.local/lib/python3.7/site-packages/airflow/example_dags/example_latest_only_with_trigger.py
[2022-02-03 20:52:36,369] {processor.py:642} INFO - Processing file /home/airflow/.local/lib/python3.7/site-packages/airflow/example_dags/example_latest_only_with_trigger.py for tasks to queue
[2022-02-03 20:52:36,370] {logging_mixin.py:109} INFO - [2022-02-03 20:52:36,370] {dagbag.py:500} INFO - Filling up the DagBag from /home/airflow/.local/lib/python3.7/site-packages/airflow/example_dags/example_latest_only_with_trigger.py
[2022-02-03 20:52:36,390] {processor.py:654} INFO - DAG(s) dict_keys(['latest_only_with_trigger']) retrieved from /home/airflow/.local/lib/python3.7/site-packages/airflow/example_dags/example_latest_only_with_trigger.py
[2022-02-03 20:52:36,400] {logging_mixin.py:109} INFO - [2022-02-03 20:52:36,400] {dag.py:2396} INFO - Sync 1 DAGs
[2022-02-03 20:52:36,472] {logging_mixin.py:109} INFO - [2022-02-03 20:52:36,472] {dag.py:2935} INFO - Setting next_dagrun for latest_only_with_trigger to 2022-02-03T16:52:36.472004+00:00
[2022-02-03 20:52:36,483] {processor.py:171} INFO - Processing /home/airflow/.local/lib/python3.7/site-packages/airflow/example_dags/example_latest_only_with_trigger.py took 0.117 seconds
[2022-02-03 20:53:06,930] {processor.py:163} INFO - Started process (PID=1891) to work on /home/airflow/.local/lib/python3.7/site-packages/airflow/example_dags/example_latest_only_with_trigger.py
[2022-02-03 20:53:06,931] {processor.py:642} INFO - Processing file /home/airflow/.local/lib/python3.7/site-packages/airflow/example_dags/example_latest_only_with_trigger.py for tasks to queue
[2022-02-03 20:53:06,932] {logging_mixin.py:109} INFO - [2022-02-03 20:53:06,932] {dagbag.py:500} INFO - Filling up the DagBag from /home/airflow/.local/lib/python3.7/site-packages/airflow/example_dags/example_latest_only_with_trigger.py
[2022-02-03 20:53:06,957] {processor.py:654} INFO - DAG(s) dict_keys(['latest_only_with_trigger']) retrieved from /home/airflow/.local/lib/python3.7/site-packages/airflow/example_dags/example_latest_only_with_trigger.py
[2022-02-03 20:53:06,969] {logging_mixin.py:109} INFO - [2022-02-03 20:53:06,968] {dag.py:2396} INFO - Sync 1 DAGs
[2022-02-03 20:53:07,055] {logging_mixin.py:109} INFO - [2022-02-03 20:53:07,055] {dag.py:2935} INFO - Setting next_dagrun for latest_only_with_trigger to 2022-02-03T16:53:07.055193+00:00
[2022-02-03 20:53:07,066] {processor.py:171} INFO - Processing /home/airflow/.local/lib/python3.7/site-packages/airflow/example_dags/example_latest_only_with_trigger.py took 0.140 seconds
[2022-02-03 20:53:37,329] {processor.py:163} INFO - Started process (PID=1951) to work on /home/airflow/.local/lib/python3.7/site-packages/airflow/example_dags/example_latest_only_with_trigger.py
[2022-02-03 20:53:37,331] {processor.py:642} INFO - Processing file /home/airflow/.local/lib/python3.7/site-packages/airflow/example_dags/example_latest_only_with_trigger.py for tasks to queue
[2022-02-03 20:53:37,333] {logging_mixin.py:109} INFO - [2022-02-03 20:53:37,333] {dagbag.py:500} INFO - Filling up the DagBag from /home/airflow/.local/lib/python3.7/site-packages/airflow/example_dags/example_latest_only_with_trigger.py
[2022-02-03 20:53:37,365] {processor.py:654} INFO - DAG(s) dict_keys(['latest_only_with_trigger']) retrieved from /home/airflow/.local/lib/python3.7/site-packages/airflow/example_dags/example_latest_only_with_trigger.py
[2022-02-03 20:53:37,476] {logging_mixin.py:109} INFO - [2022-02-03 20:53:37,476] {dag.py:2396} INFO - Sync 1 DAGs
[2022-02-03 20:53:37,491] {logging_mixin.py:109} INFO - [2022-02-03 20:53:37,491] {dag.py:2935} INFO - Setting next_dagrun for latest_only_with_trigger to 2022-02-03T16:53:37.490996+00:00
[2022-02-03 20:53:37,509] {processor.py:171} INFO - Processing /home/airflow/.local/lib/python3.7/site-packages/airflow/example_dags/example_latest_only_with_trigger.py took 0.183 seconds
[2022-02-03 20:54:07,845] {processor.py:163} INFO - Started process (PID=2002) to work on /home/airflow/.local/lib/python3.7/site-packages/airflow/example_dags/example_latest_only_with_trigger.py
[2022-02-03 20:54:07,846] {processor.py:642} INFO - Processing file /home/airflow/.local/lib/python3.7/site-packages/airflow/example_dags/example_latest_only_with_trigger.py for tasks to queue
[2022-02-03 20:54:07,846] {logging_mixin.py:109} INFO - [2022-02-03 20:54:07,846] {dagbag.py:500} INFO - Filling up the DagBag from /home/airflow/.local/lib/python3.7/site-packages/airflow/example_dags/example_latest_only_with_trigger.py
[2022-02-03 20:54:07,930] {processor.py:654} INFO - DAG(s) dict_keys(['latest_only_with_trigger']) retrieved from /home/airflow/.local/lib/python3.7/site-packages/airflow/example_dags/example_latest_only_with_trigger.py
[2022-02-03 20:54:07,936] {logging_mixin.py:109} INFO - [2022-02-03 20:54:07,936] {dag.py:2396} INFO - Sync 1 DAGs
[2022-02-03 20:54:07,947] {logging_mixin.py:109} INFO - [2022-02-03 20:54:07,947] {dag.py:2935} INFO - Setting next_dagrun for latest_only_with_trigger to 2022-02-03T16:54:07.947574+00:00
[2022-02-03 20:54:07,956] {processor.py:171} INFO - Processing /home/airflow/.local/lib/python3.7/site-packages/airflow/example_dags/example_latest_only_with_trigger.py took 0.114 seconds
[2022-02-03 20:54:38,732] {processor.py:163} INFO - Started process (PID=2064) to work on /home/airflow/.local/lib/python3.7/site-packages/airflow/example_dags/example_latest_only_with_trigger.py
[2022-02-03 20:54:38,733] {processor.py:642} INFO - Processing file /home/airflow/.local/lib/python3.7/site-packages/airflow/example_dags/example_latest_only_with_trigger.py for tasks to queue
[2022-02-03 20:54:38,734] {logging_mixin.py:109} INFO - [2022-02-03 20:54:38,734] {dagbag.py:500} INFO - Filling up the DagBag from /home/airflow/.local/lib/python3.7/site-packages/airflow/example_dags/example_latest_only_with_trigger.py
[2022-02-03 20:54:38,818] {processor.py:654} INFO - DAG(s) dict_keys(['latest_only_with_trigger']) retrieved from /home/airflow/.local/lib/python3.7/site-packages/airflow/example_dags/example_latest_only_with_trigger.py
[2022-02-03 20:54:38,825] {logging_mixin.py:109} INFO - [2022-02-03 20:54:38,825] {dag.py:2396} INFO - Sync 1 DAGs
[2022-02-03 20:54:38,837] {logging_mixin.py:109} INFO - [2022-02-03 20:54:38,837] {dag.py:2935} INFO - Setting next_dagrun for latest_only_with_trigger to 2022-02-03T16:54:38.837170+00:00
[2022-02-03 20:54:38,845] {processor.py:171} INFO - Processing /home/airflow/.local/lib/python3.7/site-packages/airflow/example_dags/example_latest_only_with_trigger.py took 0.116 seconds
[2022-02-03 20:55:08,952] {processor.py:163} INFO - Started process (PID=2115) to work on /home/airflow/.local/lib/python3.7/site-packages/airflow/example_dags/example_latest_only_with_trigger.py
[2022-02-03 20:55:08,954] {processor.py:642} INFO - Processing file /home/airflow/.local/lib/python3.7/site-packages/airflow/example_dags/example_latest_only_with_trigger.py for tasks to queue
[2022-02-03 20:55:08,955] {logging_mixin.py:109} INFO - [2022-02-03 20:55:08,955] {dagbag.py:500} INFO - Filling up the DagBag from /home/airflow/.local/lib/python3.7/site-packages/airflow/example_dags/example_latest_only_with_trigger.py
[2022-02-03 20:55:09,064] {processor.py:654} INFO - DAG(s) dict_keys(['latest_only_with_trigger']) retrieved from /home/airflow/.local/lib/python3.7/site-packages/airflow/example_dags/example_latest_only_with_trigger.py
[2022-02-03 20:55:09,072] {logging_mixin.py:109} INFO - [2022-02-03 20:55:09,072] {dag.py:2396} INFO - Sync 1 DAGs
[2022-02-03 20:55:09,085] {logging_mixin.py:109} INFO - [2022-02-03 20:55:09,085] {dag.py:2935} INFO - Setting next_dagrun for latest_only_with_trigger to 2022-02-03T16:55:09.085230+00:00
[2022-02-03 20:55:09,098] {processor.py:171} INFO - Processing /home/airflow/.local/lib/python3.7/site-packages/airflow/example_dags/example_latest_only_with_trigger.py took 0.151 seconds
[2022-02-03 20:55:39,257] {processor.py:163} INFO - Started process (PID=2174) to work on /home/airflow/.local/lib/python3.7/site-packages/airflow/example_dags/example_latest_only_with_trigger.py
[2022-02-03 20:55:39,258] {processor.py:642} INFO - Processing file /home/airflow/.local/lib/python3.7/site-packages/airflow/example_dags/example_latest_only_with_trigger.py for tasks to queue
[2022-02-03 20:55:39,259] {logging_mixin.py:109} INFO - [2022-02-03 20:55:39,259] {dagbag.py:500} INFO - Filling up the DagBag from /home/airflow/.local/lib/python3.7/site-packages/airflow/example_dags/example_latest_only_with_trigger.py
[2022-02-03 20:55:39,343] {processor.py:654} INFO - DAG(s) dict_keys(['latest_only_with_trigger']) retrieved from /home/airflow/.local/lib/python3.7/site-packages/airflow/example_dags/example_latest_only_with_trigger.py
[2022-02-03 20:55:39,349] {logging_mixin.py:109} INFO - [2022-02-03 20:55:39,349] {dag.py:2396} INFO - Sync 1 DAGs
[2022-02-03 20:55:39,362] {logging_mixin.py:109} INFO - [2022-02-03 20:55:39,362] {dag.py:2935} INFO - Setting next_dagrun for latest_only_with_trigger to 2022-02-03T16:55:39.362555+00:00
[2022-02-03 20:55:39,372] {processor.py:171} INFO - Processing /home/airflow/.local/lib/python3.7/site-packages/airflow/example_dags/example_latest_only_with_trigger.py took 0.117 seconds
