[2022-02-03 20:38:36,886] {processor.py:163} INFO - Started process (PID=167) to work on /home/airflow/.local/lib/python3.7/site-packages/airflow/example_dags/example_latest_only.py
[2022-02-03 20:38:36,888] {processor.py:642} INFO - Processing file /home/airflow/.local/lib/python3.7/site-packages/airflow/example_dags/example_latest_only.py for tasks to queue
[2022-02-03 20:38:36,889] {logging_mixin.py:109} INFO - [2022-02-03 20:38:36,889] {dagbag.py:500} INFO - Filling up the DagBag from /home/airflow/.local/lib/python3.7/site-packages/airflow/example_dags/example_latest_only.py
[2022-02-03 20:38:36,927] {processor.py:654} INFO - DAG(s) dict_keys(['latest_only']) retrieved from /home/airflow/.local/lib/python3.7/site-packages/airflow/example_dags/example_latest_only.py
[2022-02-03 20:38:39,531] {logging_mixin.py:109} INFO - [2022-02-03 20:38:39,531] {manager.py:496} INFO - Created Permission View: can read on DAG:latest_only
[2022-02-03 20:38:39,543] {logging_mixin.py:109} INFO - [2022-02-03 20:38:39,543] {manager.py:496} INFO - Created Permission View: can edit on DAG:latest_only
[2022-02-03 20:38:39,544] {logging_mixin.py:109} INFO - [2022-02-03 20:38:39,544] {dag.py:2396} INFO - Sync 1 DAGs
[2022-02-03 20:38:39,552] {logging_mixin.py:109} INFO - [2022-02-03 20:38:39,552] {dag.py:2415} INFO - Creating ORM DAG for latest_only
[2022-02-03 20:38:39,562] {logging_mixin.py:109} INFO - [2022-02-03 20:38:39,562] {dag.py:2935} INFO - Setting next_dagrun for latest_only to 2022-02-03T16:38:39.562525+00:00
[2022-02-03 20:38:39,579] {processor.py:171} INFO - Processing /home/airflow/.local/lib/python3.7/site-packages/airflow/example_dags/example_latest_only.py took 2.697 seconds
[2022-02-03 20:39:10,420] {processor.py:163} INFO - Started process (PID=362) to work on /home/airflow/.local/lib/python3.7/site-packages/airflow/example_dags/example_latest_only.py
[2022-02-03 20:39:10,421] {processor.py:642} INFO - Processing file /home/airflow/.local/lib/python3.7/site-packages/airflow/example_dags/example_latest_only.py for tasks to queue
[2022-02-03 20:39:10,421] {logging_mixin.py:109} INFO - [2022-02-03 20:39:10,421] {dagbag.py:500} INFO - Filling up the DagBag from /home/airflow/.local/lib/python3.7/site-packages/airflow/example_dags/example_latest_only.py
[2022-02-03 20:39:10,442] {processor.py:654} INFO - DAG(s) dict_keys(['latest_only']) retrieved from /home/airflow/.local/lib/python3.7/site-packages/airflow/example_dags/example_latest_only.py
[2022-02-03 20:39:10,450] {logging_mixin.py:109} INFO - [2022-02-03 20:39:10,450] {dag.py:2396} INFO - Sync 1 DAGs
[2022-02-03 20:39:10,462] {logging_mixin.py:109} INFO - [2022-02-03 20:39:10,461] {dag.py:2935} INFO - Setting next_dagrun for latest_only to 2022-02-03T16:39:10.461736+00:00
[2022-02-03 20:39:10,473] {processor.py:171} INFO - Processing /home/airflow/.local/lib/python3.7/site-packages/airflow/example_dags/example_latest_only.py took 0.056 seconds
[2022-02-03 20:39:40,536] {processor.py:163} INFO - Started process (PID=425) to work on /home/airflow/.local/lib/python3.7/site-packages/airflow/example_dags/example_latest_only.py
[2022-02-03 20:39:40,537] {processor.py:642} INFO - Processing file /home/airflow/.local/lib/python3.7/site-packages/airflow/example_dags/example_latest_only.py for tasks to queue
[2022-02-03 20:39:40,538] {logging_mixin.py:109} INFO - [2022-02-03 20:39:40,538] {dagbag.py:500} INFO - Filling up the DagBag from /home/airflow/.local/lib/python3.7/site-packages/airflow/example_dags/example_latest_only.py
[2022-02-03 20:39:40,560] {processor.py:654} INFO - DAG(s) dict_keys(['latest_only']) retrieved from /home/airflow/.local/lib/python3.7/site-packages/airflow/example_dags/example_latest_only.py
[2022-02-03 20:39:40,568] {logging_mixin.py:109} INFO - [2022-02-03 20:39:40,568] {dag.py:2396} INFO - Sync 1 DAGs
[2022-02-03 20:39:40,579] {logging_mixin.py:109} INFO - [2022-02-03 20:39:40,579] {dag.py:2935} INFO - Setting next_dagrun for latest_only to 2022-02-03T16:39:40.579623+00:00
[2022-02-03 20:39:40,588] {processor.py:171} INFO - Processing /home/airflow/.local/lib/python3.7/site-packages/airflow/example_dags/example_latest_only.py took 0.055 seconds
[2022-02-03 20:40:10,753] {processor.py:163} INFO - Started process (PID=475) to work on /home/airflow/.local/lib/python3.7/site-packages/airflow/example_dags/example_latest_only.py
[2022-02-03 20:40:10,755] {processor.py:642} INFO - Processing file /home/airflow/.local/lib/python3.7/site-packages/airflow/example_dags/example_latest_only.py for tasks to queue
[2022-02-03 20:40:10,755] {logging_mixin.py:109} INFO - [2022-02-03 20:40:10,755] {dagbag.py:500} INFO - Filling up the DagBag from /home/airflow/.local/lib/python3.7/site-packages/airflow/example_dags/example_latest_only.py
[2022-02-03 20:40:10,777] {processor.py:654} INFO - DAG(s) dict_keys(['latest_only']) retrieved from /home/airflow/.local/lib/python3.7/site-packages/airflow/example_dags/example_latest_only.py
[2022-02-03 20:40:10,784] {logging_mixin.py:109} INFO - [2022-02-03 20:40:10,784] {dag.py:2396} INFO - Sync 1 DAGs
[2022-02-03 20:40:10,798] {logging_mixin.py:109} INFO - [2022-02-03 20:40:10,798] {dag.py:2935} INFO - Setting next_dagrun for latest_only to 2022-02-03T16:40:10.798543+00:00
[2022-02-03 20:40:10,808] {processor.py:171} INFO - Processing /home/airflow/.local/lib/python3.7/site-packages/airflow/example_dags/example_latest_only.py took 0.057 seconds
[2022-02-03 20:40:41,101] {processor.py:163} INFO - Started process (PID=534) to work on /home/airflow/.local/lib/python3.7/site-packages/airflow/example_dags/example_latest_only.py
[2022-02-03 20:40:41,103] {processor.py:642} INFO - Processing file /home/airflow/.local/lib/python3.7/site-packages/airflow/example_dags/example_latest_only.py for tasks to queue
[2022-02-03 20:40:41,104] {logging_mixin.py:109} INFO - [2022-02-03 20:40:41,103] {dagbag.py:500} INFO - Filling up the DagBag from /home/airflow/.local/lib/python3.7/site-packages/airflow/example_dags/example_latest_only.py
[2022-02-03 20:40:41,128] {processor.py:654} INFO - DAG(s) dict_keys(['latest_only']) retrieved from /home/airflow/.local/lib/python3.7/site-packages/airflow/example_dags/example_latest_only.py
[2022-02-03 20:40:41,137] {logging_mixin.py:109} INFO - [2022-02-03 20:40:41,137] {dag.py:2396} INFO - Sync 1 DAGs
[2022-02-03 20:40:41,150] {logging_mixin.py:109} INFO - [2022-02-03 20:40:41,150] {dag.py:2935} INFO - Setting next_dagrun for latest_only to 2022-02-03T16:40:41.150592+00:00
[2022-02-03 20:40:41,159] {processor.py:171} INFO - Processing /home/airflow/.local/lib/python3.7/site-packages/airflow/example_dags/example_latest_only.py took 0.062 seconds
[2022-02-03 20:41:11,202] {processor.py:163} INFO - Started process (PID=588) to work on /home/airflow/.local/lib/python3.7/site-packages/airflow/example_dags/example_latest_only.py
[2022-02-03 20:41:11,203] {processor.py:642} INFO - Processing file /home/airflow/.local/lib/python3.7/site-packages/airflow/example_dags/example_latest_only.py for tasks to queue
[2022-02-03 20:41:11,204] {logging_mixin.py:109} INFO - [2022-02-03 20:41:11,204] {dagbag.py:500} INFO - Filling up the DagBag from /home/airflow/.local/lib/python3.7/site-packages/airflow/example_dags/example_latest_only.py
[2022-02-03 20:41:11,225] {processor.py:654} INFO - DAG(s) dict_keys(['latest_only']) retrieved from /home/airflow/.local/lib/python3.7/site-packages/airflow/example_dags/example_latest_only.py
[2022-02-03 20:41:11,234] {logging_mixin.py:109} INFO - [2022-02-03 20:41:11,234] {dag.py:2396} INFO - Sync 1 DAGs
[2022-02-03 20:41:11,248] {logging_mixin.py:109} INFO - [2022-02-03 20:41:11,248] {dag.py:2935} INFO - Setting next_dagrun for latest_only to 2022-02-03T16:41:11.248015+00:00
[2022-02-03 20:41:11,260] {processor.py:171} INFO - Processing /home/airflow/.local/lib/python3.7/site-packages/airflow/example_dags/example_latest_only.py took 0.060 seconds
[2022-02-03 20:41:41,317] {processor.py:163} INFO - Started process (PID=648) to work on /home/airflow/.local/lib/python3.7/site-packages/airflow/example_dags/example_latest_only.py
[2022-02-03 20:41:41,318] {processor.py:642} INFO - Processing file /home/airflow/.local/lib/python3.7/site-packages/airflow/example_dags/example_latest_only.py for tasks to queue
[2022-02-03 20:41:41,319] {logging_mixin.py:109} INFO - [2022-02-03 20:41:41,319] {dagbag.py:500} INFO - Filling up the DagBag from /home/airflow/.local/lib/python3.7/site-packages/airflow/example_dags/example_latest_only.py
[2022-02-03 20:41:41,339] {processor.py:654} INFO - DAG(s) dict_keys(['latest_only']) retrieved from /home/airflow/.local/lib/python3.7/site-packages/airflow/example_dags/example_latest_only.py
[2022-02-03 20:41:41,347] {logging_mixin.py:109} INFO - [2022-02-03 20:41:41,347] {dag.py:2396} INFO - Sync 1 DAGs
[2022-02-03 20:41:41,360] {logging_mixin.py:109} INFO - [2022-02-03 20:41:41,359] {dag.py:2935} INFO - Setting next_dagrun for latest_only to 2022-02-03T16:41:41.359696+00:00
[2022-02-03 20:41:41,368] {processor.py:171} INFO - Processing /home/airflow/.local/lib/python3.7/site-packages/airflow/example_dags/example_latest_only.py took 0.054 seconds
[2022-02-03 20:42:11,523] {processor.py:163} INFO - Started process (PID=699) to work on /home/airflow/.local/lib/python3.7/site-packages/airflow/example_dags/example_latest_only.py
[2022-02-03 20:42:11,524] {processor.py:642} INFO - Processing file /home/airflow/.local/lib/python3.7/site-packages/airflow/example_dags/example_latest_only.py for tasks to queue
[2022-02-03 20:42:11,525] {logging_mixin.py:109} INFO - [2022-02-03 20:42:11,525] {dagbag.py:500} INFO - Filling up the DagBag from /home/airflow/.local/lib/python3.7/site-packages/airflow/example_dags/example_latest_only.py
[2022-02-03 20:42:11,545] {processor.py:654} INFO - DAG(s) dict_keys(['latest_only']) retrieved from /home/airflow/.local/lib/python3.7/site-packages/airflow/example_dags/example_latest_only.py
[2022-02-03 20:42:11,553] {logging_mixin.py:109} INFO - [2022-02-03 20:42:11,553] {dag.py:2396} INFO - Sync 1 DAGs
[2022-02-03 20:42:11,565] {logging_mixin.py:109} INFO - [2022-02-03 20:42:11,564] {dag.py:2935} INFO - Setting next_dagrun for latest_only to 2022-02-03T16:42:11.564544+00:00
[2022-02-03 20:42:11,576] {processor.py:171} INFO - Processing /home/airflow/.local/lib/python3.7/site-packages/airflow/example_dags/example_latest_only.py took 0.055 seconds
[2022-02-03 20:42:41,635] {processor.py:163} INFO - Started process (PID=757) to work on /home/airflow/.local/lib/python3.7/site-packages/airflow/example_dags/example_latest_only.py
[2022-02-03 20:42:41,636] {processor.py:642} INFO - Processing file /home/airflow/.local/lib/python3.7/site-packages/airflow/example_dags/example_latest_only.py for tasks to queue
[2022-02-03 20:42:41,637] {logging_mixin.py:109} INFO - [2022-02-03 20:42:41,637] {dagbag.py:500} INFO - Filling up the DagBag from /home/airflow/.local/lib/python3.7/site-packages/airflow/example_dags/example_latest_only.py
[2022-02-03 20:42:41,661] {processor.py:654} INFO - DAG(s) dict_keys(['latest_only']) retrieved from /home/airflow/.local/lib/python3.7/site-packages/airflow/example_dags/example_latest_only.py
[2022-02-03 20:42:41,672] {logging_mixin.py:109} INFO - [2022-02-03 20:42:41,671] {dag.py:2396} INFO - Sync 1 DAGs
[2022-02-03 20:42:41,689] {logging_mixin.py:109} INFO - [2022-02-03 20:42:41,689] {dag.py:2935} INFO - Setting next_dagrun for latest_only to 2022-02-03T16:42:41.688871+00:00
[2022-02-03 20:42:41,698] {processor.py:171} INFO - Processing /home/airflow/.local/lib/python3.7/site-packages/airflow/example_dags/example_latest_only.py took 0.066 seconds
[2022-02-03 20:43:11,845] {processor.py:163} INFO - Started process (PID=811) to work on /home/airflow/.local/lib/python3.7/site-packages/airflow/example_dags/example_latest_only.py
[2022-02-03 20:43:11,846] {processor.py:642} INFO - Processing file /home/airflow/.local/lib/python3.7/site-packages/airflow/example_dags/example_latest_only.py for tasks to queue
[2022-02-03 20:43:11,847] {logging_mixin.py:109} INFO - [2022-02-03 20:43:11,847] {dagbag.py:500} INFO - Filling up the DagBag from /home/airflow/.local/lib/python3.7/site-packages/airflow/example_dags/example_latest_only.py
[2022-02-03 20:43:11,868] {processor.py:654} INFO - DAG(s) dict_keys(['latest_only']) retrieved from /home/airflow/.local/lib/python3.7/site-packages/airflow/example_dags/example_latest_only.py
[2022-02-03 20:43:11,878] {logging_mixin.py:109} INFO - [2022-02-03 20:43:11,878] {dag.py:2396} INFO - Sync 1 DAGs
[2022-02-03 20:43:11,891] {logging_mixin.py:109} INFO - [2022-02-03 20:43:11,891] {dag.py:2935} INFO - Setting next_dagrun for latest_only to 2022-02-03T16:43:11.891022+00:00
[2022-02-03 20:43:11,902] {processor.py:171} INFO - Processing /home/airflow/.local/lib/python3.7/site-packages/airflow/example_dags/example_latest_only.py took 0.060 seconds
[2022-02-03 20:43:41,994] {processor.py:163} INFO - Started process (PID=870) to work on /home/airflow/.local/lib/python3.7/site-packages/airflow/example_dags/example_latest_only.py
[2022-02-03 20:43:41,995] {processor.py:642} INFO - Processing file /home/airflow/.local/lib/python3.7/site-packages/airflow/example_dags/example_latest_only.py for tasks to queue
[2022-02-03 20:43:41,996] {logging_mixin.py:109} INFO - [2022-02-03 20:43:41,996] {dagbag.py:500} INFO - Filling up the DagBag from /home/airflow/.local/lib/python3.7/site-packages/airflow/example_dags/example_latest_only.py
[2022-02-03 20:43:42,017] {processor.py:654} INFO - DAG(s) dict_keys(['latest_only']) retrieved from /home/airflow/.local/lib/python3.7/site-packages/airflow/example_dags/example_latest_only.py
[2022-02-03 20:43:42,025] {logging_mixin.py:109} INFO - [2022-02-03 20:43:42,025] {dag.py:2396} INFO - Sync 1 DAGs
[2022-02-03 20:43:42,038] {logging_mixin.py:109} INFO - [2022-02-03 20:43:42,038] {dag.py:2935} INFO - Setting next_dagrun for latest_only to 2022-02-03T16:43:42.038329+00:00
[2022-02-03 20:43:42,047] {processor.py:171} INFO - Processing /home/airflow/.local/lib/python3.7/site-packages/airflow/example_dags/example_latest_only.py took 0.056 seconds
[2022-02-03 20:44:12,772] {processor.py:163} INFO - Started process (PID=922) to work on /home/airflow/.local/lib/python3.7/site-packages/airflow/example_dags/example_latest_only.py
[2022-02-03 20:44:12,773] {processor.py:642} INFO - Processing file /home/airflow/.local/lib/python3.7/site-packages/airflow/example_dags/example_latest_only.py for tasks to queue
[2022-02-03 20:44:12,773] {logging_mixin.py:109} INFO - [2022-02-03 20:44:12,773] {dagbag.py:500} INFO - Filling up the DagBag from /home/airflow/.local/lib/python3.7/site-packages/airflow/example_dags/example_latest_only.py
[2022-02-03 20:44:12,793] {processor.py:654} INFO - DAG(s) dict_keys(['latest_only']) retrieved from /home/airflow/.local/lib/python3.7/site-packages/airflow/example_dags/example_latest_only.py
[2022-02-03 20:44:12,801] {logging_mixin.py:109} INFO - [2022-02-03 20:44:12,801] {dag.py:2396} INFO - Sync 1 DAGs
[2022-02-03 20:44:12,813] {logging_mixin.py:109} INFO - [2022-02-03 20:44:12,813] {dag.py:2935} INFO - Setting next_dagrun for latest_only to 2022-02-03T16:44:12.813085+00:00
[2022-02-03 20:44:12,825] {processor.py:171} INFO - Processing /home/airflow/.local/lib/python3.7/site-packages/airflow/example_dags/example_latest_only.py took 0.056 seconds
[2022-02-03 20:44:43,235] {processor.py:163} INFO - Started process (PID=980) to work on /home/airflow/.local/lib/python3.7/site-packages/airflow/example_dags/example_latest_only.py
[2022-02-03 20:44:43,237] {processor.py:642} INFO - Processing file /home/airflow/.local/lib/python3.7/site-packages/airflow/example_dags/example_latest_only.py for tasks to queue
[2022-02-03 20:44:43,237] {logging_mixin.py:109} INFO - [2022-02-03 20:44:43,237] {dagbag.py:500} INFO - Filling up the DagBag from /home/airflow/.local/lib/python3.7/site-packages/airflow/example_dags/example_latest_only.py
[2022-02-03 20:44:43,259] {processor.py:654} INFO - DAG(s) dict_keys(['latest_only']) retrieved from /home/airflow/.local/lib/python3.7/site-packages/airflow/example_dags/example_latest_only.py
[2022-02-03 20:44:43,268] {logging_mixin.py:109} INFO - [2022-02-03 20:44:43,268] {dag.py:2396} INFO - Sync 1 DAGs
[2022-02-03 20:44:43,281] {logging_mixin.py:109} INFO - [2022-02-03 20:44:43,281] {dag.py:2935} INFO - Setting next_dagrun for latest_only to 2022-02-03T16:44:43.281484+00:00
[2022-02-03 20:44:43,290] {processor.py:171} INFO - Processing /home/airflow/.local/lib/python3.7/site-packages/airflow/example_dags/example_latest_only.py took 0.058 seconds
[2022-02-03 20:45:13,855] {processor.py:163} INFO - Started process (PID=1034) to work on /home/airflow/.local/lib/python3.7/site-packages/airflow/example_dags/example_latest_only.py
[2022-02-03 20:45:13,856] {processor.py:642} INFO - Processing file /home/airflow/.local/lib/python3.7/site-packages/airflow/example_dags/example_latest_only.py for tasks to queue
[2022-02-03 20:45:13,857] {logging_mixin.py:109} INFO - [2022-02-03 20:45:13,857] {dagbag.py:500} INFO - Filling up the DagBag from /home/airflow/.local/lib/python3.7/site-packages/airflow/example_dags/example_latest_only.py
[2022-02-03 20:45:13,877] {processor.py:654} INFO - DAG(s) dict_keys(['latest_only']) retrieved from /home/airflow/.local/lib/python3.7/site-packages/airflow/example_dags/example_latest_only.py
[2022-02-03 20:45:13,884] {logging_mixin.py:109} INFO - [2022-02-03 20:45:13,884] {dag.py:2396} INFO - Sync 1 DAGs
[2022-02-03 20:45:13,896] {logging_mixin.py:109} INFO - [2022-02-03 20:45:13,896] {dag.py:2935} INFO - Setting next_dagrun for latest_only to 2022-02-03T16:45:13.895840+00:00
[2022-02-03 20:45:13,907] {processor.py:171} INFO - Processing /home/airflow/.local/lib/python3.7/site-packages/airflow/example_dags/example_latest_only.py took 0.055 seconds
[2022-02-03 20:45:44,427] {processor.py:163} INFO - Started process (PID=1085) to work on /home/airflow/.local/lib/python3.7/site-packages/airflow/example_dags/example_latest_only.py
[2022-02-03 20:45:44,428] {processor.py:642} INFO - Processing file /home/airflow/.local/lib/python3.7/site-packages/airflow/example_dags/example_latest_only.py for tasks to queue
[2022-02-03 20:45:44,429] {logging_mixin.py:109} INFO - [2022-02-03 20:45:44,429] {dagbag.py:500} INFO - Filling up the DagBag from /home/airflow/.local/lib/python3.7/site-packages/airflow/example_dags/example_latest_only.py
[2022-02-03 20:45:44,449] {processor.py:654} INFO - DAG(s) dict_keys(['latest_only']) retrieved from /home/airflow/.local/lib/python3.7/site-packages/airflow/example_dags/example_latest_only.py
[2022-02-03 20:45:44,457] {logging_mixin.py:109} INFO - [2022-02-03 20:45:44,456] {dag.py:2396} INFO - Sync 1 DAGs
[2022-02-03 20:45:44,470] {logging_mixin.py:109} INFO - [2022-02-03 20:45:44,470] {dag.py:2935} INFO - Setting next_dagrun for latest_only to 2022-02-03T16:45:44.469963+00:00
[2022-02-03 20:45:44,479] {processor.py:171} INFO - Processing /home/airflow/.local/lib/python3.7/site-packages/airflow/example_dags/example_latest_only.py took 0.054 seconds
[2022-02-03 20:46:14,898] {processor.py:163} INFO - Started process (PID=1147) to work on /home/airflow/.local/lib/python3.7/site-packages/airflow/example_dags/example_latest_only.py
[2022-02-03 20:46:14,899] {processor.py:642} INFO - Processing file /home/airflow/.local/lib/python3.7/site-packages/airflow/example_dags/example_latest_only.py for tasks to queue
[2022-02-03 20:46:14,900] {logging_mixin.py:109} INFO - [2022-02-03 20:46:14,900] {dagbag.py:500} INFO - Filling up the DagBag from /home/airflow/.local/lib/python3.7/site-packages/airflow/example_dags/example_latest_only.py
[2022-02-03 20:46:14,921] {processor.py:654} INFO - DAG(s) dict_keys(['latest_only']) retrieved from /home/airflow/.local/lib/python3.7/site-packages/airflow/example_dags/example_latest_only.py
[2022-02-03 20:46:14,930] {logging_mixin.py:109} INFO - [2022-02-03 20:46:14,930] {dag.py:2396} INFO - Sync 1 DAGs
[2022-02-03 20:46:14,945] {logging_mixin.py:109} INFO - [2022-02-03 20:46:14,945] {dag.py:2935} INFO - Setting next_dagrun for latest_only to 2022-02-03T16:46:14.945058+00:00
[2022-02-03 20:46:14,954] {processor.py:171} INFO - Processing /home/airflow/.local/lib/python3.7/site-packages/airflow/example_dags/example_latest_only.py took 0.059 seconds
[2022-02-03 20:46:45,405] {processor.py:163} INFO - Started process (PID=1207) to work on /home/airflow/.local/lib/python3.7/site-packages/airflow/example_dags/example_latest_only.py
[2022-02-03 20:46:45,406] {processor.py:642} INFO - Processing file /home/airflow/.local/lib/python3.7/site-packages/airflow/example_dags/example_latest_only.py for tasks to queue
[2022-02-03 20:46:45,407] {logging_mixin.py:109} INFO - [2022-02-03 20:46:45,406] {dagbag.py:500} INFO - Filling up the DagBag from /home/airflow/.local/lib/python3.7/site-packages/airflow/example_dags/example_latest_only.py
[2022-02-03 20:46:45,427] {processor.py:654} INFO - DAG(s) dict_keys(['latest_only']) retrieved from /home/airflow/.local/lib/python3.7/site-packages/airflow/example_dags/example_latest_only.py
[2022-02-03 20:46:45,435] {logging_mixin.py:109} INFO - [2022-02-03 20:46:45,435] {dag.py:2396} INFO - Sync 1 DAGs
[2022-02-03 20:46:45,450] {logging_mixin.py:109} INFO - [2022-02-03 20:46:45,450] {dag.py:2935} INFO - Setting next_dagrun for latest_only to 2022-02-03T16:46:45.449818+00:00
[2022-02-03 20:46:45,461] {processor.py:171} INFO - Processing /home/airflow/.local/lib/python3.7/site-packages/airflow/example_dags/example_latest_only.py took 0.059 seconds
[2022-02-03 20:47:15,939] {processor.py:163} INFO - Started process (PID=1259) to work on /home/airflow/.local/lib/python3.7/site-packages/airflow/example_dags/example_latest_only.py
[2022-02-03 20:47:15,940] {processor.py:642} INFO - Processing file /home/airflow/.local/lib/python3.7/site-packages/airflow/example_dags/example_latest_only.py for tasks to queue
[2022-02-03 20:47:15,941] {logging_mixin.py:109} INFO - [2022-02-03 20:47:15,940] {dagbag.py:500} INFO - Filling up the DagBag from /home/airflow/.local/lib/python3.7/site-packages/airflow/example_dags/example_latest_only.py
[2022-02-03 20:47:15,964] {processor.py:654} INFO - DAG(s) dict_keys(['latest_only']) retrieved from /home/airflow/.local/lib/python3.7/site-packages/airflow/example_dags/example_latest_only.py
[2022-02-03 20:47:15,973] {logging_mixin.py:109} INFO - [2022-02-03 20:47:15,973] {dag.py:2396} INFO - Sync 1 DAGs
[2022-02-03 20:47:15,988] {logging_mixin.py:109} INFO - [2022-02-03 20:47:15,987] {dag.py:2935} INFO - Setting next_dagrun for latest_only to 2022-02-03T16:47:15.987681+00:00
[2022-02-03 20:47:15,997] {processor.py:171} INFO - Processing /home/airflow/.local/lib/python3.7/site-packages/airflow/example_dags/example_latest_only.py took 0.062 seconds
[2022-02-03 20:47:46,475] {processor.py:163} INFO - Started process (PID=1319) to work on /home/airflow/.local/lib/python3.7/site-packages/airflow/example_dags/example_latest_only.py
[2022-02-03 20:47:46,476] {processor.py:642} INFO - Processing file /home/airflow/.local/lib/python3.7/site-packages/airflow/example_dags/example_latest_only.py for tasks to queue
[2022-02-03 20:47:46,477] {logging_mixin.py:109} INFO - [2022-02-03 20:47:46,476] {dagbag.py:500} INFO - Filling up the DagBag from /home/airflow/.local/lib/python3.7/site-packages/airflow/example_dags/example_latest_only.py
[2022-02-03 20:47:46,498] {processor.py:654} INFO - DAG(s) dict_keys(['latest_only']) retrieved from /home/airflow/.local/lib/python3.7/site-packages/airflow/example_dags/example_latest_only.py
[2022-02-03 20:47:46,507] {logging_mixin.py:109} INFO - [2022-02-03 20:47:46,507] {dag.py:2396} INFO - Sync 1 DAGs
[2022-02-03 20:47:46,521] {logging_mixin.py:109} INFO - [2022-02-03 20:47:46,521] {dag.py:2935} INFO - Setting next_dagrun for latest_only to 2022-02-03T16:47:46.520965+00:00
[2022-02-03 20:47:46,533] {processor.py:171} INFO - Processing /home/airflow/.local/lib/python3.7/site-packages/airflow/example_dags/example_latest_only.py took 0.061 seconds
[2022-02-03 20:48:17,116] {processor.py:163} INFO - Started process (PID=1371) to work on /home/airflow/.local/lib/python3.7/site-packages/airflow/example_dags/example_latest_only.py
[2022-02-03 20:48:17,118] {processor.py:642} INFO - Processing file /home/airflow/.local/lib/python3.7/site-packages/airflow/example_dags/example_latest_only.py for tasks to queue
[2022-02-03 20:48:17,118] {logging_mixin.py:109} INFO - [2022-02-03 20:48:17,118] {dagbag.py:500} INFO - Filling up the DagBag from /home/airflow/.local/lib/python3.7/site-packages/airflow/example_dags/example_latest_only.py
[2022-02-03 20:48:17,145] {processor.py:654} INFO - DAG(s) dict_keys(['latest_only']) retrieved from /home/airflow/.local/lib/python3.7/site-packages/airflow/example_dags/example_latest_only.py
[2022-02-03 20:48:17,155] {logging_mixin.py:109} INFO - [2022-02-03 20:48:17,155] {dag.py:2396} INFO - Sync 1 DAGs
[2022-02-03 20:48:17,172] {logging_mixin.py:109} INFO - [2022-02-03 20:48:17,172] {dag.py:2935} INFO - Setting next_dagrun for latest_only to 2022-02-03T16:48:17.172274+00:00
[2022-02-03 20:48:17,184] {processor.py:171} INFO - Processing /home/airflow/.local/lib/python3.7/site-packages/airflow/example_dags/example_latest_only.py took 0.071 seconds
[2022-02-03 20:48:47,698] {processor.py:163} INFO - Started process (PID=1433) to work on /home/airflow/.local/lib/python3.7/site-packages/airflow/example_dags/example_latest_only.py
[2022-02-03 20:48:47,699] {processor.py:642} INFO - Processing file /home/airflow/.local/lib/python3.7/site-packages/airflow/example_dags/example_latest_only.py for tasks to queue
[2022-02-03 20:48:47,700] {logging_mixin.py:109} INFO - [2022-02-03 20:48:47,700] {dagbag.py:500} INFO - Filling up the DagBag from /home/airflow/.local/lib/python3.7/site-packages/airflow/example_dags/example_latest_only.py
[2022-02-03 20:48:47,720] {processor.py:654} INFO - DAG(s) dict_keys(['latest_only']) retrieved from /home/airflow/.local/lib/python3.7/site-packages/airflow/example_dags/example_latest_only.py
[2022-02-03 20:48:47,728] {logging_mixin.py:109} INFO - [2022-02-03 20:48:47,728] {dag.py:2396} INFO - Sync 1 DAGs
[2022-02-03 20:48:47,740] {logging_mixin.py:109} INFO - [2022-02-03 20:48:47,740] {dag.py:2935} INFO - Setting next_dagrun for latest_only to 2022-02-03T16:48:47.740535+00:00
[2022-02-03 20:48:47,753] {processor.py:171} INFO - Processing /home/airflow/.local/lib/python3.7/site-packages/airflow/example_dags/example_latest_only.py took 0.057 seconds
[2022-02-03 20:49:18,140] {processor.py:163} INFO - Started process (PID=1484) to work on /home/airflow/.local/lib/python3.7/site-packages/airflow/example_dags/example_latest_only.py
[2022-02-03 20:49:18,141] {processor.py:642} INFO - Processing file /home/airflow/.local/lib/python3.7/site-packages/airflow/example_dags/example_latest_only.py for tasks to queue
[2022-02-03 20:49:18,142] {logging_mixin.py:109} INFO - [2022-02-03 20:49:18,142] {dagbag.py:500} INFO - Filling up the DagBag from /home/airflow/.local/lib/python3.7/site-packages/airflow/example_dags/example_latest_only.py
[2022-02-03 20:49:18,163] {processor.py:654} INFO - DAG(s) dict_keys(['latest_only']) retrieved from /home/airflow/.local/lib/python3.7/site-packages/airflow/example_dags/example_latest_only.py
[2022-02-03 20:49:18,171] {logging_mixin.py:109} INFO - [2022-02-03 20:49:18,171] {dag.py:2396} INFO - Sync 1 DAGs
[2022-02-03 20:49:18,184] {logging_mixin.py:109} INFO - [2022-02-03 20:49:18,184] {dag.py:2935} INFO - Setting next_dagrun for latest_only to 2022-02-03T16:49:18.184370+00:00
[2022-02-03 20:49:18,193] {processor.py:171} INFO - Processing /home/airflow/.local/lib/python3.7/site-packages/airflow/example_dags/example_latest_only.py took 0.056 seconds
[2022-02-03 20:49:48,238] {processor.py:163} INFO - Started process (PID=1545) to work on /home/airflow/.local/lib/python3.7/site-packages/airflow/example_dags/example_latest_only.py
[2022-02-03 20:49:48,239] {processor.py:642} INFO - Processing file /home/airflow/.local/lib/python3.7/site-packages/airflow/example_dags/example_latest_only.py for tasks to queue
[2022-02-03 20:49:48,240] {logging_mixin.py:109} INFO - [2022-02-03 20:49:48,240] {dagbag.py:500} INFO - Filling up the DagBag from /home/airflow/.local/lib/python3.7/site-packages/airflow/example_dags/example_latest_only.py
[2022-02-03 20:49:48,265] {processor.py:654} INFO - DAG(s) dict_keys(['latest_only']) retrieved from /home/airflow/.local/lib/python3.7/site-packages/airflow/example_dags/example_latest_only.py
[2022-02-03 20:49:48,277] {logging_mixin.py:109} INFO - [2022-02-03 20:49:48,277] {dag.py:2396} INFO - Sync 1 DAGs
[2022-02-03 20:49:48,292] {logging_mixin.py:109} INFO - [2022-02-03 20:49:48,292] {dag.py:2935} INFO - Setting next_dagrun for latest_only to 2022-02-03T16:49:48.292553+00:00
[2022-02-03 20:49:48,304] {processor.py:171} INFO - Processing /home/airflow/.local/lib/python3.7/site-packages/airflow/example_dags/example_latest_only.py took 0.069 seconds
[2022-02-03 20:50:19,050] {processor.py:163} INFO - Started process (PID=1596) to work on /home/airflow/.local/lib/python3.7/site-packages/airflow/example_dags/example_latest_only.py
[2022-02-03 20:50:19,052] {processor.py:642} INFO - Processing file /home/airflow/.local/lib/python3.7/site-packages/airflow/example_dags/example_latest_only.py for tasks to queue
[2022-02-03 20:50:19,052] {logging_mixin.py:109} INFO - [2022-02-03 20:50:19,052] {dagbag.py:500} INFO - Filling up the DagBag from /home/airflow/.local/lib/python3.7/site-packages/airflow/example_dags/example_latest_only.py
[2022-02-03 20:50:19,076] {processor.py:654} INFO - DAG(s) dict_keys(['latest_only']) retrieved from /home/airflow/.local/lib/python3.7/site-packages/airflow/example_dags/example_latest_only.py
[2022-02-03 20:50:19,084] {logging_mixin.py:109} INFO - [2022-02-03 20:50:19,083] {dag.py:2396} INFO - Sync 1 DAGs
[2022-02-03 20:50:19,095] {logging_mixin.py:109} INFO - [2022-02-03 20:50:19,095] {dag.py:2935} INFO - Setting next_dagrun for latest_only to 2022-02-03T16:50:19.094794+00:00
[2022-02-03 20:50:19,106] {processor.py:171} INFO - Processing /home/airflow/.local/lib/python3.7/site-packages/airflow/example_dags/example_latest_only.py took 0.059 seconds
[2022-02-03 20:50:49,183] {processor.py:163} INFO - Started process (PID=1657) to work on /home/airflow/.local/lib/python3.7/site-packages/airflow/example_dags/example_latest_only.py
[2022-02-03 20:50:49,185] {processor.py:642} INFO - Processing file /home/airflow/.local/lib/python3.7/site-packages/airflow/example_dags/example_latest_only.py for tasks to queue
[2022-02-03 20:50:49,186] {logging_mixin.py:109} INFO - [2022-02-03 20:50:49,185] {dagbag.py:500} INFO - Filling up the DagBag from /home/airflow/.local/lib/python3.7/site-packages/airflow/example_dags/example_latest_only.py
[2022-02-03 20:50:49,214] {processor.py:654} INFO - DAG(s) dict_keys(['latest_only']) retrieved from /home/airflow/.local/lib/python3.7/site-packages/airflow/example_dags/example_latest_only.py
[2022-02-03 20:50:49,226] {logging_mixin.py:109} INFO - [2022-02-03 20:50:49,226] {dag.py:2396} INFO - Sync 1 DAGs
[2022-02-03 20:50:49,247] {logging_mixin.py:109} INFO - [2022-02-03 20:50:49,247] {dag.py:2935} INFO - Setting next_dagrun for latest_only to 2022-02-03T16:50:49.246901+00:00
[2022-02-03 20:50:49,258] {processor.py:171} INFO - Processing /home/airflow/.local/lib/python3.7/site-packages/airflow/example_dags/example_latest_only.py took 0.078 seconds
[2022-02-03 20:51:19,528] {processor.py:163} INFO - Started process (PID=1707) to work on /home/airflow/.local/lib/python3.7/site-packages/airflow/example_dags/example_latest_only.py
[2022-02-03 20:51:19,529] {processor.py:642} INFO - Processing file /home/airflow/.local/lib/python3.7/site-packages/airflow/example_dags/example_latest_only.py for tasks to queue
[2022-02-03 20:51:19,530] {logging_mixin.py:109} INFO - [2022-02-03 20:51:19,529] {dagbag.py:500} INFO - Filling up the DagBag from /home/airflow/.local/lib/python3.7/site-packages/airflow/example_dags/example_latest_only.py
[2022-02-03 20:51:19,550] {processor.py:654} INFO - DAG(s) dict_keys(['latest_only']) retrieved from /home/airflow/.local/lib/python3.7/site-packages/airflow/example_dags/example_latest_only.py
[2022-02-03 20:51:19,557] {logging_mixin.py:109} INFO - [2022-02-03 20:51:19,557] {dag.py:2396} INFO - Sync 1 DAGs
[2022-02-03 20:51:19,572] {logging_mixin.py:109} INFO - [2022-02-03 20:51:19,572] {dag.py:2935} INFO - Setting next_dagrun for latest_only to 2022-02-03T16:51:19.571848+00:00
[2022-02-03 20:51:19,581] {processor.py:171} INFO - Processing /home/airflow/.local/lib/python3.7/site-packages/airflow/example_dags/example_latest_only.py took 0.056 seconds
[2022-02-03 20:51:50,059] {processor.py:163} INFO - Started process (PID=1767) to work on /home/airflow/.local/lib/python3.7/site-packages/airflow/example_dags/example_latest_only.py
[2022-02-03 20:51:50,061] {processor.py:642} INFO - Processing file /home/airflow/.local/lib/python3.7/site-packages/airflow/example_dags/example_latest_only.py for tasks to queue
[2022-02-03 20:51:50,062] {logging_mixin.py:109} INFO - [2022-02-03 20:51:50,061] {dagbag.py:500} INFO - Filling up the DagBag from /home/airflow/.local/lib/python3.7/site-packages/airflow/example_dags/example_latest_only.py
[2022-02-03 20:51:50,097] {processor.py:654} INFO - DAG(s) dict_keys(['latest_only']) retrieved from /home/airflow/.local/lib/python3.7/site-packages/airflow/example_dags/example_latest_only.py
[2022-02-03 20:51:50,112] {logging_mixin.py:109} INFO - [2022-02-03 20:51:50,111] {dag.py:2396} INFO - Sync 1 DAGs
[2022-02-03 20:51:50,135] {logging_mixin.py:109} INFO - [2022-02-03 20:51:50,135] {dag.py:2935} INFO - Setting next_dagrun for latest_only to 2022-02-03T16:51:50.134727+00:00
[2022-02-03 20:51:50,253] {processor.py:171} INFO - Processing /home/airflow/.local/lib/python3.7/site-packages/airflow/example_dags/example_latest_only.py took 0.198 seconds
[2022-02-03 20:52:21,026] {processor.py:163} INFO - Started process (PID=1818) to work on /home/airflow/.local/lib/python3.7/site-packages/airflow/example_dags/example_latest_only.py
[2022-02-03 20:52:21,028] {processor.py:642} INFO - Processing file /home/airflow/.local/lib/python3.7/site-packages/airflow/example_dags/example_latest_only.py for tasks to queue
[2022-02-03 20:52:21,029] {logging_mixin.py:109} INFO - [2022-02-03 20:52:21,029] {dagbag.py:500} INFO - Filling up the DagBag from /home/airflow/.local/lib/python3.7/site-packages/airflow/example_dags/example_latest_only.py
[2022-02-03 20:52:21,059] {processor.py:654} INFO - DAG(s) dict_keys(['latest_only']) retrieved from /home/airflow/.local/lib/python3.7/site-packages/airflow/example_dags/example_latest_only.py
[2022-02-03 20:52:21,074] {logging_mixin.py:109} INFO - [2022-02-03 20:52:21,074] {dag.py:2396} INFO - Sync 1 DAGs
[2022-02-03 20:52:21,176] {logging_mixin.py:109} INFO - [2022-02-03 20:52:21,176] {dag.py:2935} INFO - Setting next_dagrun for latest_only to 2022-02-03T16:52:21.175952+00:00
[2022-02-03 20:52:21,190] {processor.py:171} INFO - Processing /home/airflow/.local/lib/python3.7/site-packages/airflow/example_dags/example_latest_only.py took 0.166 seconds
[2022-02-03 20:52:51,913] {processor.py:163} INFO - Started process (PID=1869) to work on /home/airflow/.local/lib/python3.7/site-packages/airflow/example_dags/example_latest_only.py
[2022-02-03 20:52:51,914] {processor.py:642} INFO - Processing file /home/airflow/.local/lib/python3.7/site-packages/airflow/example_dags/example_latest_only.py for tasks to queue
[2022-02-03 20:52:51,915] {logging_mixin.py:109} INFO - [2022-02-03 20:52:51,915] {dagbag.py:500} INFO - Filling up the DagBag from /home/airflow/.local/lib/python3.7/site-packages/airflow/example_dags/example_latest_only.py
[2022-02-03 20:52:51,938] {processor.py:654} INFO - DAG(s) dict_keys(['latest_only']) retrieved from /home/airflow/.local/lib/python3.7/site-packages/airflow/example_dags/example_latest_only.py
[2022-02-03 20:52:51,948] {logging_mixin.py:109} INFO - [2022-02-03 20:52:51,948] {dag.py:2396} INFO - Sync 1 DAGs
[2022-02-03 20:52:52,035] {logging_mixin.py:109} INFO - [2022-02-03 20:52:52,035] {dag.py:2935} INFO - Setting next_dagrun for latest_only to 2022-02-03T16:52:52.035235+00:00
[2022-02-03 20:52:52,044] {processor.py:171} INFO - Processing /home/airflow/.local/lib/python3.7/site-packages/airflow/example_dags/example_latest_only.py took 0.135 seconds
[2022-02-03 20:53:22,837] {processor.py:163} INFO - Started process (PID=1929) to work on /home/airflow/.local/lib/python3.7/site-packages/airflow/example_dags/example_latest_only.py
[2022-02-03 20:53:22,838] {processor.py:642} INFO - Processing file /home/airflow/.local/lib/python3.7/site-packages/airflow/example_dags/example_latest_only.py for tasks to queue
[2022-02-03 20:53:22,839] {logging_mixin.py:109} INFO - [2022-02-03 20:53:22,839] {dagbag.py:500} INFO - Filling up the DagBag from /home/airflow/.local/lib/python3.7/site-packages/airflow/example_dags/example_latest_only.py
[2022-02-03 20:53:22,866] {processor.py:654} INFO - DAG(s) dict_keys(['latest_only']) retrieved from /home/airflow/.local/lib/python3.7/site-packages/airflow/example_dags/example_latest_only.py
[2022-02-03 20:53:22,959] {logging_mixin.py:109} INFO - [2022-02-03 20:53:22,959] {dag.py:2396} INFO - Sync 1 DAGs
[2022-02-03 20:53:22,973] {logging_mixin.py:109} INFO - [2022-02-03 20:53:22,973] {dag.py:2935} INFO - Setting next_dagrun for latest_only to 2022-02-03T16:53:22.973523+00:00
[2022-02-03 20:53:22,984] {processor.py:171} INFO - Processing /home/airflow/.local/lib/python3.7/site-packages/airflow/example_dags/example_latest_only.py took 0.151 seconds
[2022-02-03 20:53:53,315] {processor.py:163} INFO - Started process (PID=1980) to work on /home/airflow/.local/lib/python3.7/site-packages/airflow/example_dags/example_latest_only.py
[2022-02-03 20:53:53,316] {processor.py:642} INFO - Processing file /home/airflow/.local/lib/python3.7/site-packages/airflow/example_dags/example_latest_only.py for tasks to queue
[2022-02-03 20:53:53,317] {logging_mixin.py:109} INFO - [2022-02-03 20:53:53,317] {dagbag.py:500} INFO - Filling up the DagBag from /home/airflow/.local/lib/python3.7/site-packages/airflow/example_dags/example_latest_only.py
[2022-02-03 20:53:53,429] {processor.py:654} INFO - DAG(s) dict_keys(['latest_only']) retrieved from /home/airflow/.local/lib/python3.7/site-packages/airflow/example_dags/example_latest_only.py
[2022-02-03 20:53:53,438] {logging_mixin.py:109} INFO - [2022-02-03 20:53:53,438] {dag.py:2396} INFO - Sync 1 DAGs
[2022-02-03 20:53:53,454] {logging_mixin.py:109} INFO - [2022-02-03 20:53:53,454] {dag.py:2935} INFO - Setting next_dagrun for latest_only to 2022-02-03T16:53:53.454088+00:00
[2022-02-03 20:53:53,465] {processor.py:171} INFO - Processing /home/airflow/.local/lib/python3.7/site-packages/airflow/example_dags/example_latest_only.py took 0.154 seconds
[2022-02-03 20:54:23,649] {processor.py:163} INFO - Started process (PID=2041) to work on /home/airflow/.local/lib/python3.7/site-packages/airflow/example_dags/example_latest_only.py
[2022-02-03 20:54:23,651] {processor.py:642} INFO - Processing file /home/airflow/.local/lib/python3.7/site-packages/airflow/example_dags/example_latest_only.py for tasks to queue
[2022-02-03 20:54:23,651] {logging_mixin.py:109} INFO - [2022-02-03 20:54:23,651] {dagbag.py:500} INFO - Filling up the DagBag from /home/airflow/.local/lib/python3.7/site-packages/airflow/example_dags/example_latest_only.py
[2022-02-03 20:54:23,742] {processor.py:654} INFO - DAG(s) dict_keys(['latest_only']) retrieved from /home/airflow/.local/lib/python3.7/site-packages/airflow/example_dags/example_latest_only.py
[2022-02-03 20:54:23,749] {logging_mixin.py:109} INFO - [2022-02-03 20:54:23,749] {dag.py:2396} INFO - Sync 1 DAGs
[2022-02-03 20:54:23,762] {logging_mixin.py:109} INFO - [2022-02-03 20:54:23,762] {dag.py:2935} INFO - Setting next_dagrun for latest_only to 2022-02-03T16:54:23.762026+00:00
[2022-02-03 20:54:23,769] {processor.py:171} INFO - Processing /home/airflow/.local/lib/python3.7/site-packages/airflow/example_dags/example_latest_only.py took 0.122 seconds
[2022-02-03 20:54:54,419] {processor.py:163} INFO - Started process (PID=2092) to work on /home/airflow/.local/lib/python3.7/site-packages/airflow/example_dags/example_latest_only.py
[2022-02-03 20:54:54,420] {processor.py:642} INFO - Processing file /home/airflow/.local/lib/python3.7/site-packages/airflow/example_dags/example_latest_only.py for tasks to queue
[2022-02-03 20:54:54,421] {logging_mixin.py:109} INFO - [2022-02-03 20:54:54,421] {dagbag.py:500} INFO - Filling up the DagBag from /home/airflow/.local/lib/python3.7/site-packages/airflow/example_dags/example_latest_only.py
[2022-02-03 20:54:54,591] {processor.py:654} INFO - DAG(s) dict_keys(['latest_only']) retrieved from /home/airflow/.local/lib/python3.7/site-packages/airflow/example_dags/example_latest_only.py
[2022-02-03 20:54:54,602] {logging_mixin.py:109} INFO - [2022-02-03 20:54:54,602] {dag.py:2396} INFO - Sync 1 DAGs
[2022-02-03 20:54:54,630] {logging_mixin.py:109} INFO - [2022-02-03 20:54:54,630] {dag.py:2935} INFO - Setting next_dagrun for latest_only to 2022-02-03T16:54:54.629700+00:00
[2022-02-03 20:54:54,647] {processor.py:171} INFO - Processing /home/airflow/.local/lib/python3.7/site-packages/airflow/example_dags/example_latest_only.py took 0.232 seconds
[2022-02-03 20:55:25,250] {processor.py:163} INFO - Started process (PID=2152) to work on /home/airflow/.local/lib/python3.7/site-packages/airflow/example_dags/example_latest_only.py
[2022-02-03 20:55:25,251] {processor.py:642} INFO - Processing file /home/airflow/.local/lib/python3.7/site-packages/airflow/example_dags/example_latest_only.py for tasks to queue
[2022-02-03 20:55:25,252] {logging_mixin.py:109} INFO - [2022-02-03 20:55:25,252] {dagbag.py:500} INFO - Filling up the DagBag from /home/airflow/.local/lib/python3.7/site-packages/airflow/example_dags/example_latest_only.py
[2022-02-03 20:55:25,383] {processor.py:654} INFO - DAG(s) dict_keys(['latest_only']) retrieved from /home/airflow/.local/lib/python3.7/site-packages/airflow/example_dags/example_latest_only.py
[2022-02-03 20:55:25,393] {logging_mixin.py:109} INFO - [2022-02-03 20:55:25,393] {dag.py:2396} INFO - Sync 1 DAGs
[2022-02-03 20:55:25,409] {logging_mixin.py:109} INFO - [2022-02-03 20:55:25,409] {dag.py:2935} INFO - Setting next_dagrun for latest_only to 2022-02-03T16:55:25.409573+00:00
[2022-02-03 20:55:25,420] {processor.py:171} INFO - Processing /home/airflow/.local/lib/python3.7/site-packages/airflow/example_dags/example_latest_only.py took 0.175 seconds
