[2022-02-03 20:38:41,841] {processor.py:163} INFO - Started process (PID=203) to work on /home/airflow/.local/lib/python3.7/site-packages/airflow/example_dags/example_branch_operator.py
[2022-02-03 20:38:41,843] {processor.py:642} INFO - Processing file /home/airflow/.local/lib/python3.7/site-packages/airflow/example_dags/example_branch_operator.py for tasks to queue
[2022-02-03 20:38:41,844] {logging_mixin.py:109} INFO - [2022-02-03 20:38:41,843] {dagbag.py:500} INFO - Filling up the DagBag from /home/airflow/.local/lib/python3.7/site-packages/airflow/example_dags/example_branch_operator.py
[2022-02-03 20:38:41,878] {processor.py:654} INFO - DAG(s) dict_keys(['example_branch_operator']) retrieved from /home/airflow/.local/lib/python3.7/site-packages/airflow/example_dags/example_branch_operator.py
[2022-02-03 20:38:44,011] {logging_mixin.py:109} INFO - [2022-02-03 20:38:44,011] {manager.py:496} INFO - Created Permission View: can read on DAG:example_branch_operator
[2022-02-03 20:38:44,020] {logging_mixin.py:109} INFO - [2022-02-03 20:38:44,020] {manager.py:496} INFO - Created Permission View: can edit on DAG:example_branch_operator
[2022-02-03 20:38:44,021] {logging_mixin.py:109} INFO - [2022-02-03 20:38:44,021] {dag.py:2396} INFO - Sync 1 DAGs
[2022-02-03 20:38:44,030] {logging_mixin.py:109} INFO - [2022-02-03 20:38:44,029] {dag.py:2415} INFO - Creating ORM DAG for example_branch_operator
[2022-02-03 20:38:44,040] {logging_mixin.py:109} INFO - [2022-02-03 20:38:44,040] {dag.py:2935} INFO - Setting next_dagrun for example_branch_operator to 2022-02-02 00:00:00+00:00
[2022-02-03 20:38:44,054] {processor.py:171} INFO - Processing /home/airflow/.local/lib/python3.7/site-packages/airflow/example_dags/example_branch_operator.py took 2.217 seconds
[2022-02-03 20:39:14,526] {processor.py:163} INFO - Started process (PID=378) to work on /home/airflow/.local/lib/python3.7/site-packages/airflow/example_dags/example_branch_operator.py
[2022-02-03 20:39:14,527] {processor.py:642} INFO - Processing file /home/airflow/.local/lib/python3.7/site-packages/airflow/example_dags/example_branch_operator.py for tasks to queue
[2022-02-03 20:39:14,528] {logging_mixin.py:109} INFO - [2022-02-03 20:39:14,528] {dagbag.py:500} INFO - Filling up the DagBag from /home/airflow/.local/lib/python3.7/site-packages/airflow/example_dags/example_branch_operator.py
[2022-02-03 20:39:14,558] {processor.py:654} INFO - DAG(s) dict_keys(['example_branch_operator']) retrieved from /home/airflow/.local/lib/python3.7/site-packages/airflow/example_dags/example_branch_operator.py
[2022-02-03 20:39:14,568] {logging_mixin.py:109} INFO - [2022-02-03 20:39:14,568] {dag.py:2396} INFO - Sync 1 DAGs
[2022-02-03 20:39:14,584] {logging_mixin.py:109} INFO - [2022-02-03 20:39:14,584] {dag.py:2935} INFO - Setting next_dagrun for example_branch_operator to 2022-02-02 00:00:00+00:00
[2022-02-03 20:39:14,597] {processor.py:171} INFO - Processing /home/airflow/.local/lib/python3.7/site-packages/airflow/example_dags/example_branch_operator.py took 0.075 seconds
[2022-02-03 20:39:44,785] {processor.py:163} INFO - Started process (PID=428) to work on /home/airflow/.local/lib/python3.7/site-packages/airflow/example_dags/example_branch_operator.py
[2022-02-03 20:39:44,788] {processor.py:642} INFO - Processing file /home/airflow/.local/lib/python3.7/site-packages/airflow/example_dags/example_branch_operator.py for tasks to queue
[2022-02-03 20:39:44,790] {logging_mixin.py:109} INFO - [2022-02-03 20:39:44,790] {dagbag.py:500} INFO - Filling up the DagBag from /home/airflow/.local/lib/python3.7/site-packages/airflow/example_dags/example_branch_operator.py
[2022-02-03 20:39:44,859] {processor.py:654} INFO - DAG(s) dict_keys(['example_branch_operator']) retrieved from /home/airflow/.local/lib/python3.7/site-packages/airflow/example_dags/example_branch_operator.py
[2022-02-03 20:39:44,875] {logging_mixin.py:109} INFO - [2022-02-03 20:39:44,875] {dag.py:2396} INFO - Sync 1 DAGs
[2022-02-03 20:39:44,904] {logging_mixin.py:109} INFO - [2022-02-03 20:39:44,904] {dag.py:2935} INFO - Setting next_dagrun for example_branch_operator to 2022-02-02 00:00:00+00:00
[2022-02-03 20:39:44,918] {processor.py:171} INFO - Processing /home/airflow/.local/lib/python3.7/site-packages/airflow/example_dags/example_branch_operator.py took 0.138 seconds
[2022-02-03 20:40:15,859] {processor.py:163} INFO - Started process (PID=479) to work on /home/airflow/.local/lib/python3.7/site-packages/airflow/example_dags/example_branch_operator.py
[2022-02-03 20:40:15,861] {processor.py:642} INFO - Processing file /home/airflow/.local/lib/python3.7/site-packages/airflow/example_dags/example_branch_operator.py for tasks to queue
[2022-02-03 20:40:15,862] {logging_mixin.py:109} INFO - [2022-02-03 20:40:15,862] {dagbag.py:500} INFO - Filling up the DagBag from /home/airflow/.local/lib/python3.7/site-packages/airflow/example_dags/example_branch_operator.py
[2022-02-03 20:40:15,894] {processor.py:654} INFO - DAG(s) dict_keys(['example_branch_operator']) retrieved from /home/airflow/.local/lib/python3.7/site-packages/airflow/example_dags/example_branch_operator.py
[2022-02-03 20:40:15,903] {logging_mixin.py:109} INFO - [2022-02-03 20:40:15,903] {dag.py:2396} INFO - Sync 1 DAGs
[2022-02-03 20:40:15,918] {logging_mixin.py:109} INFO - [2022-02-03 20:40:15,918] {dag.py:2935} INFO - Setting next_dagrun for example_branch_operator to 2022-02-02 00:00:00+00:00
[2022-02-03 20:40:15,927] {processor.py:171} INFO - Processing /home/airflow/.local/lib/python3.7/site-packages/airflow/example_dags/example_branch_operator.py took 0.071 seconds
[2022-02-03 20:40:46,229] {processor.py:163} INFO - Started process (PID=541) to work on /home/airflow/.local/lib/python3.7/site-packages/airflow/example_dags/example_branch_operator.py
[2022-02-03 20:40:46,231] {processor.py:642} INFO - Processing file /home/airflow/.local/lib/python3.7/site-packages/airflow/example_dags/example_branch_operator.py for tasks to queue
[2022-02-03 20:40:46,231] {logging_mixin.py:109} INFO - [2022-02-03 20:40:46,231] {dagbag.py:500} INFO - Filling up the DagBag from /home/airflow/.local/lib/python3.7/site-packages/airflow/example_dags/example_branch_operator.py
[2022-02-03 20:40:46,260] {processor.py:654} INFO - DAG(s) dict_keys(['example_branch_operator']) retrieved from /home/airflow/.local/lib/python3.7/site-packages/airflow/example_dags/example_branch_operator.py
[2022-02-03 20:40:46,272] {logging_mixin.py:109} INFO - [2022-02-03 20:40:46,272] {dag.py:2396} INFO - Sync 1 DAGs
[2022-02-03 20:40:46,288] {logging_mixin.py:109} INFO - [2022-02-03 20:40:46,288] {dag.py:2935} INFO - Setting next_dagrun for example_branch_operator to 2022-02-02 00:00:00+00:00
[2022-02-03 20:40:46,297] {processor.py:171} INFO - Processing /home/airflow/.local/lib/python3.7/site-packages/airflow/example_dags/example_branch_operator.py took 0.070 seconds
[2022-02-03 20:41:16,374] {processor.py:163} INFO - Started process (PID=591) to work on /home/airflow/.local/lib/python3.7/site-packages/airflow/example_dags/example_branch_operator.py
[2022-02-03 20:41:16,375] {processor.py:642} INFO - Processing file /home/airflow/.local/lib/python3.7/site-packages/airflow/example_dags/example_branch_operator.py for tasks to queue
[2022-02-03 20:41:16,376] {logging_mixin.py:109} INFO - [2022-02-03 20:41:16,376] {dagbag.py:500} INFO - Filling up the DagBag from /home/airflow/.local/lib/python3.7/site-packages/airflow/example_dags/example_branch_operator.py
[2022-02-03 20:41:16,400] {processor.py:654} INFO - DAG(s) dict_keys(['example_branch_operator']) retrieved from /home/airflow/.local/lib/python3.7/site-packages/airflow/example_dags/example_branch_operator.py
[2022-02-03 20:41:16,408] {logging_mixin.py:109} INFO - [2022-02-03 20:41:16,408] {dag.py:2396} INFO - Sync 1 DAGs
[2022-02-03 20:41:16,422] {logging_mixin.py:109} INFO - [2022-02-03 20:41:16,422] {dag.py:2935} INFO - Setting next_dagrun for example_branch_operator to 2022-02-02 00:00:00+00:00
[2022-02-03 20:41:16,430] {processor.py:171} INFO - Processing /home/airflow/.local/lib/python3.7/site-packages/airflow/example_dags/example_branch_operator.py took 0.058 seconds
[2022-02-03 20:41:46,501] {processor.py:163} INFO - Started process (PID=652) to work on /home/airflow/.local/lib/python3.7/site-packages/airflow/example_dags/example_branch_operator.py
[2022-02-03 20:41:46,502] {processor.py:642} INFO - Processing file /home/airflow/.local/lib/python3.7/site-packages/airflow/example_dags/example_branch_operator.py for tasks to queue
[2022-02-03 20:41:46,502] {logging_mixin.py:109} INFO - [2022-02-03 20:41:46,502] {dagbag.py:500} INFO - Filling up the DagBag from /home/airflow/.local/lib/python3.7/site-packages/airflow/example_dags/example_branch_operator.py
[2022-02-03 20:41:46,525] {processor.py:654} INFO - DAG(s) dict_keys(['example_branch_operator']) retrieved from /home/airflow/.local/lib/python3.7/site-packages/airflow/example_dags/example_branch_operator.py
[2022-02-03 20:41:46,533] {logging_mixin.py:109} INFO - [2022-02-03 20:41:46,533] {dag.py:2396} INFO - Sync 1 DAGs
[2022-02-03 20:41:46,548] {logging_mixin.py:109} INFO - [2022-02-03 20:41:46,548] {dag.py:2935} INFO - Setting next_dagrun for example_branch_operator to 2022-02-02 00:00:00+00:00
[2022-02-03 20:41:46,560] {processor.py:171} INFO - Processing /home/airflow/.local/lib/python3.7/site-packages/airflow/example_dags/example_branch_operator.py took 0.062 seconds
[2022-02-03 20:42:16,885] {processor.py:163} INFO - Started process (PID=703) to work on /home/airflow/.local/lib/python3.7/site-packages/airflow/example_dags/example_branch_operator.py
[2022-02-03 20:42:16,886] {processor.py:642} INFO - Processing file /home/airflow/.local/lib/python3.7/site-packages/airflow/example_dags/example_branch_operator.py for tasks to queue
[2022-02-03 20:42:16,887] {logging_mixin.py:109} INFO - [2022-02-03 20:42:16,887] {dagbag.py:500} INFO - Filling up the DagBag from /home/airflow/.local/lib/python3.7/site-packages/airflow/example_dags/example_branch_operator.py
[2022-02-03 20:42:16,956] {processor.py:654} INFO - DAG(s) dict_keys(['example_branch_operator']) retrieved from /home/airflow/.local/lib/python3.7/site-packages/airflow/example_dags/example_branch_operator.py
[2022-02-03 20:42:16,964] {logging_mixin.py:109} INFO - [2022-02-03 20:42:16,964] {dag.py:2396} INFO - Sync 1 DAGs
[2022-02-03 20:42:16,985] {logging_mixin.py:109} INFO - [2022-02-03 20:42:16,984] {dag.py:2935} INFO - Setting next_dagrun for example_branch_operator to 2022-02-02 00:00:00+00:00
[2022-02-03 20:42:16,992] {processor.py:171} INFO - Processing /home/airflow/.local/lib/python3.7/site-packages/airflow/example_dags/example_branch_operator.py took 0.110 seconds
[2022-02-03 20:42:47,825] {processor.py:163} INFO - Started process (PID=763) to work on /home/airflow/.local/lib/python3.7/site-packages/airflow/example_dags/example_branch_operator.py
[2022-02-03 20:42:47,826] {processor.py:642} INFO - Processing file /home/airflow/.local/lib/python3.7/site-packages/airflow/example_dags/example_branch_operator.py for tasks to queue
[2022-02-03 20:42:47,827] {logging_mixin.py:109} INFO - [2022-02-03 20:42:47,827] {dagbag.py:500} INFO - Filling up the DagBag from /home/airflow/.local/lib/python3.7/site-packages/airflow/example_dags/example_branch_operator.py
[2022-02-03 20:42:47,851] {processor.py:654} INFO - DAG(s) dict_keys(['example_branch_operator']) retrieved from /home/airflow/.local/lib/python3.7/site-packages/airflow/example_dags/example_branch_operator.py
[2022-02-03 20:42:47,859] {logging_mixin.py:109} INFO - [2022-02-03 20:42:47,859] {dag.py:2396} INFO - Sync 1 DAGs
[2022-02-03 20:42:47,872] {logging_mixin.py:109} INFO - [2022-02-03 20:42:47,871] {dag.py:2935} INFO - Setting next_dagrun for example_branch_operator to 2022-02-02 00:00:00+00:00
[2022-02-03 20:42:47,880] {processor.py:171} INFO - Processing /home/airflow/.local/lib/python3.7/site-packages/airflow/example_dags/example_branch_operator.py took 0.057 seconds
[2022-02-03 20:43:18,052] {processor.py:163} INFO - Started process (PID=825) to work on /home/airflow/.local/lib/python3.7/site-packages/airflow/example_dags/example_branch_operator.py
[2022-02-03 20:43:18,053] {processor.py:642} INFO - Processing file /home/airflow/.local/lib/python3.7/site-packages/airflow/example_dags/example_branch_operator.py for tasks to queue
[2022-02-03 20:43:18,054] {logging_mixin.py:109} INFO - [2022-02-03 20:43:18,054] {dagbag.py:500} INFO - Filling up the DagBag from /home/airflow/.local/lib/python3.7/site-packages/airflow/example_dags/example_branch_operator.py
[2022-02-03 20:43:18,078] {processor.py:654} INFO - DAG(s) dict_keys(['example_branch_operator']) retrieved from /home/airflow/.local/lib/python3.7/site-packages/airflow/example_dags/example_branch_operator.py
[2022-02-03 20:43:18,087] {logging_mixin.py:109} INFO - [2022-02-03 20:43:18,087] {dag.py:2396} INFO - Sync 1 DAGs
[2022-02-03 20:43:18,101] {logging_mixin.py:109} INFO - [2022-02-03 20:43:18,101] {dag.py:2935} INFO - Setting next_dagrun for example_branch_operator to 2022-02-02 00:00:00+00:00
[2022-02-03 20:43:18,110] {processor.py:171} INFO - Processing /home/airflow/.local/lib/python3.7/site-packages/airflow/example_dags/example_branch_operator.py took 0.060 seconds
[2022-02-03 20:43:48,232] {processor.py:163} INFO - Started process (PID=876) to work on /home/airflow/.local/lib/python3.7/site-packages/airflow/example_dags/example_branch_operator.py
[2022-02-03 20:43:48,233] {processor.py:642} INFO - Processing file /home/airflow/.local/lib/python3.7/site-packages/airflow/example_dags/example_branch_operator.py for tasks to queue
[2022-02-03 20:43:48,234] {logging_mixin.py:109} INFO - [2022-02-03 20:43:48,234] {dagbag.py:500} INFO - Filling up the DagBag from /home/airflow/.local/lib/python3.7/site-packages/airflow/example_dags/example_branch_operator.py
[2022-02-03 20:43:48,256] {processor.py:654} INFO - DAG(s) dict_keys(['example_branch_operator']) retrieved from /home/airflow/.local/lib/python3.7/site-packages/airflow/example_dags/example_branch_operator.py
[2022-02-03 20:43:48,264] {logging_mixin.py:109} INFO - [2022-02-03 20:43:48,264] {dag.py:2396} INFO - Sync 1 DAGs
[2022-02-03 20:43:48,277] {logging_mixin.py:109} INFO - [2022-02-03 20:43:48,276] {dag.py:2935} INFO - Setting next_dagrun for example_branch_operator to 2022-02-02 00:00:00+00:00
[2022-02-03 20:43:48,285] {processor.py:171} INFO - Processing /home/airflow/.local/lib/python3.7/site-packages/airflow/example_dags/example_branch_operator.py took 0.055 seconds
[2022-02-03 20:44:18,960] {processor.py:163} INFO - Started process (PID=935) to work on /home/airflow/.local/lib/python3.7/site-packages/airflow/example_dags/example_branch_operator.py
[2022-02-03 20:44:18,961] {processor.py:642} INFO - Processing file /home/airflow/.local/lib/python3.7/site-packages/airflow/example_dags/example_branch_operator.py for tasks to queue
[2022-02-03 20:44:18,962] {logging_mixin.py:109} INFO - [2022-02-03 20:44:18,962] {dagbag.py:500} INFO - Filling up the DagBag from /home/airflow/.local/lib/python3.7/site-packages/airflow/example_dags/example_branch_operator.py
[2022-02-03 20:44:18,995] {processor.py:654} INFO - DAG(s) dict_keys(['example_branch_operator']) retrieved from /home/airflow/.local/lib/python3.7/site-packages/airflow/example_dags/example_branch_operator.py
[2022-02-03 20:44:19,006] {logging_mixin.py:109} INFO - [2022-02-03 20:44:19,006] {dag.py:2396} INFO - Sync 1 DAGs
[2022-02-03 20:44:19,023] {logging_mixin.py:109} INFO - [2022-02-03 20:44:19,023] {dag.py:2935} INFO - Setting next_dagrun for example_branch_operator to 2022-02-02 00:00:00+00:00
[2022-02-03 20:44:19,033] {processor.py:171} INFO - Processing /home/airflow/.local/lib/python3.7/site-packages/airflow/example_dags/example_branch_operator.py took 0.077 seconds
[2022-02-03 20:44:49,410] {processor.py:163} INFO - Started process (PID=986) to work on /home/airflow/.local/lib/python3.7/site-packages/airflow/example_dags/example_branch_operator.py
[2022-02-03 20:44:49,411] {processor.py:642} INFO - Processing file /home/airflow/.local/lib/python3.7/site-packages/airflow/example_dags/example_branch_operator.py for tasks to queue
[2022-02-03 20:44:49,411] {logging_mixin.py:109} INFO - [2022-02-03 20:44:49,411] {dagbag.py:500} INFO - Filling up the DagBag from /home/airflow/.local/lib/python3.7/site-packages/airflow/example_dags/example_branch_operator.py
[2022-02-03 20:44:49,434] {processor.py:654} INFO - DAG(s) dict_keys(['example_branch_operator']) retrieved from /home/airflow/.local/lib/python3.7/site-packages/airflow/example_dags/example_branch_operator.py
[2022-02-03 20:44:49,442] {logging_mixin.py:109} INFO - [2022-02-03 20:44:49,442] {dag.py:2396} INFO - Sync 1 DAGs
[2022-02-03 20:44:49,454] {logging_mixin.py:109} INFO - [2022-02-03 20:44:49,454] {dag.py:2935} INFO - Setting next_dagrun for example_branch_operator to 2022-02-02 00:00:00+00:00
[2022-02-03 20:44:49,465] {processor.py:171} INFO - Processing /home/airflow/.local/lib/python3.7/site-packages/airflow/example_dags/example_branch_operator.py took 0.058 seconds
[2022-02-03 20:45:20,061] {processor.py:163} INFO - Started process (PID=1038) to work on /home/airflow/.local/lib/python3.7/site-packages/airflow/example_dags/example_branch_operator.py
[2022-02-03 20:45:20,062] {processor.py:642} INFO - Processing file /home/airflow/.local/lib/python3.7/site-packages/airflow/example_dags/example_branch_operator.py for tasks to queue
[2022-02-03 20:45:20,062] {logging_mixin.py:109} INFO - [2022-02-03 20:45:20,062] {dagbag.py:500} INFO - Filling up the DagBag from /home/airflow/.local/lib/python3.7/site-packages/airflow/example_dags/example_branch_operator.py
[2022-02-03 20:45:20,087] {processor.py:654} INFO - DAG(s) dict_keys(['example_branch_operator']) retrieved from /home/airflow/.local/lib/python3.7/site-packages/airflow/example_dags/example_branch_operator.py
[2022-02-03 20:45:20,095] {logging_mixin.py:109} INFO - [2022-02-03 20:45:20,095] {dag.py:2396} INFO - Sync 1 DAGs
[2022-02-03 20:45:20,111] {logging_mixin.py:109} INFO - [2022-02-03 20:45:20,111] {dag.py:2935} INFO - Setting next_dagrun for example_branch_operator to 2022-02-02 00:00:00+00:00
[2022-02-03 20:45:20,123] {processor.py:171} INFO - Processing /home/airflow/.local/lib/python3.7/site-packages/airflow/example_dags/example_branch_operator.py took 0.065 seconds
[2022-02-03 20:45:50,630] {processor.py:163} INFO - Started process (PID=1099) to work on /home/airflow/.local/lib/python3.7/site-packages/airflow/example_dags/example_branch_operator.py
[2022-02-03 20:45:50,631] {processor.py:642} INFO - Processing file /home/airflow/.local/lib/python3.7/site-packages/airflow/example_dags/example_branch_operator.py for tasks to queue
[2022-02-03 20:45:50,631] {logging_mixin.py:109} INFO - [2022-02-03 20:45:50,631] {dagbag.py:500} INFO - Filling up the DagBag from /home/airflow/.local/lib/python3.7/site-packages/airflow/example_dags/example_branch_operator.py
[2022-02-03 20:45:50,654] {processor.py:654} INFO - DAG(s) dict_keys(['example_branch_operator']) retrieved from /home/airflow/.local/lib/python3.7/site-packages/airflow/example_dags/example_branch_operator.py
[2022-02-03 20:45:50,663] {logging_mixin.py:109} INFO - [2022-02-03 20:45:50,663] {dag.py:2396} INFO - Sync 1 DAGs
[2022-02-03 20:45:50,679] {logging_mixin.py:109} INFO - [2022-02-03 20:45:50,679] {dag.py:2935} INFO - Setting next_dagrun for example_branch_operator to 2022-02-02 00:00:00+00:00
[2022-02-03 20:45:50,686] {processor.py:171} INFO - Processing /home/airflow/.local/lib/python3.7/site-packages/airflow/example_dags/example_branch_operator.py took 0.059 seconds
[2022-02-03 20:46:21,134] {processor.py:163} INFO - Started process (PID=1151) to work on /home/airflow/.local/lib/python3.7/site-packages/airflow/example_dags/example_branch_operator.py
[2022-02-03 20:46:21,135] {processor.py:642} INFO - Processing file /home/airflow/.local/lib/python3.7/site-packages/airflow/example_dags/example_branch_operator.py for tasks to queue
[2022-02-03 20:46:21,136] {logging_mixin.py:109} INFO - [2022-02-03 20:46:21,136] {dagbag.py:500} INFO - Filling up the DagBag from /home/airflow/.local/lib/python3.7/site-packages/airflow/example_dags/example_branch_operator.py
[2022-02-03 20:46:21,227] {processor.py:654} INFO - DAG(s) dict_keys(['example_branch_operator']) retrieved from /home/airflow/.local/lib/python3.7/site-packages/airflow/example_dags/example_branch_operator.py
[2022-02-03 20:46:21,236] {logging_mixin.py:109} INFO - [2022-02-03 20:46:21,236] {dag.py:2396} INFO - Sync 1 DAGs
[2022-02-03 20:46:21,252] {logging_mixin.py:109} INFO - [2022-02-03 20:46:21,252] {dag.py:2935} INFO - Setting next_dagrun for example_branch_operator to 2022-02-02 00:00:00+00:00
[2022-02-03 20:46:21,263] {processor.py:171} INFO - Processing /home/airflow/.local/lib/python3.7/site-packages/airflow/example_dags/example_branch_operator.py took 0.132 seconds
[2022-02-03 20:46:51,515] {processor.py:163} INFO - Started process (PID=1211) to work on /home/airflow/.local/lib/python3.7/site-packages/airflow/example_dags/example_branch_operator.py
[2022-02-03 20:46:51,516] {processor.py:642} INFO - Processing file /home/airflow/.local/lib/python3.7/site-packages/airflow/example_dags/example_branch_operator.py for tasks to queue
[2022-02-03 20:46:51,516] {logging_mixin.py:109} INFO - [2022-02-03 20:46:51,516] {dagbag.py:500} INFO - Filling up the DagBag from /home/airflow/.local/lib/python3.7/site-packages/airflow/example_dags/example_branch_operator.py
[2022-02-03 20:46:51,543] {processor.py:654} INFO - DAG(s) dict_keys(['example_branch_operator']) retrieved from /home/airflow/.local/lib/python3.7/site-packages/airflow/example_dags/example_branch_operator.py
[2022-02-03 20:46:51,552] {logging_mixin.py:109} INFO - [2022-02-03 20:46:51,552] {dag.py:2396} INFO - Sync 1 DAGs
[2022-02-03 20:46:51,568] {logging_mixin.py:109} INFO - [2022-02-03 20:46:51,567] {dag.py:2935} INFO - Setting next_dagrun for example_branch_operator to 2022-02-02 00:00:00+00:00
[2022-02-03 20:46:51,579] {processor.py:171} INFO - Processing /home/airflow/.local/lib/python3.7/site-packages/airflow/example_dags/example_branch_operator.py took 0.067 seconds
[2022-02-03 20:47:22,110] {processor.py:163} INFO - Started process (PID=1272) to work on /home/airflow/.local/lib/python3.7/site-packages/airflow/example_dags/example_branch_operator.py
[2022-02-03 20:47:22,111] {processor.py:642} INFO - Processing file /home/airflow/.local/lib/python3.7/site-packages/airflow/example_dags/example_branch_operator.py for tasks to queue
[2022-02-03 20:47:22,112] {logging_mixin.py:109} INFO - [2022-02-03 20:47:22,112] {dagbag.py:500} INFO - Filling up the DagBag from /home/airflow/.local/lib/python3.7/site-packages/airflow/example_dags/example_branch_operator.py
[2022-02-03 20:47:22,134] {processor.py:654} INFO - DAG(s) dict_keys(['example_branch_operator']) retrieved from /home/airflow/.local/lib/python3.7/site-packages/airflow/example_dags/example_branch_operator.py
[2022-02-03 20:47:22,143] {logging_mixin.py:109} INFO - [2022-02-03 20:47:22,143] {dag.py:2396} INFO - Sync 1 DAGs
[2022-02-03 20:47:22,155] {logging_mixin.py:109} INFO - [2022-02-03 20:47:22,155] {dag.py:2935} INFO - Setting next_dagrun for example_branch_operator to 2022-02-02 00:00:00+00:00
[2022-02-03 20:47:22,164] {processor.py:171} INFO - Processing /home/airflow/.local/lib/python3.7/site-packages/airflow/example_dags/example_branch_operator.py took 0.057 seconds
[2022-02-03 20:47:52,661] {processor.py:163} INFO - Started process (PID=1323) to work on /home/airflow/.local/lib/python3.7/site-packages/airflow/example_dags/example_branch_operator.py
[2022-02-03 20:47:52,662] {processor.py:642} INFO - Processing file /home/airflow/.local/lib/python3.7/site-packages/airflow/example_dags/example_branch_operator.py for tasks to queue
[2022-02-03 20:47:52,663] {logging_mixin.py:109} INFO - [2022-02-03 20:47:52,662] {dagbag.py:500} INFO - Filling up the DagBag from /home/airflow/.local/lib/python3.7/site-packages/airflow/example_dags/example_branch_operator.py
[2022-02-03 20:47:52,689] {processor.py:654} INFO - DAG(s) dict_keys(['example_branch_operator']) retrieved from /home/airflow/.local/lib/python3.7/site-packages/airflow/example_dags/example_branch_operator.py
[2022-02-03 20:47:52,699] {logging_mixin.py:109} INFO - [2022-02-03 20:47:52,698] {dag.py:2396} INFO - Sync 1 DAGs
[2022-02-03 20:47:52,714] {logging_mixin.py:109} INFO - [2022-02-03 20:47:52,714] {dag.py:2935} INFO - Setting next_dagrun for example_branch_operator to 2022-02-02 00:00:00+00:00
[2022-02-03 20:47:52,727] {processor.py:171} INFO - Processing /home/airflow/.local/lib/python3.7/site-packages/airflow/example_dags/example_branch_operator.py took 0.069 seconds
[2022-02-03 20:48:23,308] {processor.py:163} INFO - Started process (PID=1385) to work on /home/airflow/.local/lib/python3.7/site-packages/airflow/example_dags/example_branch_operator.py
[2022-02-03 20:48:23,309] {processor.py:642} INFO - Processing file /home/airflow/.local/lib/python3.7/site-packages/airflow/example_dags/example_branch_operator.py for tasks to queue
[2022-02-03 20:48:23,310] {logging_mixin.py:109} INFO - [2022-02-03 20:48:23,310] {dagbag.py:500} INFO - Filling up the DagBag from /home/airflow/.local/lib/python3.7/site-packages/airflow/example_dags/example_branch_operator.py
[2022-02-03 20:48:23,332] {processor.py:654} INFO - DAG(s) dict_keys(['example_branch_operator']) retrieved from /home/airflow/.local/lib/python3.7/site-packages/airflow/example_dags/example_branch_operator.py
[2022-02-03 20:48:23,340] {logging_mixin.py:109} INFO - [2022-02-03 20:48:23,340] {dag.py:2396} INFO - Sync 1 DAGs
[2022-02-03 20:48:23,353] {logging_mixin.py:109} INFO - [2022-02-03 20:48:23,353] {dag.py:2935} INFO - Setting next_dagrun for example_branch_operator to 2022-02-02 00:00:00+00:00
[2022-02-03 20:48:23,361] {processor.py:171} INFO - Processing /home/airflow/.local/lib/python3.7/site-packages/airflow/example_dags/example_branch_operator.py took 0.056 seconds
[2022-02-03 20:48:53,888] {processor.py:163} INFO - Started process (PID=1437) to work on /home/airflow/.local/lib/python3.7/site-packages/airflow/example_dags/example_branch_operator.py
[2022-02-03 20:48:53,889] {processor.py:642} INFO - Processing file /home/airflow/.local/lib/python3.7/site-packages/airflow/example_dags/example_branch_operator.py for tasks to queue
[2022-02-03 20:48:53,890] {logging_mixin.py:109} INFO - [2022-02-03 20:48:53,890] {dagbag.py:500} INFO - Filling up the DagBag from /home/airflow/.local/lib/python3.7/site-packages/airflow/example_dags/example_branch_operator.py
[2022-02-03 20:48:53,913] {processor.py:654} INFO - DAG(s) dict_keys(['example_branch_operator']) retrieved from /home/airflow/.local/lib/python3.7/site-packages/airflow/example_dags/example_branch_operator.py
[2022-02-03 20:48:53,922] {logging_mixin.py:109} INFO - [2022-02-03 20:48:53,922] {dag.py:2396} INFO - Sync 1 DAGs
[2022-02-03 20:48:53,937] {logging_mixin.py:109} INFO - [2022-02-03 20:48:53,937] {dag.py:2935} INFO - Setting next_dagrun for example_branch_operator to 2022-02-02 00:00:00+00:00
[2022-02-03 20:48:53,946] {processor.py:171} INFO - Processing /home/airflow/.local/lib/python3.7/site-packages/airflow/example_dags/example_branch_operator.py took 0.061 seconds
[2022-02-03 20:49:24,333] {processor.py:163} INFO - Started process (PID=1498) to work on /home/airflow/.local/lib/python3.7/site-packages/airflow/example_dags/example_branch_operator.py
[2022-02-03 20:49:24,334] {processor.py:642} INFO - Processing file /home/airflow/.local/lib/python3.7/site-packages/airflow/example_dags/example_branch_operator.py for tasks to queue
[2022-02-03 20:49:24,334] {logging_mixin.py:109} INFO - [2022-02-03 20:49:24,334] {dagbag.py:500} INFO - Filling up the DagBag from /home/airflow/.local/lib/python3.7/site-packages/airflow/example_dags/example_branch_operator.py
[2022-02-03 20:49:24,357] {processor.py:654} INFO - DAG(s) dict_keys(['example_branch_operator']) retrieved from /home/airflow/.local/lib/python3.7/site-packages/airflow/example_dags/example_branch_operator.py
[2022-02-03 20:49:24,367] {logging_mixin.py:109} INFO - [2022-02-03 20:49:24,366] {dag.py:2396} INFO - Sync 1 DAGs
[2022-02-03 20:49:24,380] {logging_mixin.py:109} INFO - [2022-02-03 20:49:24,380] {dag.py:2935} INFO - Setting next_dagrun for example_branch_operator to 2022-02-02 00:00:00+00:00
[2022-02-03 20:49:24,389] {processor.py:171} INFO - Processing /home/airflow/.local/lib/python3.7/site-packages/airflow/example_dags/example_branch_operator.py took 0.059 seconds
[2022-02-03 20:49:54,450] {processor.py:163} INFO - Started process (PID=1549) to work on /home/airflow/.local/lib/python3.7/site-packages/airflow/example_dags/example_branch_operator.py
[2022-02-03 20:49:54,451] {processor.py:642} INFO - Processing file /home/airflow/.local/lib/python3.7/site-packages/airflow/example_dags/example_branch_operator.py for tasks to queue
[2022-02-03 20:49:54,452] {logging_mixin.py:109} INFO - [2022-02-03 20:49:54,452] {dagbag.py:500} INFO - Filling up the DagBag from /home/airflow/.local/lib/python3.7/site-packages/airflow/example_dags/example_branch_operator.py
[2022-02-03 20:49:54,474] {processor.py:654} INFO - DAG(s) dict_keys(['example_branch_operator']) retrieved from /home/airflow/.local/lib/python3.7/site-packages/airflow/example_dags/example_branch_operator.py
[2022-02-03 20:49:54,483] {logging_mixin.py:109} INFO - [2022-02-03 20:49:54,483] {dag.py:2396} INFO - Sync 1 DAGs
[2022-02-03 20:49:54,495] {logging_mixin.py:109} INFO - [2022-02-03 20:49:54,495] {dag.py:2935} INFO - Setting next_dagrun for example_branch_operator to 2022-02-02 00:00:00+00:00
[2022-02-03 20:49:54,504] {processor.py:171} INFO - Processing /home/airflow/.local/lib/python3.7/site-packages/airflow/example_dags/example_branch_operator.py took 0.056 seconds
[2022-02-03 20:50:25,253] {processor.py:163} INFO - Started process (PID=1610) to work on /home/airflow/.local/lib/python3.7/site-packages/airflow/example_dags/example_branch_operator.py
[2022-02-03 20:50:25,254] {processor.py:642} INFO - Processing file /home/airflow/.local/lib/python3.7/site-packages/airflow/example_dags/example_branch_operator.py for tasks to queue
[2022-02-03 20:50:25,255] {logging_mixin.py:109} INFO - [2022-02-03 20:50:25,255] {dagbag.py:500} INFO - Filling up the DagBag from /home/airflow/.local/lib/python3.7/site-packages/airflow/example_dags/example_branch_operator.py
[2022-02-03 20:50:25,280] {processor.py:654} INFO - DAG(s) dict_keys(['example_branch_operator']) retrieved from /home/airflow/.local/lib/python3.7/site-packages/airflow/example_dags/example_branch_operator.py
[2022-02-03 20:50:25,290] {logging_mixin.py:109} INFO - [2022-02-03 20:50:25,290] {dag.py:2396} INFO - Sync 1 DAGs
[2022-02-03 20:50:25,304] {logging_mixin.py:109} INFO - [2022-02-03 20:50:25,304] {dag.py:2935} INFO - Setting next_dagrun for example_branch_operator to 2022-02-02 00:00:00+00:00
[2022-02-03 20:50:25,314] {processor.py:171} INFO - Processing /home/airflow/.local/lib/python3.7/site-packages/airflow/example_dags/example_branch_operator.py took 0.063 seconds
[2022-02-03 20:50:55,515] {processor.py:163} INFO - Started process (PID=1661) to work on /home/airflow/.local/lib/python3.7/site-packages/airflow/example_dags/example_branch_operator.py
[2022-02-03 20:50:55,516] {processor.py:642} INFO - Processing file /home/airflow/.local/lib/python3.7/site-packages/airflow/example_dags/example_branch_operator.py for tasks to queue
[2022-02-03 20:50:55,516] {logging_mixin.py:109} INFO - [2022-02-03 20:50:55,516] {dagbag.py:500} INFO - Filling up the DagBag from /home/airflow/.local/lib/python3.7/site-packages/airflow/example_dags/example_branch_operator.py
[2022-02-03 20:50:55,540] {processor.py:654} INFO - DAG(s) dict_keys(['example_branch_operator']) retrieved from /home/airflow/.local/lib/python3.7/site-packages/airflow/example_dags/example_branch_operator.py
[2022-02-03 20:50:55,549] {logging_mixin.py:109} INFO - [2022-02-03 20:50:55,549] {dag.py:2396} INFO - Sync 1 DAGs
[2022-02-03 20:50:55,562] {logging_mixin.py:109} INFO - [2022-02-03 20:50:55,562] {dag.py:2935} INFO - Setting next_dagrun for example_branch_operator to 2022-02-02 00:00:00+00:00
[2022-02-03 20:50:55,632] {processor.py:171} INFO - Processing /home/airflow/.local/lib/python3.7/site-packages/airflow/example_dags/example_branch_operator.py took 0.120 seconds
[2022-02-03 20:51:25,940] {processor.py:163} INFO - Started process (PID=1721) to work on /home/airflow/.local/lib/python3.7/site-packages/airflow/example_dags/example_branch_operator.py
[2022-02-03 20:51:25,941] {processor.py:642} INFO - Processing file /home/airflow/.local/lib/python3.7/site-packages/airflow/example_dags/example_branch_operator.py for tasks to queue
[2022-02-03 20:51:25,942] {logging_mixin.py:109} INFO - [2022-02-03 20:51:25,942] {dagbag.py:500} INFO - Filling up the DagBag from /home/airflow/.local/lib/python3.7/site-packages/airflow/example_dags/example_branch_operator.py
[2022-02-03 20:51:25,968] {processor.py:654} INFO - DAG(s) dict_keys(['example_branch_operator']) retrieved from /home/airflow/.local/lib/python3.7/site-packages/airflow/example_dags/example_branch_operator.py
[2022-02-03 20:51:25,978] {logging_mixin.py:109} INFO - [2022-02-03 20:51:25,978] {dag.py:2396} INFO - Sync 1 DAGs
[2022-02-03 20:51:26,070] {logging_mixin.py:109} INFO - [2022-02-03 20:51:26,070] {dag.py:2935} INFO - Setting next_dagrun for example_branch_operator to 2022-02-02 00:00:00+00:00
[2022-02-03 20:51:26,082] {processor.py:171} INFO - Processing /home/airflow/.local/lib/python3.7/site-packages/airflow/example_dags/example_branch_operator.py took 0.145 seconds
[2022-02-03 20:51:56,443] {processor.py:163} INFO - Started process (PID=1772) to work on /home/airflow/.local/lib/python3.7/site-packages/airflow/example_dags/example_branch_operator.py
[2022-02-03 20:51:56,444] {processor.py:642} INFO - Processing file /home/airflow/.local/lib/python3.7/site-packages/airflow/example_dags/example_branch_operator.py for tasks to queue
[2022-02-03 20:51:56,444] {logging_mixin.py:109} INFO - [2022-02-03 20:51:56,444] {dagbag.py:500} INFO - Filling up the DagBag from /home/airflow/.local/lib/python3.7/site-packages/airflow/example_dags/example_branch_operator.py
[2022-02-03 20:51:56,468] {processor.py:654} INFO - DAG(s) dict_keys(['example_branch_operator']) retrieved from /home/airflow/.local/lib/python3.7/site-packages/airflow/example_dags/example_branch_operator.py
[2022-02-03 20:51:56,477] {logging_mixin.py:109} INFO - [2022-02-03 20:51:56,477] {dag.py:2396} INFO - Sync 1 DAGs
[2022-02-03 20:51:56,554] {logging_mixin.py:109} INFO - [2022-02-03 20:51:56,553] {dag.py:2935} INFO - Setting next_dagrun for example_branch_operator to 2022-02-02 00:00:00+00:00
[2022-02-03 20:51:56,564] {processor.py:171} INFO - Processing /home/airflow/.local/lib/python3.7/site-packages/airflow/example_dags/example_branch_operator.py took 0.124 seconds
[2022-02-03 20:52:26,722] {processor.py:163} INFO - Started process (PID=1823) to work on /home/airflow/.local/lib/python3.7/site-packages/airflow/example_dags/example_branch_operator.py
[2022-02-03 20:52:26,723] {processor.py:642} INFO - Processing file /home/airflow/.local/lib/python3.7/site-packages/airflow/example_dags/example_branch_operator.py for tasks to queue
[2022-02-03 20:52:26,723] {logging_mixin.py:109} INFO - [2022-02-03 20:52:26,723] {dagbag.py:500} INFO - Filling up the DagBag from /home/airflow/.local/lib/python3.7/site-packages/airflow/example_dags/example_branch_operator.py
[2022-02-03 20:52:26,747] {processor.py:654} INFO - DAG(s) dict_keys(['example_branch_operator']) retrieved from /home/airflow/.local/lib/python3.7/site-packages/airflow/example_dags/example_branch_operator.py
[2022-02-03 20:52:26,756] {logging_mixin.py:109} INFO - [2022-02-03 20:52:26,756] {dag.py:2396} INFO - Sync 1 DAGs
[2022-02-03 20:52:26,827] {logging_mixin.py:109} INFO - [2022-02-03 20:52:26,827] {dag.py:2935} INFO - Setting next_dagrun for example_branch_operator to 2022-02-02 00:00:00+00:00
[2022-02-03 20:52:26,839] {processor.py:171} INFO - Processing /home/airflow/.local/lib/python3.7/site-packages/airflow/example_dags/example_branch_operator.py took 0.120 seconds
[2022-02-03 20:52:57,403] {processor.py:163} INFO - Started process (PID=1883) to work on /home/airflow/.local/lib/python3.7/site-packages/airflow/example_dags/example_branch_operator.py
[2022-02-03 20:52:57,404] {processor.py:642} INFO - Processing file /home/airflow/.local/lib/python3.7/site-packages/airflow/example_dags/example_branch_operator.py for tasks to queue
[2022-02-03 20:52:57,404] {logging_mixin.py:109} INFO - [2022-02-03 20:52:57,404] {dagbag.py:500} INFO - Filling up the DagBag from /home/airflow/.local/lib/python3.7/site-packages/airflow/example_dags/example_branch_operator.py
[2022-02-03 20:52:57,431] {processor.py:654} INFO - DAG(s) dict_keys(['example_branch_operator']) retrieved from /home/airflow/.local/lib/python3.7/site-packages/airflow/example_dags/example_branch_operator.py
[2022-02-03 20:52:57,441] {logging_mixin.py:109} INFO - [2022-02-03 20:52:57,441] {dag.py:2396} INFO - Sync 1 DAGs
[2022-02-03 20:52:57,521] {logging_mixin.py:109} INFO - [2022-02-03 20:52:57,521] {dag.py:2935} INFO - Setting next_dagrun for example_branch_operator to 2022-02-02 00:00:00+00:00
[2022-02-03 20:52:57,530] {processor.py:171} INFO - Processing /home/airflow/.local/lib/python3.7/site-packages/airflow/example_dags/example_branch_operator.py took 0.131 seconds
[2022-02-03 20:53:28,324] {processor.py:163} INFO - Started process (PID=1934) to work on /home/airflow/.local/lib/python3.7/site-packages/airflow/example_dags/example_branch_operator.py
[2022-02-03 20:53:28,326] {processor.py:642} INFO - Processing file /home/airflow/.local/lib/python3.7/site-packages/airflow/example_dags/example_branch_operator.py for tasks to queue
[2022-02-03 20:53:28,327] {logging_mixin.py:109} INFO - [2022-02-03 20:53:28,326] {dagbag.py:500} INFO - Filling up the DagBag from /home/airflow/.local/lib/python3.7/site-packages/airflow/example_dags/example_branch_operator.py
[2022-02-03 20:53:28,427] {processor.py:654} INFO - DAG(s) dict_keys(['example_branch_operator']) retrieved from /home/airflow/.local/lib/python3.7/site-packages/airflow/example_dags/example_branch_operator.py
[2022-02-03 20:53:28,435] {logging_mixin.py:109} INFO - [2022-02-03 20:53:28,435] {dag.py:2396} INFO - Sync 1 DAGs
[2022-02-03 20:53:28,447] {logging_mixin.py:109} INFO - [2022-02-03 20:53:28,447] {dag.py:2935} INFO - Setting next_dagrun for example_branch_operator to 2022-02-02 00:00:00+00:00
[2022-02-03 20:53:28,456] {processor.py:171} INFO - Processing /home/airflow/.local/lib/python3.7/site-packages/airflow/example_dags/example_branch_operator.py took 0.135 seconds
[2022-02-03 20:53:58,717] {processor.py:163} INFO - Started process (PID=1994) to work on /home/airflow/.local/lib/python3.7/site-packages/airflow/example_dags/example_branch_operator.py
[2022-02-03 20:53:58,720] {processor.py:642} INFO - Processing file /home/airflow/.local/lib/python3.7/site-packages/airflow/example_dags/example_branch_operator.py for tasks to queue
[2022-02-03 20:53:58,721] {logging_mixin.py:109} INFO - [2022-02-03 20:53:58,721] {dagbag.py:500} INFO - Filling up the DagBag from /home/airflow/.local/lib/python3.7/site-packages/airflow/example_dags/example_branch_operator.py
[2022-02-03 20:53:58,854] {processor.py:654} INFO - DAG(s) dict_keys(['example_branch_operator']) retrieved from /home/airflow/.local/lib/python3.7/site-packages/airflow/example_dags/example_branch_operator.py
[2022-02-03 20:53:58,870] {logging_mixin.py:109} INFO - [2022-02-03 20:53:58,870] {dag.py:2396} INFO - Sync 1 DAGs
[2022-02-03 20:53:58,894] {logging_mixin.py:109} INFO - [2022-02-03 20:53:58,894] {dag.py:2935} INFO - Setting next_dagrun for example_branch_operator to 2022-02-02 00:00:00+00:00
[2022-02-03 20:53:58,905] {processor.py:171} INFO - Processing /home/airflow/.local/lib/python3.7/site-packages/airflow/example_dags/example_branch_operator.py took 0.192 seconds
[2022-02-03 20:54:29,080] {processor.py:163} INFO - Started process (PID=2046) to work on /home/airflow/.local/lib/python3.7/site-packages/airflow/example_dags/example_branch_operator.py
[2022-02-03 20:54:29,081] {processor.py:642} INFO - Processing file /home/airflow/.local/lib/python3.7/site-packages/airflow/example_dags/example_branch_operator.py for tasks to queue
[2022-02-03 20:54:29,082] {logging_mixin.py:109} INFO - [2022-02-03 20:54:29,082] {dagbag.py:500} INFO - Filling up the DagBag from /home/airflow/.local/lib/python3.7/site-packages/airflow/example_dags/example_branch_operator.py
[2022-02-03 20:54:29,195] {processor.py:654} INFO - DAG(s) dict_keys(['example_branch_operator']) retrieved from /home/airflow/.local/lib/python3.7/site-packages/airflow/example_dags/example_branch_operator.py
[2022-02-03 20:54:29,206] {logging_mixin.py:109} INFO - [2022-02-03 20:54:29,205] {dag.py:2396} INFO - Sync 1 DAGs
[2022-02-03 20:54:29,221] {logging_mixin.py:109} INFO - [2022-02-03 20:54:29,221] {dag.py:2935} INFO - Setting next_dagrun for example_branch_operator to 2022-02-02 00:00:00+00:00
[2022-02-03 20:54:29,231] {processor.py:171} INFO - Processing /home/airflow/.local/lib/python3.7/site-packages/airflow/example_dags/example_branch_operator.py took 0.155 seconds
[2022-02-03 20:54:59,300] {processor.py:163} INFO - Started process (PID=2104) to work on /home/airflow/.local/lib/python3.7/site-packages/airflow/example_dags/example_branch_operator.py
[2022-02-03 20:54:59,301] {processor.py:642} INFO - Processing file /home/airflow/.local/lib/python3.7/site-packages/airflow/example_dags/example_branch_operator.py for tasks to queue
[2022-02-03 20:54:59,301] {logging_mixin.py:109} INFO - [2022-02-03 20:54:59,301] {dagbag.py:500} INFO - Filling up the DagBag from /home/airflow/.local/lib/python3.7/site-packages/airflow/example_dags/example_branch_operator.py
[2022-02-03 20:54:59,387] {processor.py:654} INFO - DAG(s) dict_keys(['example_branch_operator']) retrieved from /home/airflow/.local/lib/python3.7/site-packages/airflow/example_dags/example_branch_operator.py
[2022-02-03 20:54:59,395] {logging_mixin.py:109} INFO - [2022-02-03 20:54:59,394] {dag.py:2396} INFO - Sync 1 DAGs
[2022-02-03 20:54:59,407] {logging_mixin.py:109} INFO - [2022-02-03 20:54:59,407] {dag.py:2935} INFO - Setting next_dagrun for example_branch_operator to 2022-02-02 00:00:00+00:00
[2022-02-03 20:54:59,418] {processor.py:171} INFO - Processing /home/airflow/.local/lib/python3.7/site-packages/airflow/example_dags/example_branch_operator.py took 0.121 seconds
[2022-02-03 20:55:29,638] {processor.py:163} INFO - Started process (PID=2157) to work on /home/airflow/.local/lib/python3.7/site-packages/airflow/example_dags/example_branch_operator.py
[2022-02-03 20:55:29,640] {processor.py:642} INFO - Processing file /home/airflow/.local/lib/python3.7/site-packages/airflow/example_dags/example_branch_operator.py for tasks to queue
[2022-02-03 20:55:29,640] {logging_mixin.py:109} INFO - [2022-02-03 20:55:29,640] {dagbag.py:500} INFO - Filling up the DagBag from /home/airflow/.local/lib/python3.7/site-packages/airflow/example_dags/example_branch_operator.py
[2022-02-03 20:55:29,725] {processor.py:654} INFO - DAG(s) dict_keys(['example_branch_operator']) retrieved from /home/airflow/.local/lib/python3.7/site-packages/airflow/example_dags/example_branch_operator.py
[2022-02-03 20:55:29,733] {logging_mixin.py:109} INFO - [2022-02-03 20:55:29,733] {dag.py:2396} INFO - Sync 1 DAGs
[2022-02-03 20:55:29,746] {logging_mixin.py:109} INFO - [2022-02-03 20:55:29,746] {dag.py:2935} INFO - Setting next_dagrun for example_branch_operator to 2022-02-02 00:00:00+00:00
[2022-02-03 20:55:29,754] {processor.py:171} INFO - Processing /home/airflow/.local/lib/python3.7/site-packages/airflow/example_dags/example_branch_operator.py took 0.118 seconds
