[2022-02-03 20:38:27,494] {processor.py:163} INFO - Started process (PID=102) to work on /home/airflow/.local/lib/python3.7/site-packages/airflow/example_dags/example_task_group.py
[2022-02-03 20:38:27,496] {processor.py:642} INFO - Processing file /home/airflow/.local/lib/python3.7/site-packages/airflow/example_dags/example_task_group.py for tasks to queue
[2022-02-03 20:38:27,497] {logging_mixin.py:109} INFO - [2022-02-03 20:38:27,497] {dagbag.py:500} INFO - Filling up the DagBag from /home/airflow/.local/lib/python3.7/site-packages/airflow/example_dags/example_task_group.py
[2022-02-03 20:38:27,554] {processor.py:654} INFO - DAG(s) dict_keys(['example_task_group']) retrieved from /home/airflow/.local/lib/python3.7/site-packages/airflow/example_dags/example_task_group.py
[2022-02-03 20:38:30,965] {logging_mixin.py:109} INFO - [2022-02-03 20:38:30,965] {manager.py:496} INFO - Created Permission View: can read on DAG:example_task_group
[2022-02-03 20:38:30,987] {logging_mixin.py:109} INFO - [2022-02-03 20:38:30,987] {manager.py:496} INFO - Created Permission View: can edit on DAG:example_task_group
[2022-02-03 20:38:30,988] {logging_mixin.py:109} INFO - [2022-02-03 20:38:30,988] {dag.py:2396} INFO - Sync 1 DAGs
[2022-02-03 20:38:31,006] {logging_mixin.py:109} INFO - [2022-02-03 20:38:31,005] {dag.py:2415} INFO - Creating ORM DAG for example_task_group
[2022-02-03 20:38:31,023] {logging_mixin.py:109} INFO - [2022-02-03 20:38:31,022] {dag.py:2935} INFO - Setting next_dagrun for example_task_group to 2022-02-02T20:38:31.022418+00:00
[2022-02-03 20:38:31,058] {processor.py:171} INFO - Processing /home/airflow/.local/lib/python3.7/site-packages/airflow/example_dags/example_task_group.py took 3.570 seconds
[2022-02-03 20:39:01,139] {processor.py:163} INFO - Started process (PID=355) to work on /home/airflow/.local/lib/python3.7/site-packages/airflow/example_dags/example_task_group.py
[2022-02-03 20:39:01,140] {processor.py:642} INFO - Processing file /home/airflow/.local/lib/python3.7/site-packages/airflow/example_dags/example_task_group.py for tasks to queue
[2022-02-03 20:39:01,141] {logging_mixin.py:109} INFO - [2022-02-03 20:39:01,141] {dagbag.py:500} INFO - Filling up the DagBag from /home/airflow/.local/lib/python3.7/site-packages/airflow/example_dags/example_task_group.py
[2022-02-03 20:39:01,172] {processor.py:654} INFO - DAG(s) dict_keys(['example_task_group']) retrieved from /home/airflow/.local/lib/python3.7/site-packages/airflow/example_dags/example_task_group.py
[2022-02-03 20:39:01,183] {logging_mixin.py:109} INFO - [2022-02-03 20:39:01,183] {dag.py:2396} INFO - Sync 1 DAGs
[2022-02-03 20:39:01,201] {logging_mixin.py:109} INFO - [2022-02-03 20:39:01,201] {dag.py:2935} INFO - Setting next_dagrun for example_task_group to 2022-02-02T20:39:01.201586+00:00
[2022-02-03 20:39:01,211] {processor.py:171} INFO - Processing /home/airflow/.local/lib/python3.7/site-packages/airflow/example_dags/example_task_group.py took 0.076 seconds
[2022-02-03 20:39:32,168] {processor.py:163} INFO - Started process (PID=409) to work on /home/airflow/.local/lib/python3.7/site-packages/airflow/example_dags/example_task_group.py
[2022-02-03 20:39:32,169] {processor.py:642} INFO - Processing file /home/airflow/.local/lib/python3.7/site-packages/airflow/example_dags/example_task_group.py for tasks to queue
[2022-02-03 20:39:32,170] {logging_mixin.py:109} INFO - [2022-02-03 20:39:32,169] {dagbag.py:500} INFO - Filling up the DagBag from /home/airflow/.local/lib/python3.7/site-packages/airflow/example_dags/example_task_group.py
[2022-02-03 20:39:32,195] {processor.py:654} INFO - DAG(s) dict_keys(['example_task_group']) retrieved from /home/airflow/.local/lib/python3.7/site-packages/airflow/example_dags/example_task_group.py
[2022-02-03 20:39:32,204] {logging_mixin.py:109} INFO - [2022-02-03 20:39:32,204] {dag.py:2396} INFO - Sync 1 DAGs
[2022-02-03 20:39:32,217] {logging_mixin.py:109} INFO - [2022-02-03 20:39:32,217] {dag.py:2935} INFO - Setting next_dagrun for example_task_group to 2022-02-02T20:39:32.216991+00:00
[2022-02-03 20:39:32,227] {processor.py:171} INFO - Processing /home/airflow/.local/lib/python3.7/site-packages/airflow/example_dags/example_task_group.py took 0.062 seconds
[2022-02-03 20:40:02,351] {processor.py:163} INFO - Started process (PID=459) to work on /home/airflow/.local/lib/python3.7/site-packages/airflow/example_dags/example_task_group.py
[2022-02-03 20:40:02,353] {processor.py:642} INFO - Processing file /home/airflow/.local/lib/python3.7/site-packages/airflow/example_dags/example_task_group.py for tasks to queue
[2022-02-03 20:40:02,354] {logging_mixin.py:109} INFO - [2022-02-03 20:40:02,353] {dagbag.py:500} INFO - Filling up the DagBag from /home/airflow/.local/lib/python3.7/site-packages/airflow/example_dags/example_task_group.py
[2022-02-03 20:40:02,386] {processor.py:654} INFO - DAG(s) dict_keys(['example_task_group']) retrieved from /home/airflow/.local/lib/python3.7/site-packages/airflow/example_dags/example_task_group.py
[2022-02-03 20:40:02,400] {logging_mixin.py:109} INFO - [2022-02-03 20:40:02,399] {dag.py:2396} INFO - Sync 1 DAGs
[2022-02-03 20:40:02,422] {logging_mixin.py:109} INFO - [2022-02-03 20:40:02,422] {dag.py:2935} INFO - Setting next_dagrun for example_task_group to 2022-02-02T20:40:02.421933+00:00
[2022-02-03 20:40:02,436] {processor.py:171} INFO - Processing /home/airflow/.local/lib/python3.7/site-packages/airflow/example_dags/example_task_group.py took 0.087 seconds
[2022-02-03 20:40:32,674] {processor.py:163} INFO - Started process (PID=520) to work on /home/airflow/.local/lib/python3.7/site-packages/airflow/example_dags/example_task_group.py
[2022-02-03 20:40:32,675] {processor.py:642} INFO - Processing file /home/airflow/.local/lib/python3.7/site-packages/airflow/example_dags/example_task_group.py for tasks to queue
[2022-02-03 20:40:32,676] {logging_mixin.py:109} INFO - [2022-02-03 20:40:32,676] {dagbag.py:500} INFO - Filling up the DagBag from /home/airflow/.local/lib/python3.7/site-packages/airflow/example_dags/example_task_group.py
[2022-02-03 20:40:32,768] {processor.py:654} INFO - DAG(s) dict_keys(['example_task_group']) retrieved from /home/airflow/.local/lib/python3.7/site-packages/airflow/example_dags/example_task_group.py
[2022-02-03 20:40:32,780] {logging_mixin.py:109} INFO - [2022-02-03 20:40:32,780] {dag.py:2396} INFO - Sync 1 DAGs
[2022-02-03 20:40:32,806] {logging_mixin.py:109} INFO - [2022-02-03 20:40:32,806] {dag.py:2935} INFO - Setting next_dagrun for example_task_group to 2022-02-02T20:40:32.806070+00:00
[2022-02-03 20:40:32,815] {processor.py:171} INFO - Processing /home/airflow/.local/lib/python3.7/site-packages/airflow/example_dags/example_task_group.py took 0.146 seconds
[2022-02-03 20:41:03,612] {processor.py:163} INFO - Started process (PID=571) to work on /home/airflow/.local/lib/python3.7/site-packages/airflow/example_dags/example_task_group.py
[2022-02-03 20:41:03,613] {processor.py:642} INFO - Processing file /home/airflow/.local/lib/python3.7/site-packages/airflow/example_dags/example_task_group.py for tasks to queue
[2022-02-03 20:41:03,614] {logging_mixin.py:109} INFO - [2022-02-03 20:41:03,614] {dagbag.py:500} INFO - Filling up the DagBag from /home/airflow/.local/lib/python3.7/site-packages/airflow/example_dags/example_task_group.py
[2022-02-03 20:41:03,640] {processor.py:654} INFO - DAG(s) dict_keys(['example_task_group']) retrieved from /home/airflow/.local/lib/python3.7/site-packages/airflow/example_dags/example_task_group.py
[2022-02-03 20:41:03,652] {logging_mixin.py:109} INFO - [2022-02-03 20:41:03,651] {dag.py:2396} INFO - Sync 1 DAGs
[2022-02-03 20:41:03,667] {logging_mixin.py:109} INFO - [2022-02-03 20:41:03,666] {dag.py:2935} INFO - Setting next_dagrun for example_task_group to 2022-02-02T20:41:03.666598+00:00
[2022-02-03 20:41:03,676] {processor.py:171} INFO - Processing /home/airflow/.local/lib/python3.7/site-packages/airflow/example_dags/example_task_group.py took 0.067 seconds
[2022-02-03 20:41:34,748] {processor.py:163} INFO - Started process (PID=631) to work on /home/airflow/.local/lib/python3.7/site-packages/airflow/example_dags/example_task_group.py
[2022-02-03 20:41:34,749] {processor.py:642} INFO - Processing file /home/airflow/.local/lib/python3.7/site-packages/airflow/example_dags/example_task_group.py for tasks to queue
[2022-02-03 20:41:34,749] {logging_mixin.py:109} INFO - [2022-02-03 20:41:34,749] {dagbag.py:500} INFO - Filling up the DagBag from /home/airflow/.local/lib/python3.7/site-packages/airflow/example_dags/example_task_group.py
[2022-02-03 20:41:34,772] {processor.py:654} INFO - DAG(s) dict_keys(['example_task_group']) retrieved from /home/airflow/.local/lib/python3.7/site-packages/airflow/example_dags/example_task_group.py
[2022-02-03 20:41:34,780] {logging_mixin.py:109} INFO - [2022-02-03 20:41:34,780] {dag.py:2396} INFO - Sync 1 DAGs
[2022-02-03 20:41:34,792] {logging_mixin.py:109} INFO - [2022-02-03 20:41:34,792] {dag.py:2935} INFO - Setting next_dagrun for example_task_group to 2022-02-02T20:41:34.792050+00:00
[2022-02-03 20:41:34,801] {processor.py:171} INFO - Processing /home/airflow/.local/lib/python3.7/site-packages/airflow/example_dags/example_task_group.py took 0.056 seconds
[2022-02-03 20:42:05,857] {processor.py:163} INFO - Started process (PID=692) to work on /home/airflow/.local/lib/python3.7/site-packages/airflow/example_dags/example_task_group.py
[2022-02-03 20:42:05,859] {processor.py:642} INFO - Processing file /home/airflow/.local/lib/python3.7/site-packages/airflow/example_dags/example_task_group.py for tasks to queue
[2022-02-03 20:42:05,861] {logging_mixin.py:109} INFO - [2022-02-03 20:42:05,861] {dagbag.py:500} INFO - Filling up the DagBag from /home/airflow/.local/lib/python3.7/site-packages/airflow/example_dags/example_task_group.py
[2022-02-03 20:42:05,904] {processor.py:654} INFO - DAG(s) dict_keys(['example_task_group']) retrieved from /home/airflow/.local/lib/python3.7/site-packages/airflow/example_dags/example_task_group.py
[2022-02-03 20:42:05,924] {logging_mixin.py:109} INFO - [2022-02-03 20:42:05,924] {dag.py:2396} INFO - Sync 1 DAGs
[2022-02-03 20:42:05,950] {logging_mixin.py:109} INFO - [2022-02-03 20:42:05,950] {dag.py:2935} INFO - Setting next_dagrun for example_task_group to 2022-02-02T20:42:05.949764+00:00
[2022-02-03 20:42:05,961] {processor.py:171} INFO - Processing /home/airflow/.local/lib/python3.7/site-packages/airflow/example_dags/example_task_group.py took 0.108 seconds
[2022-02-03 20:42:37,087] {processor.py:163} INFO - Started process (PID=743) to work on /home/airflow/.local/lib/python3.7/site-packages/airflow/example_dags/example_task_group.py
[2022-02-03 20:42:37,088] {processor.py:642} INFO - Processing file /home/airflow/.local/lib/python3.7/site-packages/airflow/example_dags/example_task_group.py for tasks to queue
[2022-02-03 20:42:37,089] {logging_mixin.py:109} INFO - [2022-02-03 20:42:37,089] {dagbag.py:500} INFO - Filling up the DagBag from /home/airflow/.local/lib/python3.7/site-packages/airflow/example_dags/example_task_group.py
[2022-02-03 20:42:37,111] {processor.py:654} INFO - DAG(s) dict_keys(['example_task_group']) retrieved from /home/airflow/.local/lib/python3.7/site-packages/airflow/example_dags/example_task_group.py
[2022-02-03 20:42:37,120] {logging_mixin.py:109} INFO - [2022-02-03 20:42:37,120] {dag.py:2396} INFO - Sync 1 DAGs
[2022-02-03 20:42:37,133] {logging_mixin.py:109} INFO - [2022-02-03 20:42:37,133] {dag.py:2935} INFO - Setting next_dagrun for example_task_group to 2022-02-02T20:42:37.133474+00:00
[2022-02-03 20:42:37,144] {processor.py:171} INFO - Processing /home/airflow/.local/lib/python3.7/site-packages/airflow/example_dags/example_task_group.py took 0.060 seconds
[2022-02-03 20:43:08,266] {processor.py:163} INFO - Started process (PID=804) to work on /home/airflow/.local/lib/python3.7/site-packages/airflow/example_dags/example_task_group.py
[2022-02-03 20:43:08,267] {processor.py:642} INFO - Processing file /home/airflow/.local/lib/python3.7/site-packages/airflow/example_dags/example_task_group.py for tasks to queue
[2022-02-03 20:43:08,268] {logging_mixin.py:109} INFO - [2022-02-03 20:43:08,268] {dagbag.py:500} INFO - Filling up the DagBag from /home/airflow/.local/lib/python3.7/site-packages/airflow/example_dags/example_task_group.py
[2022-02-03 20:43:08,296] {processor.py:654} INFO - DAG(s) dict_keys(['example_task_group']) retrieved from /home/airflow/.local/lib/python3.7/site-packages/airflow/example_dags/example_task_group.py
[2022-02-03 20:43:08,307] {logging_mixin.py:109} INFO - [2022-02-03 20:43:08,307] {dag.py:2396} INFO - Sync 1 DAGs
[2022-02-03 20:43:08,323] {logging_mixin.py:109} INFO - [2022-02-03 20:43:08,323] {dag.py:2935} INFO - Setting next_dagrun for example_task_group to 2022-02-02T20:43:08.322804+00:00
[2022-02-03 20:43:08,333] {processor.py:171} INFO - Processing /home/airflow/.local/lib/python3.7/site-packages/airflow/example_dags/example_task_group.py took 0.070 seconds
[2022-02-03 20:43:39,507] {processor.py:163} INFO - Started process (PID=856) to work on /home/airflow/.local/lib/python3.7/site-packages/airflow/example_dags/example_task_group.py
[2022-02-03 20:43:39,508] {processor.py:642} INFO - Processing file /home/airflow/.local/lib/python3.7/site-packages/airflow/example_dags/example_task_group.py for tasks to queue
[2022-02-03 20:43:39,509] {logging_mixin.py:109} INFO - [2022-02-03 20:43:39,509] {dagbag.py:500} INFO - Filling up the DagBag from /home/airflow/.local/lib/python3.7/site-packages/airflow/example_dags/example_task_group.py
[2022-02-03 20:43:39,535] {processor.py:654} INFO - DAG(s) dict_keys(['example_task_group']) retrieved from /home/airflow/.local/lib/python3.7/site-packages/airflow/example_dags/example_task_group.py
[2022-02-03 20:43:39,546] {logging_mixin.py:109} INFO - [2022-02-03 20:43:39,546] {dag.py:2396} INFO - Sync 1 DAGs
[2022-02-03 20:43:39,562] {logging_mixin.py:109} INFO - [2022-02-03 20:43:39,562] {dag.py:2935} INFO - Setting next_dagrun for example_task_group to 2022-02-02T20:43:39.562452+00:00
[2022-02-03 20:43:39,571] {processor.py:171} INFO - Processing /home/airflow/.local/lib/python3.7/site-packages/airflow/example_dags/example_task_group.py took 0.067 seconds
[2022-02-03 20:44:10,525] {processor.py:163} INFO - Started process (PID=915) to work on /home/airflow/.local/lib/python3.7/site-packages/airflow/example_dags/example_task_group.py
[2022-02-03 20:44:10,526] {processor.py:642} INFO - Processing file /home/airflow/.local/lib/python3.7/site-packages/airflow/example_dags/example_task_group.py for tasks to queue
[2022-02-03 20:44:10,527] {logging_mixin.py:109} INFO - [2022-02-03 20:44:10,526] {dagbag.py:500} INFO - Filling up the DagBag from /home/airflow/.local/lib/python3.7/site-packages/airflow/example_dags/example_task_group.py
[2022-02-03 20:44:10,548] {processor.py:654} INFO - DAG(s) dict_keys(['example_task_group']) retrieved from /home/airflow/.local/lib/python3.7/site-packages/airflow/example_dags/example_task_group.py
[2022-02-03 20:44:10,556] {logging_mixin.py:109} INFO - [2022-02-03 20:44:10,556] {dag.py:2396} INFO - Sync 1 DAGs
[2022-02-03 20:44:10,568] {logging_mixin.py:109} INFO - [2022-02-03 20:44:10,568] {dag.py:2935} INFO - Setting next_dagrun for example_task_group to 2022-02-02T20:44:10.568331+00:00
[2022-02-03 20:44:10,576] {processor.py:171} INFO - Processing /home/airflow/.local/lib/python3.7/site-packages/airflow/example_dags/example_task_group.py took 0.054 seconds
[2022-02-03 20:44:40,994] {processor.py:163} INFO - Started process (PID=965) to work on /home/airflow/.local/lib/python3.7/site-packages/airflow/example_dags/example_task_group.py
[2022-02-03 20:44:40,995] {processor.py:642} INFO - Processing file /home/airflow/.local/lib/python3.7/site-packages/airflow/example_dags/example_task_group.py for tasks to queue
[2022-02-03 20:44:40,996] {logging_mixin.py:109} INFO - [2022-02-03 20:44:40,996] {dagbag.py:500} INFO - Filling up the DagBag from /home/airflow/.local/lib/python3.7/site-packages/airflow/example_dags/example_task_group.py
[2022-02-03 20:44:41,022] {processor.py:654} INFO - DAG(s) dict_keys(['example_task_group']) retrieved from /home/airflow/.local/lib/python3.7/site-packages/airflow/example_dags/example_task_group.py
[2022-02-03 20:44:41,032] {logging_mixin.py:109} INFO - [2022-02-03 20:44:41,032] {dag.py:2396} INFO - Sync 1 DAGs
[2022-02-03 20:44:41,045] {logging_mixin.py:109} INFO - [2022-02-03 20:44:41,045] {dag.py:2935} INFO - Setting next_dagrun for example_task_group to 2022-02-02T20:44:41.045009+00:00
[2022-02-03 20:44:41,054] {processor.py:171} INFO - Processing /home/airflow/.local/lib/python3.7/site-packages/airflow/example_dags/example_task_group.py took 0.062 seconds
[2022-02-03 20:45:11,614] {processor.py:163} INFO - Started process (PID=1027) to work on /home/airflow/.local/lib/python3.7/site-packages/airflow/example_dags/example_task_group.py
[2022-02-03 20:45:11,615] {processor.py:642} INFO - Processing file /home/airflow/.local/lib/python3.7/site-packages/airflow/example_dags/example_task_group.py for tasks to queue
[2022-02-03 20:45:11,616] {logging_mixin.py:109} INFO - [2022-02-03 20:45:11,616] {dagbag.py:500} INFO - Filling up the DagBag from /home/airflow/.local/lib/python3.7/site-packages/airflow/example_dags/example_task_group.py
[2022-02-03 20:45:11,639] {processor.py:654} INFO - DAG(s) dict_keys(['example_task_group']) retrieved from /home/airflow/.local/lib/python3.7/site-packages/airflow/example_dags/example_task_group.py
[2022-02-03 20:45:11,647] {logging_mixin.py:109} INFO - [2022-02-03 20:45:11,647] {dag.py:2396} INFO - Sync 1 DAGs
[2022-02-03 20:45:11,660] {logging_mixin.py:109} INFO - [2022-02-03 20:45:11,660] {dag.py:2935} INFO - Setting next_dagrun for example_task_group to 2022-02-02T20:45:11.660105+00:00
[2022-02-03 20:45:11,669] {processor.py:171} INFO - Processing /home/airflow/.local/lib/python3.7/site-packages/airflow/example_dags/example_task_group.py took 0.057 seconds
[2022-02-03 20:45:42,187] {processor.py:163} INFO - Started process (PID=1078) to work on /home/airflow/.local/lib/python3.7/site-packages/airflow/example_dags/example_task_group.py
[2022-02-03 20:45:42,188] {processor.py:642} INFO - Processing file /home/airflow/.local/lib/python3.7/site-packages/airflow/example_dags/example_task_group.py for tasks to queue
[2022-02-03 20:45:42,188] {logging_mixin.py:109} INFO - [2022-02-03 20:45:42,188] {dagbag.py:500} INFO - Filling up the DagBag from /home/airflow/.local/lib/python3.7/site-packages/airflow/example_dags/example_task_group.py
[2022-02-03 20:45:42,210] {processor.py:654} INFO - DAG(s) dict_keys(['example_task_group']) retrieved from /home/airflow/.local/lib/python3.7/site-packages/airflow/example_dags/example_task_group.py
[2022-02-03 20:45:42,218] {logging_mixin.py:109} INFO - [2022-02-03 20:45:42,218] {dag.py:2396} INFO - Sync 1 DAGs
[2022-02-03 20:45:42,230] {logging_mixin.py:109} INFO - [2022-02-03 20:45:42,230] {dag.py:2935} INFO - Setting next_dagrun for example_task_group to 2022-02-02T20:45:42.230316+00:00
[2022-02-03 20:45:42,239] {processor.py:171} INFO - Processing /home/airflow/.local/lib/python3.7/site-packages/airflow/example_dags/example_task_group.py took 0.055 seconds
[2022-02-03 20:46:12,613] {processor.py:163} INFO - Started process (PID=1140) to work on /home/airflow/.local/lib/python3.7/site-packages/airflow/example_dags/example_task_group.py
[2022-02-03 20:46:12,614] {processor.py:642} INFO - Processing file /home/airflow/.local/lib/python3.7/site-packages/airflow/example_dags/example_task_group.py for tasks to queue
[2022-02-03 20:46:12,615] {logging_mixin.py:109} INFO - [2022-02-03 20:46:12,615] {dagbag.py:500} INFO - Filling up the DagBag from /home/airflow/.local/lib/python3.7/site-packages/airflow/example_dags/example_task_group.py
[2022-02-03 20:46:12,641] {processor.py:654} INFO - DAG(s) dict_keys(['example_task_group']) retrieved from /home/airflow/.local/lib/python3.7/site-packages/airflow/example_dags/example_task_group.py
[2022-02-03 20:46:12,651] {logging_mixin.py:109} INFO - [2022-02-03 20:46:12,651] {dag.py:2396} INFO - Sync 1 DAGs
[2022-02-03 20:46:12,666] {logging_mixin.py:109} INFO - [2022-02-03 20:46:12,666] {dag.py:2935} INFO - Setting next_dagrun for example_task_group to 2022-02-02T20:46:12.665957+00:00
[2022-02-03 20:46:12,676] {processor.py:171} INFO - Processing /home/airflow/.local/lib/python3.7/site-packages/airflow/example_dags/example_task_group.py took 0.066 seconds
[2022-02-03 20:46:43,104] {processor.py:163} INFO - Started process (PID=1191) to work on /home/airflow/.local/lib/python3.7/site-packages/airflow/example_dags/example_task_group.py
[2022-02-03 20:46:43,105] {processor.py:642} INFO - Processing file /home/airflow/.local/lib/python3.7/site-packages/airflow/example_dags/example_task_group.py for tasks to queue
[2022-02-03 20:46:43,105] {logging_mixin.py:109} INFO - [2022-02-03 20:46:43,105] {dagbag.py:500} INFO - Filling up the DagBag from /home/airflow/.local/lib/python3.7/site-packages/airflow/example_dags/example_task_group.py
[2022-02-03 20:46:43,127] {processor.py:654} INFO - DAG(s) dict_keys(['example_task_group']) retrieved from /home/airflow/.local/lib/python3.7/site-packages/airflow/example_dags/example_task_group.py
[2022-02-03 20:46:43,135] {logging_mixin.py:109} INFO - [2022-02-03 20:46:43,135] {dag.py:2396} INFO - Sync 1 DAGs
[2022-02-03 20:46:43,146] {logging_mixin.py:109} INFO - [2022-02-03 20:46:43,146] {dag.py:2935} INFO - Setting next_dagrun for example_task_group to 2022-02-02T20:46:43.145840+00:00
[2022-02-03 20:46:43,154] {processor.py:171} INFO - Processing /home/airflow/.local/lib/python3.7/site-packages/airflow/example_dags/example_task_group.py took 0.053 seconds
[2022-02-03 20:47:13,688] {processor.py:163} INFO - Started process (PID=1252) to work on /home/airflow/.local/lib/python3.7/site-packages/airflow/example_dags/example_task_group.py
[2022-02-03 20:47:13,689] {processor.py:642} INFO - Processing file /home/airflow/.local/lib/python3.7/site-packages/airflow/example_dags/example_task_group.py for tasks to queue
[2022-02-03 20:47:13,690] {logging_mixin.py:109} INFO - [2022-02-03 20:47:13,690] {dagbag.py:500} INFO - Filling up the DagBag from /home/airflow/.local/lib/python3.7/site-packages/airflow/example_dags/example_task_group.py
[2022-02-03 20:47:13,711] {processor.py:654} INFO - DAG(s) dict_keys(['example_task_group']) retrieved from /home/airflow/.local/lib/python3.7/site-packages/airflow/example_dags/example_task_group.py
[2022-02-03 20:47:13,721] {logging_mixin.py:109} INFO - [2022-02-03 20:47:13,721] {dag.py:2396} INFO - Sync 1 DAGs
[2022-02-03 20:47:13,733] {logging_mixin.py:109} INFO - [2022-02-03 20:47:13,733] {dag.py:2935} INFO - Setting next_dagrun for example_task_group to 2022-02-02T20:47:13.733333+00:00
[2022-02-03 20:47:13,742] {processor.py:171} INFO - Processing /home/airflow/.local/lib/python3.7/site-packages/airflow/example_dags/example_task_group.py took 0.056 seconds
[2022-02-03 20:47:44,231] {processor.py:163} INFO - Started process (PID=1303) to work on /home/airflow/.local/lib/python3.7/site-packages/airflow/example_dags/example_task_group.py
[2022-02-03 20:47:44,232] {processor.py:642} INFO - Processing file /home/airflow/.local/lib/python3.7/site-packages/airflow/example_dags/example_task_group.py for tasks to queue
[2022-02-03 20:47:44,233] {logging_mixin.py:109} INFO - [2022-02-03 20:47:44,233] {dagbag.py:500} INFO - Filling up the DagBag from /home/airflow/.local/lib/python3.7/site-packages/airflow/example_dags/example_task_group.py
[2022-02-03 20:47:44,255] {processor.py:654} INFO - DAG(s) dict_keys(['example_task_group']) retrieved from /home/airflow/.local/lib/python3.7/site-packages/airflow/example_dags/example_task_group.py
[2022-02-03 20:47:44,264] {logging_mixin.py:109} INFO - [2022-02-03 20:47:44,264] {dag.py:2396} INFO - Sync 1 DAGs
[2022-02-03 20:47:44,275] {logging_mixin.py:109} INFO - [2022-02-03 20:47:44,275] {dag.py:2935} INFO - Setting next_dagrun for example_task_group to 2022-02-02T20:47:44.275412+00:00
[2022-02-03 20:47:44,285] {processor.py:171} INFO - Processing /home/airflow/.local/lib/python3.7/site-packages/airflow/example_dags/example_task_group.py took 0.057 seconds
[2022-02-03 20:48:14,885] {processor.py:163} INFO - Started process (PID=1364) to work on /home/airflow/.local/lib/python3.7/site-packages/airflow/example_dags/example_task_group.py
[2022-02-03 20:48:14,886] {processor.py:642} INFO - Processing file /home/airflow/.local/lib/python3.7/site-packages/airflow/example_dags/example_task_group.py for tasks to queue
[2022-02-03 20:48:14,887] {logging_mixin.py:109} INFO - [2022-02-03 20:48:14,887] {dagbag.py:500} INFO - Filling up the DagBag from /home/airflow/.local/lib/python3.7/site-packages/airflow/example_dags/example_task_group.py
[2022-02-03 20:48:14,919] {processor.py:654} INFO - DAG(s) dict_keys(['example_task_group']) retrieved from /home/airflow/.local/lib/python3.7/site-packages/airflow/example_dags/example_task_group.py
[2022-02-03 20:48:14,931] {logging_mixin.py:109} INFO - [2022-02-03 20:48:14,930] {dag.py:2396} INFO - Sync 1 DAGs
[2022-02-03 20:48:14,946] {logging_mixin.py:109} INFO - [2022-02-03 20:48:14,946] {dag.py:2935} INFO - Setting next_dagrun for example_task_group to 2022-02-02T20:48:14.946325+00:00
[2022-02-03 20:48:14,954] {processor.py:171} INFO - Processing /home/airflow/.local/lib/python3.7/site-packages/airflow/example_dags/example_task_group.py took 0.072 seconds
[2022-02-03 20:48:45,424] {processor.py:163} INFO - Started process (PID=1426) to work on /home/airflow/.local/lib/python3.7/site-packages/airflow/example_dags/example_task_group.py
[2022-02-03 20:48:45,425] {processor.py:642} INFO - Processing file /home/airflow/.local/lib/python3.7/site-packages/airflow/example_dags/example_task_group.py for tasks to queue
[2022-02-03 20:48:45,426] {logging_mixin.py:109} INFO - [2022-02-03 20:48:45,426] {dagbag.py:500} INFO - Filling up the DagBag from /home/airflow/.local/lib/python3.7/site-packages/airflow/example_dags/example_task_group.py
[2022-02-03 20:48:45,453] {processor.py:654} INFO - DAG(s) dict_keys(['example_task_group']) retrieved from /home/airflow/.local/lib/python3.7/site-packages/airflow/example_dags/example_task_group.py
[2022-02-03 20:48:45,462] {logging_mixin.py:109} INFO - [2022-02-03 20:48:45,462] {dag.py:2396} INFO - Sync 1 DAGs
[2022-02-03 20:48:45,477] {logging_mixin.py:109} INFO - [2022-02-03 20:48:45,477] {dag.py:2935} INFO - Setting next_dagrun for example_task_group to 2022-02-02T20:48:45.477300+00:00
[2022-02-03 20:48:45,486] {processor.py:171} INFO - Processing /home/airflow/.local/lib/python3.7/site-packages/airflow/example_dags/example_task_group.py took 0.065 seconds
[2022-02-03 20:49:15,898] {processor.py:163} INFO - Started process (PID=1477) to work on /home/airflow/.local/lib/python3.7/site-packages/airflow/example_dags/example_task_group.py
[2022-02-03 20:49:15,899] {processor.py:642} INFO - Processing file /home/airflow/.local/lib/python3.7/site-packages/airflow/example_dags/example_task_group.py for tasks to queue
[2022-02-03 20:49:15,900] {logging_mixin.py:109} INFO - [2022-02-03 20:49:15,900] {dagbag.py:500} INFO - Filling up the DagBag from /home/airflow/.local/lib/python3.7/site-packages/airflow/example_dags/example_task_group.py
[2022-02-03 20:49:15,923] {processor.py:654} INFO - DAG(s) dict_keys(['example_task_group']) retrieved from /home/airflow/.local/lib/python3.7/site-packages/airflow/example_dags/example_task_group.py
[2022-02-03 20:49:15,936] {logging_mixin.py:109} INFO - [2022-02-03 20:49:15,935] {dag.py:2396} INFO - Sync 1 DAGs
[2022-02-03 20:49:15,949] {logging_mixin.py:109} INFO - [2022-02-03 20:49:15,949] {dag.py:2935} INFO - Setting next_dagrun for example_task_group to 2022-02-02T20:49:15.949153+00:00
[2022-02-03 20:49:15,958] {processor.py:171} INFO - Processing /home/airflow/.local/lib/python3.7/site-packages/airflow/example_dags/example_task_group.py took 0.062 seconds
[2022-02-03 20:49:46,495] {processor.py:163} INFO - Started process (PID=1538) to work on /home/airflow/.local/lib/python3.7/site-packages/airflow/example_dags/example_task_group.py
[2022-02-03 20:49:46,497] {processor.py:642} INFO - Processing file /home/airflow/.local/lib/python3.7/site-packages/airflow/example_dags/example_task_group.py for tasks to queue
[2022-02-03 20:49:46,498] {logging_mixin.py:109} INFO - [2022-02-03 20:49:46,498] {dagbag.py:500} INFO - Filling up the DagBag from /home/airflow/.local/lib/python3.7/site-packages/airflow/example_dags/example_task_group.py
[2022-02-03 20:49:46,527] {processor.py:654} INFO - DAG(s) dict_keys(['example_task_group']) retrieved from /home/airflow/.local/lib/python3.7/site-packages/airflow/example_dags/example_task_group.py
[2022-02-03 20:49:46,540] {logging_mixin.py:109} INFO - [2022-02-03 20:49:46,540] {dag.py:2396} INFO - Sync 1 DAGs
[2022-02-03 20:49:46,558] {logging_mixin.py:109} INFO - [2022-02-03 20:49:46,558] {dag.py:2935} INFO - Setting next_dagrun for example_task_group to 2022-02-02T20:49:46.557864+00:00
[2022-02-03 20:49:46,568] {processor.py:171} INFO - Processing /home/airflow/.local/lib/python3.7/site-packages/airflow/example_dags/example_task_group.py took 0.076 seconds
[2022-02-03 20:50:17,732] {processor.py:163} INFO - Started process (PID=1589) to work on /home/airflow/.local/lib/python3.7/site-packages/airflow/example_dags/example_task_group.py
[2022-02-03 20:50:17,734] {processor.py:642} INFO - Processing file /home/airflow/.local/lib/python3.7/site-packages/airflow/example_dags/example_task_group.py for tasks to queue
[2022-02-03 20:50:17,734] {logging_mixin.py:109} INFO - [2022-02-03 20:50:17,734] {dagbag.py:500} INFO - Filling up the DagBag from /home/airflow/.local/lib/python3.7/site-packages/airflow/example_dags/example_task_group.py
[2022-02-03 20:50:17,757] {processor.py:654} INFO - DAG(s) dict_keys(['example_task_group']) retrieved from /home/airflow/.local/lib/python3.7/site-packages/airflow/example_dags/example_task_group.py
[2022-02-03 20:50:17,767] {logging_mixin.py:109} INFO - [2022-02-03 20:50:17,767] {dag.py:2396} INFO - Sync 1 DAGs
[2022-02-03 20:50:17,780] {logging_mixin.py:109} INFO - [2022-02-03 20:50:17,780] {dag.py:2935} INFO - Setting next_dagrun for example_task_group to 2022-02-02T20:50:17.780126+00:00
[2022-02-03 20:50:17,788] {processor.py:171} INFO - Processing /home/airflow/.local/lib/python3.7/site-packages/airflow/example_dags/example_task_group.py took 0.058 seconds
[2022-02-03 20:50:48,488] {processor.py:163} INFO - Started process (PID=1650) to work on /home/airflow/.local/lib/python3.7/site-packages/airflow/example_dags/example_task_group.py
[2022-02-03 20:50:48,489] {processor.py:642} INFO - Processing file /home/airflow/.local/lib/python3.7/site-packages/airflow/example_dags/example_task_group.py for tasks to queue
[2022-02-03 20:50:48,490] {logging_mixin.py:109} INFO - [2022-02-03 20:50:48,490] {dagbag.py:500} INFO - Filling up the DagBag from /home/airflow/.local/lib/python3.7/site-packages/airflow/example_dags/example_task_group.py
[2022-02-03 20:50:48,518] {processor.py:654} INFO - DAG(s) dict_keys(['example_task_group']) retrieved from /home/airflow/.local/lib/python3.7/site-packages/airflow/example_dags/example_task_group.py
[2022-02-03 20:50:48,530] {logging_mixin.py:109} INFO - [2022-02-03 20:50:48,530] {dag.py:2396} INFO - Sync 1 DAGs
[2022-02-03 20:50:48,546] {logging_mixin.py:109} INFO - [2022-02-03 20:50:48,546] {dag.py:2935} INFO - Setting next_dagrun for example_task_group to 2022-02-02T20:50:48.545807+00:00
[2022-02-03 20:50:48,557] {processor.py:171} INFO - Processing /home/airflow/.local/lib/python3.7/site-packages/airflow/example_dags/example_task_group.py took 0.072 seconds
[2022-02-03 20:51:18,952] {processor.py:163} INFO - Started process (PID=1700) to work on /home/airflow/.local/lib/python3.7/site-packages/airflow/example_dags/example_task_group.py
[2022-02-03 20:51:18,953] {processor.py:642} INFO - Processing file /home/airflow/.local/lib/python3.7/site-packages/airflow/example_dags/example_task_group.py for tasks to queue
[2022-02-03 20:51:18,954] {logging_mixin.py:109} INFO - [2022-02-03 20:51:18,954] {dagbag.py:500} INFO - Filling up the DagBag from /home/airflow/.local/lib/python3.7/site-packages/airflow/example_dags/example_task_group.py
[2022-02-03 20:51:18,975] {processor.py:654} INFO - DAG(s) dict_keys(['example_task_group']) retrieved from /home/airflow/.local/lib/python3.7/site-packages/airflow/example_dags/example_task_group.py
[2022-02-03 20:51:18,984] {logging_mixin.py:109} INFO - [2022-02-03 20:51:18,984] {dag.py:2396} INFO - Sync 1 DAGs
[2022-02-03 20:51:18,995] {logging_mixin.py:109} INFO - [2022-02-03 20:51:18,995] {dag.py:2935} INFO - Setting next_dagrun for example_task_group to 2022-02-02T20:51:18.995328+00:00
[2022-02-03 20:51:19,069] {processor.py:171} INFO - Processing /home/airflow/.local/lib/python3.7/site-packages/airflow/example_dags/example_task_group.py took 0.120 seconds
[2022-02-03 20:51:49,477] {processor.py:163} INFO - Started process (PID=1751) to work on /home/airflow/.local/lib/python3.7/site-packages/airflow/example_dags/example_task_group.py
[2022-02-03 20:51:49,478] {processor.py:642} INFO - Processing file /home/airflow/.local/lib/python3.7/site-packages/airflow/example_dags/example_task_group.py for tasks to queue
[2022-02-03 20:51:49,479] {logging_mixin.py:109} INFO - [2022-02-03 20:51:49,479] {dagbag.py:500} INFO - Filling up the DagBag from /home/airflow/.local/lib/python3.7/site-packages/airflow/example_dags/example_task_group.py
[2022-02-03 20:51:49,501] {processor.py:654} INFO - DAG(s) dict_keys(['example_task_group']) retrieved from /home/airflow/.local/lib/python3.7/site-packages/airflow/example_dags/example_task_group.py
[2022-02-03 20:51:49,509] {logging_mixin.py:109} INFO - [2022-02-03 20:51:49,509] {dag.py:2396} INFO - Sync 1 DAGs
[2022-02-03 20:51:49,593] {logging_mixin.py:109} INFO - [2022-02-03 20:51:49,593] {dag.py:2935} INFO - Setting next_dagrun for example_task_group to 2022-02-02T20:51:49.593004+00:00
[2022-02-03 20:51:49,602] {processor.py:171} INFO - Processing /home/airflow/.local/lib/python3.7/site-packages/airflow/example_dags/example_task_group.py took 0.129 seconds
[2022-02-03 20:52:20,528] {processor.py:163} INFO - Started process (PID=1812) to work on /home/airflow/.local/lib/python3.7/site-packages/airflow/example_dags/example_task_group.py
[2022-02-03 20:52:20,529] {processor.py:642} INFO - Processing file /home/airflow/.local/lib/python3.7/site-packages/airflow/example_dags/example_task_group.py for tasks to queue
[2022-02-03 20:52:20,530] {logging_mixin.py:109} INFO - [2022-02-03 20:52:20,530] {dagbag.py:500} INFO - Filling up the DagBag from /home/airflow/.local/lib/python3.7/site-packages/airflow/example_dags/example_task_group.py
[2022-02-03 20:52:20,558] {processor.py:654} INFO - DAG(s) dict_keys(['example_task_group']) retrieved from /home/airflow/.local/lib/python3.7/site-packages/airflow/example_dags/example_task_group.py
[2022-02-03 20:52:20,569] {logging_mixin.py:109} INFO - [2022-02-03 20:52:20,569] {dag.py:2396} INFO - Sync 1 DAGs
[2022-02-03 20:52:20,658] {logging_mixin.py:109} INFO - [2022-02-03 20:52:20,658] {dag.py:2935} INFO - Setting next_dagrun for example_task_group to 2022-02-02T20:52:20.658055+00:00
[2022-02-03 20:52:20,668] {processor.py:171} INFO - Processing /home/airflow/.local/lib/python3.7/site-packages/airflow/example_dags/example_task_group.py took 0.143 seconds
[2022-02-03 20:52:51,452] {processor.py:163} INFO - Started process (PID=1863) to work on /home/airflow/.local/lib/python3.7/site-packages/airflow/example_dags/example_task_group.py
[2022-02-03 20:52:51,453] {processor.py:642} INFO - Processing file /home/airflow/.local/lib/python3.7/site-packages/airflow/example_dags/example_task_group.py for tasks to queue
[2022-02-03 20:52:51,454] {logging_mixin.py:109} INFO - [2022-02-03 20:52:51,453] {dagbag.py:500} INFO - Filling up the DagBag from /home/airflow/.local/lib/python3.7/site-packages/airflow/example_dags/example_task_group.py
[2022-02-03 20:52:51,480] {processor.py:654} INFO - DAG(s) dict_keys(['example_task_group']) retrieved from /home/airflow/.local/lib/python3.7/site-packages/airflow/example_dags/example_task_group.py
[2022-02-03 20:52:51,489] {logging_mixin.py:109} INFO - [2022-02-03 20:52:51,489] {dag.py:2396} INFO - Sync 1 DAGs
[2022-02-03 20:52:51,572] {logging_mixin.py:109} INFO - [2022-02-03 20:52:51,572] {dag.py:2935} INFO - Setting next_dagrun for example_task_group to 2022-02-02T20:52:51.572018+00:00
[2022-02-03 20:52:51,581] {processor.py:171} INFO - Processing /home/airflow/.local/lib/python3.7/site-packages/airflow/example_dags/example_task_group.py took 0.132 seconds
[2022-02-03 20:53:22,271] {processor.py:163} INFO - Started process (PID=1923) to work on /home/airflow/.local/lib/python3.7/site-packages/airflow/example_dags/example_task_group.py
[2022-02-03 20:53:22,272] {processor.py:642} INFO - Processing file /home/airflow/.local/lib/python3.7/site-packages/airflow/example_dags/example_task_group.py for tasks to queue
[2022-02-03 20:53:22,273] {logging_mixin.py:109} INFO - [2022-02-03 20:53:22,273] {dagbag.py:500} INFO - Filling up the DagBag from /home/airflow/.local/lib/python3.7/site-packages/airflow/example_dags/example_task_group.py
[2022-02-03 20:53:22,398] {processor.py:654} INFO - DAG(s) dict_keys(['example_task_group']) retrieved from /home/airflow/.local/lib/python3.7/site-packages/airflow/example_dags/example_task_group.py
[2022-02-03 20:53:22,407] {logging_mixin.py:109} INFO - [2022-02-03 20:53:22,407] {dag.py:2396} INFO - Sync 1 DAGs
[2022-02-03 20:53:22,422] {logging_mixin.py:109} INFO - [2022-02-03 20:53:22,422] {dag.py:2935} INFO - Setting next_dagrun for example_task_group to 2022-02-02T20:53:22.422210+00:00
[2022-02-03 20:53:22,433] {processor.py:171} INFO - Processing /home/airflow/.local/lib/python3.7/site-packages/airflow/example_dags/example_task_group.py took 0.165 seconds
[2022-02-03 20:53:52,731] {processor.py:163} INFO - Started process (PID=1974) to work on /home/airflow/.local/lib/python3.7/site-packages/airflow/example_dags/example_task_group.py
[2022-02-03 20:53:52,733] {processor.py:642} INFO - Processing file /home/airflow/.local/lib/python3.7/site-packages/airflow/example_dags/example_task_group.py for tasks to queue
[2022-02-03 20:53:52,734] {logging_mixin.py:109} INFO - [2022-02-03 20:53:52,734] {dagbag.py:500} INFO - Filling up the DagBag from /home/airflow/.local/lib/python3.7/site-packages/airflow/example_dags/example_task_group.py
[2022-02-03 20:53:52,855] {processor.py:654} INFO - DAG(s) dict_keys(['example_task_group']) retrieved from /home/airflow/.local/lib/python3.7/site-packages/airflow/example_dags/example_task_group.py
[2022-02-03 20:53:52,866] {logging_mixin.py:109} INFO - [2022-02-03 20:53:52,866] {dag.py:2396} INFO - Sync 1 DAGs
[2022-02-03 20:53:52,885] {logging_mixin.py:109} INFO - [2022-02-03 20:53:52,885] {dag.py:2935} INFO - Setting next_dagrun for example_task_group to 2022-02-02T20:53:52.885146+00:00
[2022-02-03 20:53:52,895] {processor.py:171} INFO - Processing /home/airflow/.local/lib/python3.7/site-packages/airflow/example_dags/example_task_group.py took 0.168 seconds
[2022-02-03 20:54:23,082] {processor.py:163} INFO - Started process (PID=2033) to work on /home/airflow/.local/lib/python3.7/site-packages/airflow/example_dags/example_task_group.py
[2022-02-03 20:54:23,083] {processor.py:642} INFO - Processing file /home/airflow/.local/lib/python3.7/site-packages/airflow/example_dags/example_task_group.py for tasks to queue
[2022-02-03 20:54:23,084] {logging_mixin.py:109} INFO - [2022-02-03 20:54:23,084] {dagbag.py:500} INFO - Filling up the DagBag from /home/airflow/.local/lib/python3.7/site-packages/airflow/example_dags/example_task_group.py
[2022-02-03 20:54:23,173] {processor.py:654} INFO - DAG(s) dict_keys(['example_task_group']) retrieved from /home/airflow/.local/lib/python3.7/site-packages/airflow/example_dags/example_task_group.py
[2022-02-03 20:54:23,182] {logging_mixin.py:109} INFO - [2022-02-03 20:54:23,181] {dag.py:2396} INFO - Sync 1 DAGs
[2022-02-03 20:54:23,193] {logging_mixin.py:109} INFO - [2022-02-03 20:54:23,193] {dag.py:2935} INFO - Setting next_dagrun for example_task_group to 2022-02-02T20:54:23.193169+00:00
[2022-02-03 20:54:23,202] {processor.py:171} INFO - Processing /home/airflow/.local/lib/python3.7/site-packages/airflow/example_dags/example_task_group.py took 0.122 seconds
[2022-02-03 20:54:53,584] {processor.py:163} INFO - Started process (PID=2086) to work on /home/airflow/.local/lib/python3.7/site-packages/airflow/example_dags/example_task_group.py
[2022-02-03 20:54:53,585] {processor.py:642} INFO - Processing file /home/airflow/.local/lib/python3.7/site-packages/airflow/example_dags/example_task_group.py for tasks to queue
[2022-02-03 20:54:53,586] {logging_mixin.py:109} INFO - [2022-02-03 20:54:53,586] {dagbag.py:500} INFO - Filling up the DagBag from /home/airflow/.local/lib/python3.7/site-packages/airflow/example_dags/example_task_group.py
[2022-02-03 20:54:53,691] {processor.py:654} INFO - DAG(s) dict_keys(['example_task_group']) retrieved from /home/airflow/.local/lib/python3.7/site-packages/airflow/example_dags/example_task_group.py
[2022-02-03 20:54:53,702] {logging_mixin.py:109} INFO - [2022-02-03 20:54:53,701] {dag.py:2396} INFO - Sync 1 DAGs
[2022-02-03 20:54:53,718] {logging_mixin.py:109} INFO - [2022-02-03 20:54:53,718] {dag.py:2935} INFO - Setting next_dagrun for example_task_group to 2022-02-02T20:54:53.718619+00:00
[2022-02-03 20:54:53,729] {processor.py:171} INFO - Processing /home/airflow/.local/lib/python3.7/site-packages/airflow/example_dags/example_task_group.py took 0.148 seconds
[2022-02-03 20:55:24,716] {processor.py:163} INFO - Started process (PID=2146) to work on /home/airflow/.local/lib/python3.7/site-packages/airflow/example_dags/example_task_group.py
[2022-02-03 20:55:24,717] {processor.py:642} INFO - Processing file /home/airflow/.local/lib/python3.7/site-packages/airflow/example_dags/example_task_group.py for tasks to queue
[2022-02-03 20:55:24,718] {logging_mixin.py:109} INFO - [2022-02-03 20:55:24,718] {dagbag.py:500} INFO - Filling up the DagBag from /home/airflow/.local/lib/python3.7/site-packages/airflow/example_dags/example_task_group.py
[2022-02-03 20:55:24,825] {processor.py:654} INFO - DAG(s) dict_keys(['example_task_group']) retrieved from /home/airflow/.local/lib/python3.7/site-packages/airflow/example_dags/example_task_group.py
[2022-02-03 20:55:24,835] {logging_mixin.py:109} INFO - [2022-02-03 20:55:24,835] {dag.py:2396} INFO - Sync 1 DAGs
[2022-02-03 20:55:24,850] {logging_mixin.py:109} INFO - [2022-02-03 20:55:24,850] {dag.py:2935} INFO - Setting next_dagrun for example_task_group to 2022-02-02T20:55:24.850427+00:00
[2022-02-03 20:55:24,861] {processor.py:171} INFO - Processing /home/airflow/.local/lib/python3.7/site-packages/airflow/example_dags/example_task_group.py took 0.148 seconds
