[2022-02-03 20:38:49,426] {processor.py:163} INFO - Started process (PID=267) to work on /home/airflow/.local/lib/python3.7/site-packages/airflow/example_dags/example_branch_python_dop_operator_3.py
[2022-02-03 20:38:49,428] {processor.py:642} INFO - Processing file /home/airflow/.local/lib/python3.7/site-packages/airflow/example_dags/example_branch_python_dop_operator_3.py for tasks to queue
[2022-02-03 20:38:49,429] {logging_mixin.py:109} INFO - [2022-02-03 20:38:49,429] {dagbag.py:500} INFO - Filling up the DagBag from /home/airflow/.local/lib/python3.7/site-packages/airflow/example_dags/example_branch_python_dop_operator_3.py
[2022-02-03 20:38:49,467] {processor.py:654} INFO - DAG(s) dict_keys(['example_branch_dop_operator_v3']) retrieved from /home/airflow/.local/lib/python3.7/site-packages/airflow/example_dags/example_branch_python_dop_operator_3.py
[2022-02-03 20:38:51,815] {logging_mixin.py:109} INFO - [2022-02-03 20:38:51,814] {manager.py:496} INFO - Created Permission View: can read on DAG:example_branch_dop_operator_v3
[2022-02-03 20:38:51,826] {logging_mixin.py:109} INFO - [2022-02-03 20:38:51,826] {manager.py:496} INFO - Created Permission View: can edit on DAG:example_branch_dop_operator_v3
[2022-02-03 20:38:51,827] {logging_mixin.py:109} INFO - [2022-02-03 20:38:51,827] {dag.py:2396} INFO - Sync 1 DAGs
[2022-02-03 20:38:51,836] {logging_mixin.py:109} INFO - [2022-02-03 20:38:51,836] {dag.py:2415} INFO - Creating ORM DAG for example_branch_dop_operator_v3
[2022-02-03 20:38:51,851] {logging_mixin.py:109} INFO - [2022-02-03 20:38:51,851] {dag.py:2935} INFO - Setting next_dagrun for example_branch_dop_operator_v3 to 2022-02-03T20:37:00+00:00
[2022-02-03 20:38:51,866] {processor.py:171} INFO - Processing /home/airflow/.local/lib/python3.7/site-packages/airflow/example_dags/example_branch_python_dop_operator_3.py took 2.444 seconds
[2022-02-03 20:39:22,071] {processor.py:163} INFO - Started process (PID=384) to work on /home/airflow/.local/lib/python3.7/site-packages/airflow/example_dags/example_branch_python_dop_operator_3.py
[2022-02-03 20:39:22,072] {processor.py:642} INFO - Processing file /home/airflow/.local/lib/python3.7/site-packages/airflow/example_dags/example_branch_python_dop_operator_3.py for tasks to queue
[2022-02-03 20:39:22,073] {logging_mixin.py:109} INFO - [2022-02-03 20:39:22,073] {dagbag.py:500} INFO - Filling up the DagBag from /home/airflow/.local/lib/python3.7/site-packages/airflow/example_dags/example_branch_python_dop_operator_3.py
[2022-02-03 20:39:22,097] {processor.py:654} INFO - DAG(s) dict_keys(['example_branch_dop_operator_v3']) retrieved from /home/airflow/.local/lib/python3.7/site-packages/airflow/example_dags/example_branch_python_dop_operator_3.py
[2022-02-03 20:39:22,104] {logging_mixin.py:109} INFO - [2022-02-03 20:39:22,103] {dag.py:2396} INFO - Sync 1 DAGs
[2022-02-03 20:39:22,120] {logging_mixin.py:109} INFO - [2022-02-03 20:39:22,120] {dag.py:2935} INFO - Setting next_dagrun for example_branch_dop_operator_v3 to 2022-02-03T20:38:00+00:00
[2022-02-03 20:39:22,129] {processor.py:171} INFO - Processing /home/airflow/.local/lib/python3.7/site-packages/airflow/example_dags/example_branch_python_dop_operator_3.py took 0.060 seconds
[2022-02-03 20:39:52,484] {processor.py:163} INFO - Started process (PID=444) to work on /home/airflow/.local/lib/python3.7/site-packages/airflow/example_dags/example_branch_python_dop_operator_3.py
[2022-02-03 20:39:52,487] {processor.py:642} INFO - Processing file /home/airflow/.local/lib/python3.7/site-packages/airflow/example_dags/example_branch_python_dop_operator_3.py for tasks to queue
[2022-02-03 20:39:52,489] {logging_mixin.py:109} INFO - [2022-02-03 20:39:52,488] {dagbag.py:500} INFO - Filling up the DagBag from /home/airflow/.local/lib/python3.7/site-packages/airflow/example_dags/example_branch_python_dop_operator_3.py
[2022-02-03 20:39:52,530] {processor.py:654} INFO - DAG(s) dict_keys(['example_branch_dop_operator_v3']) retrieved from /home/airflow/.local/lib/python3.7/site-packages/airflow/example_dags/example_branch_python_dop_operator_3.py
[2022-02-03 20:39:52,540] {logging_mixin.py:109} INFO - [2022-02-03 20:39:52,540] {dag.py:2396} INFO - Sync 1 DAGs
[2022-02-03 20:39:52,564] {logging_mixin.py:109} INFO - [2022-02-03 20:39:52,564] {dag.py:2935} INFO - Setting next_dagrun for example_branch_dop_operator_v3 to 2022-02-03T20:38:00+00:00
[2022-02-03 20:39:52,575] {processor.py:171} INFO - Processing /home/airflow/.local/lib/python3.7/site-packages/airflow/example_dags/example_branch_python_dop_operator_3.py took 0.095 seconds
[2022-02-03 20:40:23,272] {processor.py:163} INFO - Started process (PID=495) to work on /home/airflow/.local/lib/python3.7/site-packages/airflow/example_dags/example_branch_python_dop_operator_3.py
[2022-02-03 20:40:23,273] {processor.py:642} INFO - Processing file /home/airflow/.local/lib/python3.7/site-packages/airflow/example_dags/example_branch_python_dop_operator_3.py for tasks to queue
[2022-02-03 20:40:23,274] {logging_mixin.py:109} INFO - [2022-02-03 20:40:23,274] {dagbag.py:500} INFO - Filling up the DagBag from /home/airflow/.local/lib/python3.7/site-packages/airflow/example_dags/example_branch_python_dop_operator_3.py
[2022-02-03 20:40:23,297] {processor.py:654} INFO - DAG(s) dict_keys(['example_branch_dop_operator_v3']) retrieved from /home/airflow/.local/lib/python3.7/site-packages/airflow/example_dags/example_branch_python_dop_operator_3.py
[2022-02-03 20:40:23,306] {logging_mixin.py:109} INFO - [2022-02-03 20:40:23,306] {dag.py:2396} INFO - Sync 1 DAGs
[2022-02-03 20:40:23,322] {logging_mixin.py:109} INFO - [2022-02-03 20:40:23,321] {dag.py:2935} INFO - Setting next_dagrun for example_branch_dop_operator_v3 to 2022-02-03T20:39:00+00:00
[2022-02-03 20:40:23,331] {processor.py:171} INFO - Processing /home/airflow/.local/lib/python3.7/site-packages/airflow/example_dags/example_branch_python_dop_operator_3.py took 0.061 seconds
[2022-02-03 20:40:53,494] {processor.py:163} INFO - Started process (PID=556) to work on /home/airflow/.local/lib/python3.7/site-packages/airflow/example_dags/example_branch_python_dop_operator_3.py
[2022-02-03 20:40:53,495] {processor.py:642} INFO - Processing file /home/airflow/.local/lib/python3.7/site-packages/airflow/example_dags/example_branch_python_dop_operator_3.py for tasks to queue
[2022-02-03 20:40:53,495] {logging_mixin.py:109} INFO - [2022-02-03 20:40:53,495] {dagbag.py:500} INFO - Filling up the DagBag from /home/airflow/.local/lib/python3.7/site-packages/airflow/example_dags/example_branch_python_dop_operator_3.py
[2022-02-03 20:40:53,519] {processor.py:654} INFO - DAG(s) dict_keys(['example_branch_dop_operator_v3']) retrieved from /home/airflow/.local/lib/python3.7/site-packages/airflow/example_dags/example_branch_python_dop_operator_3.py
[2022-02-03 20:40:53,526] {logging_mixin.py:109} INFO - [2022-02-03 20:40:53,526] {dag.py:2396} INFO - Sync 1 DAGs
[2022-02-03 20:40:53,542] {logging_mixin.py:109} INFO - [2022-02-03 20:40:53,542] {dag.py:2935} INFO - Setting next_dagrun for example_branch_dop_operator_v3 to 2022-02-03T20:39:00+00:00
[2022-02-03 20:40:53,553] {processor.py:171} INFO - Processing /home/airflow/.local/lib/python3.7/site-packages/airflow/example_dags/example_branch_python_dop_operator_3.py took 0.061 seconds
[2022-02-03 20:41:23,704] {processor.py:163} INFO - Started process (PID=606) to work on /home/airflow/.local/lib/python3.7/site-packages/airflow/example_dags/example_branch_python_dop_operator_3.py
[2022-02-03 20:41:23,705] {processor.py:642} INFO - Processing file /home/airflow/.local/lib/python3.7/site-packages/airflow/example_dags/example_branch_python_dop_operator_3.py for tasks to queue
[2022-02-03 20:41:23,706] {logging_mixin.py:109} INFO - [2022-02-03 20:41:23,705] {dagbag.py:500} INFO - Filling up the DagBag from /home/airflow/.local/lib/python3.7/site-packages/airflow/example_dags/example_branch_python_dop_operator_3.py
[2022-02-03 20:41:23,727] {processor.py:654} INFO - DAG(s) dict_keys(['example_branch_dop_operator_v3']) retrieved from /home/airflow/.local/lib/python3.7/site-packages/airflow/example_dags/example_branch_python_dop_operator_3.py
[2022-02-03 20:41:23,734] {logging_mixin.py:109} INFO - [2022-02-03 20:41:23,734] {dag.py:2396} INFO - Sync 1 DAGs
[2022-02-03 20:41:23,749] {logging_mixin.py:109} INFO - [2022-02-03 20:41:23,749] {dag.py:2935} INFO - Setting next_dagrun for example_branch_dop_operator_v3 to 2022-02-03T20:40:00+00:00
[2022-02-03 20:41:23,761] {processor.py:171} INFO - Processing /home/airflow/.local/lib/python3.7/site-packages/airflow/example_dags/example_branch_python_dop_operator_3.py took 0.059 seconds
[2022-02-03 20:41:53,818] {processor.py:163} INFO - Started process (PID=668) to work on /home/airflow/.local/lib/python3.7/site-packages/airflow/example_dags/example_branch_python_dop_operator_3.py
[2022-02-03 20:41:53,819] {processor.py:642} INFO - Processing file /home/airflow/.local/lib/python3.7/site-packages/airflow/example_dags/example_branch_python_dop_operator_3.py for tasks to queue
[2022-02-03 20:41:53,820] {logging_mixin.py:109} INFO - [2022-02-03 20:41:53,820] {dagbag.py:500} INFO - Filling up the DagBag from /home/airflow/.local/lib/python3.7/site-packages/airflow/example_dags/example_branch_python_dop_operator_3.py
[2022-02-03 20:41:53,843] {processor.py:654} INFO - DAG(s) dict_keys(['example_branch_dop_operator_v3']) retrieved from /home/airflow/.local/lib/python3.7/site-packages/airflow/example_dags/example_branch_python_dop_operator_3.py
[2022-02-03 20:41:53,850] {logging_mixin.py:109} INFO - [2022-02-03 20:41:53,850] {dag.py:2396} INFO - Sync 1 DAGs
[2022-02-03 20:41:53,866] {logging_mixin.py:109} INFO - [2022-02-03 20:41:53,866] {dag.py:2935} INFO - Setting next_dagrun for example_branch_dop_operator_v3 to 2022-02-03T20:40:00+00:00
[2022-02-03 20:41:53,874] {processor.py:171} INFO - Processing /home/airflow/.local/lib/python3.7/site-packages/airflow/example_dags/example_branch_python_dop_operator_3.py took 0.059 seconds
[2022-02-03 20:42:24,003] {processor.py:163} INFO - Started process (PID=719) to work on /home/airflow/.local/lib/python3.7/site-packages/airflow/example_dags/example_branch_python_dop_operator_3.py
[2022-02-03 20:42:24,005] {processor.py:642} INFO - Processing file /home/airflow/.local/lib/python3.7/site-packages/airflow/example_dags/example_branch_python_dop_operator_3.py for tasks to queue
[2022-02-03 20:42:24,005] {logging_mixin.py:109} INFO - [2022-02-03 20:42:24,005] {dagbag.py:500} INFO - Filling up the DagBag from /home/airflow/.local/lib/python3.7/site-packages/airflow/example_dags/example_branch_python_dop_operator_3.py
[2022-02-03 20:42:24,077] {processor.py:654} INFO - DAG(s) dict_keys(['example_branch_dop_operator_v3']) retrieved from /home/airflow/.local/lib/python3.7/site-packages/airflow/example_dags/example_branch_python_dop_operator_3.py
[2022-02-03 20:42:24,085] {logging_mixin.py:109} INFO - [2022-02-03 20:42:24,085] {dag.py:2396} INFO - Sync 1 DAGs
[2022-02-03 20:42:24,106] {logging_mixin.py:109} INFO - [2022-02-03 20:42:24,106] {dag.py:2935} INFO - Setting next_dagrun for example_branch_dop_operator_v3 to 2022-02-03T20:41:00+00:00
[2022-02-03 20:42:24,114] {processor.py:171} INFO - Processing /home/airflow/.local/lib/python3.7/site-packages/airflow/example_dags/example_branch_python_dop_operator_3.py took 0.114 seconds
[2022-02-03 20:42:54,201] {processor.py:163} INFO - Started process (PID=779) to work on /home/airflow/.local/lib/python3.7/site-packages/airflow/example_dags/example_branch_python_dop_operator_3.py
[2022-02-03 20:42:54,202] {processor.py:642} INFO - Processing file /home/airflow/.local/lib/python3.7/site-packages/airflow/example_dags/example_branch_python_dop_operator_3.py for tasks to queue
[2022-02-03 20:42:54,202] {logging_mixin.py:109} INFO - [2022-02-03 20:42:54,202] {dagbag.py:500} INFO - Filling up the DagBag from /home/airflow/.local/lib/python3.7/site-packages/airflow/example_dags/example_branch_python_dop_operator_3.py
[2022-02-03 20:42:54,224] {processor.py:654} INFO - DAG(s) dict_keys(['example_branch_dop_operator_v3']) retrieved from /home/airflow/.local/lib/python3.7/site-packages/airflow/example_dags/example_branch_python_dop_operator_3.py
[2022-02-03 20:42:54,232] {logging_mixin.py:109} INFO - [2022-02-03 20:42:54,232] {dag.py:2396} INFO - Sync 1 DAGs
[2022-02-03 20:42:54,248] {logging_mixin.py:109} INFO - [2022-02-03 20:42:54,247] {dag.py:2935} INFO - Setting next_dagrun for example_branch_dop_operator_v3 to 2022-02-03T20:41:00+00:00
[2022-02-03 20:42:54,259] {processor.py:171} INFO - Processing /home/airflow/.local/lib/python3.7/site-packages/airflow/example_dags/example_branch_python_dop_operator_3.py took 0.061 seconds
[2022-02-03 20:43:24,435] {processor.py:163} INFO - Started process (PID=831) to work on /home/airflow/.local/lib/python3.7/site-packages/airflow/example_dags/example_branch_python_dop_operator_3.py
[2022-02-03 20:43:24,436] {processor.py:642} INFO - Processing file /home/airflow/.local/lib/python3.7/site-packages/airflow/example_dags/example_branch_python_dop_operator_3.py for tasks to queue
[2022-02-03 20:43:24,437] {logging_mixin.py:109} INFO - [2022-02-03 20:43:24,437] {dagbag.py:500} INFO - Filling up the DagBag from /home/airflow/.local/lib/python3.7/site-packages/airflow/example_dags/example_branch_python_dop_operator_3.py
[2022-02-03 20:43:24,458] {processor.py:654} INFO - DAG(s) dict_keys(['example_branch_dop_operator_v3']) retrieved from /home/airflow/.local/lib/python3.7/site-packages/airflow/example_dags/example_branch_python_dop_operator_3.py
[2022-02-03 20:43:24,467] {logging_mixin.py:109} INFO - [2022-02-03 20:43:24,467] {dag.py:2396} INFO - Sync 1 DAGs
[2022-02-03 20:43:24,481] {logging_mixin.py:109} INFO - [2022-02-03 20:43:24,481] {dag.py:2935} INFO - Setting next_dagrun for example_branch_dop_operator_v3 to 2022-02-03T20:42:00+00:00
[2022-02-03 20:43:24,490] {processor.py:171} INFO - Processing /home/airflow/.local/lib/python3.7/site-packages/airflow/example_dags/example_branch_python_dop_operator_3.py took 0.058 seconds
[2022-02-03 20:43:54,624] {processor.py:163} INFO - Started process (PID=891) to work on /home/airflow/.local/lib/python3.7/site-packages/airflow/example_dags/example_branch_python_dop_operator_3.py
[2022-02-03 20:43:54,625] {processor.py:642} INFO - Processing file /home/airflow/.local/lib/python3.7/site-packages/airflow/example_dags/example_branch_python_dop_operator_3.py for tasks to queue
[2022-02-03 20:43:54,626] {logging_mixin.py:109} INFO - [2022-02-03 20:43:54,626] {dagbag.py:500} INFO - Filling up the DagBag from /home/airflow/.local/lib/python3.7/site-packages/airflow/example_dags/example_branch_python_dop_operator_3.py
[2022-02-03 20:43:54,653] {processor.py:654} INFO - DAG(s) dict_keys(['example_branch_dop_operator_v3']) retrieved from /home/airflow/.local/lib/python3.7/site-packages/airflow/example_dags/example_branch_python_dop_operator_3.py
[2022-02-03 20:43:54,663] {logging_mixin.py:109} INFO - [2022-02-03 20:43:54,663] {dag.py:2396} INFO - Sync 1 DAGs
[2022-02-03 20:43:54,682] {logging_mixin.py:109} INFO - [2022-02-03 20:43:54,682] {dag.py:2935} INFO - Setting next_dagrun for example_branch_dop_operator_v3 to 2022-02-03T20:42:00+00:00
[2022-02-03 20:43:54,692] {processor.py:171} INFO - Processing /home/airflow/.local/lib/python3.7/site-packages/airflow/example_dags/example_branch_python_dop_operator_3.py took 0.072 seconds
[2022-02-03 20:44:25,148] {processor.py:163} INFO - Started process (PID=941) to work on /home/airflow/.local/lib/python3.7/site-packages/airflow/example_dags/example_branch_python_dop_operator_3.py
[2022-02-03 20:44:25,149] {processor.py:642} INFO - Processing file /home/airflow/.local/lib/python3.7/site-packages/airflow/example_dags/example_branch_python_dop_operator_3.py for tasks to queue
[2022-02-03 20:44:25,150] {logging_mixin.py:109} INFO - [2022-02-03 20:44:25,150] {dagbag.py:500} INFO - Filling up the DagBag from /home/airflow/.local/lib/python3.7/site-packages/airflow/example_dags/example_branch_python_dop_operator_3.py
[2022-02-03 20:44:25,172] {processor.py:654} INFO - DAG(s) dict_keys(['example_branch_dop_operator_v3']) retrieved from /home/airflow/.local/lib/python3.7/site-packages/airflow/example_dags/example_branch_python_dop_operator_3.py
[2022-02-03 20:44:25,180] {logging_mixin.py:109} INFO - [2022-02-03 20:44:25,180] {dag.py:2396} INFO - Sync 1 DAGs
[2022-02-03 20:44:25,196] {logging_mixin.py:109} INFO - [2022-02-03 20:44:25,196] {dag.py:2935} INFO - Setting next_dagrun for example_branch_dop_operator_v3 to 2022-02-03T20:43:00+00:00
[2022-02-03 20:44:25,208] {processor.py:171} INFO - Processing /home/airflow/.local/lib/python3.7/site-packages/airflow/example_dags/example_branch_python_dop_operator_3.py took 0.063 seconds
[2022-02-03 20:44:55,668] {processor.py:163} INFO - Started process (PID=992) to work on /home/airflow/.local/lib/python3.7/site-packages/airflow/example_dags/example_branch_python_dop_operator_3.py
[2022-02-03 20:44:55,669] {processor.py:642} INFO - Processing file /home/airflow/.local/lib/python3.7/site-packages/airflow/example_dags/example_branch_python_dop_operator_3.py for tasks to queue
[2022-02-03 20:44:55,670] {logging_mixin.py:109} INFO - [2022-02-03 20:44:55,670] {dagbag.py:500} INFO - Filling up the DagBag from /home/airflow/.local/lib/python3.7/site-packages/airflow/example_dags/example_branch_python_dop_operator_3.py
[2022-02-03 20:44:55,747] {processor.py:654} INFO - DAG(s) dict_keys(['example_branch_dop_operator_v3']) retrieved from /home/airflow/.local/lib/python3.7/site-packages/airflow/example_dags/example_branch_python_dop_operator_3.py
[2022-02-03 20:44:55,756] {logging_mixin.py:109} INFO - [2022-02-03 20:44:55,756] {dag.py:2396} INFO - Sync 1 DAGs
[2022-02-03 20:44:55,780] {logging_mixin.py:109} INFO - [2022-02-03 20:44:55,780] {dag.py:2935} INFO - Setting next_dagrun for example_branch_dop_operator_v3 to 2022-02-03T20:43:00+00:00
[2022-02-03 20:44:55,792] {processor.py:171} INFO - Processing /home/airflow/.local/lib/python3.7/site-packages/airflow/example_dags/example_branch_python_dop_operator_3.py took 0.126 seconds
[2022-02-03 20:45:26,352] {processor.py:163} INFO - Started process (PID=1053) to work on /home/airflow/.local/lib/python3.7/site-packages/airflow/example_dags/example_branch_python_dop_operator_3.py
[2022-02-03 20:45:26,353] {processor.py:642} INFO - Processing file /home/airflow/.local/lib/python3.7/site-packages/airflow/example_dags/example_branch_python_dop_operator_3.py for tasks to queue
[2022-02-03 20:45:26,354] {logging_mixin.py:109} INFO - [2022-02-03 20:45:26,354] {dagbag.py:500} INFO - Filling up the DagBag from /home/airflow/.local/lib/python3.7/site-packages/airflow/example_dags/example_branch_python_dop_operator_3.py
[2022-02-03 20:45:26,376] {processor.py:654} INFO - DAG(s) dict_keys(['example_branch_dop_operator_v3']) retrieved from /home/airflow/.local/lib/python3.7/site-packages/airflow/example_dags/example_branch_python_dop_operator_3.py
[2022-02-03 20:45:26,384] {logging_mixin.py:109} INFO - [2022-02-03 20:45:26,384] {dag.py:2396} INFO - Sync 1 DAGs
[2022-02-03 20:45:26,399] {logging_mixin.py:109} INFO - [2022-02-03 20:45:26,398] {dag.py:2935} INFO - Setting next_dagrun for example_branch_dop_operator_v3 to 2022-02-03T20:44:00+00:00
[2022-02-03 20:45:26,410] {processor.py:171} INFO - Processing /home/airflow/.local/lib/python3.7/site-packages/airflow/example_dags/example_branch_python_dop_operator_3.py took 0.061 seconds
[2022-02-03 20:45:56,815] {processor.py:163} INFO - Started process (PID=1105) to work on /home/airflow/.local/lib/python3.7/site-packages/airflow/example_dags/example_branch_python_dop_operator_3.py
[2022-02-03 20:45:56,816] {processor.py:642} INFO - Processing file /home/airflow/.local/lib/python3.7/site-packages/airflow/example_dags/example_branch_python_dop_operator_3.py for tasks to queue
[2022-02-03 20:45:56,817] {logging_mixin.py:109} INFO - [2022-02-03 20:45:56,816] {dagbag.py:500} INFO - Filling up the DagBag from /home/airflow/.local/lib/python3.7/site-packages/airflow/example_dags/example_branch_python_dop_operator_3.py
[2022-02-03 20:45:56,839] {processor.py:654} INFO - DAG(s) dict_keys(['example_branch_dop_operator_v3']) retrieved from /home/airflow/.local/lib/python3.7/site-packages/airflow/example_dags/example_branch_python_dop_operator_3.py
[2022-02-03 20:45:56,846] {logging_mixin.py:109} INFO - [2022-02-03 20:45:56,846] {dag.py:2396} INFO - Sync 1 DAGs
[2022-02-03 20:45:56,860] {logging_mixin.py:109} INFO - [2022-02-03 20:45:56,860] {dag.py:2935} INFO - Setting next_dagrun for example_branch_dop_operator_v3 to 2022-02-03T20:44:00+00:00
[2022-02-03 20:45:56,871] {processor.py:171} INFO - Processing /home/airflow/.local/lib/python3.7/site-packages/airflow/example_dags/example_branch_python_dop_operator_3.py took 0.059 seconds
[2022-02-03 20:46:27,338] {processor.py:163} INFO - Started process (PID=1167) to work on /home/airflow/.local/lib/python3.7/site-packages/airflow/example_dags/example_branch_python_dop_operator_3.py
[2022-02-03 20:46:27,339] {processor.py:642} INFO - Processing file /home/airflow/.local/lib/python3.7/site-packages/airflow/example_dags/example_branch_python_dop_operator_3.py for tasks to queue
[2022-02-03 20:46:27,339] {logging_mixin.py:109} INFO - [2022-02-03 20:46:27,339] {dagbag.py:500} INFO - Filling up the DagBag from /home/airflow/.local/lib/python3.7/site-packages/airflow/example_dags/example_branch_python_dop_operator_3.py
[2022-02-03 20:46:27,364] {processor.py:654} INFO - DAG(s) dict_keys(['example_branch_dop_operator_v3']) retrieved from /home/airflow/.local/lib/python3.7/site-packages/airflow/example_dags/example_branch_python_dop_operator_3.py
[2022-02-03 20:46:27,373] {logging_mixin.py:109} INFO - [2022-02-03 20:46:27,373] {dag.py:2396} INFO - Sync 1 DAGs
[2022-02-03 20:46:27,390] {logging_mixin.py:109} INFO - [2022-02-03 20:46:27,390] {dag.py:2935} INFO - Setting next_dagrun for example_branch_dop_operator_v3 to 2022-02-03T20:45:00+00:00
[2022-02-03 20:46:27,403] {processor.py:171} INFO - Processing /home/airflow/.local/lib/python3.7/site-packages/airflow/example_dags/example_branch_python_dop_operator_3.py took 0.068 seconds
[2022-02-03 20:46:57,888] {processor.py:163} INFO - Started process (PID=1227) to work on /home/airflow/.local/lib/python3.7/site-packages/airflow/example_dags/example_branch_python_dop_operator_3.py
[2022-02-03 20:46:57,889] {processor.py:642} INFO - Processing file /home/airflow/.local/lib/python3.7/site-packages/airflow/example_dags/example_branch_python_dop_operator_3.py for tasks to queue
[2022-02-03 20:46:57,890] {logging_mixin.py:109} INFO - [2022-02-03 20:46:57,890] {dagbag.py:500} INFO - Filling up the DagBag from /home/airflow/.local/lib/python3.7/site-packages/airflow/example_dags/example_branch_python_dop_operator_3.py
[2022-02-03 20:46:57,916] {processor.py:654} INFO - DAG(s) dict_keys(['example_branch_dop_operator_v3']) retrieved from /home/airflow/.local/lib/python3.7/site-packages/airflow/example_dags/example_branch_python_dop_operator_3.py
[2022-02-03 20:46:57,924] {logging_mixin.py:109} INFO - [2022-02-03 20:46:57,924] {dag.py:2396} INFO - Sync 1 DAGs
[2022-02-03 20:46:57,940] {logging_mixin.py:109} INFO - [2022-02-03 20:46:57,940] {dag.py:2935} INFO - Setting next_dagrun for example_branch_dop_operator_v3 to 2022-02-03T20:45:00+00:00
[2022-02-03 20:46:57,951] {processor.py:171} INFO - Processing /home/airflow/.local/lib/python3.7/site-packages/airflow/example_dags/example_branch_python_dop_operator_3.py took 0.066 seconds
[2022-02-03 20:47:28,373] {processor.py:163} INFO - Started process (PID=1278) to work on /home/airflow/.local/lib/python3.7/site-packages/airflow/example_dags/example_branch_python_dop_operator_3.py
[2022-02-03 20:47:28,375] {processor.py:642} INFO - Processing file /home/airflow/.local/lib/python3.7/site-packages/airflow/example_dags/example_branch_python_dop_operator_3.py for tasks to queue
[2022-02-03 20:47:28,375] {logging_mixin.py:109} INFO - [2022-02-03 20:47:28,375] {dagbag.py:500} INFO - Filling up the DagBag from /home/airflow/.local/lib/python3.7/site-packages/airflow/example_dags/example_branch_python_dop_operator_3.py
[2022-02-03 20:47:28,402] {processor.py:654} INFO - DAG(s) dict_keys(['example_branch_dop_operator_v3']) retrieved from /home/airflow/.local/lib/python3.7/site-packages/airflow/example_dags/example_branch_python_dop_operator_3.py
[2022-02-03 20:47:28,411] {logging_mixin.py:109} INFO - [2022-02-03 20:47:28,411] {dag.py:2396} INFO - Sync 1 DAGs
[2022-02-03 20:47:28,430] {logging_mixin.py:109} INFO - [2022-02-03 20:47:28,430] {dag.py:2935} INFO - Setting next_dagrun for example_branch_dop_operator_v3 to 2022-02-03T20:46:00+00:00
[2022-02-03 20:47:28,440] {processor.py:171} INFO - Processing /home/airflow/.local/lib/python3.7/site-packages/airflow/example_dags/example_branch_python_dop_operator_3.py took 0.069 seconds
[2022-02-03 20:47:58,979] {processor.py:163} INFO - Started process (PID=1339) to work on /home/airflow/.local/lib/python3.7/site-packages/airflow/example_dags/example_branch_python_dop_operator_3.py
[2022-02-03 20:47:58,980] {processor.py:642} INFO - Processing file /home/airflow/.local/lib/python3.7/site-packages/airflow/example_dags/example_branch_python_dop_operator_3.py for tasks to queue
[2022-02-03 20:47:58,981] {logging_mixin.py:109} INFO - [2022-02-03 20:47:58,981] {dagbag.py:500} INFO - Filling up the DagBag from /home/airflow/.local/lib/python3.7/site-packages/airflow/example_dags/example_branch_python_dop_operator_3.py
[2022-02-03 20:47:59,003] {processor.py:654} INFO - DAG(s) dict_keys(['example_branch_dop_operator_v3']) retrieved from /home/airflow/.local/lib/python3.7/site-packages/airflow/example_dags/example_branch_python_dop_operator_3.py
[2022-02-03 20:47:59,010] {logging_mixin.py:109} INFO - [2022-02-03 20:47:59,010] {dag.py:2396} INFO - Sync 1 DAGs
[2022-02-03 20:47:59,025] {logging_mixin.py:109} INFO - [2022-02-03 20:47:59,024] {dag.py:2935} INFO - Setting next_dagrun for example_branch_dop_operator_v3 to 2022-02-03T20:46:00+00:00
[2022-02-03 20:47:59,033] {processor.py:171} INFO - Processing /home/airflow/.local/lib/python3.7/site-packages/airflow/example_dags/example_branch_python_dop_operator_3.py took 0.057 seconds
[2022-02-03 20:48:29,610] {processor.py:163} INFO - Started process (PID=1391) to work on /home/airflow/.local/lib/python3.7/site-packages/airflow/example_dags/example_branch_python_dop_operator_3.py
[2022-02-03 20:48:29,612] {processor.py:642} INFO - Processing file /home/airflow/.local/lib/python3.7/site-packages/airflow/example_dags/example_branch_python_dop_operator_3.py for tasks to queue
[2022-02-03 20:48:29,614] {logging_mixin.py:109} INFO - [2022-02-03 20:48:29,613] {dagbag.py:500} INFO - Filling up the DagBag from /home/airflow/.local/lib/python3.7/site-packages/airflow/example_dags/example_branch_python_dop_operator_3.py
[2022-02-03 20:48:29,652] {processor.py:654} INFO - DAG(s) dict_keys(['example_branch_dop_operator_v3']) retrieved from /home/airflow/.local/lib/python3.7/site-packages/airflow/example_dags/example_branch_python_dop_operator_3.py
[2022-02-03 20:48:29,661] {logging_mixin.py:109} INFO - [2022-02-03 20:48:29,661] {dag.py:2396} INFO - Sync 1 DAGs
[2022-02-03 20:48:29,681] {logging_mixin.py:109} INFO - [2022-02-03 20:48:29,681] {dag.py:2935} INFO - Setting next_dagrun for example_branch_dop_operator_v3 to 2022-02-03T20:47:00+00:00
[2022-02-03 20:48:29,691] {processor.py:171} INFO - Processing /home/airflow/.local/lib/python3.7/site-packages/airflow/example_dags/example_branch_python_dop_operator_3.py took 0.085 seconds
[2022-02-03 20:49:00,162] {processor.py:163} INFO - Started process (PID=1453) to work on /home/airflow/.local/lib/python3.7/site-packages/airflow/example_dags/example_branch_python_dop_operator_3.py
[2022-02-03 20:49:00,163] {processor.py:642} INFO - Processing file /home/airflow/.local/lib/python3.7/site-packages/airflow/example_dags/example_branch_python_dop_operator_3.py for tasks to queue
[2022-02-03 20:49:00,164] {logging_mixin.py:109} INFO - [2022-02-03 20:49:00,164] {dagbag.py:500} INFO - Filling up the DagBag from /home/airflow/.local/lib/python3.7/site-packages/airflow/example_dags/example_branch_python_dop_operator_3.py
[2022-02-03 20:49:00,187] {processor.py:654} INFO - DAG(s) dict_keys(['example_branch_dop_operator_v3']) retrieved from /home/airflow/.local/lib/python3.7/site-packages/airflow/example_dags/example_branch_python_dop_operator_3.py
[2022-02-03 20:49:00,194] {logging_mixin.py:109} INFO - [2022-02-03 20:49:00,194] {dag.py:2396} INFO - Sync 1 DAGs
[2022-02-03 20:49:00,210] {logging_mixin.py:109} INFO - [2022-02-03 20:49:00,210] {dag.py:2935} INFO - Setting next_dagrun for example_branch_dop_operator_v3 to 2022-02-03T20:48:00+00:00
[2022-02-03 20:49:00,219] {processor.py:171} INFO - Processing /home/airflow/.local/lib/python3.7/site-packages/airflow/example_dags/example_branch_python_dop_operator_3.py took 0.061 seconds
[2022-02-03 20:49:30,611] {processor.py:163} INFO - Started process (PID=1504) to work on /home/airflow/.local/lib/python3.7/site-packages/airflow/example_dags/example_branch_python_dop_operator_3.py
[2022-02-03 20:49:30,612] {processor.py:642} INFO - Processing file /home/airflow/.local/lib/python3.7/site-packages/airflow/example_dags/example_branch_python_dop_operator_3.py for tasks to queue
[2022-02-03 20:49:30,613] {logging_mixin.py:109} INFO - [2022-02-03 20:49:30,613] {dagbag.py:500} INFO - Filling up the DagBag from /home/airflow/.local/lib/python3.7/site-packages/airflow/example_dags/example_branch_python_dop_operator_3.py
[2022-02-03 20:49:30,640] {processor.py:654} INFO - DAG(s) dict_keys(['example_branch_dop_operator_v3']) retrieved from /home/airflow/.local/lib/python3.7/site-packages/airflow/example_dags/example_branch_python_dop_operator_3.py
[2022-02-03 20:49:30,651] {logging_mixin.py:109} INFO - [2022-02-03 20:49:30,651] {dag.py:2396} INFO - Sync 1 DAGs
[2022-02-03 20:49:30,671] {logging_mixin.py:109} INFO - [2022-02-03 20:49:30,671] {dag.py:2935} INFO - Setting next_dagrun for example_branch_dop_operator_v3 to 2022-02-03T20:48:00+00:00
[2022-02-03 20:49:30,683] {processor.py:171} INFO - Processing /home/airflow/.local/lib/python3.7/site-packages/airflow/example_dags/example_branch_python_dop_operator_3.py took 0.075 seconds
[2022-02-03 20:50:00,722] {processor.py:163} INFO - Started process (PID=1565) to work on /home/airflow/.local/lib/python3.7/site-packages/airflow/example_dags/example_branch_python_dop_operator_3.py
[2022-02-03 20:50:00,724] {processor.py:642} INFO - Processing file /home/airflow/.local/lib/python3.7/site-packages/airflow/example_dags/example_branch_python_dop_operator_3.py for tasks to queue
[2022-02-03 20:50:00,724] {logging_mixin.py:109} INFO - [2022-02-03 20:50:00,724] {dagbag.py:500} INFO - Filling up the DagBag from /home/airflow/.local/lib/python3.7/site-packages/airflow/example_dags/example_branch_python_dop_operator_3.py
[2022-02-03 20:50:00,753] {processor.py:654} INFO - DAG(s) dict_keys(['example_branch_dop_operator_v3']) retrieved from /home/airflow/.local/lib/python3.7/site-packages/airflow/example_dags/example_branch_python_dop_operator_3.py
[2022-02-03 20:50:00,763] {logging_mixin.py:109} INFO - [2022-02-03 20:50:00,763] {dag.py:2396} INFO - Sync 1 DAGs
[2022-02-03 20:50:00,781] {logging_mixin.py:109} INFO - [2022-02-03 20:50:00,781] {dag.py:2935} INFO - Setting next_dagrun for example_branch_dop_operator_v3 to 2022-02-03T20:49:00+00:00
[2022-02-03 20:50:00,793] {processor.py:171} INFO - Processing /home/airflow/.local/lib/python3.7/site-packages/airflow/example_dags/example_branch_python_dop_operator_3.py took 0.074 seconds
[2022-02-03 20:50:31,442] {processor.py:163} INFO - Started process (PID=1616) to work on /home/airflow/.local/lib/python3.7/site-packages/airflow/example_dags/example_branch_python_dop_operator_3.py
[2022-02-03 20:50:31,444] {processor.py:642} INFO - Processing file /home/airflow/.local/lib/python3.7/site-packages/airflow/example_dags/example_branch_python_dop_operator_3.py for tasks to queue
[2022-02-03 20:50:31,444] {logging_mixin.py:109} INFO - [2022-02-03 20:50:31,444] {dagbag.py:500} INFO - Filling up the DagBag from /home/airflow/.local/lib/python3.7/site-packages/airflow/example_dags/example_branch_python_dop_operator_3.py
[2022-02-03 20:50:31,470] {processor.py:654} INFO - DAG(s) dict_keys(['example_branch_dop_operator_v3']) retrieved from /home/airflow/.local/lib/python3.7/site-packages/airflow/example_dags/example_branch_python_dop_operator_3.py
[2022-02-03 20:50:31,479] {logging_mixin.py:109} INFO - [2022-02-03 20:50:31,479] {dag.py:2396} INFO - Sync 1 DAGs
[2022-02-03 20:50:31,496] {logging_mixin.py:109} INFO - [2022-02-03 20:50:31,496] {dag.py:2935} INFO - Setting next_dagrun for example_branch_dop_operator_v3 to 2022-02-03T20:49:00+00:00
[2022-02-03 20:50:31,504] {processor.py:171} INFO - Processing /home/airflow/.local/lib/python3.7/site-packages/airflow/example_dags/example_branch_python_dop_operator_3.py took 0.064 seconds
[2022-02-03 20:51:01,973] {processor.py:163} INFO - Started process (PID=1676) to work on /home/airflow/.local/lib/python3.7/site-packages/airflow/example_dags/example_branch_python_dop_operator_3.py
[2022-02-03 20:51:01,975] {processor.py:642} INFO - Processing file /home/airflow/.local/lib/python3.7/site-packages/airflow/example_dags/example_branch_python_dop_operator_3.py for tasks to queue
[2022-02-03 20:51:01,976] {logging_mixin.py:109} INFO - [2022-02-03 20:51:01,976] {dagbag.py:500} INFO - Filling up the DagBag from /home/airflow/.local/lib/python3.7/site-packages/airflow/example_dags/example_branch_python_dop_operator_3.py
[2022-02-03 20:51:02,003] {processor.py:654} INFO - DAG(s) dict_keys(['example_branch_dop_operator_v3']) retrieved from /home/airflow/.local/lib/python3.7/site-packages/airflow/example_dags/example_branch_python_dop_operator_3.py
[2022-02-03 20:51:02,012] {logging_mixin.py:109} INFO - [2022-02-03 20:51:02,012] {dag.py:2396} INFO - Sync 1 DAGs
[2022-02-03 20:51:02,031] {logging_mixin.py:109} INFO - [2022-02-03 20:51:02,031] {dag.py:2935} INFO - Setting next_dagrun for example_branch_dop_operator_v3 to 2022-02-03T20:50:00+00:00
[2022-02-03 20:51:02,040] {processor.py:171} INFO - Processing /home/airflow/.local/lib/python3.7/site-packages/airflow/example_dags/example_branch_python_dop_operator_3.py took 0.069 seconds
[2022-02-03 20:51:32,233] {processor.py:163} INFO - Started process (PID=1727) to work on /home/airflow/.local/lib/python3.7/site-packages/airflow/example_dags/example_branch_python_dop_operator_3.py
[2022-02-03 20:51:32,234] {processor.py:642} INFO - Processing file /home/airflow/.local/lib/python3.7/site-packages/airflow/example_dags/example_branch_python_dop_operator_3.py for tasks to queue
[2022-02-03 20:51:32,235] {logging_mixin.py:109} INFO - [2022-02-03 20:51:32,235] {dagbag.py:500} INFO - Filling up the DagBag from /home/airflow/.local/lib/python3.7/site-packages/airflow/example_dags/example_branch_python_dop_operator_3.py
[2022-02-03 20:51:32,262] {processor.py:654} INFO - DAG(s) dict_keys(['example_branch_dop_operator_v3']) retrieved from /home/airflow/.local/lib/python3.7/site-packages/airflow/example_dags/example_branch_python_dop_operator_3.py
[2022-02-03 20:51:32,271] {logging_mixin.py:109} INFO - [2022-02-03 20:51:32,271] {dag.py:2396} INFO - Sync 1 DAGs
[2022-02-03 20:51:32,293] {logging_mixin.py:109} INFO - [2022-02-03 20:51:32,293] {dag.py:2935} INFO - Setting next_dagrun for example_branch_dop_operator_v3 to 2022-02-03T20:50:00+00:00
[2022-02-03 20:51:32,378] {processor.py:171} INFO - Processing /home/airflow/.local/lib/python3.7/site-packages/airflow/example_dags/example_branch_python_dop_operator_3.py took 0.148 seconds
[2022-02-03 20:52:03,074] {processor.py:163} INFO - Started process (PID=1787) to work on /home/airflow/.local/lib/python3.7/site-packages/airflow/example_dags/example_branch_python_dop_operator_3.py
[2022-02-03 20:52:03,075] {processor.py:642} INFO - Processing file /home/airflow/.local/lib/python3.7/site-packages/airflow/example_dags/example_branch_python_dop_operator_3.py for tasks to queue
[2022-02-03 20:52:03,076] {logging_mixin.py:109} INFO - [2022-02-03 20:52:03,076] {dagbag.py:500} INFO - Filling up the DagBag from /home/airflow/.local/lib/python3.7/site-packages/airflow/example_dags/example_branch_python_dop_operator_3.py
[2022-02-03 20:52:03,112] {processor.py:654} INFO - DAG(s) dict_keys(['example_branch_dop_operator_v3']) retrieved from /home/airflow/.local/lib/python3.7/site-packages/airflow/example_dags/example_branch_python_dop_operator_3.py
[2022-02-03 20:52:03,124] {logging_mixin.py:109} INFO - [2022-02-03 20:52:03,124] {dag.py:2396} INFO - Sync 1 DAGs
[2022-02-03 20:52:03,252] {logging_mixin.py:109} INFO - [2022-02-03 20:52:03,252] {dag.py:2935} INFO - Setting next_dagrun for example_branch_dop_operator_v3 to 2022-02-03T20:51:00+00:00
[2022-02-03 20:52:03,263] {processor.py:171} INFO - Processing /home/airflow/.local/lib/python3.7/site-packages/airflow/example_dags/example_branch_python_dop_operator_3.py took 0.194 seconds
[2022-02-03 20:52:33,361] {processor.py:163} INFO - Started process (PID=1839) to work on /home/airflow/.local/lib/python3.7/site-packages/airflow/example_dags/example_branch_python_dop_operator_3.py
[2022-02-03 20:52:33,362] {processor.py:642} INFO - Processing file /home/airflow/.local/lib/python3.7/site-packages/airflow/example_dags/example_branch_python_dop_operator_3.py for tasks to queue
[2022-02-03 20:52:33,363] {logging_mixin.py:109} INFO - [2022-02-03 20:52:33,363] {dagbag.py:500} INFO - Filling up the DagBag from /home/airflow/.local/lib/python3.7/site-packages/airflow/example_dags/example_branch_python_dop_operator_3.py
[2022-02-03 20:52:33,389] {processor.py:654} INFO - DAG(s) dict_keys(['example_branch_dop_operator_v3']) retrieved from /home/airflow/.local/lib/python3.7/site-packages/airflow/example_dags/example_branch_python_dop_operator_3.py
[2022-02-03 20:52:33,397] {logging_mixin.py:109} INFO - [2022-02-03 20:52:33,397] {dag.py:2396} INFO - Sync 1 DAGs
[2022-02-03 20:52:33,485] {logging_mixin.py:109} INFO - [2022-02-03 20:52:33,485] {dag.py:2935} INFO - Setting next_dagrun for example_branch_dop_operator_v3 to 2022-02-03T20:51:00+00:00
[2022-02-03 20:52:33,494] {processor.py:171} INFO - Processing /home/airflow/.local/lib/python3.7/site-packages/airflow/example_dags/example_branch_python_dop_operator_3.py took 0.137 seconds
[2022-02-03 20:53:03,747] {processor.py:163} INFO - Started process (PID=1889) to work on /home/airflow/.local/lib/python3.7/site-packages/airflow/example_dags/example_branch_python_dop_operator_3.py
[2022-02-03 20:53:03,748] {processor.py:642} INFO - Processing file /home/airflow/.local/lib/python3.7/site-packages/airflow/example_dags/example_branch_python_dop_operator_3.py for tasks to queue
[2022-02-03 20:53:03,748] {logging_mixin.py:109} INFO - [2022-02-03 20:53:03,748] {dagbag.py:500} INFO - Filling up the DagBag from /home/airflow/.local/lib/python3.7/site-packages/airflow/example_dags/example_branch_python_dop_operator_3.py
[2022-02-03 20:53:03,782] {processor.py:654} INFO - DAG(s) dict_keys(['example_branch_dop_operator_v3']) retrieved from /home/airflow/.local/lib/python3.7/site-packages/airflow/example_dags/example_branch_python_dop_operator_3.py
[2022-02-03 20:53:03,790] {logging_mixin.py:109} INFO - [2022-02-03 20:53:03,790] {dag.py:2396} INFO - Sync 1 DAGs
[2022-02-03 20:53:03,863] {logging_mixin.py:109} INFO - [2022-02-03 20:53:03,863] {dag.py:2935} INFO - Setting next_dagrun for example_branch_dop_operator_v3 to 2022-02-03T20:52:00+00:00
[2022-02-03 20:53:03,871] {processor.py:171} INFO - Processing /home/airflow/.local/lib/python3.7/site-packages/airflow/example_dags/example_branch_python_dop_operator_3.py took 0.127 seconds
[2022-02-03 20:53:33,960] {processor.py:163} INFO - Started process (PID=1949) to work on /home/airflow/.local/lib/python3.7/site-packages/airflow/example_dags/example_branch_python_dop_operator_3.py
[2022-02-03 20:53:33,964] {processor.py:642} INFO - Processing file /home/airflow/.local/lib/python3.7/site-packages/airflow/example_dags/example_branch_python_dop_operator_3.py for tasks to queue
[2022-02-03 20:53:33,966] {logging_mixin.py:109} INFO - [2022-02-03 20:53:33,966] {dagbag.py:500} INFO - Filling up the DagBag from /home/airflow/.local/lib/python3.7/site-packages/airflow/example_dags/example_branch_python_dop_operator_3.py
[2022-02-03 20:53:34,186] {processor.py:654} INFO - DAG(s) dict_keys(['example_branch_dop_operator_v3']) retrieved from /home/airflow/.local/lib/python3.7/site-packages/airflow/example_dags/example_branch_python_dop_operator_3.py
[2022-02-03 20:53:34,207] {logging_mixin.py:109} INFO - [2022-02-03 20:53:34,206] {dag.py:2396} INFO - Sync 1 DAGs
[2022-02-03 20:53:34,272] {logging_mixin.py:109} INFO - [2022-02-03 20:53:34,271] {dag.py:2935} INFO - Setting next_dagrun for example_branch_dop_operator_v3 to 2022-02-03T20:52:00+00:00
[2022-02-03 20:53:34,287] {processor.py:171} INFO - Processing /home/airflow/.local/lib/python3.7/site-packages/airflow/example_dags/example_branch_python_dop_operator_3.py took 0.332 seconds
[2022-02-03 20:54:04,658] {processor.py:163} INFO - Started process (PID=2000) to work on /home/airflow/.local/lib/python3.7/site-packages/airflow/example_dags/example_branch_python_dop_operator_3.py
[2022-02-03 20:54:04,660] {processor.py:642} INFO - Processing file /home/airflow/.local/lib/python3.7/site-packages/airflow/example_dags/example_branch_python_dop_operator_3.py for tasks to queue
[2022-02-03 20:54:04,661] {logging_mixin.py:109} INFO - [2022-02-03 20:54:04,661] {dagbag.py:500} INFO - Filling up the DagBag from /home/airflow/.local/lib/python3.7/site-packages/airflow/example_dags/example_branch_python_dop_operator_3.py
[2022-02-03 20:54:04,769] {processor.py:654} INFO - DAG(s) dict_keys(['example_branch_dop_operator_v3']) retrieved from /home/airflow/.local/lib/python3.7/site-packages/airflow/example_dags/example_branch_python_dop_operator_3.py
[2022-02-03 20:54:04,778] {logging_mixin.py:109} INFO - [2022-02-03 20:54:04,778] {dag.py:2396} INFO - Sync 1 DAGs
[2022-02-03 20:54:04,798] {logging_mixin.py:109} INFO - [2022-02-03 20:54:04,798] {dag.py:2935} INFO - Setting next_dagrun for example_branch_dop_operator_v3 to 2022-02-03T20:53:00+00:00
[2022-02-03 20:54:04,811] {processor.py:171} INFO - Processing /home/airflow/.local/lib/python3.7/site-packages/airflow/example_dags/example_branch_python_dop_operator_3.py took 0.156 seconds
[2022-02-03 20:54:35,578] {processor.py:163} INFO - Started process (PID=2062) to work on /home/airflow/.local/lib/python3.7/site-packages/airflow/example_dags/example_branch_python_dop_operator_3.py
[2022-02-03 20:54:35,579] {processor.py:642} INFO - Processing file /home/airflow/.local/lib/python3.7/site-packages/airflow/example_dags/example_branch_python_dop_operator_3.py for tasks to queue
[2022-02-03 20:54:35,580] {logging_mixin.py:109} INFO - [2022-02-03 20:54:35,580] {dagbag.py:500} INFO - Filling up the DagBag from /home/airflow/.local/lib/python3.7/site-packages/airflow/example_dags/example_branch_python_dop_operator_3.py
[2022-02-03 20:54:35,662] {processor.py:654} INFO - DAG(s) dict_keys(['example_branch_dop_operator_v3']) retrieved from /home/airflow/.local/lib/python3.7/site-packages/airflow/example_dags/example_branch_python_dop_operator_3.py
[2022-02-03 20:54:35,669] {logging_mixin.py:109} INFO - [2022-02-03 20:54:35,669] {dag.py:2396} INFO - Sync 1 DAGs
[2022-02-03 20:54:35,685] {logging_mixin.py:109} INFO - [2022-02-03 20:54:35,684] {dag.py:2935} INFO - Setting next_dagrun for example_branch_dop_operator_v3 to 2022-02-03T20:53:00+00:00
[2022-02-03 20:54:35,696] {processor.py:171} INFO - Processing /home/airflow/.local/lib/python3.7/site-packages/airflow/example_dags/example_branch_python_dop_operator_3.py took 0.120 seconds
[2022-02-03 20:55:05,803] {processor.py:163} INFO - Started process (PID=2113) to work on /home/airflow/.local/lib/python3.7/site-packages/airflow/example_dags/example_branch_python_dop_operator_3.py
[2022-02-03 20:55:05,804] {processor.py:642} INFO - Processing file /home/airflow/.local/lib/python3.7/site-packages/airflow/example_dags/example_branch_python_dop_operator_3.py for tasks to queue
[2022-02-03 20:55:05,805] {logging_mixin.py:109} INFO - [2022-02-03 20:55:05,805] {dagbag.py:500} INFO - Filling up the DagBag from /home/airflow/.local/lib/python3.7/site-packages/airflow/example_dags/example_branch_python_dop_operator_3.py
[2022-02-03 20:55:05,890] {processor.py:654} INFO - DAG(s) dict_keys(['example_branch_dop_operator_v3']) retrieved from /home/airflow/.local/lib/python3.7/site-packages/airflow/example_dags/example_branch_python_dop_operator_3.py
[2022-02-03 20:55:05,896] {logging_mixin.py:109} INFO - [2022-02-03 20:55:05,896] {dag.py:2396} INFO - Sync 1 DAGs
[2022-02-03 20:55:05,909] {logging_mixin.py:109} INFO - [2022-02-03 20:55:05,909] {dag.py:2935} INFO - Setting next_dagrun for example_branch_dop_operator_v3 to 2022-02-03T20:54:00+00:00
[2022-02-03 20:55:05,918] {processor.py:171} INFO - Processing /home/airflow/.local/lib/python3.7/site-packages/airflow/example_dags/example_branch_python_dop_operator_3.py took 0.117 seconds
[2022-02-03 20:55:35,955] {processor.py:163} INFO - Started process (PID=2163) to work on /home/airflow/.local/lib/python3.7/site-packages/airflow/example_dags/example_branch_python_dop_operator_3.py
[2022-02-03 20:55:35,956] {processor.py:642} INFO - Processing file /home/airflow/.local/lib/python3.7/site-packages/airflow/example_dags/example_branch_python_dop_operator_3.py for tasks to queue
[2022-02-03 20:55:35,957] {logging_mixin.py:109} INFO - [2022-02-03 20:55:35,957] {dagbag.py:500} INFO - Filling up the DagBag from /home/airflow/.local/lib/python3.7/site-packages/airflow/example_dags/example_branch_python_dop_operator_3.py
[2022-02-03 20:55:36,051] {processor.py:654} INFO - DAG(s) dict_keys(['example_branch_dop_operator_v3']) retrieved from /home/airflow/.local/lib/python3.7/site-packages/airflow/example_dags/example_branch_python_dop_operator_3.py
[2022-02-03 20:55:36,058] {logging_mixin.py:109} INFO - [2022-02-03 20:55:36,058] {dag.py:2396} INFO - Sync 1 DAGs
[2022-02-03 20:55:36,073] {logging_mixin.py:109} INFO - [2022-02-03 20:55:36,073] {dag.py:2935} INFO - Setting next_dagrun for example_branch_dop_operator_v3 to 2022-02-03T20:54:00+00:00
[2022-02-03 20:55:36,082] {processor.py:171} INFO - Processing /home/airflow/.local/lib/python3.7/site-packages/airflow/example_dags/example_branch_python_dop_operator_3.py took 0.131 seconds
