[2022-02-03 20:38:46,140] {processor.py:163} INFO - Started process (PID=246) to work on /home/airflow/.local/lib/python3.7/site-packages/airflow/example_dags/example_bash_operator.py
[2022-02-03 20:38:46,143] {processor.py:642} INFO - Processing file /home/airflow/.local/lib/python3.7/site-packages/airflow/example_dags/example_bash_operator.py for tasks to queue
[2022-02-03 20:38:46,145] {logging_mixin.py:109} INFO - [2022-02-03 20:38:46,144] {dagbag.py:500} INFO - Filling up the DagBag from /home/airflow/.local/lib/python3.7/site-packages/airflow/example_dags/example_bash_operator.py
[2022-02-03 20:38:46,201] {processor.py:654} INFO - DAG(s) dict_keys(['example_bash_operator']) retrieved from /home/airflow/.local/lib/python3.7/site-packages/airflow/example_dags/example_bash_operator.py
[2022-02-03 20:38:48,987] {logging_mixin.py:109} INFO - [2022-02-03 20:38:48,987] {manager.py:496} INFO - Created Permission View: can read on DAG:example_bash_operator
[2022-02-03 20:38:48,998] {logging_mixin.py:109} INFO - [2022-02-03 20:38:48,998] {manager.py:496} INFO - Created Permission View: can edit on DAG:example_bash_operator
[2022-02-03 20:38:48,999] {logging_mixin.py:109} INFO - [2022-02-03 20:38:48,998] {dag.py:2396} INFO - Sync 1 DAGs
[2022-02-03 20:38:49,008] {logging_mixin.py:109} INFO - [2022-02-03 20:38:49,008] {dag.py:2415} INFO - Creating ORM DAG for example_bash_operator
[2022-02-03 20:38:49,026] {logging_mixin.py:109} INFO - [2022-02-03 20:38:49,026] {dag.py:2935} INFO - Setting next_dagrun for example_bash_operator to 2022-02-02 00:00:00+00:00
[2022-02-03 20:38:49,041] {processor.py:171} INFO - Processing /home/airflow/.local/lib/python3.7/site-packages/airflow/example_dags/example_bash_operator.py took 2.907 seconds
[2022-02-03 20:39:19,729] {processor.py:163} INFO - Started process (PID=381) to work on /home/airflow/.local/lib/python3.7/site-packages/airflow/example_dags/example_bash_operator.py
[2022-02-03 20:39:19,730] {processor.py:642} INFO - Processing file /home/airflow/.local/lib/python3.7/site-packages/airflow/example_dags/example_bash_operator.py for tasks to queue
[2022-02-03 20:39:19,731] {logging_mixin.py:109} INFO - [2022-02-03 20:39:19,731] {dagbag.py:500} INFO - Filling up the DagBag from /home/airflow/.local/lib/python3.7/site-packages/airflow/example_dags/example_bash_operator.py
[2022-02-03 20:39:19,757] {processor.py:654} INFO - DAG(s) dict_keys(['example_bash_operator']) retrieved from /home/airflow/.local/lib/python3.7/site-packages/airflow/example_dags/example_bash_operator.py
[2022-02-03 20:39:19,765] {logging_mixin.py:109} INFO - [2022-02-03 20:39:19,765] {dag.py:2396} INFO - Sync 1 DAGs
[2022-02-03 20:39:19,778] {logging_mixin.py:109} INFO - [2022-02-03 20:39:19,778] {dag.py:2935} INFO - Setting next_dagrun for example_bash_operator to 2022-02-02 00:00:00+00:00
[2022-02-03 20:39:19,791] {processor.py:171} INFO - Processing /home/airflow/.local/lib/python3.7/site-packages/airflow/example_dags/example_bash_operator.py took 0.064 seconds
[2022-02-03 20:39:49,967] {processor.py:163} INFO - Started process (PID=432) to work on /home/airflow/.local/lib/python3.7/site-packages/airflow/example_dags/example_bash_operator.py
[2022-02-03 20:39:49,969] {processor.py:642} INFO - Processing file /home/airflow/.local/lib/python3.7/site-packages/airflow/example_dags/example_bash_operator.py for tasks to queue
[2022-02-03 20:39:49,970] {logging_mixin.py:109} INFO - [2022-02-03 20:39:49,970] {dagbag.py:500} INFO - Filling up the DagBag from /home/airflow/.local/lib/python3.7/site-packages/airflow/example_dags/example_bash_operator.py
[2022-02-03 20:39:50,001] {processor.py:654} INFO - DAG(s) dict_keys(['example_bash_operator']) retrieved from /home/airflow/.local/lib/python3.7/site-packages/airflow/example_dags/example_bash_operator.py
[2022-02-03 20:39:50,015] {logging_mixin.py:109} INFO - [2022-02-03 20:39:50,015] {dag.py:2396} INFO - Sync 1 DAGs
[2022-02-03 20:39:50,032] {logging_mixin.py:109} INFO - [2022-02-03 20:39:50,032] {dag.py:2935} INFO - Setting next_dagrun for example_bash_operator to 2022-02-02 00:00:00+00:00
[2022-02-03 20:39:50,043] {processor.py:171} INFO - Processing /home/airflow/.local/lib/python3.7/site-packages/airflow/example_dags/example_bash_operator.py took 0.079 seconds
[2022-02-03 20:40:20,255] {processor.py:163} INFO - Started process (PID=492) to work on /home/airflow/.local/lib/python3.7/site-packages/airflow/example_dags/example_bash_operator.py
[2022-02-03 20:40:20,256] {processor.py:642} INFO - Processing file /home/airflow/.local/lib/python3.7/site-packages/airflow/example_dags/example_bash_operator.py for tasks to queue
[2022-02-03 20:40:20,256] {logging_mixin.py:109} INFO - [2022-02-03 20:40:20,256] {dagbag.py:500} INFO - Filling up the DagBag from /home/airflow/.local/lib/python3.7/site-packages/airflow/example_dags/example_bash_operator.py
[2022-02-03 20:40:20,283] {processor.py:654} INFO - DAG(s) dict_keys(['example_bash_operator']) retrieved from /home/airflow/.local/lib/python3.7/site-packages/airflow/example_dags/example_bash_operator.py
[2022-02-03 20:40:20,292] {logging_mixin.py:109} INFO - [2022-02-03 20:40:20,292] {dag.py:2396} INFO - Sync 1 DAGs
[2022-02-03 20:40:20,306] {logging_mixin.py:109} INFO - [2022-02-03 20:40:20,306] {dag.py:2935} INFO - Setting next_dagrun for example_bash_operator to 2022-02-02 00:00:00+00:00
[2022-02-03 20:40:20,315] {processor.py:171} INFO - Processing /home/airflow/.local/lib/python3.7/site-packages/airflow/example_dags/example_bash_operator.py took 0.063 seconds
[2022-02-03 20:40:50,409] {processor.py:163} INFO - Started process (PID=544) to work on /home/airflow/.local/lib/python3.7/site-packages/airflow/example_dags/example_bash_operator.py
[2022-02-03 20:40:50,410] {processor.py:642} INFO - Processing file /home/airflow/.local/lib/python3.7/site-packages/airflow/example_dags/example_bash_operator.py for tasks to queue
[2022-02-03 20:40:50,411] {logging_mixin.py:109} INFO - [2022-02-03 20:40:50,411] {dagbag.py:500} INFO - Filling up the DagBag from /home/airflow/.local/lib/python3.7/site-packages/airflow/example_dags/example_bash_operator.py
[2022-02-03 20:40:50,438] {processor.py:654} INFO - DAG(s) dict_keys(['example_bash_operator']) retrieved from /home/airflow/.local/lib/python3.7/site-packages/airflow/example_dags/example_bash_operator.py
[2022-02-03 20:40:50,447] {logging_mixin.py:109} INFO - [2022-02-03 20:40:50,447] {dag.py:2396} INFO - Sync 1 DAGs
[2022-02-03 20:40:50,460] {logging_mixin.py:109} INFO - [2022-02-03 20:40:50,459] {dag.py:2935} INFO - Setting next_dagrun for example_bash_operator to 2022-02-02 00:00:00+00:00
[2022-02-03 20:40:50,469] {processor.py:171} INFO - Processing /home/airflow/.local/lib/python3.7/site-packages/airflow/example_dags/example_bash_operator.py took 0.061 seconds
[2022-02-03 20:41:20,606] {processor.py:163} INFO - Started process (PID=604) to work on /home/airflow/.local/lib/python3.7/site-packages/airflow/example_dags/example_bash_operator.py
[2022-02-03 20:41:20,608] {processor.py:642} INFO - Processing file /home/airflow/.local/lib/python3.7/site-packages/airflow/example_dags/example_bash_operator.py for tasks to queue
[2022-02-03 20:41:20,608] {logging_mixin.py:109} INFO - [2022-02-03 20:41:20,608] {dagbag.py:500} INFO - Filling up the DagBag from /home/airflow/.local/lib/python3.7/site-packages/airflow/example_dags/example_bash_operator.py
[2022-02-03 20:41:20,676] {processor.py:654} INFO - DAG(s) dict_keys(['example_bash_operator']) retrieved from /home/airflow/.local/lib/python3.7/site-packages/airflow/example_dags/example_bash_operator.py
[2022-02-03 20:41:20,684] {logging_mixin.py:109} INFO - [2022-02-03 20:41:20,684] {dag.py:2396} INFO - Sync 1 DAGs
[2022-02-03 20:41:20,702] {logging_mixin.py:109} INFO - [2022-02-03 20:41:20,702] {dag.py:2935} INFO - Setting next_dagrun for example_bash_operator to 2022-02-02 00:00:00+00:00
[2022-02-03 20:41:20,711] {processor.py:171} INFO - Processing /home/airflow/.local/lib/python3.7/site-packages/airflow/example_dags/example_bash_operator.py took 0.107 seconds
[2022-02-03 20:41:50,804] {processor.py:163} INFO - Started process (PID=656) to work on /home/airflow/.local/lib/python3.7/site-packages/airflow/example_dags/example_bash_operator.py
[2022-02-03 20:41:50,805] {processor.py:642} INFO - Processing file /home/airflow/.local/lib/python3.7/site-packages/airflow/example_dags/example_bash_operator.py for tasks to queue
[2022-02-03 20:41:50,806] {logging_mixin.py:109} INFO - [2022-02-03 20:41:50,806] {dagbag.py:500} INFO - Filling up the DagBag from /home/airflow/.local/lib/python3.7/site-packages/airflow/example_dags/example_bash_operator.py
[2022-02-03 20:41:50,829] {processor.py:654} INFO - DAG(s) dict_keys(['example_bash_operator']) retrieved from /home/airflow/.local/lib/python3.7/site-packages/airflow/example_dags/example_bash_operator.py
[2022-02-03 20:41:50,839] {logging_mixin.py:109} INFO - [2022-02-03 20:41:50,839] {dag.py:2396} INFO - Sync 1 DAGs
[2022-02-03 20:41:50,852] {logging_mixin.py:109} INFO - [2022-02-03 20:41:50,852] {dag.py:2935} INFO - Setting next_dagrun for example_bash_operator to 2022-02-02 00:00:00+00:00
[2022-02-03 20:41:50,861] {processor.py:171} INFO - Processing /home/airflow/.local/lib/python3.7/site-packages/airflow/example_dags/example_bash_operator.py took 0.059 seconds
[2022-02-03 20:42:20,991] {processor.py:163} INFO - Started process (PID=717) to work on /home/airflow/.local/lib/python3.7/site-packages/airflow/example_dags/example_bash_operator.py
[2022-02-03 20:42:20,992] {processor.py:642} INFO - Processing file /home/airflow/.local/lib/python3.7/site-packages/airflow/example_dags/example_bash_operator.py for tasks to queue
[2022-02-03 20:42:20,993] {logging_mixin.py:109} INFO - [2022-02-03 20:42:20,993] {dagbag.py:500} INFO - Filling up the DagBag from /home/airflow/.local/lib/python3.7/site-packages/airflow/example_dags/example_bash_operator.py
[2022-02-03 20:42:21,018] {processor.py:654} INFO - DAG(s) dict_keys(['example_bash_operator']) retrieved from /home/airflow/.local/lib/python3.7/site-packages/airflow/example_dags/example_bash_operator.py
[2022-02-03 20:42:21,026] {logging_mixin.py:109} INFO - [2022-02-03 20:42:21,026] {dag.py:2396} INFO - Sync 1 DAGs
[2022-02-03 20:42:21,039] {logging_mixin.py:109} INFO - [2022-02-03 20:42:21,039] {dag.py:2935} INFO - Setting next_dagrun for example_bash_operator to 2022-02-02 00:00:00+00:00
[2022-02-03 20:42:21,049] {processor.py:171} INFO - Processing /home/airflow/.local/lib/python3.7/site-packages/airflow/example_dags/example_bash_operator.py took 0.060 seconds
[2022-02-03 20:42:51,182] {processor.py:163} INFO - Started process (PID=767) to work on /home/airflow/.local/lib/python3.7/site-packages/airflow/example_dags/example_bash_operator.py
[2022-02-03 20:42:51,183] {processor.py:642} INFO - Processing file /home/airflow/.local/lib/python3.7/site-packages/airflow/example_dags/example_bash_operator.py for tasks to queue
[2022-02-03 20:42:51,184] {logging_mixin.py:109} INFO - [2022-02-03 20:42:51,184] {dagbag.py:500} INFO - Filling up the DagBag from /home/airflow/.local/lib/python3.7/site-packages/airflow/example_dags/example_bash_operator.py
[2022-02-03 20:42:51,212] {processor.py:654} INFO - DAG(s) dict_keys(['example_bash_operator']) retrieved from /home/airflow/.local/lib/python3.7/site-packages/airflow/example_dags/example_bash_operator.py
[2022-02-03 20:42:51,223] {logging_mixin.py:109} INFO - [2022-02-03 20:42:51,222] {dag.py:2396} INFO - Sync 1 DAGs
[2022-02-03 20:42:51,237] {logging_mixin.py:109} INFO - [2022-02-03 20:42:51,237] {dag.py:2935} INFO - Setting next_dagrun for example_bash_operator to 2022-02-02 00:00:00+00:00
[2022-02-03 20:42:51,246] {processor.py:171} INFO - Processing /home/airflow/.local/lib/python3.7/site-packages/airflow/example_dags/example_bash_operator.py took 0.066 seconds
[2022-02-03 20:43:21,409] {processor.py:163} INFO - Started process (PID=829) to work on /home/airflow/.local/lib/python3.7/site-packages/airflow/example_dags/example_bash_operator.py
[2022-02-03 20:43:21,410] {processor.py:642} INFO - Processing file /home/airflow/.local/lib/python3.7/site-packages/airflow/example_dags/example_bash_operator.py for tasks to queue
[2022-02-03 20:43:21,411] {logging_mixin.py:109} INFO - [2022-02-03 20:43:21,410] {dagbag.py:500} INFO - Filling up the DagBag from /home/airflow/.local/lib/python3.7/site-packages/airflow/example_dags/example_bash_operator.py
[2022-02-03 20:43:21,435] {processor.py:654} INFO - DAG(s) dict_keys(['example_bash_operator']) retrieved from /home/airflow/.local/lib/python3.7/site-packages/airflow/example_dags/example_bash_operator.py
[2022-02-03 20:43:21,443] {logging_mixin.py:109} INFO - [2022-02-03 20:43:21,443] {dag.py:2396} INFO - Sync 1 DAGs
[2022-02-03 20:43:21,456] {logging_mixin.py:109} INFO - [2022-02-03 20:43:21,456] {dag.py:2935} INFO - Setting next_dagrun for example_bash_operator to 2022-02-02 00:00:00+00:00
[2022-02-03 20:43:21,465] {processor.py:171} INFO - Processing /home/airflow/.local/lib/python3.7/site-packages/airflow/example_dags/example_bash_operator.py took 0.059 seconds
[2022-02-03 20:43:52,317] {processor.py:163} INFO - Started process (PID=880) to work on /home/airflow/.local/lib/python3.7/site-packages/airflow/example_dags/example_bash_operator.py
[2022-02-03 20:43:52,318] {processor.py:642} INFO - Processing file /home/airflow/.local/lib/python3.7/site-packages/airflow/example_dags/example_bash_operator.py for tasks to queue
[2022-02-03 20:43:52,319] {logging_mixin.py:109} INFO - [2022-02-03 20:43:52,319] {dagbag.py:500} INFO - Filling up the DagBag from /home/airflow/.local/lib/python3.7/site-packages/airflow/example_dags/example_bash_operator.py
[2022-02-03 20:43:52,347] {processor.py:654} INFO - DAG(s) dict_keys(['example_bash_operator']) retrieved from /home/airflow/.local/lib/python3.7/site-packages/airflow/example_dags/example_bash_operator.py
[2022-02-03 20:43:52,355] {logging_mixin.py:109} INFO - [2022-02-03 20:43:52,355] {dag.py:2396} INFO - Sync 1 DAGs
[2022-02-03 20:43:52,369] {logging_mixin.py:109} INFO - [2022-02-03 20:43:52,369] {dag.py:2935} INFO - Setting next_dagrun for example_bash_operator to 2022-02-02 00:00:00+00:00
[2022-02-03 20:43:52,380] {processor.py:171} INFO - Processing /home/airflow/.local/lib/python3.7/site-packages/airflow/example_dags/example_bash_operator.py took 0.066 seconds
[2022-02-03 20:44:22,983] {processor.py:163} INFO - Started process (PID=939) to work on /home/airflow/.local/lib/python3.7/site-packages/airflow/example_dags/example_bash_operator.py
[2022-02-03 20:44:22,984] {processor.py:642} INFO - Processing file /home/airflow/.local/lib/python3.7/site-packages/airflow/example_dags/example_bash_operator.py for tasks to queue
[2022-02-03 20:44:22,984] {logging_mixin.py:109} INFO - [2022-02-03 20:44:22,984] {dagbag.py:500} INFO - Filling up the DagBag from /home/airflow/.local/lib/python3.7/site-packages/airflow/example_dags/example_bash_operator.py
[2022-02-03 20:44:23,009] {processor.py:654} INFO - DAG(s) dict_keys(['example_bash_operator']) retrieved from /home/airflow/.local/lib/python3.7/site-packages/airflow/example_dags/example_bash_operator.py
[2022-02-03 20:44:23,018] {logging_mixin.py:109} INFO - [2022-02-03 20:44:23,018] {dag.py:2396} INFO - Sync 1 DAGs
[2022-02-03 20:44:23,031] {logging_mixin.py:109} INFO - [2022-02-03 20:44:23,031] {dag.py:2935} INFO - Setting next_dagrun for example_bash_operator to 2022-02-02 00:00:00+00:00
[2022-02-03 20:44:23,040] {processor.py:171} INFO - Processing /home/airflow/.local/lib/python3.7/site-packages/airflow/example_dags/example_bash_operator.py took 0.060 seconds
[2022-02-03 20:44:53,508] {processor.py:163} INFO - Started process (PID=990) to work on /home/airflow/.local/lib/python3.7/site-packages/airflow/example_dags/example_bash_operator.py
[2022-02-03 20:44:53,509] {processor.py:642} INFO - Processing file /home/airflow/.local/lib/python3.7/site-packages/airflow/example_dags/example_bash_operator.py for tasks to queue
[2022-02-03 20:44:53,510] {logging_mixin.py:109} INFO - [2022-02-03 20:44:53,510] {dagbag.py:500} INFO - Filling up the DagBag from /home/airflow/.local/lib/python3.7/site-packages/airflow/example_dags/example_bash_operator.py
[2022-02-03 20:44:53,534] {processor.py:654} INFO - DAG(s) dict_keys(['example_bash_operator']) retrieved from /home/airflow/.local/lib/python3.7/site-packages/airflow/example_dags/example_bash_operator.py
[2022-02-03 20:44:53,543] {logging_mixin.py:109} INFO - [2022-02-03 20:44:53,543] {dag.py:2396} INFO - Sync 1 DAGs
[2022-02-03 20:44:53,557] {logging_mixin.py:109} INFO - [2022-02-03 20:44:53,557] {dag.py:2935} INFO - Setting next_dagrun for example_bash_operator to 2022-02-02 00:00:00+00:00
[2022-02-03 20:44:53,569] {processor.py:171} INFO - Processing /home/airflow/.local/lib/python3.7/site-packages/airflow/example_dags/example_bash_operator.py took 0.064 seconds
[2022-02-03 20:45:24,181] {processor.py:163} INFO - Started process (PID=1051) to work on /home/airflow/.local/lib/python3.7/site-packages/airflow/example_dags/example_bash_operator.py
[2022-02-03 20:45:24,182] {processor.py:642} INFO - Processing file /home/airflow/.local/lib/python3.7/site-packages/airflow/example_dags/example_bash_operator.py for tasks to queue
[2022-02-03 20:45:24,183] {logging_mixin.py:109} INFO - [2022-02-03 20:45:24,183] {dagbag.py:500} INFO - Filling up the DagBag from /home/airflow/.local/lib/python3.7/site-packages/airflow/example_dags/example_bash_operator.py
[2022-02-03 20:45:24,207] {processor.py:654} INFO - DAG(s) dict_keys(['example_bash_operator']) retrieved from /home/airflow/.local/lib/python3.7/site-packages/airflow/example_dags/example_bash_operator.py
[2022-02-03 20:45:24,215] {logging_mixin.py:109} INFO - [2022-02-03 20:45:24,215] {dag.py:2396} INFO - Sync 1 DAGs
[2022-02-03 20:45:24,230] {logging_mixin.py:109} INFO - [2022-02-03 20:45:24,230] {dag.py:2935} INFO - Setting next_dagrun for example_bash_operator to 2022-02-02 00:00:00+00:00
[2022-02-03 20:45:24,239] {processor.py:171} INFO - Processing /home/airflow/.local/lib/python3.7/site-packages/airflow/example_dags/example_bash_operator.py took 0.061 seconds
[2022-02-03 20:45:54,657] {processor.py:163} INFO - Started process (PID=1103) to work on /home/airflow/.local/lib/python3.7/site-packages/airflow/example_dags/example_bash_operator.py
[2022-02-03 20:45:54,658] {processor.py:642} INFO - Processing file /home/airflow/.local/lib/python3.7/site-packages/airflow/example_dags/example_bash_operator.py for tasks to queue
[2022-02-03 20:45:54,658] {logging_mixin.py:109} INFO - [2022-02-03 20:45:54,658] {dagbag.py:500} INFO - Filling up the DagBag from /home/airflow/.local/lib/python3.7/site-packages/airflow/example_dags/example_bash_operator.py
[2022-02-03 20:45:54,683] {processor.py:654} INFO - DAG(s) dict_keys(['example_bash_operator']) retrieved from /home/airflow/.local/lib/python3.7/site-packages/airflow/example_dags/example_bash_operator.py
[2022-02-03 20:45:54,691] {logging_mixin.py:109} INFO - [2022-02-03 20:45:54,691] {dag.py:2396} INFO - Sync 1 DAGs
[2022-02-03 20:45:54,704] {logging_mixin.py:109} INFO - [2022-02-03 20:45:54,704] {dag.py:2935} INFO - Setting next_dagrun for example_bash_operator to 2022-02-02 00:00:00+00:00
[2022-02-03 20:45:54,712] {processor.py:171} INFO - Processing /home/airflow/.local/lib/python3.7/site-packages/airflow/example_dags/example_bash_operator.py took 0.058 seconds
[2022-02-03 20:46:25,157] {processor.py:163} INFO - Started process (PID=1165) to work on /home/airflow/.local/lib/python3.7/site-packages/airflow/example_dags/example_bash_operator.py
[2022-02-03 20:46:25,159] {processor.py:642} INFO - Processing file /home/airflow/.local/lib/python3.7/site-packages/airflow/example_dags/example_bash_operator.py for tasks to queue
[2022-02-03 20:46:25,159] {logging_mixin.py:109} INFO - [2022-02-03 20:46:25,159] {dagbag.py:500} INFO - Filling up the DagBag from /home/airflow/.local/lib/python3.7/site-packages/airflow/example_dags/example_bash_operator.py
[2022-02-03 20:46:25,187] {processor.py:654} INFO - DAG(s) dict_keys(['example_bash_operator']) retrieved from /home/airflow/.local/lib/python3.7/site-packages/airflow/example_dags/example_bash_operator.py
[2022-02-03 20:46:25,196] {logging_mixin.py:109} INFO - [2022-02-03 20:46:25,196] {dag.py:2396} INFO - Sync 1 DAGs
[2022-02-03 20:46:25,213] {logging_mixin.py:109} INFO - [2022-02-03 20:46:25,213] {dag.py:2935} INFO - Setting next_dagrun for example_bash_operator to 2022-02-02 00:00:00+00:00
[2022-02-03 20:46:25,223] {processor.py:171} INFO - Processing /home/airflow/.local/lib/python3.7/site-packages/airflow/example_dags/example_bash_operator.py took 0.068 seconds
[2022-02-03 20:46:55,651] {processor.py:163} INFO - Started process (PID=1215) to work on /home/airflow/.local/lib/python3.7/site-packages/airflow/example_dags/example_bash_operator.py
[2022-02-03 20:46:55,652] {processor.py:642} INFO - Processing file /home/airflow/.local/lib/python3.7/site-packages/airflow/example_dags/example_bash_operator.py for tasks to queue
[2022-02-03 20:46:55,652] {logging_mixin.py:109} INFO - [2022-02-03 20:46:55,652] {dagbag.py:500} INFO - Filling up the DagBag from /home/airflow/.local/lib/python3.7/site-packages/airflow/example_dags/example_bash_operator.py
[2022-02-03 20:46:55,679] {processor.py:654} INFO - DAG(s) dict_keys(['example_bash_operator']) retrieved from /home/airflow/.local/lib/python3.7/site-packages/airflow/example_dags/example_bash_operator.py
[2022-02-03 20:46:55,688] {logging_mixin.py:109} INFO - [2022-02-03 20:46:55,688] {dag.py:2396} INFO - Sync 1 DAGs
[2022-02-03 20:46:55,703] {logging_mixin.py:109} INFO - [2022-02-03 20:46:55,703] {dag.py:2935} INFO - Setting next_dagrun for example_bash_operator to 2022-02-02 00:00:00+00:00
[2022-02-03 20:46:55,716] {processor.py:171} INFO - Processing /home/airflow/.local/lib/python3.7/site-packages/airflow/example_dags/example_bash_operator.py took 0.067 seconds
[2022-02-03 20:47:26,215] {processor.py:163} INFO - Started process (PID=1276) to work on /home/airflow/.local/lib/python3.7/site-packages/airflow/example_dags/example_bash_operator.py
[2022-02-03 20:47:26,216] {processor.py:642} INFO - Processing file /home/airflow/.local/lib/python3.7/site-packages/airflow/example_dags/example_bash_operator.py for tasks to queue
[2022-02-03 20:47:26,217] {logging_mixin.py:109} INFO - [2022-02-03 20:47:26,217] {dagbag.py:500} INFO - Filling up the DagBag from /home/airflow/.local/lib/python3.7/site-packages/airflow/example_dags/example_bash_operator.py
[2022-02-03 20:47:26,241] {processor.py:654} INFO - DAG(s) dict_keys(['example_bash_operator']) retrieved from /home/airflow/.local/lib/python3.7/site-packages/airflow/example_dags/example_bash_operator.py
[2022-02-03 20:47:26,252] {logging_mixin.py:109} INFO - [2022-02-03 20:47:26,252] {dag.py:2396} INFO - Sync 1 DAGs
[2022-02-03 20:47:26,266] {logging_mixin.py:109} INFO - [2022-02-03 20:47:26,266] {dag.py:2935} INFO - Setting next_dagrun for example_bash_operator to 2022-02-02 00:00:00+00:00
[2022-02-03 20:47:26,275] {processor.py:171} INFO - Processing /home/airflow/.local/lib/python3.7/site-packages/airflow/example_dags/example_bash_operator.py took 0.062 seconds
[2022-02-03 20:47:56,763] {processor.py:163} INFO - Started process (PID=1327) to work on /home/airflow/.local/lib/python3.7/site-packages/airflow/example_dags/example_bash_operator.py
[2022-02-03 20:47:56,764] {processor.py:642} INFO - Processing file /home/airflow/.local/lib/python3.7/site-packages/airflow/example_dags/example_bash_operator.py for tasks to queue
[2022-02-03 20:47:56,765] {logging_mixin.py:109} INFO - [2022-02-03 20:47:56,765] {dagbag.py:500} INFO - Filling up the DagBag from /home/airflow/.local/lib/python3.7/site-packages/airflow/example_dags/example_bash_operator.py
[2022-02-03 20:47:56,789] {processor.py:654} INFO - DAG(s) dict_keys(['example_bash_operator']) retrieved from /home/airflow/.local/lib/python3.7/site-packages/airflow/example_dags/example_bash_operator.py
[2022-02-03 20:47:56,797] {logging_mixin.py:109} INFO - [2022-02-03 20:47:56,797] {dag.py:2396} INFO - Sync 1 DAGs
[2022-02-03 20:47:56,809] {logging_mixin.py:109} INFO - [2022-02-03 20:47:56,809] {dag.py:2935} INFO - Setting next_dagrun for example_bash_operator to 2022-02-02 00:00:00+00:00
[2022-02-03 20:47:56,820] {processor.py:171} INFO - Processing /home/airflow/.local/lib/python3.7/site-packages/airflow/example_dags/example_bash_operator.py took 0.059 seconds
[2022-02-03 20:48:27,432] {processor.py:163} INFO - Started process (PID=1389) to work on /home/airflow/.local/lib/python3.7/site-packages/airflow/example_dags/example_bash_operator.py
[2022-02-03 20:48:27,433] {processor.py:642} INFO - Processing file /home/airflow/.local/lib/python3.7/site-packages/airflow/example_dags/example_bash_operator.py for tasks to queue
[2022-02-03 20:48:27,434] {logging_mixin.py:109} INFO - [2022-02-03 20:48:27,434] {dagbag.py:500} INFO - Filling up the DagBag from /home/airflow/.local/lib/python3.7/site-packages/airflow/example_dags/example_bash_operator.py
[2022-02-03 20:48:27,464] {processor.py:654} INFO - DAG(s) dict_keys(['example_bash_operator']) retrieved from /home/airflow/.local/lib/python3.7/site-packages/airflow/example_dags/example_bash_operator.py
[2022-02-03 20:48:27,472] {logging_mixin.py:109} INFO - [2022-02-03 20:48:27,472] {dag.py:2396} INFO - Sync 1 DAGs
[2022-02-03 20:48:27,486] {logging_mixin.py:109} INFO - [2022-02-03 20:48:27,485] {dag.py:2935} INFO - Setting next_dagrun for example_bash_operator to 2022-02-02 00:00:00+00:00
[2022-02-03 20:48:27,498] {processor.py:171} INFO - Processing /home/airflow/.local/lib/python3.7/site-packages/airflow/example_dags/example_bash_operator.py took 0.068 seconds
[2022-02-03 20:48:57,976] {processor.py:163} INFO - Started process (PID=1451) to work on /home/airflow/.local/lib/python3.7/site-packages/airflow/example_dags/example_bash_operator.py
[2022-02-03 20:48:57,978] {processor.py:642} INFO - Processing file /home/airflow/.local/lib/python3.7/site-packages/airflow/example_dags/example_bash_operator.py for tasks to queue
[2022-02-03 20:48:57,979] {logging_mixin.py:109} INFO - [2022-02-03 20:48:57,978] {dagbag.py:500} INFO - Filling up the DagBag from /home/airflow/.local/lib/python3.7/site-packages/airflow/example_dags/example_bash_operator.py
[2022-02-03 20:48:58,006] {processor.py:654} INFO - DAG(s) dict_keys(['example_bash_operator']) retrieved from /home/airflow/.local/lib/python3.7/site-packages/airflow/example_dags/example_bash_operator.py
[2022-02-03 20:48:58,018] {logging_mixin.py:109} INFO - [2022-02-03 20:48:58,018] {dag.py:2396} INFO - Sync 1 DAGs
[2022-02-03 20:48:58,034] {logging_mixin.py:109} INFO - [2022-02-03 20:48:58,034] {dag.py:2935} INFO - Setting next_dagrun for example_bash_operator to 2022-02-02 00:00:00+00:00
[2022-02-03 20:48:58,043] {processor.py:171} INFO - Processing /home/airflow/.local/lib/python3.7/site-packages/airflow/example_dags/example_bash_operator.py took 0.069 seconds
[2022-02-03 20:49:28,425] {processor.py:163} INFO - Started process (PID=1502) to work on /home/airflow/.local/lib/python3.7/site-packages/airflow/example_dags/example_bash_operator.py
[2022-02-03 20:49:28,426] {processor.py:642} INFO - Processing file /home/airflow/.local/lib/python3.7/site-packages/airflow/example_dags/example_bash_operator.py for tasks to queue
[2022-02-03 20:49:28,427] {logging_mixin.py:109} INFO - [2022-02-03 20:49:28,427] {dagbag.py:500} INFO - Filling up the DagBag from /home/airflow/.local/lib/python3.7/site-packages/airflow/example_dags/example_bash_operator.py
[2022-02-03 20:49:28,451] {processor.py:654} INFO - DAG(s) dict_keys(['example_bash_operator']) retrieved from /home/airflow/.local/lib/python3.7/site-packages/airflow/example_dags/example_bash_operator.py
[2022-02-03 20:49:28,460] {logging_mixin.py:109} INFO - [2022-02-03 20:49:28,460] {dag.py:2396} INFO - Sync 1 DAGs
[2022-02-03 20:49:28,472] {logging_mixin.py:109} INFO - [2022-02-03 20:49:28,472] {dag.py:2935} INFO - Setting next_dagrun for example_bash_operator to 2022-02-02 00:00:00+00:00
[2022-02-03 20:49:28,482] {processor.py:171} INFO - Processing /home/airflow/.local/lib/python3.7/site-packages/airflow/example_dags/example_bash_operator.py took 0.059 seconds
[2022-02-03 20:49:58,553] {processor.py:163} INFO - Started process (PID=1560) to work on /home/airflow/.local/lib/python3.7/site-packages/airflow/example_dags/example_bash_operator.py
[2022-02-03 20:49:58,554] {processor.py:642} INFO - Processing file /home/airflow/.local/lib/python3.7/site-packages/airflow/example_dags/example_bash_operator.py for tasks to queue
[2022-02-03 20:49:58,555] {logging_mixin.py:109} INFO - [2022-02-03 20:49:58,555] {dagbag.py:500} INFO - Filling up the DagBag from /home/airflow/.local/lib/python3.7/site-packages/airflow/example_dags/example_bash_operator.py
[2022-02-03 20:49:58,581] {processor.py:654} INFO - DAG(s) dict_keys(['example_bash_operator']) retrieved from /home/airflow/.local/lib/python3.7/site-packages/airflow/example_dags/example_bash_operator.py
[2022-02-03 20:49:58,590] {logging_mixin.py:109} INFO - [2022-02-03 20:49:58,590] {dag.py:2396} INFO - Sync 1 DAGs
[2022-02-03 20:49:58,603] {logging_mixin.py:109} INFO - [2022-02-03 20:49:58,603] {dag.py:2935} INFO - Setting next_dagrun for example_bash_operator to 2022-02-02 00:00:00+00:00
[2022-02-03 20:49:58,613] {processor.py:171} INFO - Processing /home/airflow/.local/lib/python3.7/site-packages/airflow/example_dags/example_bash_operator.py took 0.062 seconds
[2022-02-03 20:50:29,351] {processor.py:163} INFO - Started process (PID=1614) to work on /home/airflow/.local/lib/python3.7/site-packages/airflow/example_dags/example_bash_operator.py
[2022-02-03 20:50:29,352] {processor.py:642} INFO - Processing file /home/airflow/.local/lib/python3.7/site-packages/airflow/example_dags/example_bash_operator.py for tasks to queue
[2022-02-03 20:50:29,353] {logging_mixin.py:109} INFO - [2022-02-03 20:50:29,353] {dagbag.py:500} INFO - Filling up the DagBag from /home/airflow/.local/lib/python3.7/site-packages/airflow/example_dags/example_bash_operator.py
[2022-02-03 20:50:29,377] {processor.py:654} INFO - DAG(s) dict_keys(['example_bash_operator']) retrieved from /home/airflow/.local/lib/python3.7/site-packages/airflow/example_dags/example_bash_operator.py
[2022-02-03 20:50:29,385] {logging_mixin.py:109} INFO - [2022-02-03 20:50:29,385] {dag.py:2396} INFO - Sync 1 DAGs
[2022-02-03 20:50:29,400] {logging_mixin.py:109} INFO - [2022-02-03 20:50:29,400] {dag.py:2935} INFO - Setting next_dagrun for example_bash_operator to 2022-02-02 00:00:00+00:00
[2022-02-03 20:50:29,411] {processor.py:171} INFO - Processing /home/airflow/.local/lib/python3.7/site-packages/airflow/example_dags/example_bash_operator.py took 0.063 seconds
[2022-02-03 20:50:59,660] {processor.py:163} INFO - Started process (PID=1671) to work on /home/airflow/.local/lib/python3.7/site-packages/airflow/example_dags/example_bash_operator.py
[2022-02-03 20:50:59,661] {processor.py:642} INFO - Processing file /home/airflow/.local/lib/python3.7/site-packages/airflow/example_dags/example_bash_operator.py for tasks to queue
[2022-02-03 20:50:59,662] {logging_mixin.py:109} INFO - [2022-02-03 20:50:59,662] {dagbag.py:500} INFO - Filling up the DagBag from /home/airflow/.local/lib/python3.7/site-packages/airflow/example_dags/example_bash_operator.py
[2022-02-03 20:50:59,697] {processor.py:654} INFO - DAG(s) dict_keys(['example_bash_operator']) retrieved from /home/airflow/.local/lib/python3.7/site-packages/airflow/example_dags/example_bash_operator.py
[2022-02-03 20:50:59,712] {logging_mixin.py:109} INFO - [2022-02-03 20:50:59,711] {dag.py:2396} INFO - Sync 1 DAGs
[2022-02-03 20:50:59,731] {logging_mixin.py:109} INFO - [2022-02-03 20:50:59,731] {dag.py:2935} INFO - Setting next_dagrun for example_bash_operator to 2022-02-02 00:00:00+00:00
[2022-02-03 20:50:59,841] {processor.py:171} INFO - Processing /home/airflow/.local/lib/python3.7/site-packages/airflow/example_dags/example_bash_operator.py took 0.184 seconds
[2022-02-03 20:51:30,047] {processor.py:163} INFO - Started process (PID=1724) to work on /home/airflow/.local/lib/python3.7/site-packages/airflow/example_dags/example_bash_operator.py
[2022-02-03 20:51:30,049] {processor.py:642} INFO - Processing file /home/airflow/.local/lib/python3.7/site-packages/airflow/example_dags/example_bash_operator.py for tasks to queue
[2022-02-03 20:51:30,051] {logging_mixin.py:109} INFO - [2022-02-03 20:51:30,051] {dagbag.py:500} INFO - Filling up the DagBag from /home/airflow/.local/lib/python3.7/site-packages/airflow/example_dags/example_bash_operator.py
[2022-02-03 20:51:30,082] {processor.py:654} INFO - DAG(s) dict_keys(['example_bash_operator']) retrieved from /home/airflow/.local/lib/python3.7/site-packages/airflow/example_dags/example_bash_operator.py
[2022-02-03 20:51:30,092] {logging_mixin.py:109} INFO - [2022-02-03 20:51:30,092] {dag.py:2396} INFO - Sync 1 DAGs
[2022-02-03 20:51:30,191] {logging_mixin.py:109} INFO - [2022-02-03 20:51:30,191] {dag.py:2935} INFO - Setting next_dagrun for example_bash_operator to 2022-02-02 00:00:00+00:00
[2022-02-03 20:51:30,199] {processor.py:171} INFO - Processing /home/airflow/.local/lib/python3.7/site-packages/airflow/example_dags/example_bash_operator.py took 0.155 seconds
[2022-02-03 20:52:00,699] {processor.py:163} INFO - Started process (PID=1776) to work on /home/airflow/.local/lib/python3.7/site-packages/airflow/example_dags/example_bash_operator.py
[2022-02-03 20:52:00,700] {processor.py:642} INFO - Processing file /home/airflow/.local/lib/python3.7/site-packages/airflow/example_dags/example_bash_operator.py for tasks to queue
[2022-02-03 20:52:00,701] {logging_mixin.py:109} INFO - [2022-02-03 20:52:00,701] {dagbag.py:500} INFO - Filling up the DagBag from /home/airflow/.local/lib/python3.7/site-packages/airflow/example_dags/example_bash_operator.py
[2022-02-03 20:52:00,726] {processor.py:654} INFO - DAG(s) dict_keys(['example_bash_operator']) retrieved from /home/airflow/.local/lib/python3.7/site-packages/airflow/example_dags/example_bash_operator.py
[2022-02-03 20:52:00,736] {logging_mixin.py:109} INFO - [2022-02-03 20:52:00,736] {dag.py:2396} INFO - Sync 1 DAGs
[2022-02-03 20:52:00,817] {logging_mixin.py:109} INFO - [2022-02-03 20:52:00,816] {dag.py:2935} INFO - Setting next_dagrun for example_bash_operator to 2022-02-02 00:00:00+00:00
[2022-02-03 20:52:00,826] {processor.py:171} INFO - Processing /home/airflow/.local/lib/python3.7/site-packages/airflow/example_dags/example_bash_operator.py took 0.130 seconds
[2022-02-03 20:52:30,995] {processor.py:163} INFO - Started process (PID=1836) to work on /home/airflow/.local/lib/python3.7/site-packages/airflow/example_dags/example_bash_operator.py
[2022-02-03 20:52:30,997] {processor.py:642} INFO - Processing file /home/airflow/.local/lib/python3.7/site-packages/airflow/example_dags/example_bash_operator.py for tasks to queue
[2022-02-03 20:52:30,998] {logging_mixin.py:109} INFO - [2022-02-03 20:52:30,998] {dagbag.py:500} INFO - Filling up the DagBag from /home/airflow/.local/lib/python3.7/site-packages/airflow/example_dags/example_bash_operator.py
[2022-02-03 20:52:31,028] {processor.py:654} INFO - DAG(s) dict_keys(['example_bash_operator']) retrieved from /home/airflow/.local/lib/python3.7/site-packages/airflow/example_dags/example_bash_operator.py
[2022-02-03 20:52:31,039] {logging_mixin.py:109} INFO - [2022-02-03 20:52:31,039] {dag.py:2396} INFO - Sync 1 DAGs
[2022-02-03 20:52:31,131] {logging_mixin.py:109} INFO - [2022-02-03 20:52:31,130] {dag.py:2935} INFO - Setting next_dagrun for example_bash_operator to 2022-02-02 00:00:00+00:00
[2022-02-03 20:52:31,140] {processor.py:171} INFO - Processing /home/airflow/.local/lib/python3.7/site-packages/airflow/example_dags/example_bash_operator.py took 0.148 seconds
[2022-02-03 20:53:01,564] {processor.py:163} INFO - Started process (PID=1887) to work on /home/airflow/.local/lib/python3.7/site-packages/airflow/example_dags/example_bash_operator.py
[2022-02-03 20:53:01,565] {processor.py:642} INFO - Processing file /home/airflow/.local/lib/python3.7/site-packages/airflow/example_dags/example_bash_operator.py for tasks to queue
[2022-02-03 20:53:01,566] {logging_mixin.py:109} INFO - [2022-02-03 20:53:01,566] {dagbag.py:500} INFO - Filling up the DagBag from /home/airflow/.local/lib/python3.7/site-packages/airflow/example_dags/example_bash_operator.py
[2022-02-03 20:53:01,590] {processor.py:654} INFO - DAG(s) dict_keys(['example_bash_operator']) retrieved from /home/airflow/.local/lib/python3.7/site-packages/airflow/example_dags/example_bash_operator.py
[2022-02-03 20:53:01,599] {logging_mixin.py:109} INFO - [2022-02-03 20:53:01,599] {dag.py:2396} INFO - Sync 1 DAGs
[2022-02-03 20:53:01,678] {logging_mixin.py:109} INFO - [2022-02-03 20:53:01,678] {dag.py:2935} INFO - Setting next_dagrun for example_bash_operator to 2022-02-02 00:00:00+00:00
[2022-02-03 20:53:01,685] {processor.py:171} INFO - Processing /home/airflow/.local/lib/python3.7/site-packages/airflow/example_dags/example_bash_operator.py took 0.124 seconds
[2022-02-03 20:53:32,621] {processor.py:163} INFO - Started process (PID=1947) to work on /home/airflow/.local/lib/python3.7/site-packages/airflow/example_dags/example_bash_operator.py
[2022-02-03 20:53:32,622] {processor.py:642} INFO - Processing file /home/airflow/.local/lib/python3.7/site-packages/airflow/example_dags/example_bash_operator.py for tasks to queue
[2022-02-03 20:53:32,623] {logging_mixin.py:109} INFO - [2022-02-03 20:53:32,623] {dagbag.py:500} INFO - Filling up the DagBag from /home/airflow/.local/lib/python3.7/site-packages/airflow/example_dags/example_bash_operator.py
[2022-02-03 20:53:32,721] {processor.py:654} INFO - DAG(s) dict_keys(['example_bash_operator']) retrieved from /home/airflow/.local/lib/python3.7/site-packages/airflow/example_dags/example_bash_operator.py
[2022-02-03 20:53:32,731] {logging_mixin.py:109} INFO - [2022-02-03 20:53:32,731] {dag.py:2396} INFO - Sync 1 DAGs
[2022-02-03 20:53:32,743] {logging_mixin.py:109} INFO - [2022-02-03 20:53:32,743] {dag.py:2935} INFO - Setting next_dagrun for example_bash_operator to 2022-02-02 00:00:00+00:00
[2022-02-03 20:53:32,752] {processor.py:171} INFO - Processing /home/airflow/.local/lib/python3.7/site-packages/airflow/example_dags/example_bash_operator.py took 0.133 seconds
[2022-02-03 20:54:03,103] {processor.py:163} INFO - Started process (PID=1998) to work on /home/airflow/.local/lib/python3.7/site-packages/airflow/example_dags/example_bash_operator.py
[2022-02-03 20:54:03,104] {processor.py:642} INFO - Processing file /home/airflow/.local/lib/python3.7/site-packages/airflow/example_dags/example_bash_operator.py for tasks to queue
[2022-02-03 20:54:03,106] {logging_mixin.py:109} INFO - [2022-02-03 20:54:03,105] {dagbag.py:500} INFO - Filling up the DagBag from /home/airflow/.local/lib/python3.7/site-packages/airflow/example_dags/example_bash_operator.py
[2022-02-03 20:54:03,266] {processor.py:654} INFO - DAG(s) dict_keys(['example_bash_operator']) retrieved from /home/airflow/.local/lib/python3.7/site-packages/airflow/example_dags/example_bash_operator.py
[2022-02-03 20:54:03,282] {logging_mixin.py:109} INFO - [2022-02-03 20:54:03,281] {dag.py:2396} INFO - Sync 1 DAGs
[2022-02-03 20:54:03,308] {logging_mixin.py:109} INFO - [2022-02-03 20:54:03,307] {dag.py:2935} INFO - Setting next_dagrun for example_bash_operator to 2022-02-02 00:00:00+00:00
[2022-02-03 20:54:03,322] {processor.py:171} INFO - Processing /home/airflow/.local/lib/python3.7/site-packages/airflow/example_dags/example_bash_operator.py took 0.224 seconds
[2022-02-03 20:54:33,439] {processor.py:163} INFO - Started process (PID=2049) to work on /home/airflow/.local/lib/python3.7/site-packages/airflow/example_dags/example_bash_operator.py
[2022-02-03 20:54:33,440] {processor.py:642} INFO - Processing file /home/airflow/.local/lib/python3.7/site-packages/airflow/example_dags/example_bash_operator.py for tasks to queue
[2022-02-03 20:54:33,441] {logging_mixin.py:109} INFO - [2022-02-03 20:54:33,441] {dagbag.py:500} INFO - Filling up the DagBag from /home/airflow/.local/lib/python3.7/site-packages/airflow/example_dags/example_bash_operator.py
[2022-02-03 20:54:33,526] {processor.py:654} INFO - DAG(s) dict_keys(['example_bash_operator']) retrieved from /home/airflow/.local/lib/python3.7/site-packages/airflow/example_dags/example_bash_operator.py
[2022-02-03 20:54:33,533] {logging_mixin.py:109} INFO - [2022-02-03 20:54:33,533] {dag.py:2396} INFO - Sync 1 DAGs
[2022-02-03 20:54:33,547] {logging_mixin.py:109} INFO - [2022-02-03 20:54:33,547] {dag.py:2935} INFO - Setting next_dagrun for example_bash_operator to 2022-02-02 00:00:00+00:00
[2022-02-03 20:54:33,558] {processor.py:171} INFO - Processing /home/airflow/.local/lib/python3.7/site-packages/airflow/example_dags/example_bash_operator.py took 0.121 seconds
[2022-02-03 20:55:03,616] {processor.py:163} INFO - Started process (PID=2110) to work on /home/airflow/.local/lib/python3.7/site-packages/airflow/example_dags/example_bash_operator.py
[2022-02-03 20:55:03,617] {processor.py:642} INFO - Processing file /home/airflow/.local/lib/python3.7/site-packages/airflow/example_dags/example_bash_operator.py for tasks to queue
[2022-02-03 20:55:03,618] {logging_mixin.py:109} INFO - [2022-02-03 20:55:03,618] {dagbag.py:500} INFO - Filling up the DagBag from /home/airflow/.local/lib/python3.7/site-packages/airflow/example_dags/example_bash_operator.py
[2022-02-03 20:55:03,702] {processor.py:654} INFO - DAG(s) dict_keys(['example_bash_operator']) retrieved from /home/airflow/.local/lib/python3.7/site-packages/airflow/example_dags/example_bash_operator.py
[2022-02-03 20:55:03,709] {logging_mixin.py:109} INFO - [2022-02-03 20:55:03,709] {dag.py:2396} INFO - Sync 1 DAGs
[2022-02-03 20:55:03,722] {logging_mixin.py:109} INFO - [2022-02-03 20:55:03,722] {dag.py:2935} INFO - Setting next_dagrun for example_bash_operator to 2022-02-02 00:00:00+00:00
[2022-02-03 20:55:03,730] {processor.py:171} INFO - Processing /home/airflow/.local/lib/python3.7/site-packages/airflow/example_dags/example_bash_operator.py took 0.117 seconds
[2022-02-03 20:55:33,791] {processor.py:163} INFO - Started process (PID=2160) to work on /home/airflow/.local/lib/python3.7/site-packages/airflow/example_dags/example_bash_operator.py
[2022-02-03 20:55:33,792] {processor.py:642} INFO - Processing file /home/airflow/.local/lib/python3.7/site-packages/airflow/example_dags/example_bash_operator.py for tasks to queue
[2022-02-03 20:55:33,793] {logging_mixin.py:109} INFO - [2022-02-03 20:55:33,793] {dagbag.py:500} INFO - Filling up the DagBag from /home/airflow/.local/lib/python3.7/site-packages/airflow/example_dags/example_bash_operator.py
[2022-02-03 20:55:33,881] {processor.py:654} INFO - DAG(s) dict_keys(['example_bash_operator']) retrieved from /home/airflow/.local/lib/python3.7/site-packages/airflow/example_dags/example_bash_operator.py
[2022-02-03 20:55:33,889] {logging_mixin.py:109} INFO - [2022-02-03 20:55:33,889] {dag.py:2396} INFO - Sync 1 DAGs
[2022-02-03 20:55:33,901] {logging_mixin.py:109} INFO - [2022-02-03 20:55:33,901] {dag.py:2935} INFO - Setting next_dagrun for example_bash_operator to 2022-02-02 00:00:00+00:00
[2022-02-03 20:55:33,909] {processor.py:171} INFO - Processing /home/airflow/.local/lib/python3.7/site-packages/airflow/example_dags/example_bash_operator.py took 0.120 seconds
