[2022-02-03 20:38:34,389] {processor.py:163} INFO - Started process (PID=149) to work on /home/airflow/.local/lib/python3.7/site-packages/airflow/example_dags/tutorial.py
[2022-02-03 20:38:34,391] {processor.py:642} INFO - Processing file /home/airflow/.local/lib/python3.7/site-packages/airflow/example_dags/tutorial.py for tasks to queue
[2022-02-03 20:38:34,392] {logging_mixin.py:109} INFO - [2022-02-03 20:38:34,392] {dagbag.py:500} INFO - Filling up the DagBag from /home/airflow/.local/lib/python3.7/site-packages/airflow/example_dags/tutorial.py
[2022-02-03 20:38:34,435] {processor.py:654} INFO - DAG(s) dict_keys(['tutorial']) retrieved from /home/airflow/.local/lib/python3.7/site-packages/airflow/example_dags/tutorial.py
[2022-02-03 20:38:36,758] {logging_mixin.py:109} INFO - [2022-02-03 20:38:36,758] {manager.py:496} INFO - Created Permission View: can read on DAG:tutorial
[2022-02-03 20:38:36,788] {logging_mixin.py:109} INFO - [2022-02-03 20:38:36,788] {manager.py:496} INFO - Created Permission View: can edit on DAG:tutorial
[2022-02-03 20:38:36,789] {logging_mixin.py:109} INFO - [2022-02-03 20:38:36,789] {dag.py:2396} INFO - Sync 1 DAGs
[2022-02-03 20:38:36,808] {logging_mixin.py:109} INFO - [2022-02-03 20:38:36,808] {dag.py:2415} INFO - Creating ORM DAG for tutorial
[2022-02-03 20:38:36,822] {logging_mixin.py:109} INFO - [2022-02-03 20:38:36,821] {dag.py:2935} INFO - Setting next_dagrun for tutorial to 2022-02-02T20:38:36.821590+00:00
[2022-02-03 20:38:36,845] {processor.py:171} INFO - Processing /home/airflow/.local/lib/python3.7/site-packages/airflow/example_dags/tutorial.py took 2.460 seconds
[2022-02-03 20:39:07,321] {processor.py:163} INFO - Started process (PID=360) to work on /home/airflow/.local/lib/python3.7/site-packages/airflow/example_dags/tutorial.py
[2022-02-03 20:39:07,322] {processor.py:642} INFO - Processing file /home/airflow/.local/lib/python3.7/site-packages/airflow/example_dags/tutorial.py for tasks to queue
[2022-02-03 20:39:07,323] {logging_mixin.py:109} INFO - [2022-02-03 20:39:07,323] {dagbag.py:500} INFO - Filling up the DagBag from /home/airflow/.local/lib/python3.7/site-packages/airflow/example_dags/tutorial.py
[2022-02-03 20:39:07,349] {processor.py:654} INFO - DAG(s) dict_keys(['tutorial']) retrieved from /home/airflow/.local/lib/python3.7/site-packages/airflow/example_dags/tutorial.py
[2022-02-03 20:39:07,357] {logging_mixin.py:109} INFO - [2022-02-03 20:39:07,357] {dag.py:2396} INFO - Sync 1 DAGs
[2022-02-03 20:39:07,369] {logging_mixin.py:109} INFO - [2022-02-03 20:39:07,369] {dag.py:2935} INFO - Setting next_dagrun for tutorial to 2022-02-02T20:39:07.369519+00:00
[2022-02-03 20:39:07,378] {processor.py:171} INFO - Processing /home/airflow/.local/lib/python3.7/site-packages/airflow/example_dags/tutorial.py took 0.059 seconds
[2022-02-03 20:39:37,439] {processor.py:163} INFO - Started process (PID=413) to work on /home/airflow/.local/lib/python3.7/site-packages/airflow/example_dags/tutorial.py
[2022-02-03 20:39:37,440] {processor.py:642} INFO - Processing file /home/airflow/.local/lib/python3.7/site-packages/airflow/example_dags/tutorial.py for tasks to queue
[2022-02-03 20:39:37,441] {logging_mixin.py:109} INFO - [2022-02-03 20:39:37,441] {dagbag.py:500} INFO - Filling up the DagBag from /home/airflow/.local/lib/python3.7/site-packages/airflow/example_dags/tutorial.py
[2022-02-03 20:39:37,468] {processor.py:654} INFO - DAG(s) dict_keys(['tutorial']) retrieved from /home/airflow/.local/lib/python3.7/site-packages/airflow/example_dags/tutorial.py
[2022-02-03 20:39:37,476] {logging_mixin.py:109} INFO - [2022-02-03 20:39:37,476] {dag.py:2396} INFO - Sync 1 DAGs
[2022-02-03 20:39:37,491] {logging_mixin.py:109} INFO - [2022-02-03 20:39:37,491] {dag.py:2935} INFO - Setting next_dagrun for tutorial to 2022-02-02T20:39:37.491562+00:00
[2022-02-03 20:39:37,502] {processor.py:171} INFO - Processing /home/airflow/.local/lib/python3.7/site-packages/airflow/example_dags/tutorial.py took 0.066 seconds
[2022-02-03 20:40:07,607] {processor.py:163} INFO - Started process (PID=472) to work on /home/airflow/.local/lib/python3.7/site-packages/airflow/example_dags/tutorial.py
[2022-02-03 20:40:07,608] {processor.py:642} INFO - Processing file /home/airflow/.local/lib/python3.7/site-packages/airflow/example_dags/tutorial.py for tasks to queue
[2022-02-03 20:40:07,609] {logging_mixin.py:109} INFO - [2022-02-03 20:40:07,609] {dagbag.py:500} INFO - Filling up the DagBag from /home/airflow/.local/lib/python3.7/site-packages/airflow/example_dags/tutorial.py
[2022-02-03 20:40:07,640] {processor.py:654} INFO - DAG(s) dict_keys(['tutorial']) retrieved from /home/airflow/.local/lib/python3.7/site-packages/airflow/example_dags/tutorial.py
[2022-02-03 20:40:07,650] {logging_mixin.py:109} INFO - [2022-02-03 20:40:07,650] {dag.py:2396} INFO - Sync 1 DAGs
[2022-02-03 20:40:07,669] {logging_mixin.py:109} INFO - [2022-02-03 20:40:07,668] {dag.py:2935} INFO - Setting next_dagrun for tutorial to 2022-02-02T20:40:07.668638+00:00
[2022-02-03 20:40:07,679] {processor.py:171} INFO - Processing /home/airflow/.local/lib/python3.7/site-packages/airflow/example_dags/tutorial.py took 0.075 seconds
[2022-02-03 20:40:37,936] {processor.py:163} INFO - Started process (PID=524) to work on /home/airflow/.local/lib/python3.7/site-packages/airflow/example_dags/tutorial.py
[2022-02-03 20:40:37,937] {processor.py:642} INFO - Processing file /home/airflow/.local/lib/python3.7/site-packages/airflow/example_dags/tutorial.py for tasks to queue
[2022-02-03 20:40:37,937] {logging_mixin.py:109} INFO - [2022-02-03 20:40:37,937] {dagbag.py:500} INFO - Filling up the DagBag from /home/airflow/.local/lib/python3.7/site-packages/airflow/example_dags/tutorial.py
[2022-02-03 20:40:37,961] {processor.py:654} INFO - DAG(s) dict_keys(['tutorial']) retrieved from /home/airflow/.local/lib/python3.7/site-packages/airflow/example_dags/tutorial.py
[2022-02-03 20:40:37,969] {logging_mixin.py:109} INFO - [2022-02-03 20:40:37,969] {dag.py:2396} INFO - Sync 1 DAGs
[2022-02-03 20:40:37,981] {logging_mixin.py:109} INFO - [2022-02-03 20:40:37,981] {dag.py:2935} INFO - Setting next_dagrun for tutorial to 2022-02-02T20:40:37.981151+00:00
[2022-02-03 20:40:37,991] {processor.py:171} INFO - Processing /home/airflow/.local/lib/python3.7/site-packages/airflow/example_dags/tutorial.py took 0.058 seconds
[2022-02-03 20:41:08,042] {processor.py:163} INFO - Started process (PID=585) to work on /home/airflow/.local/lib/python3.7/site-packages/airflow/example_dags/tutorial.py
[2022-02-03 20:41:08,043] {processor.py:642} INFO - Processing file /home/airflow/.local/lib/python3.7/site-packages/airflow/example_dags/tutorial.py for tasks to queue
[2022-02-03 20:41:08,044] {logging_mixin.py:109} INFO - [2022-02-03 20:41:08,044] {dagbag.py:500} INFO - Filling up the DagBag from /home/airflow/.local/lib/python3.7/site-packages/airflow/example_dags/tutorial.py
[2022-02-03 20:41:08,066] {processor.py:654} INFO - DAG(s) dict_keys(['tutorial']) retrieved from /home/airflow/.local/lib/python3.7/site-packages/airflow/example_dags/tutorial.py
[2022-02-03 20:41:08,073] {logging_mixin.py:109} INFO - [2022-02-03 20:41:08,073] {dag.py:2396} INFO - Sync 1 DAGs
[2022-02-03 20:41:08,085] {logging_mixin.py:109} INFO - [2022-02-03 20:41:08,084] {dag.py:2935} INFO - Setting next_dagrun for tutorial to 2022-02-02T20:41:08.084668+00:00
[2022-02-03 20:41:08,094] {processor.py:171} INFO - Processing /home/airflow/.local/lib/python3.7/site-packages/airflow/example_dags/tutorial.py took 0.054 seconds
[2022-02-03 20:41:38,226] {processor.py:163} INFO - Started process (PID=636) to work on /home/airflow/.local/lib/python3.7/site-packages/airflow/example_dags/tutorial.py
[2022-02-03 20:41:38,227] {processor.py:642} INFO - Processing file /home/airflow/.local/lib/python3.7/site-packages/airflow/example_dags/tutorial.py for tasks to queue
[2022-02-03 20:41:38,228] {logging_mixin.py:109} INFO - [2022-02-03 20:41:38,228] {dagbag.py:500} INFO - Filling up the DagBag from /home/airflow/.local/lib/python3.7/site-packages/airflow/example_dags/tutorial.py
[2022-02-03 20:41:38,254] {processor.py:654} INFO - DAG(s) dict_keys(['tutorial']) retrieved from /home/airflow/.local/lib/python3.7/site-packages/airflow/example_dags/tutorial.py
[2022-02-03 20:41:38,263] {logging_mixin.py:109} INFO - [2022-02-03 20:41:38,263] {dag.py:2396} INFO - Sync 1 DAGs
[2022-02-03 20:41:38,277] {logging_mixin.py:109} INFO - [2022-02-03 20:41:38,277] {dag.py:2935} INFO - Setting next_dagrun for tutorial to 2022-02-02T20:41:38.277216+00:00
[2022-02-03 20:41:38,288] {processor.py:171} INFO - Processing /home/airflow/.local/lib/python3.7/site-packages/airflow/example_dags/tutorial.py took 0.064 seconds
[2022-02-03 20:42:08,430] {processor.py:163} INFO - Started process (PID=697) to work on /home/airflow/.local/lib/python3.7/site-packages/airflow/example_dags/tutorial.py
[2022-02-03 20:42:08,431] {processor.py:642} INFO - Processing file /home/airflow/.local/lib/python3.7/site-packages/airflow/example_dags/tutorial.py for tasks to queue
[2022-02-03 20:42:08,431] {logging_mixin.py:109} INFO - [2022-02-03 20:42:08,431] {dagbag.py:500} INFO - Filling up the DagBag from /home/airflow/.local/lib/python3.7/site-packages/airflow/example_dags/tutorial.py
[2022-02-03 20:42:08,456] {processor.py:654} INFO - DAG(s) dict_keys(['tutorial']) retrieved from /home/airflow/.local/lib/python3.7/site-packages/airflow/example_dags/tutorial.py
[2022-02-03 20:42:08,463] {logging_mixin.py:109} INFO - [2022-02-03 20:42:08,463] {dag.py:2396} INFO - Sync 1 DAGs
[2022-02-03 20:42:08,479] {logging_mixin.py:109} INFO - [2022-02-03 20:42:08,479] {dag.py:2935} INFO - Setting next_dagrun for tutorial to 2022-02-02T20:42:08.479106+00:00
[2022-02-03 20:42:08,486] {processor.py:171} INFO - Processing /home/airflow/.local/lib/python3.7/site-packages/airflow/example_dags/tutorial.py took 0.059 seconds
[2022-02-03 20:42:38,547] {processor.py:163} INFO - Started process (PID=748) to work on /home/airflow/.local/lib/python3.7/site-packages/airflow/example_dags/tutorial.py
[2022-02-03 20:42:38,548] {processor.py:642} INFO - Processing file /home/airflow/.local/lib/python3.7/site-packages/airflow/example_dags/tutorial.py for tasks to queue
[2022-02-03 20:42:38,549] {logging_mixin.py:109} INFO - [2022-02-03 20:42:38,549] {dagbag.py:500} INFO - Filling up the DagBag from /home/airflow/.local/lib/python3.7/site-packages/airflow/example_dags/tutorial.py
[2022-02-03 20:42:38,572] {processor.py:654} INFO - DAG(s) dict_keys(['tutorial']) retrieved from /home/airflow/.local/lib/python3.7/site-packages/airflow/example_dags/tutorial.py
[2022-02-03 20:42:38,580] {logging_mixin.py:109} INFO - [2022-02-03 20:42:38,580] {dag.py:2396} INFO - Sync 1 DAGs
[2022-02-03 20:42:38,593] {logging_mixin.py:109} INFO - [2022-02-03 20:42:38,593] {dag.py:2935} INFO - Setting next_dagrun for tutorial to 2022-02-02T20:42:38.592951+00:00
[2022-02-03 20:42:38,605] {processor.py:171} INFO - Processing /home/airflow/.local/lib/python3.7/site-packages/airflow/example_dags/tutorial.py took 0.061 seconds
[2022-02-03 20:43:08,806] {processor.py:163} INFO - Started process (PID=809) to work on /home/airflow/.local/lib/python3.7/site-packages/airflow/example_dags/tutorial.py
[2022-02-03 20:43:08,807] {processor.py:642} INFO - Processing file /home/airflow/.local/lib/python3.7/site-packages/airflow/example_dags/tutorial.py for tasks to queue
[2022-02-03 20:43:08,808] {logging_mixin.py:109} INFO - [2022-02-03 20:43:08,808] {dagbag.py:500} INFO - Filling up the DagBag from /home/airflow/.local/lib/python3.7/site-packages/airflow/example_dags/tutorial.py
[2022-02-03 20:43:08,835] {processor.py:654} INFO - DAG(s) dict_keys(['tutorial']) retrieved from /home/airflow/.local/lib/python3.7/site-packages/airflow/example_dags/tutorial.py
[2022-02-03 20:43:08,844] {logging_mixin.py:109} INFO - [2022-02-03 20:43:08,844] {dag.py:2396} INFO - Sync 1 DAGs
[2022-02-03 20:43:08,858] {logging_mixin.py:109} INFO - [2022-02-03 20:43:08,858] {dag.py:2935} INFO - Setting next_dagrun for tutorial to 2022-02-02T20:43:08.858401+00:00
[2022-02-03 20:43:08,869] {processor.py:171} INFO - Processing /home/airflow/.local/lib/python3.7/site-packages/airflow/example_dags/tutorial.py took 0.066 seconds
[2022-02-03 20:43:39,658] {processor.py:163} INFO - Started process (PID=860) to work on /home/airflow/.local/lib/python3.7/site-packages/airflow/example_dags/tutorial.py
[2022-02-03 20:43:39,660] {processor.py:642} INFO - Processing file /home/airflow/.local/lib/python3.7/site-packages/airflow/example_dags/tutorial.py for tasks to queue
[2022-02-03 20:43:39,660] {logging_mixin.py:109} INFO - [2022-02-03 20:43:39,660] {dagbag.py:500} INFO - Filling up the DagBag from /home/airflow/.local/lib/python3.7/site-packages/airflow/example_dags/tutorial.py
[2022-02-03 20:43:39,685] {processor.py:654} INFO - DAG(s) dict_keys(['tutorial']) retrieved from /home/airflow/.local/lib/python3.7/site-packages/airflow/example_dags/tutorial.py
[2022-02-03 20:43:39,694] {logging_mixin.py:109} INFO - [2022-02-03 20:43:39,694] {dag.py:2396} INFO - Sync 1 DAGs
[2022-02-03 20:43:39,709] {logging_mixin.py:109} INFO - [2022-02-03 20:43:39,709] {dag.py:2935} INFO - Setting next_dagrun for tutorial to 2022-02-02T20:43:39.709377+00:00
[2022-02-03 20:43:39,718] {processor.py:171} INFO - Processing /home/airflow/.local/lib/python3.7/site-packages/airflow/example_dags/tutorial.py took 0.063 seconds
[2022-02-03 20:44:10,678] {processor.py:163} INFO - Started process (PID=919) to work on /home/airflow/.local/lib/python3.7/site-packages/airflow/example_dags/tutorial.py
[2022-02-03 20:44:10,679] {processor.py:642} INFO - Processing file /home/airflow/.local/lib/python3.7/site-packages/airflow/example_dags/tutorial.py for tasks to queue
[2022-02-03 20:44:10,680] {logging_mixin.py:109} INFO - [2022-02-03 20:44:10,680] {dagbag.py:500} INFO - Filling up the DagBag from /home/airflow/.local/lib/python3.7/site-packages/airflow/example_dags/tutorial.py
[2022-02-03 20:44:10,705] {processor.py:654} INFO - DAG(s) dict_keys(['tutorial']) retrieved from /home/airflow/.local/lib/python3.7/site-packages/airflow/example_dags/tutorial.py
[2022-02-03 20:44:10,713] {logging_mixin.py:109} INFO - [2022-02-03 20:44:10,713] {dag.py:2396} INFO - Sync 1 DAGs
[2022-02-03 20:44:10,726] {logging_mixin.py:109} INFO - [2022-02-03 20:44:10,726] {dag.py:2935} INFO - Setting next_dagrun for tutorial to 2022-02-02T20:44:10.725819+00:00
[2022-02-03 20:44:10,735] {processor.py:171} INFO - Processing /home/airflow/.local/lib/python3.7/site-packages/airflow/example_dags/tutorial.py took 0.060 seconds
[2022-02-03 20:44:41,153] {processor.py:163} INFO - Started process (PID=969) to work on /home/airflow/.local/lib/python3.7/site-packages/airflow/example_dags/tutorial.py
[2022-02-03 20:44:41,154] {processor.py:642} INFO - Processing file /home/airflow/.local/lib/python3.7/site-packages/airflow/example_dags/tutorial.py for tasks to queue
[2022-02-03 20:44:41,154] {logging_mixin.py:109} INFO - [2022-02-03 20:44:41,154] {dagbag.py:500} INFO - Filling up the DagBag from /home/airflow/.local/lib/python3.7/site-packages/airflow/example_dags/tutorial.py
[2022-02-03 20:44:41,176] {processor.py:654} INFO - DAG(s) dict_keys(['tutorial']) retrieved from /home/airflow/.local/lib/python3.7/site-packages/airflow/example_dags/tutorial.py
[2022-02-03 20:44:41,184] {logging_mixin.py:109} INFO - [2022-02-03 20:44:41,184] {dag.py:2396} INFO - Sync 1 DAGs
[2022-02-03 20:44:41,196] {logging_mixin.py:109} INFO - [2022-02-03 20:44:41,196] {dag.py:2935} INFO - Setting next_dagrun for tutorial to 2022-02-02T20:44:41.196389+00:00
[2022-02-03 20:44:41,205] {processor.py:171} INFO - Processing /home/airflow/.local/lib/python3.7/site-packages/airflow/example_dags/tutorial.py took 0.055 seconds
[2022-02-03 20:45:11,768] {processor.py:163} INFO - Started process (PID=1031) to work on /home/airflow/.local/lib/python3.7/site-packages/airflow/example_dags/tutorial.py
[2022-02-03 20:45:11,769] {processor.py:642} INFO - Processing file /home/airflow/.local/lib/python3.7/site-packages/airflow/example_dags/tutorial.py for tasks to queue
[2022-02-03 20:45:11,769] {logging_mixin.py:109} INFO - [2022-02-03 20:45:11,769] {dagbag.py:500} INFO - Filling up the DagBag from /home/airflow/.local/lib/python3.7/site-packages/airflow/example_dags/tutorial.py
[2022-02-03 20:45:11,794] {processor.py:654} INFO - DAG(s) dict_keys(['tutorial']) retrieved from /home/airflow/.local/lib/python3.7/site-packages/airflow/example_dags/tutorial.py
[2022-02-03 20:45:11,802] {logging_mixin.py:109} INFO - [2022-02-03 20:45:11,802] {dag.py:2396} INFO - Sync 1 DAGs
[2022-02-03 20:45:11,815] {logging_mixin.py:109} INFO - [2022-02-03 20:45:11,814] {dag.py:2935} INFO - Setting next_dagrun for tutorial to 2022-02-02T20:45:11.814737+00:00
[2022-02-03 20:45:11,825] {processor.py:171} INFO - Processing /home/airflow/.local/lib/python3.7/site-packages/airflow/example_dags/tutorial.py took 0.059 seconds
[2022-02-03 20:45:42,337] {processor.py:163} INFO - Started process (PID=1082) to work on /home/airflow/.local/lib/python3.7/site-packages/airflow/example_dags/tutorial.py
[2022-02-03 20:45:42,338] {processor.py:642} INFO - Processing file /home/airflow/.local/lib/python3.7/site-packages/airflow/example_dags/tutorial.py for tasks to queue
[2022-02-03 20:45:42,339] {logging_mixin.py:109} INFO - [2022-02-03 20:45:42,339] {dagbag.py:500} INFO - Filling up the DagBag from /home/airflow/.local/lib/python3.7/site-packages/airflow/example_dags/tutorial.py
[2022-02-03 20:45:42,363] {processor.py:654} INFO - DAG(s) dict_keys(['tutorial']) retrieved from /home/airflow/.local/lib/python3.7/site-packages/airflow/example_dags/tutorial.py
[2022-02-03 20:45:42,370] {logging_mixin.py:109} INFO - [2022-02-03 20:45:42,370] {dag.py:2396} INFO - Sync 1 DAGs
[2022-02-03 20:45:42,383] {logging_mixin.py:109} INFO - [2022-02-03 20:45:42,383] {dag.py:2935} INFO - Setting next_dagrun for tutorial to 2022-02-02T20:45:42.382827+00:00
[2022-02-03 20:45:42,393] {processor.py:171} INFO - Processing /home/airflow/.local/lib/python3.7/site-packages/airflow/example_dags/tutorial.py took 0.058 seconds
[2022-02-03 20:46:12,792] {processor.py:163} INFO - Started process (PID=1144) to work on /home/airflow/.local/lib/python3.7/site-packages/airflow/example_dags/tutorial.py
[2022-02-03 20:46:12,794] {processor.py:642} INFO - Processing file /home/airflow/.local/lib/python3.7/site-packages/airflow/example_dags/tutorial.py for tasks to queue
[2022-02-03 20:46:12,795] {logging_mixin.py:109} INFO - [2022-02-03 20:46:12,795] {dagbag.py:500} INFO - Filling up the DagBag from /home/airflow/.local/lib/python3.7/site-packages/airflow/example_dags/tutorial.py
[2022-02-03 20:46:12,824] {processor.py:654} INFO - DAG(s) dict_keys(['tutorial']) retrieved from /home/airflow/.local/lib/python3.7/site-packages/airflow/example_dags/tutorial.py
[2022-02-03 20:46:12,834] {logging_mixin.py:109} INFO - [2022-02-03 20:46:12,834] {dag.py:2396} INFO - Sync 1 DAGs
[2022-02-03 20:46:12,851] {logging_mixin.py:109} INFO - [2022-02-03 20:46:12,850] {dag.py:2935} INFO - Setting next_dagrun for tutorial to 2022-02-02T20:46:12.850610+00:00
[2022-02-03 20:46:12,862] {processor.py:171} INFO - Processing /home/airflow/.local/lib/python3.7/site-packages/airflow/example_dags/tutorial.py took 0.073 seconds
[2022-02-03 20:46:43,254] {processor.py:163} INFO - Started process (PID=1195) to work on /home/airflow/.local/lib/python3.7/site-packages/airflow/example_dags/tutorial.py
[2022-02-03 20:46:43,255] {processor.py:642} INFO - Processing file /home/airflow/.local/lib/python3.7/site-packages/airflow/example_dags/tutorial.py for tasks to queue
[2022-02-03 20:46:43,256] {logging_mixin.py:109} INFO - [2022-02-03 20:46:43,256] {dagbag.py:500} INFO - Filling up the DagBag from /home/airflow/.local/lib/python3.7/site-packages/airflow/example_dags/tutorial.py
[2022-02-03 20:46:43,280] {processor.py:654} INFO - DAG(s) dict_keys(['tutorial']) retrieved from /home/airflow/.local/lib/python3.7/site-packages/airflow/example_dags/tutorial.py
[2022-02-03 20:46:43,289] {logging_mixin.py:109} INFO - [2022-02-03 20:46:43,289] {dag.py:2396} INFO - Sync 1 DAGs
[2022-02-03 20:46:43,303] {logging_mixin.py:109} INFO - [2022-02-03 20:46:43,303] {dag.py:2935} INFO - Setting next_dagrun for tutorial to 2022-02-02T20:46:43.302899+00:00
[2022-02-03 20:46:43,312] {processor.py:171} INFO - Processing /home/airflow/.local/lib/python3.7/site-packages/airflow/example_dags/tutorial.py took 0.060 seconds
[2022-02-03 20:47:13,839] {processor.py:163} INFO - Started process (PID=1256) to work on /home/airflow/.local/lib/python3.7/site-packages/airflow/example_dags/tutorial.py
[2022-02-03 20:47:13,840] {processor.py:642} INFO - Processing file /home/airflow/.local/lib/python3.7/site-packages/airflow/example_dags/tutorial.py for tasks to queue
[2022-02-03 20:47:13,841] {logging_mixin.py:109} INFO - [2022-02-03 20:47:13,841] {dagbag.py:500} INFO - Filling up the DagBag from /home/airflow/.local/lib/python3.7/site-packages/airflow/example_dags/tutorial.py
[2022-02-03 20:47:13,864] {processor.py:654} INFO - DAG(s) dict_keys(['tutorial']) retrieved from /home/airflow/.local/lib/python3.7/site-packages/airflow/example_dags/tutorial.py
[2022-02-03 20:47:13,873] {logging_mixin.py:109} INFO - [2022-02-03 20:47:13,873] {dag.py:2396} INFO - Sync 1 DAGs
[2022-02-03 20:47:13,886] {logging_mixin.py:109} INFO - [2022-02-03 20:47:13,886] {dag.py:2935} INFO - Setting next_dagrun for tutorial to 2022-02-02T20:47:13.886289+00:00
[2022-02-03 20:47:13,895] {processor.py:171} INFO - Processing /home/airflow/.local/lib/python3.7/site-packages/airflow/example_dags/tutorial.py took 0.059 seconds
[2022-02-03 20:47:44,383] {processor.py:163} INFO - Started process (PID=1307) to work on /home/airflow/.local/lib/python3.7/site-packages/airflow/example_dags/tutorial.py
[2022-02-03 20:47:44,385] {processor.py:642} INFO - Processing file /home/airflow/.local/lib/python3.7/site-packages/airflow/example_dags/tutorial.py for tasks to queue
[2022-02-03 20:47:44,385] {logging_mixin.py:109} INFO - [2022-02-03 20:47:44,385] {dagbag.py:500} INFO - Filling up the DagBag from /home/airflow/.local/lib/python3.7/site-packages/airflow/example_dags/tutorial.py
[2022-02-03 20:47:44,408] {processor.py:654} INFO - DAG(s) dict_keys(['tutorial']) retrieved from /home/airflow/.local/lib/python3.7/site-packages/airflow/example_dags/tutorial.py
[2022-02-03 20:47:44,416] {logging_mixin.py:109} INFO - [2022-02-03 20:47:44,416] {dag.py:2396} INFO - Sync 1 DAGs
[2022-02-03 20:47:44,428] {logging_mixin.py:109} INFO - [2022-02-03 20:47:44,428] {dag.py:2935} INFO - Setting next_dagrun for tutorial to 2022-02-02T20:47:44.428576+00:00
[2022-02-03 20:47:44,438] {processor.py:171} INFO - Processing /home/airflow/.local/lib/python3.7/site-packages/airflow/example_dags/tutorial.py took 0.057 seconds
[2022-02-03 20:48:15,034] {processor.py:163} INFO - Started process (PID=1368) to work on /home/airflow/.local/lib/python3.7/site-packages/airflow/example_dags/tutorial.py
[2022-02-03 20:48:15,035] {processor.py:642} INFO - Processing file /home/airflow/.local/lib/python3.7/site-packages/airflow/example_dags/tutorial.py for tasks to queue
[2022-02-03 20:48:15,036] {logging_mixin.py:109} INFO - [2022-02-03 20:48:15,036] {dagbag.py:500} INFO - Filling up the DagBag from /home/airflow/.local/lib/python3.7/site-packages/airflow/example_dags/tutorial.py
[2022-02-03 20:48:15,058] {processor.py:654} INFO - DAG(s) dict_keys(['tutorial']) retrieved from /home/airflow/.local/lib/python3.7/site-packages/airflow/example_dags/tutorial.py
[2022-02-03 20:48:15,066] {logging_mixin.py:109} INFO - [2022-02-03 20:48:15,066] {dag.py:2396} INFO - Sync 1 DAGs
[2022-02-03 20:48:15,079] {logging_mixin.py:109} INFO - [2022-02-03 20:48:15,079] {dag.py:2935} INFO - Setting next_dagrun for tutorial to 2022-02-02T20:48:15.079374+00:00
[2022-02-03 20:48:15,087] {processor.py:171} INFO - Processing /home/airflow/.local/lib/python3.7/site-packages/airflow/example_dags/tutorial.py took 0.055 seconds
[2022-02-03 20:48:45,602] {processor.py:163} INFO - Started process (PID=1430) to work on /home/airflow/.local/lib/python3.7/site-packages/airflow/example_dags/tutorial.py
[2022-02-03 20:48:45,603] {processor.py:642} INFO - Processing file /home/airflow/.local/lib/python3.7/site-packages/airflow/example_dags/tutorial.py for tasks to queue
[2022-02-03 20:48:45,604] {logging_mixin.py:109} INFO - [2022-02-03 20:48:45,604] {dagbag.py:500} INFO - Filling up the DagBag from /home/airflow/.local/lib/python3.7/site-packages/airflow/example_dags/tutorial.py
[2022-02-03 20:48:45,630] {processor.py:654} INFO - DAG(s) dict_keys(['tutorial']) retrieved from /home/airflow/.local/lib/python3.7/site-packages/airflow/example_dags/tutorial.py
[2022-02-03 20:48:45,639] {logging_mixin.py:109} INFO - [2022-02-03 20:48:45,639] {dag.py:2396} INFO - Sync 1 DAGs
[2022-02-03 20:48:45,654] {logging_mixin.py:109} INFO - [2022-02-03 20:48:45,654] {dag.py:2935} INFO - Setting next_dagrun for tutorial to 2022-02-02T20:48:45.654299+00:00
[2022-02-03 20:48:45,664] {processor.py:171} INFO - Processing /home/airflow/.local/lib/python3.7/site-packages/airflow/example_dags/tutorial.py took 0.066 seconds
[2022-02-03 20:49:16,057] {processor.py:163} INFO - Started process (PID=1481) to work on /home/airflow/.local/lib/python3.7/site-packages/airflow/example_dags/tutorial.py
[2022-02-03 20:49:16,058] {processor.py:642} INFO - Processing file /home/airflow/.local/lib/python3.7/site-packages/airflow/example_dags/tutorial.py for tasks to queue
[2022-02-03 20:49:16,059] {logging_mixin.py:109} INFO - [2022-02-03 20:49:16,059] {dagbag.py:500} INFO - Filling up the DagBag from /home/airflow/.local/lib/python3.7/site-packages/airflow/example_dags/tutorial.py
[2022-02-03 20:49:16,082] {processor.py:654} INFO - DAG(s) dict_keys(['tutorial']) retrieved from /home/airflow/.local/lib/python3.7/site-packages/airflow/example_dags/tutorial.py
[2022-02-03 20:49:16,090] {logging_mixin.py:109} INFO - [2022-02-03 20:49:16,090] {dag.py:2396} INFO - Sync 1 DAGs
[2022-02-03 20:49:16,102] {logging_mixin.py:109} INFO - [2022-02-03 20:49:16,102] {dag.py:2935} INFO - Setting next_dagrun for tutorial to 2022-02-02T20:49:16.102247+00:00
[2022-02-03 20:49:16,112] {processor.py:171} INFO - Processing /home/airflow/.local/lib/python3.7/site-packages/airflow/example_dags/tutorial.py took 0.058 seconds
[2022-02-03 20:49:46,705] {processor.py:163} INFO - Started process (PID=1542) to work on /home/airflow/.local/lib/python3.7/site-packages/airflow/example_dags/tutorial.py
[2022-02-03 20:49:46,708] {processor.py:642} INFO - Processing file /home/airflow/.local/lib/python3.7/site-packages/airflow/example_dags/tutorial.py for tasks to queue
[2022-02-03 20:49:46,710] {logging_mixin.py:109} INFO - [2022-02-03 20:49:46,709] {dagbag.py:500} INFO - Filling up the DagBag from /home/airflow/.local/lib/python3.7/site-packages/airflow/example_dags/tutorial.py
[2022-02-03 20:49:46,752] {processor.py:654} INFO - DAG(s) dict_keys(['tutorial']) retrieved from /home/airflow/.local/lib/python3.7/site-packages/airflow/example_dags/tutorial.py
[2022-02-03 20:49:46,765] {logging_mixin.py:109} INFO - [2022-02-03 20:49:46,765] {dag.py:2396} INFO - Sync 1 DAGs
[2022-02-03 20:49:46,792] {logging_mixin.py:109} INFO - [2022-02-03 20:49:46,792] {dag.py:2935} INFO - Setting next_dagrun for tutorial to 2022-02-02T20:49:46.791817+00:00
[2022-02-03 20:49:46,809] {processor.py:171} INFO - Processing /home/airflow/.local/lib/python3.7/site-packages/airflow/example_dags/tutorial.py took 0.109 seconds
[2022-02-03 20:50:17,952] {processor.py:163} INFO - Started process (PID=1593) to work on /home/airflow/.local/lib/python3.7/site-packages/airflow/example_dags/tutorial.py
[2022-02-03 20:50:17,953] {processor.py:642} INFO - Processing file /home/airflow/.local/lib/python3.7/site-packages/airflow/example_dags/tutorial.py for tasks to queue
[2022-02-03 20:50:17,954] {logging_mixin.py:109} INFO - [2022-02-03 20:50:17,954] {dagbag.py:500} INFO - Filling up the DagBag from /home/airflow/.local/lib/python3.7/site-packages/airflow/example_dags/tutorial.py
[2022-02-03 20:50:17,978] {processor.py:654} INFO - DAG(s) dict_keys(['tutorial']) retrieved from /home/airflow/.local/lib/python3.7/site-packages/airflow/example_dags/tutorial.py
[2022-02-03 20:50:17,988] {logging_mixin.py:109} INFO - [2022-02-03 20:50:17,987] {dag.py:2396} INFO - Sync 1 DAGs
[2022-02-03 20:50:18,000] {logging_mixin.py:109} INFO - [2022-02-03 20:50:18,000] {dag.py:2935} INFO - Setting next_dagrun for tutorial to 2022-02-02T20:50:18.000610+00:00
[2022-02-03 20:50:18,010] {processor.py:171} INFO - Processing /home/airflow/.local/lib/python3.7/site-packages/airflow/example_dags/tutorial.py took 0.061 seconds
[2022-02-03 20:50:48,699] {processor.py:163} INFO - Started process (PID=1654) to work on /home/airflow/.local/lib/python3.7/site-packages/airflow/example_dags/tutorial.py
[2022-02-03 20:50:48,700] {processor.py:642} INFO - Processing file /home/airflow/.local/lib/python3.7/site-packages/airflow/example_dags/tutorial.py for tasks to queue
[2022-02-03 20:50:48,701] {logging_mixin.py:109} INFO - [2022-02-03 20:50:48,701] {dagbag.py:500} INFO - Filling up the DagBag from /home/airflow/.local/lib/python3.7/site-packages/airflow/example_dags/tutorial.py
[2022-02-03 20:50:48,730] {processor.py:654} INFO - DAG(s) dict_keys(['tutorial']) retrieved from /home/airflow/.local/lib/python3.7/site-packages/airflow/example_dags/tutorial.py
[2022-02-03 20:50:48,741] {logging_mixin.py:109} INFO - [2022-02-03 20:50:48,741] {dag.py:2396} INFO - Sync 1 DAGs
[2022-02-03 20:50:48,761] {logging_mixin.py:109} INFO - [2022-02-03 20:50:48,760] {dag.py:2935} INFO - Setting next_dagrun for tutorial to 2022-02-02T20:50:48.760596+00:00
[2022-02-03 20:50:48,771] {processor.py:171} INFO - Processing /home/airflow/.local/lib/python3.7/site-packages/airflow/example_dags/tutorial.py took 0.076 seconds
[2022-02-03 20:51:19,303] {processor.py:163} INFO - Started process (PID=1704) to work on /home/airflow/.local/lib/python3.7/site-packages/airflow/example_dags/tutorial.py
[2022-02-03 20:51:19,304] {processor.py:642} INFO - Processing file /home/airflow/.local/lib/python3.7/site-packages/airflow/example_dags/tutorial.py for tasks to queue
[2022-02-03 20:51:19,305] {logging_mixin.py:109} INFO - [2022-02-03 20:51:19,305] {dagbag.py:500} INFO - Filling up the DagBag from /home/airflow/.local/lib/python3.7/site-packages/airflow/example_dags/tutorial.py
[2022-02-03 20:51:19,334] {processor.py:654} INFO - DAG(s) dict_keys(['tutorial']) retrieved from /home/airflow/.local/lib/python3.7/site-packages/airflow/example_dags/tutorial.py
[2022-02-03 20:51:19,343] {logging_mixin.py:109} INFO - [2022-02-03 20:51:19,343] {dag.py:2396} INFO - Sync 1 DAGs
[2022-02-03 20:51:19,357] {logging_mixin.py:109} INFO - [2022-02-03 20:51:19,357] {dag.py:2935} INFO - Setting next_dagrun for tutorial to 2022-02-02T20:51:19.356846+00:00
[2022-02-03 20:51:19,439] {processor.py:171} INFO - Processing /home/airflow/.local/lib/python3.7/site-packages/airflow/example_dags/tutorial.py took 0.139 seconds
[2022-02-03 20:51:49,872] {processor.py:163} INFO - Started process (PID=1763) to work on /home/airflow/.local/lib/python3.7/site-packages/airflow/example_dags/tutorial.py
[2022-02-03 20:51:49,873] {processor.py:642} INFO - Processing file /home/airflow/.local/lib/python3.7/site-packages/airflow/example_dags/tutorial.py for tasks to queue
[2022-02-03 20:51:49,874] {logging_mixin.py:109} INFO - [2022-02-03 20:51:49,874] {dagbag.py:500} INFO - Filling up the DagBag from /home/airflow/.local/lib/python3.7/site-packages/airflow/example_dags/tutorial.py
[2022-02-03 20:51:49,907] {processor.py:654} INFO - DAG(s) dict_keys(['tutorial']) retrieved from /home/airflow/.local/lib/python3.7/site-packages/airflow/example_dags/tutorial.py
[2022-02-03 20:51:49,921] {logging_mixin.py:109} INFO - [2022-02-03 20:51:49,920] {dag.py:2396} INFO - Sync 1 DAGs
[2022-02-03 20:51:49,942] {logging_mixin.py:109} INFO - [2022-02-03 20:51:49,942] {dag.py:2935} INFO - Setting next_dagrun for tutorial to 2022-02-02T20:51:49.941598+00:00
[2022-02-03 20:51:50,036] {processor.py:171} INFO - Processing /home/airflow/.local/lib/python3.7/site-packages/airflow/example_dags/tutorial.py took 0.168 seconds
[2022-02-03 20:52:20,853] {processor.py:163} INFO - Started process (PID=1816) to work on /home/airflow/.local/lib/python3.7/site-packages/airflow/example_dags/tutorial.py
[2022-02-03 20:52:20,854] {processor.py:642} INFO - Processing file /home/airflow/.local/lib/python3.7/site-packages/airflow/example_dags/tutorial.py for tasks to queue
[2022-02-03 20:52:20,856] {logging_mixin.py:109} INFO - [2022-02-03 20:52:20,855] {dagbag.py:500} INFO - Filling up the DagBag from /home/airflow/.local/lib/python3.7/site-packages/airflow/example_dags/tutorial.py
[2022-02-03 20:52:20,885] {processor.py:654} INFO - DAG(s) dict_keys(['tutorial']) retrieved from /home/airflow/.local/lib/python3.7/site-packages/airflow/example_dags/tutorial.py
[2022-02-03 20:52:20,896] {logging_mixin.py:109} INFO - [2022-02-03 20:52:20,896] {dag.py:2396} INFO - Sync 1 DAGs
[2022-02-03 20:52:20,994] {logging_mixin.py:109} INFO - [2022-02-03 20:52:20,994] {dag.py:2935} INFO - Setting next_dagrun for tutorial to 2022-02-02T20:52:20.994368+00:00
[2022-02-03 20:52:21,005] {processor.py:171} INFO - Processing /home/airflow/.local/lib/python3.7/site-packages/airflow/example_dags/tutorial.py took 0.156 seconds
[2022-02-03 20:52:51,761] {processor.py:163} INFO - Started process (PID=1867) to work on /home/airflow/.local/lib/python3.7/site-packages/airflow/example_dags/tutorial.py
[2022-02-03 20:52:51,762] {processor.py:642} INFO - Processing file /home/airflow/.local/lib/python3.7/site-packages/airflow/example_dags/tutorial.py for tasks to queue
[2022-02-03 20:52:51,763] {logging_mixin.py:109} INFO - [2022-02-03 20:52:51,763] {dagbag.py:500} INFO - Filling up the DagBag from /home/airflow/.local/lib/python3.7/site-packages/airflow/example_dags/tutorial.py
[2022-02-03 20:52:51,788] {processor.py:654} INFO - DAG(s) dict_keys(['tutorial']) retrieved from /home/airflow/.local/lib/python3.7/site-packages/airflow/example_dags/tutorial.py
[2022-02-03 20:52:51,797] {logging_mixin.py:109} INFO - [2022-02-03 20:52:51,797] {dag.py:2396} INFO - Sync 1 DAGs
[2022-02-03 20:52:51,882] {logging_mixin.py:109} INFO - [2022-02-03 20:52:51,882] {dag.py:2935} INFO - Setting next_dagrun for tutorial to 2022-02-02T20:52:51.882646+00:00
[2022-02-03 20:52:51,892] {processor.py:171} INFO - Processing /home/airflow/.local/lib/python3.7/site-packages/airflow/example_dags/tutorial.py took 0.134 seconds
[2022-02-03 20:53:22,660] {processor.py:163} INFO - Started process (PID=1927) to work on /home/airflow/.local/lib/python3.7/site-packages/airflow/example_dags/tutorial.py
[2022-02-03 20:53:22,662] {processor.py:642} INFO - Processing file /home/airflow/.local/lib/python3.7/site-packages/airflow/example_dags/tutorial.py for tasks to queue
[2022-02-03 20:53:22,663] {logging_mixin.py:109} INFO - [2022-02-03 20:53:22,663] {dagbag.py:500} INFO - Filling up the DagBag from /home/airflow/.local/lib/python3.7/site-packages/airflow/example_dags/tutorial.py
[2022-02-03 20:53:22,779] {processor.py:654} INFO - DAG(s) dict_keys(['tutorial']) retrieved from /home/airflow/.local/lib/python3.7/site-packages/airflow/example_dags/tutorial.py
[2022-02-03 20:53:22,789] {logging_mixin.py:109} INFO - [2022-02-03 20:53:22,789] {dag.py:2396} INFO - Sync 1 DAGs
[2022-02-03 20:53:22,804] {logging_mixin.py:109} INFO - [2022-02-03 20:53:22,804] {dag.py:2935} INFO - Setting next_dagrun for tutorial to 2022-02-02T20:53:22.803950+00:00
[2022-02-03 20:53:22,814] {processor.py:171} INFO - Processing /home/airflow/.local/lib/python3.7/site-packages/airflow/example_dags/tutorial.py took 0.158 seconds
[2022-02-03 20:53:53,113] {processor.py:163} INFO - Started process (PID=1978) to work on /home/airflow/.local/lib/python3.7/site-packages/airflow/example_dags/tutorial.py
[2022-02-03 20:53:53,114] {processor.py:642} INFO - Processing file /home/airflow/.local/lib/python3.7/site-packages/airflow/example_dags/tutorial.py for tasks to queue
[2022-02-03 20:53:53,116] {logging_mixin.py:109} INFO - [2022-02-03 20:53:53,115] {dagbag.py:500} INFO - Filling up the DagBag from /home/airflow/.local/lib/python3.7/site-packages/airflow/example_dags/tutorial.py
[2022-02-03 20:53:53,245] {processor.py:654} INFO - DAG(s) dict_keys(['tutorial']) retrieved from /home/airflow/.local/lib/python3.7/site-packages/airflow/example_dags/tutorial.py
[2022-02-03 20:53:53,260] {logging_mixin.py:109} INFO - [2022-02-03 20:53:53,260] {dag.py:2396} INFO - Sync 1 DAGs
[2022-02-03 20:53:53,278] {logging_mixin.py:109} INFO - [2022-02-03 20:53:53,277] {dag.py:2935} INFO - Setting next_dagrun for tutorial to 2022-02-02T20:53:53.277633+00:00
[2022-02-03 20:53:53,290] {processor.py:171} INFO - Processing /home/airflow/.local/lib/python3.7/site-packages/airflow/example_dags/tutorial.py took 0.183 seconds
[2022-02-03 20:54:23,505] {processor.py:163} INFO - Started process (PID=2039) to work on /home/airflow/.local/lib/python3.7/site-packages/airflow/example_dags/tutorial.py
[2022-02-03 20:54:23,506] {processor.py:642} INFO - Processing file /home/airflow/.local/lib/python3.7/site-packages/airflow/example_dags/tutorial.py for tasks to queue
[2022-02-03 20:54:23,507] {logging_mixin.py:109} INFO - [2022-02-03 20:54:23,507] {dagbag.py:500} INFO - Filling up the DagBag from /home/airflow/.local/lib/python3.7/site-packages/airflow/example_dags/tutorial.py
[2022-02-03 20:54:23,603] {processor.py:654} INFO - DAG(s) dict_keys(['tutorial']) retrieved from /home/airflow/.local/lib/python3.7/site-packages/airflow/example_dags/tutorial.py
[2022-02-03 20:54:23,610] {logging_mixin.py:109} INFO - [2022-02-03 20:54:23,610] {dag.py:2396} INFO - Sync 1 DAGs
[2022-02-03 20:54:23,621] {logging_mixin.py:109} INFO - [2022-02-03 20:54:23,621] {dag.py:2935} INFO - Setting next_dagrun for tutorial to 2022-02-02T20:54:23.621723+00:00
[2022-02-03 20:54:23,629] {processor.py:171} INFO - Processing /home/airflow/.local/lib/python3.7/site-packages/airflow/example_dags/tutorial.py took 0.127 seconds
[2022-02-03 20:54:54,208] {processor.py:163} INFO - Started process (PID=2090) to work on /home/airflow/.local/lib/python3.7/site-packages/airflow/example_dags/tutorial.py
[2022-02-03 20:54:54,210] {processor.py:642} INFO - Processing file /home/airflow/.local/lib/python3.7/site-packages/airflow/example_dags/tutorial.py for tasks to queue
[2022-02-03 20:54:54,211] {logging_mixin.py:109} INFO - [2022-02-03 20:54:54,211] {dagbag.py:500} INFO - Filling up the DagBag from /home/airflow/.local/lib/python3.7/site-packages/airflow/example_dags/tutorial.py
[2022-02-03 20:54:54,346] {processor.py:654} INFO - DAG(s) dict_keys(['tutorial']) retrieved from /home/airflow/.local/lib/python3.7/site-packages/airflow/example_dags/tutorial.py
[2022-02-03 20:54:54,357] {logging_mixin.py:109} INFO - [2022-02-03 20:54:54,357] {dag.py:2396} INFO - Sync 1 DAGs
[2022-02-03 20:54:54,375] {logging_mixin.py:109} INFO - [2022-02-03 20:54:54,375] {dag.py:2935} INFO - Setting next_dagrun for tutorial to 2022-02-02T20:54:54.375364+00:00
[2022-02-03 20:54:54,386] {processor.py:171} INFO - Processing /home/airflow/.local/lib/python3.7/site-packages/airflow/example_dags/tutorial.py took 0.184 seconds
[2022-02-03 20:55:25,073] {processor.py:163} INFO - Started process (PID=2150) to work on /home/airflow/.local/lib/python3.7/site-packages/airflow/example_dags/tutorial.py
[2022-02-03 20:55:25,075] {processor.py:642} INFO - Processing file /home/airflow/.local/lib/python3.7/site-packages/airflow/example_dags/tutorial.py for tasks to queue
[2022-02-03 20:55:25,076] {logging_mixin.py:109} INFO - [2022-02-03 20:55:25,076] {dagbag.py:500} INFO - Filling up the DagBag from /home/airflow/.local/lib/python3.7/site-packages/airflow/example_dags/tutorial.py
[2022-02-03 20:55:25,189] {processor.py:654} INFO - DAG(s) dict_keys(['tutorial']) retrieved from /home/airflow/.local/lib/python3.7/site-packages/airflow/example_dags/tutorial.py
[2022-02-03 20:55:25,199] {logging_mixin.py:109} INFO - [2022-02-03 20:55:25,199] {dag.py:2396} INFO - Sync 1 DAGs
[2022-02-03 20:55:25,216] {logging_mixin.py:109} INFO - [2022-02-03 20:55:25,216] {dag.py:2935} INFO - Setting next_dagrun for tutorial to 2022-02-02T20:55:25.215800+00:00
[2022-02-03 20:55:25,226] {processor.py:171} INFO - Processing /home/airflow/.local/lib/python3.7/site-packages/airflow/example_dags/tutorial.py took 0.157 seconds
