[2022-02-03 20:38:31,111] {processor.py:163} INFO - Started process (PID=120) to work on /home/airflow/.local/lib/python3.7/site-packages/airflow/example_dags/tutorial_etl_dag.py
[2022-02-03 20:38:31,114] {processor.py:642} INFO - Processing file /home/airflow/.local/lib/python3.7/site-packages/airflow/example_dags/tutorial_etl_dag.py for tasks to queue
[2022-02-03 20:38:31,116] {logging_mixin.py:109} INFO - [2022-02-03 20:38:31,115] {dagbag.py:500} INFO - Filling up the DagBag from /home/airflow/.local/lib/python3.7/site-packages/airflow/example_dags/tutorial_etl_dag.py
[2022-02-03 20:38:31,180] {processor.py:654} INFO - DAG(s) dict_keys(['tutorial_etl_dag']) retrieved from /home/airflow/.local/lib/python3.7/site-packages/airflow/example_dags/tutorial_etl_dag.py
[2022-02-03 20:38:33,896] {logging_mixin.py:109} INFO - [2022-02-03 20:38:33,895] {manager.py:496} INFO - Created Permission View: can read on DAG:tutorial_etl_dag
[2022-02-03 20:38:33,907] {logging_mixin.py:109} INFO - [2022-02-03 20:38:33,907] {manager.py:496} INFO - Created Permission View: can edit on DAG:tutorial_etl_dag
[2022-02-03 20:38:33,908] {logging_mixin.py:109} INFO - [2022-02-03 20:38:33,908] {dag.py:2396} INFO - Sync 1 DAGs
[2022-02-03 20:38:33,916] {logging_mixin.py:109} INFO - [2022-02-03 20:38:33,916] {dag.py:2415} INFO - Creating ORM DAG for tutorial_etl_dag
[2022-02-03 20:38:33,926] {logging_mixin.py:109} INFO - [2022-02-03 20:38:33,926] {dag.py:2935} INFO - Setting next_dagrun for tutorial_etl_dag to None
[2022-02-03 20:38:33,947] {processor.py:171} INFO - Processing /home/airflow/.local/lib/python3.7/site-packages/airflow/example_dags/tutorial_etl_dag.py took 2.843 seconds
[2022-02-03 20:39:04,243] {processor.py:163} INFO - Started process (PID=357) to work on /home/airflow/.local/lib/python3.7/site-packages/airflow/example_dags/tutorial_etl_dag.py
[2022-02-03 20:39:04,244] {processor.py:642} INFO - Processing file /home/airflow/.local/lib/python3.7/site-packages/airflow/example_dags/tutorial_etl_dag.py for tasks to queue
[2022-02-03 20:39:04,245] {logging_mixin.py:109} INFO - [2022-02-03 20:39:04,245] {dagbag.py:500} INFO - Filling up the DagBag from /home/airflow/.local/lib/python3.7/site-packages/airflow/example_dags/tutorial_etl_dag.py
[2022-02-03 20:39:04,267] {processor.py:654} INFO - DAG(s) dict_keys(['tutorial_etl_dag']) retrieved from /home/airflow/.local/lib/python3.7/site-packages/airflow/example_dags/tutorial_etl_dag.py
[2022-02-03 20:39:04,274] {logging_mixin.py:109} INFO - [2022-02-03 20:39:04,274] {dag.py:2396} INFO - Sync 1 DAGs
[2022-02-03 20:39:04,285] {logging_mixin.py:109} INFO - [2022-02-03 20:39:04,284] {dag.py:2935} INFO - Setting next_dagrun for tutorial_etl_dag to None
[2022-02-03 20:39:04,294] {processor.py:171} INFO - Processing /home/airflow/.local/lib/python3.7/site-packages/airflow/example_dags/tutorial_etl_dag.py took 0.053 seconds
[2022-02-03 20:39:34,355] {processor.py:163} INFO - Started process (PID=411) to work on /home/airflow/.local/lib/python3.7/site-packages/airflow/example_dags/tutorial_etl_dag.py
[2022-02-03 20:39:34,357] {processor.py:642} INFO - Processing file /home/airflow/.local/lib/python3.7/site-packages/airflow/example_dags/tutorial_etl_dag.py for tasks to queue
[2022-02-03 20:39:34,358] {logging_mixin.py:109} INFO - [2022-02-03 20:39:34,357] {dagbag.py:500} INFO - Filling up the DagBag from /home/airflow/.local/lib/python3.7/site-packages/airflow/example_dags/tutorial_etl_dag.py
[2022-02-03 20:39:34,381] {processor.py:654} INFO - DAG(s) dict_keys(['tutorial_etl_dag']) retrieved from /home/airflow/.local/lib/python3.7/site-packages/airflow/example_dags/tutorial_etl_dag.py
[2022-02-03 20:39:34,389] {logging_mixin.py:109} INFO - [2022-02-03 20:39:34,389] {dag.py:2396} INFO - Sync 1 DAGs
[2022-02-03 20:39:34,403] {logging_mixin.py:109} INFO - [2022-02-03 20:39:34,403] {dag.py:2935} INFO - Setting next_dagrun for tutorial_etl_dag to None
[2022-02-03 20:39:34,412] {processor.py:171} INFO - Processing /home/airflow/.local/lib/python3.7/site-packages/airflow/example_dags/tutorial_etl_dag.py took 0.059 seconds
[2022-02-03 20:40:04,475] {processor.py:163} INFO - Started process (PID=470) to work on /home/airflow/.local/lib/python3.7/site-packages/airflow/example_dags/tutorial_etl_dag.py
[2022-02-03 20:40:04,477] {processor.py:642} INFO - Processing file /home/airflow/.local/lib/python3.7/site-packages/airflow/example_dags/tutorial_etl_dag.py for tasks to queue
[2022-02-03 20:40:04,478] {logging_mixin.py:109} INFO - [2022-02-03 20:40:04,478] {dagbag.py:500} INFO - Filling up the DagBag from /home/airflow/.local/lib/python3.7/site-packages/airflow/example_dags/tutorial_etl_dag.py
[2022-02-03 20:40:04,516] {processor.py:654} INFO - DAG(s) dict_keys(['tutorial_etl_dag']) retrieved from /home/airflow/.local/lib/python3.7/site-packages/airflow/example_dags/tutorial_etl_dag.py
[2022-02-03 20:40:04,530] {logging_mixin.py:109} INFO - [2022-02-03 20:40:04,529] {dag.py:2396} INFO - Sync 1 DAGs
[2022-02-03 20:40:04,549] {logging_mixin.py:109} INFO - [2022-02-03 20:40:04,549] {dag.py:2935} INFO - Setting next_dagrun for tutorial_etl_dag to None
[2022-02-03 20:40:04,569] {processor.py:171} INFO - Processing /home/airflow/.local/lib/python3.7/site-packages/airflow/example_dags/tutorial_etl_dag.py took 0.098 seconds
[2022-02-03 20:40:34,845] {processor.py:163} INFO - Started process (PID=522) to work on /home/airflow/.local/lib/python3.7/site-packages/airflow/example_dags/tutorial_etl_dag.py
[2022-02-03 20:40:34,846] {processor.py:642} INFO - Processing file /home/airflow/.local/lib/python3.7/site-packages/airflow/example_dags/tutorial_etl_dag.py for tasks to queue
[2022-02-03 20:40:34,846] {logging_mixin.py:109} INFO - [2022-02-03 20:40:34,846] {dagbag.py:500} INFO - Filling up the DagBag from /home/airflow/.local/lib/python3.7/site-packages/airflow/example_dags/tutorial_etl_dag.py
[2022-02-03 20:40:34,870] {processor.py:654} INFO - DAG(s) dict_keys(['tutorial_etl_dag']) retrieved from /home/airflow/.local/lib/python3.7/site-packages/airflow/example_dags/tutorial_etl_dag.py
[2022-02-03 20:40:34,880] {logging_mixin.py:109} INFO - [2022-02-03 20:40:34,880] {dag.py:2396} INFO - Sync 1 DAGs
[2022-02-03 20:40:34,894] {logging_mixin.py:109} INFO - [2022-02-03 20:40:34,894] {dag.py:2935} INFO - Setting next_dagrun for tutorial_etl_dag to None
[2022-02-03 20:40:34,903] {processor.py:171} INFO - Processing /home/airflow/.local/lib/python3.7/site-packages/airflow/example_dags/tutorial_etl_dag.py took 0.061 seconds
[2022-02-03 20:41:05,023] {processor.py:163} INFO - Started process (PID=580) to work on /home/airflow/.local/lib/python3.7/site-packages/airflow/example_dags/tutorial_etl_dag.py
[2022-02-03 20:41:05,024] {processor.py:642} INFO - Processing file /home/airflow/.local/lib/python3.7/site-packages/airflow/example_dags/tutorial_etl_dag.py for tasks to queue
[2022-02-03 20:41:05,025] {logging_mixin.py:109} INFO - [2022-02-03 20:41:05,025] {dagbag.py:500} INFO - Filling up the DagBag from /home/airflow/.local/lib/python3.7/site-packages/airflow/example_dags/tutorial_etl_dag.py
[2022-02-03 20:41:05,048] {processor.py:654} INFO - DAG(s) dict_keys(['tutorial_etl_dag']) retrieved from /home/airflow/.local/lib/python3.7/site-packages/airflow/example_dags/tutorial_etl_dag.py
[2022-02-03 20:41:05,056] {logging_mixin.py:109} INFO - [2022-02-03 20:41:05,056] {dag.py:2396} INFO - Sync 1 DAGs
[2022-02-03 20:41:05,068] {logging_mixin.py:109} INFO - [2022-02-03 20:41:05,068] {dag.py:2935} INFO - Setting next_dagrun for tutorial_etl_dag to None
[2022-02-03 20:41:05,082] {processor.py:171} INFO - Processing /home/airflow/.local/lib/python3.7/site-packages/airflow/example_dags/tutorial_etl_dag.py took 0.062 seconds
[2022-02-03 20:41:35,131] {processor.py:163} INFO - Started process (PID=634) to work on /home/airflow/.local/lib/python3.7/site-packages/airflow/example_dags/tutorial_etl_dag.py
[2022-02-03 20:41:35,132] {processor.py:642} INFO - Processing file /home/airflow/.local/lib/python3.7/site-packages/airflow/example_dags/tutorial_etl_dag.py for tasks to queue
[2022-02-03 20:41:35,132] {logging_mixin.py:109} INFO - [2022-02-03 20:41:35,132] {dagbag.py:500} INFO - Filling up the DagBag from /home/airflow/.local/lib/python3.7/site-packages/airflow/example_dags/tutorial_etl_dag.py
[2022-02-03 20:41:35,153] {processor.py:654} INFO - DAG(s) dict_keys(['tutorial_etl_dag']) retrieved from /home/airflow/.local/lib/python3.7/site-packages/airflow/example_dags/tutorial_etl_dag.py
[2022-02-03 20:41:35,161] {logging_mixin.py:109} INFO - [2022-02-03 20:41:35,161] {dag.py:2396} INFO - Sync 1 DAGs
[2022-02-03 20:41:35,175] {logging_mixin.py:109} INFO - [2022-02-03 20:41:35,175] {dag.py:2935} INFO - Setting next_dagrun for tutorial_etl_dag to None
[2022-02-03 20:41:35,184] {processor.py:171} INFO - Processing /home/airflow/.local/lib/python3.7/site-packages/airflow/example_dags/tutorial_etl_dag.py took 0.056 seconds
[2022-02-03 20:42:05,982] {processor.py:163} INFO - Started process (PID=694) to work on /home/airflow/.local/lib/python3.7/site-packages/airflow/example_dags/tutorial_etl_dag.py
[2022-02-03 20:42:05,983] {processor.py:642} INFO - Processing file /home/airflow/.local/lib/python3.7/site-packages/airflow/example_dags/tutorial_etl_dag.py for tasks to queue
[2022-02-03 20:42:05,984] {logging_mixin.py:109} INFO - [2022-02-03 20:42:05,984] {dagbag.py:500} INFO - Filling up the DagBag from /home/airflow/.local/lib/python3.7/site-packages/airflow/example_dags/tutorial_etl_dag.py
[2022-02-03 20:42:06,015] {processor.py:654} INFO - DAG(s) dict_keys(['tutorial_etl_dag']) retrieved from /home/airflow/.local/lib/python3.7/site-packages/airflow/example_dags/tutorial_etl_dag.py
[2022-02-03 20:42:06,025] {logging_mixin.py:109} INFO - [2022-02-03 20:42:06,025] {dag.py:2396} INFO - Sync 1 DAGs
[2022-02-03 20:42:06,043] {logging_mixin.py:109} INFO - [2022-02-03 20:42:06,043] {dag.py:2935} INFO - Setting next_dagrun for tutorial_etl_dag to None
[2022-02-03 20:42:06,053] {processor.py:171} INFO - Processing /home/airflow/.local/lib/python3.7/site-packages/airflow/example_dags/tutorial_etl_dag.py took 0.075 seconds
[2022-02-03 20:42:37,164] {processor.py:163} INFO - Started process (PID=745) to work on /home/airflow/.local/lib/python3.7/site-packages/airflow/example_dags/tutorial_etl_dag.py
[2022-02-03 20:42:37,165] {processor.py:642} INFO - Processing file /home/airflow/.local/lib/python3.7/site-packages/airflow/example_dags/tutorial_etl_dag.py for tasks to queue
[2022-02-03 20:42:37,165] {logging_mixin.py:109} INFO - [2022-02-03 20:42:37,165] {dagbag.py:500} INFO - Filling up the DagBag from /home/airflow/.local/lib/python3.7/site-packages/airflow/example_dags/tutorial_etl_dag.py
[2022-02-03 20:42:37,188] {processor.py:654} INFO - DAG(s) dict_keys(['tutorial_etl_dag']) retrieved from /home/airflow/.local/lib/python3.7/site-packages/airflow/example_dags/tutorial_etl_dag.py
[2022-02-03 20:42:37,197] {logging_mixin.py:109} INFO - [2022-02-03 20:42:37,197] {dag.py:2396} INFO - Sync 1 DAGs
[2022-02-03 20:42:37,210] {logging_mixin.py:109} INFO - [2022-02-03 20:42:37,210] {dag.py:2935} INFO - Setting next_dagrun for tutorial_etl_dag to None
[2022-02-03 20:42:37,219] {processor.py:171} INFO - Processing /home/airflow/.local/lib/python3.7/site-packages/airflow/example_dags/tutorial_etl_dag.py took 0.058 seconds
[2022-02-03 20:43:08,354] {processor.py:163} INFO - Started process (PID=806) to work on /home/airflow/.local/lib/python3.7/site-packages/airflow/example_dags/tutorial_etl_dag.py
[2022-02-03 20:43:08,355] {processor.py:642} INFO - Processing file /home/airflow/.local/lib/python3.7/site-packages/airflow/example_dags/tutorial_etl_dag.py for tasks to queue
[2022-02-03 20:43:08,356] {logging_mixin.py:109} INFO - [2022-02-03 20:43:08,356] {dagbag.py:500} INFO - Filling up the DagBag from /home/airflow/.local/lib/python3.7/site-packages/airflow/example_dags/tutorial_etl_dag.py
[2022-02-03 20:43:08,383] {processor.py:654} INFO - DAG(s) dict_keys(['tutorial_etl_dag']) retrieved from /home/airflow/.local/lib/python3.7/site-packages/airflow/example_dags/tutorial_etl_dag.py
[2022-02-03 20:43:08,393] {logging_mixin.py:109} INFO - [2022-02-03 20:43:08,393] {dag.py:2396} INFO - Sync 1 DAGs
[2022-02-03 20:43:08,408] {logging_mixin.py:109} INFO - [2022-02-03 20:43:08,408] {dag.py:2935} INFO - Setting next_dagrun for tutorial_etl_dag to None
[2022-02-03 20:43:08,419] {processor.py:171} INFO - Processing /home/airflow/.local/lib/python3.7/site-packages/airflow/example_dags/tutorial_etl_dag.py took 0.068 seconds
[2022-02-03 20:43:39,587] {processor.py:163} INFO - Started process (PID=858) to work on /home/airflow/.local/lib/python3.7/site-packages/airflow/example_dags/tutorial_etl_dag.py
[2022-02-03 20:43:39,588] {processor.py:642} INFO - Processing file /home/airflow/.local/lib/python3.7/site-packages/airflow/example_dags/tutorial_etl_dag.py for tasks to queue
[2022-02-03 20:43:39,589] {logging_mixin.py:109} INFO - [2022-02-03 20:43:39,588] {dagbag.py:500} INFO - Filling up the DagBag from /home/airflow/.local/lib/python3.7/site-packages/airflow/example_dags/tutorial_etl_dag.py
[2022-02-03 20:43:39,611] {processor.py:654} INFO - DAG(s) dict_keys(['tutorial_etl_dag']) retrieved from /home/airflow/.local/lib/python3.7/site-packages/airflow/example_dags/tutorial_etl_dag.py
[2022-02-03 20:43:39,619] {logging_mixin.py:109} INFO - [2022-02-03 20:43:39,619] {dag.py:2396} INFO - Sync 1 DAGs
[2022-02-03 20:43:39,632] {logging_mixin.py:109} INFO - [2022-02-03 20:43:39,632] {dag.py:2935} INFO - Setting next_dagrun for tutorial_etl_dag to None
[2022-02-03 20:43:39,641] {processor.py:171} INFO - Processing /home/airflow/.local/lib/python3.7/site-packages/airflow/example_dags/tutorial_etl_dag.py took 0.057 seconds
[2022-02-03 20:44:10,597] {processor.py:163} INFO - Started process (PID=917) to work on /home/airflow/.local/lib/python3.7/site-packages/airflow/example_dags/tutorial_etl_dag.py
[2022-02-03 20:44:10,598] {processor.py:642} INFO - Processing file /home/airflow/.local/lib/python3.7/site-packages/airflow/example_dags/tutorial_etl_dag.py for tasks to queue
[2022-02-03 20:44:10,599] {logging_mixin.py:109} INFO - [2022-02-03 20:44:10,599] {dagbag.py:500} INFO - Filling up the DagBag from /home/airflow/.local/lib/python3.7/site-packages/airflow/example_dags/tutorial_etl_dag.py
[2022-02-03 20:44:10,621] {processor.py:654} INFO - DAG(s) dict_keys(['tutorial_etl_dag']) retrieved from /home/airflow/.local/lib/python3.7/site-packages/airflow/example_dags/tutorial_etl_dag.py
[2022-02-03 20:44:10,629] {logging_mixin.py:109} INFO - [2022-02-03 20:44:10,629] {dag.py:2396} INFO - Sync 1 DAGs
[2022-02-03 20:44:10,643] {logging_mixin.py:109} INFO - [2022-02-03 20:44:10,643] {dag.py:2935} INFO - Setting next_dagrun for tutorial_etl_dag to None
[2022-02-03 20:44:10,652] {processor.py:171} INFO - Processing /home/airflow/.local/lib/python3.7/site-packages/airflow/example_dags/tutorial_etl_dag.py took 0.057 seconds
[2022-02-03 20:44:41,073] {processor.py:163} INFO - Started process (PID=967) to work on /home/airflow/.local/lib/python3.7/site-packages/airflow/example_dags/tutorial_etl_dag.py
[2022-02-03 20:44:41,074] {processor.py:642} INFO - Processing file /home/airflow/.local/lib/python3.7/site-packages/airflow/example_dags/tutorial_etl_dag.py for tasks to queue
[2022-02-03 20:44:41,075] {logging_mixin.py:109} INFO - [2022-02-03 20:44:41,075] {dagbag.py:500} INFO - Filling up the DagBag from /home/airflow/.local/lib/python3.7/site-packages/airflow/example_dags/tutorial_etl_dag.py
[2022-02-03 20:44:41,097] {processor.py:654} INFO - DAG(s) dict_keys(['tutorial_etl_dag']) retrieved from /home/airflow/.local/lib/python3.7/site-packages/airflow/example_dags/tutorial_etl_dag.py
[2022-02-03 20:44:41,106] {logging_mixin.py:109} INFO - [2022-02-03 20:44:41,106] {dag.py:2396} INFO - Sync 1 DAGs
[2022-02-03 20:44:41,119] {logging_mixin.py:109} INFO - [2022-02-03 20:44:41,119] {dag.py:2935} INFO - Setting next_dagrun for tutorial_etl_dag to None
[2022-02-03 20:44:41,129] {processor.py:171} INFO - Processing /home/airflow/.local/lib/python3.7/site-packages/airflow/example_dags/tutorial_etl_dag.py took 0.059 seconds
[2022-02-03 20:45:11,690] {processor.py:163} INFO - Started process (PID=1029) to work on /home/airflow/.local/lib/python3.7/site-packages/airflow/example_dags/tutorial_etl_dag.py
[2022-02-03 20:45:11,691] {processor.py:642} INFO - Processing file /home/airflow/.local/lib/python3.7/site-packages/airflow/example_dags/tutorial_etl_dag.py for tasks to queue
[2022-02-03 20:45:11,692] {logging_mixin.py:109} INFO - [2022-02-03 20:45:11,692] {dagbag.py:500} INFO - Filling up the DagBag from /home/airflow/.local/lib/python3.7/site-packages/airflow/example_dags/tutorial_etl_dag.py
[2022-02-03 20:45:11,713] {processor.py:654} INFO - DAG(s) dict_keys(['tutorial_etl_dag']) retrieved from /home/airflow/.local/lib/python3.7/site-packages/airflow/example_dags/tutorial_etl_dag.py
[2022-02-03 20:45:11,721] {logging_mixin.py:109} INFO - [2022-02-03 20:45:11,721] {dag.py:2396} INFO - Sync 1 DAGs
[2022-02-03 20:45:11,734] {logging_mixin.py:109} INFO - [2022-02-03 20:45:11,734] {dag.py:2935} INFO - Setting next_dagrun for tutorial_etl_dag to None
[2022-02-03 20:45:11,743] {processor.py:171} INFO - Processing /home/airflow/.local/lib/python3.7/site-packages/airflow/example_dags/tutorial_etl_dag.py took 0.055 seconds
[2022-02-03 20:45:42,259] {processor.py:163} INFO - Started process (PID=1080) to work on /home/airflow/.local/lib/python3.7/site-packages/airflow/example_dags/tutorial_etl_dag.py
[2022-02-03 20:45:42,260] {processor.py:642} INFO - Processing file /home/airflow/.local/lib/python3.7/site-packages/airflow/example_dags/tutorial_etl_dag.py for tasks to queue
[2022-02-03 20:45:42,261] {logging_mixin.py:109} INFO - [2022-02-03 20:45:42,261] {dagbag.py:500} INFO - Filling up the DagBag from /home/airflow/.local/lib/python3.7/site-packages/airflow/example_dags/tutorial_etl_dag.py
[2022-02-03 20:45:42,283] {processor.py:654} INFO - DAG(s) dict_keys(['tutorial_etl_dag']) retrieved from /home/airflow/.local/lib/python3.7/site-packages/airflow/example_dags/tutorial_etl_dag.py
[2022-02-03 20:45:42,291] {logging_mixin.py:109} INFO - [2022-02-03 20:45:42,291] {dag.py:2396} INFO - Sync 1 DAGs
[2022-02-03 20:45:42,304] {logging_mixin.py:109} INFO - [2022-02-03 20:45:42,304] {dag.py:2935} INFO - Setting next_dagrun for tutorial_etl_dag to None
[2022-02-03 20:45:42,313] {processor.py:171} INFO - Processing /home/airflow/.local/lib/python3.7/site-packages/airflow/example_dags/tutorial_etl_dag.py took 0.056 seconds
[2022-02-03 20:46:12,697] {processor.py:163} INFO - Started process (PID=1142) to work on /home/airflow/.local/lib/python3.7/site-packages/airflow/example_dags/tutorial_etl_dag.py
[2022-02-03 20:46:12,699] {processor.py:642} INFO - Processing file /home/airflow/.local/lib/python3.7/site-packages/airflow/example_dags/tutorial_etl_dag.py for tasks to queue
[2022-02-03 20:46:12,700] {logging_mixin.py:109} INFO - [2022-02-03 20:46:12,699] {dagbag.py:500} INFO - Filling up the DagBag from /home/airflow/.local/lib/python3.7/site-packages/airflow/example_dags/tutorial_etl_dag.py
[2022-02-03 20:46:12,725] {processor.py:654} INFO - DAG(s) dict_keys(['tutorial_etl_dag']) retrieved from /home/airflow/.local/lib/python3.7/site-packages/airflow/example_dags/tutorial_etl_dag.py
[2022-02-03 20:46:12,734] {logging_mixin.py:109} INFO - [2022-02-03 20:46:12,734] {dag.py:2396} INFO - Sync 1 DAGs
[2022-02-03 20:46:12,750] {logging_mixin.py:109} INFO - [2022-02-03 20:46:12,750] {dag.py:2935} INFO - Setting next_dagrun for tutorial_etl_dag to None
[2022-02-03 20:46:12,760] {processor.py:171} INFO - Processing /home/airflow/.local/lib/python3.7/site-packages/airflow/example_dags/tutorial_etl_dag.py took 0.066 seconds
[2022-02-03 20:46:43,173] {processor.py:163} INFO - Started process (PID=1193) to work on /home/airflow/.local/lib/python3.7/site-packages/airflow/example_dags/tutorial_etl_dag.py
[2022-02-03 20:46:43,175] {processor.py:642} INFO - Processing file /home/airflow/.local/lib/python3.7/site-packages/airflow/example_dags/tutorial_etl_dag.py for tasks to queue
[2022-02-03 20:46:43,175] {logging_mixin.py:109} INFO - [2022-02-03 20:46:43,175] {dagbag.py:500} INFO - Filling up the DagBag from /home/airflow/.local/lib/python3.7/site-packages/airflow/example_dags/tutorial_etl_dag.py
[2022-02-03 20:46:43,197] {processor.py:654} INFO - DAG(s) dict_keys(['tutorial_etl_dag']) retrieved from /home/airflow/.local/lib/python3.7/site-packages/airflow/example_dags/tutorial_etl_dag.py
[2022-02-03 20:46:43,206] {logging_mixin.py:109} INFO - [2022-02-03 20:46:43,206] {dag.py:2396} INFO - Sync 1 DAGs
[2022-02-03 20:46:43,218] {logging_mixin.py:109} INFO - [2022-02-03 20:46:43,218] {dag.py:2935} INFO - Setting next_dagrun for tutorial_etl_dag to None
[2022-02-03 20:46:43,227] {processor.py:171} INFO - Processing /home/airflow/.local/lib/python3.7/site-packages/airflow/example_dags/tutorial_etl_dag.py took 0.056 seconds
[2022-02-03 20:47:13,762] {processor.py:163} INFO - Started process (PID=1254) to work on /home/airflow/.local/lib/python3.7/site-packages/airflow/example_dags/tutorial_etl_dag.py
[2022-02-03 20:47:13,763] {processor.py:642} INFO - Processing file /home/airflow/.local/lib/python3.7/site-packages/airflow/example_dags/tutorial_etl_dag.py for tasks to queue
[2022-02-03 20:47:13,764] {logging_mixin.py:109} INFO - [2022-02-03 20:47:13,764] {dagbag.py:500} INFO - Filling up the DagBag from /home/airflow/.local/lib/python3.7/site-packages/airflow/example_dags/tutorial_etl_dag.py
[2022-02-03 20:47:13,786] {processor.py:654} INFO - DAG(s) dict_keys(['tutorial_etl_dag']) retrieved from /home/airflow/.local/lib/python3.7/site-packages/airflow/example_dags/tutorial_etl_dag.py
[2022-02-03 20:47:13,794] {logging_mixin.py:109} INFO - [2022-02-03 20:47:13,794] {dag.py:2396} INFO - Sync 1 DAGs
[2022-02-03 20:47:13,806] {logging_mixin.py:109} INFO - [2022-02-03 20:47:13,806] {dag.py:2935} INFO - Setting next_dagrun for tutorial_etl_dag to None
[2022-02-03 20:47:13,814] {processor.py:171} INFO - Processing /home/airflow/.local/lib/python3.7/site-packages/airflow/example_dags/tutorial_etl_dag.py took 0.054 seconds
[2022-02-03 20:47:44,304] {processor.py:163} INFO - Started process (PID=1305) to work on /home/airflow/.local/lib/python3.7/site-packages/airflow/example_dags/tutorial_etl_dag.py
[2022-02-03 20:47:44,305] {processor.py:642} INFO - Processing file /home/airflow/.local/lib/python3.7/site-packages/airflow/example_dags/tutorial_etl_dag.py for tasks to queue
[2022-02-03 20:47:44,306] {logging_mixin.py:109} INFO - [2022-02-03 20:47:44,305] {dagbag.py:500} INFO - Filling up the DagBag from /home/airflow/.local/lib/python3.7/site-packages/airflow/example_dags/tutorial_etl_dag.py
[2022-02-03 20:47:44,327] {processor.py:654} INFO - DAG(s) dict_keys(['tutorial_etl_dag']) retrieved from /home/airflow/.local/lib/python3.7/site-packages/airflow/example_dags/tutorial_etl_dag.py
[2022-02-03 20:47:44,336] {logging_mixin.py:109} INFO - [2022-02-03 20:47:44,336] {dag.py:2396} INFO - Sync 1 DAGs
[2022-02-03 20:47:44,348] {logging_mixin.py:109} INFO - [2022-02-03 20:47:44,348] {dag.py:2935} INFO - Setting next_dagrun for tutorial_etl_dag to None
[2022-02-03 20:47:44,357] {processor.py:171} INFO - Processing /home/airflow/.local/lib/python3.7/site-packages/airflow/example_dags/tutorial_etl_dag.py took 0.055 seconds
[2022-02-03 20:48:14,968] {processor.py:163} INFO - Started process (PID=1366) to work on /home/airflow/.local/lib/python3.7/site-packages/airflow/example_dags/tutorial_etl_dag.py
[2022-02-03 20:48:14,969] {processor.py:642} INFO - Processing file /home/airflow/.local/lib/python3.7/site-packages/airflow/example_dags/tutorial_etl_dag.py for tasks to queue
[2022-02-03 20:48:14,970] {logging_mixin.py:109} INFO - [2022-02-03 20:48:14,970] {dagbag.py:500} INFO - Filling up the DagBag from /home/airflow/.local/lib/python3.7/site-packages/airflow/example_dags/tutorial_etl_dag.py
[2022-02-03 20:48:14,992] {processor.py:654} INFO - DAG(s) dict_keys(['tutorial_etl_dag']) retrieved from /home/airflow/.local/lib/python3.7/site-packages/airflow/example_dags/tutorial_etl_dag.py
[2022-02-03 20:48:15,000] {logging_mixin.py:109} INFO - [2022-02-03 20:48:14,999] {dag.py:2396} INFO - Sync 1 DAGs
[2022-02-03 20:48:15,012] {logging_mixin.py:109} INFO - [2022-02-03 20:48:15,012] {dag.py:2935} INFO - Setting next_dagrun for tutorial_etl_dag to None
[2022-02-03 20:48:15,020] {processor.py:171} INFO - Processing /home/airflow/.local/lib/python3.7/site-packages/airflow/example_dags/tutorial_etl_dag.py took 0.054 seconds
[2022-02-03 20:48:45,507] {processor.py:163} INFO - Started process (PID=1428) to work on /home/airflow/.local/lib/python3.7/site-packages/airflow/example_dags/tutorial_etl_dag.py
[2022-02-03 20:48:45,508] {processor.py:642} INFO - Processing file /home/airflow/.local/lib/python3.7/site-packages/airflow/example_dags/tutorial_etl_dag.py for tasks to queue
[2022-02-03 20:48:45,508] {logging_mixin.py:109} INFO - [2022-02-03 20:48:45,508] {dagbag.py:500} INFO - Filling up the DagBag from /home/airflow/.local/lib/python3.7/site-packages/airflow/example_dags/tutorial_etl_dag.py
[2022-02-03 20:48:45,531] {processor.py:654} INFO - DAG(s) dict_keys(['tutorial_etl_dag']) retrieved from /home/airflow/.local/lib/python3.7/site-packages/airflow/example_dags/tutorial_etl_dag.py
[2022-02-03 20:48:45,541] {logging_mixin.py:109} INFO - [2022-02-03 20:48:45,540] {dag.py:2396} INFO - Sync 1 DAGs
[2022-02-03 20:48:45,554] {logging_mixin.py:109} INFO - [2022-02-03 20:48:45,554] {dag.py:2935} INFO - Setting next_dagrun for tutorial_etl_dag to None
[2022-02-03 20:48:45,564] {processor.py:171} INFO - Processing /home/airflow/.local/lib/python3.7/site-packages/airflow/example_dags/tutorial_etl_dag.py took 0.060 seconds
[2022-02-03 20:49:15,978] {processor.py:163} INFO - Started process (PID=1479) to work on /home/airflow/.local/lib/python3.7/site-packages/airflow/example_dags/tutorial_etl_dag.py
[2022-02-03 20:49:15,979] {processor.py:642} INFO - Processing file /home/airflow/.local/lib/python3.7/site-packages/airflow/example_dags/tutorial_etl_dag.py for tasks to queue
[2022-02-03 20:49:15,980] {logging_mixin.py:109} INFO - [2022-02-03 20:49:15,980] {dagbag.py:500} INFO - Filling up the DagBag from /home/airflow/.local/lib/python3.7/site-packages/airflow/example_dags/tutorial_etl_dag.py
[2022-02-03 20:49:16,001] {processor.py:654} INFO - DAG(s) dict_keys(['tutorial_etl_dag']) retrieved from /home/airflow/.local/lib/python3.7/site-packages/airflow/example_dags/tutorial_etl_dag.py
[2022-02-03 20:49:16,009] {logging_mixin.py:109} INFO - [2022-02-03 20:49:16,009] {dag.py:2396} INFO - Sync 1 DAGs
[2022-02-03 20:49:16,022] {logging_mixin.py:109} INFO - [2022-02-03 20:49:16,022] {dag.py:2935} INFO - Setting next_dagrun for tutorial_etl_dag to None
[2022-02-03 20:49:16,031] {processor.py:171} INFO - Processing /home/airflow/.local/lib/python3.7/site-packages/airflow/example_dags/tutorial_etl_dag.py took 0.055 seconds
[2022-02-03 20:49:46,588] {processor.py:163} INFO - Started process (PID=1540) to work on /home/airflow/.local/lib/python3.7/site-packages/airflow/example_dags/tutorial_etl_dag.py
[2022-02-03 20:49:46,590] {processor.py:642} INFO - Processing file /home/airflow/.local/lib/python3.7/site-packages/airflow/example_dags/tutorial_etl_dag.py for tasks to queue
[2022-02-03 20:49:46,591] {logging_mixin.py:109} INFO - [2022-02-03 20:49:46,591] {dagbag.py:500} INFO - Filling up the DagBag from /home/airflow/.local/lib/python3.7/site-packages/airflow/example_dags/tutorial_etl_dag.py
[2022-02-03 20:49:46,620] {processor.py:654} INFO - DAG(s) dict_keys(['tutorial_etl_dag']) retrieved from /home/airflow/.local/lib/python3.7/site-packages/airflow/example_dags/tutorial_etl_dag.py
[2022-02-03 20:49:46,631] {logging_mixin.py:109} INFO - [2022-02-03 20:49:46,631] {dag.py:2396} INFO - Sync 1 DAGs
[2022-02-03 20:49:46,649] {logging_mixin.py:109} INFO - [2022-02-03 20:49:46,648] {dag.py:2935} INFO - Setting next_dagrun for tutorial_etl_dag to None
[2022-02-03 20:49:46,664] {processor.py:171} INFO - Processing /home/airflow/.local/lib/python3.7/site-packages/airflow/example_dags/tutorial_etl_dag.py took 0.079 seconds
[2022-02-03 20:50:17,809] {processor.py:163} INFO - Started process (PID=1591) to work on /home/airflow/.local/lib/python3.7/site-packages/airflow/example_dags/tutorial_etl_dag.py
[2022-02-03 20:50:17,810] {processor.py:642} INFO - Processing file /home/airflow/.local/lib/python3.7/site-packages/airflow/example_dags/tutorial_etl_dag.py for tasks to queue
[2022-02-03 20:50:17,811] {logging_mixin.py:109} INFO - [2022-02-03 20:50:17,811] {dagbag.py:500} INFO - Filling up the DagBag from /home/airflow/.local/lib/python3.7/site-packages/airflow/example_dags/tutorial_etl_dag.py
[2022-02-03 20:50:17,832] {processor.py:654} INFO - DAG(s) dict_keys(['tutorial_etl_dag']) retrieved from /home/airflow/.local/lib/python3.7/site-packages/airflow/example_dags/tutorial_etl_dag.py
[2022-02-03 20:50:17,841] {logging_mixin.py:109} INFO - [2022-02-03 20:50:17,841] {dag.py:2396} INFO - Sync 1 DAGs
[2022-02-03 20:50:17,852] {logging_mixin.py:109} INFO - [2022-02-03 20:50:17,852] {dag.py:2935} INFO - Setting next_dagrun for tutorial_etl_dag to None
[2022-02-03 20:50:17,862] {processor.py:171} INFO - Processing /home/airflow/.local/lib/python3.7/site-packages/airflow/example_dags/tutorial_etl_dag.py took 0.055 seconds
[2022-02-03 20:50:48,578] {processor.py:163} INFO - Started process (PID=1652) to work on /home/airflow/.local/lib/python3.7/site-packages/airflow/example_dags/tutorial_etl_dag.py
[2022-02-03 20:50:48,579] {processor.py:642} INFO - Processing file /home/airflow/.local/lib/python3.7/site-packages/airflow/example_dags/tutorial_etl_dag.py for tasks to queue
[2022-02-03 20:50:48,580] {logging_mixin.py:109} INFO - [2022-02-03 20:50:48,580] {dagbag.py:500} INFO - Filling up the DagBag from /home/airflow/.local/lib/python3.7/site-packages/airflow/example_dags/tutorial_etl_dag.py
[2022-02-03 20:50:48,606] {processor.py:654} INFO - DAG(s) dict_keys(['tutorial_etl_dag']) retrieved from /home/airflow/.local/lib/python3.7/site-packages/airflow/example_dags/tutorial_etl_dag.py
[2022-02-03 20:50:48,616] {logging_mixin.py:109} INFO - [2022-02-03 20:50:48,616] {dag.py:2396} INFO - Sync 1 DAGs
[2022-02-03 20:50:48,634] {logging_mixin.py:109} INFO - [2022-02-03 20:50:48,634] {dag.py:2935} INFO - Setting next_dagrun for tutorial_etl_dag to None
[2022-02-03 20:50:48,645] {processor.py:171} INFO - Processing /home/airflow/.local/lib/python3.7/site-packages/airflow/example_dags/tutorial_etl_dag.py took 0.071 seconds
[2022-02-03 20:51:19,131] {processor.py:163} INFO - Started process (PID=1701) to work on /home/airflow/.local/lib/python3.7/site-packages/airflow/example_dags/tutorial_etl_dag.py
[2022-02-03 20:51:19,133] {processor.py:642} INFO - Processing file /home/airflow/.local/lib/python3.7/site-packages/airflow/example_dags/tutorial_etl_dag.py for tasks to queue
[2022-02-03 20:51:19,134] {logging_mixin.py:109} INFO - [2022-02-03 20:51:19,133] {dagbag.py:500} INFO - Filling up the DagBag from /home/airflow/.local/lib/python3.7/site-packages/airflow/example_dags/tutorial_etl_dag.py
[2022-02-03 20:51:19,158] {processor.py:654} INFO - DAG(s) dict_keys(['tutorial_etl_dag']) retrieved from /home/airflow/.local/lib/python3.7/site-packages/airflow/example_dags/tutorial_etl_dag.py
[2022-02-03 20:51:19,169] {logging_mixin.py:109} INFO - [2022-02-03 20:51:19,169] {dag.py:2396} INFO - Sync 1 DAGs
[2022-02-03 20:51:19,184] {logging_mixin.py:109} INFO - [2022-02-03 20:51:19,184] {dag.py:2935} INFO - Setting next_dagrun for tutorial_etl_dag to None
[2022-02-03 20:51:19,195] {processor.py:171} INFO - Processing /home/airflow/.local/lib/python3.7/site-packages/airflow/example_dags/tutorial_etl_dag.py took 0.068 seconds
[2022-02-03 20:51:49,660] {processor.py:163} INFO - Started process (PID=1760) to work on /home/airflow/.local/lib/python3.7/site-packages/airflow/example_dags/tutorial_etl_dag.py
[2022-02-03 20:51:49,662] {processor.py:642} INFO - Processing file /home/airflow/.local/lib/python3.7/site-packages/airflow/example_dags/tutorial_etl_dag.py for tasks to queue
[2022-02-03 20:51:49,663] {logging_mixin.py:109} INFO - [2022-02-03 20:51:49,663] {dagbag.py:500} INFO - Filling up the DagBag from /home/airflow/.local/lib/python3.7/site-packages/airflow/example_dags/tutorial_etl_dag.py
[2022-02-03 20:51:49,695] {processor.py:654} INFO - DAG(s) dict_keys(['tutorial_etl_dag']) retrieved from /home/airflow/.local/lib/python3.7/site-packages/airflow/example_dags/tutorial_etl_dag.py
[2022-02-03 20:51:49,704] {logging_mixin.py:109} INFO - [2022-02-03 20:51:49,703] {dag.py:2396} INFO - Sync 1 DAGs
[2022-02-03 20:51:49,727] {logging_mixin.py:109} INFO - [2022-02-03 20:51:49,726] {dag.py:2935} INFO - Setting next_dagrun for tutorial_etl_dag to None
[2022-02-03 20:51:49,836] {processor.py:171} INFO - Processing /home/airflow/.local/lib/python3.7/site-packages/airflow/example_dags/tutorial_etl_dag.py took 0.180 seconds
[2022-02-03 20:52:20,690] {processor.py:163} INFO - Started process (PID=1814) to work on /home/airflow/.local/lib/python3.7/site-packages/airflow/example_dags/tutorial_etl_dag.py
[2022-02-03 20:52:20,691] {processor.py:642} INFO - Processing file /home/airflow/.local/lib/python3.7/site-packages/airflow/example_dags/tutorial_etl_dag.py for tasks to queue
[2022-02-03 20:52:20,692] {logging_mixin.py:109} INFO - [2022-02-03 20:52:20,692] {dagbag.py:500} INFO - Filling up the DagBag from /home/airflow/.local/lib/python3.7/site-packages/airflow/example_dags/tutorial_etl_dag.py
[2022-02-03 20:52:20,718] {processor.py:654} INFO - DAG(s) dict_keys(['tutorial_etl_dag']) retrieved from /home/airflow/.local/lib/python3.7/site-packages/airflow/example_dags/tutorial_etl_dag.py
[2022-02-03 20:52:20,728] {logging_mixin.py:109} INFO - [2022-02-03 20:52:20,728] {dag.py:2396} INFO - Sync 1 DAGs
[2022-02-03 20:52:20,820] {logging_mixin.py:109} INFO - [2022-02-03 20:52:20,820] {dag.py:2935} INFO - Setting next_dagrun for tutorial_etl_dag to None
[2022-02-03 20:52:20,832] {processor.py:171} INFO - Processing /home/airflow/.local/lib/python3.7/site-packages/airflow/example_dags/tutorial_etl_dag.py took 0.146 seconds
[2022-02-03 20:52:51,609] {processor.py:163} INFO - Started process (PID=1865) to work on /home/airflow/.local/lib/python3.7/site-packages/airflow/example_dags/tutorial_etl_dag.py
[2022-02-03 20:52:51,610] {processor.py:642} INFO - Processing file /home/airflow/.local/lib/python3.7/site-packages/airflow/example_dags/tutorial_etl_dag.py for tasks to queue
[2022-02-03 20:52:51,611] {logging_mixin.py:109} INFO - [2022-02-03 20:52:51,610] {dagbag.py:500} INFO - Filling up the DagBag from /home/airflow/.local/lib/python3.7/site-packages/airflow/example_dags/tutorial_etl_dag.py
[2022-02-03 20:52:51,636] {processor.py:654} INFO - DAG(s) dict_keys(['tutorial_etl_dag']) retrieved from /home/airflow/.local/lib/python3.7/site-packages/airflow/example_dags/tutorial_etl_dag.py
[2022-02-03 20:52:51,646] {logging_mixin.py:109} INFO - [2022-02-03 20:52:51,646] {dag.py:2396} INFO - Sync 1 DAGs
[2022-02-03 20:52:51,728] {logging_mixin.py:109} INFO - [2022-02-03 20:52:51,728] {dag.py:2935} INFO - Setting next_dagrun for tutorial_etl_dag to None
[2022-02-03 20:52:51,737] {processor.py:171} INFO - Processing /home/airflow/.local/lib/python3.7/site-packages/airflow/example_dags/tutorial_etl_dag.py took 0.132 seconds
[2022-02-03 20:53:22,458] {processor.py:163} INFO - Started process (PID=1925) to work on /home/airflow/.local/lib/python3.7/site-packages/airflow/example_dags/tutorial_etl_dag.py
[2022-02-03 20:53:22,460] {processor.py:642} INFO - Processing file /home/airflow/.local/lib/python3.7/site-packages/airflow/example_dags/tutorial_etl_dag.py for tasks to queue
[2022-02-03 20:53:22,461] {logging_mixin.py:109} INFO - [2022-02-03 20:53:22,461] {dagbag.py:500} INFO - Filling up the DagBag from /home/airflow/.local/lib/python3.7/site-packages/airflow/example_dags/tutorial_etl_dag.py
[2022-02-03 20:53:22,491] {processor.py:654} INFO - DAG(s) dict_keys(['tutorial_etl_dag']) retrieved from /home/airflow/.local/lib/python3.7/site-packages/airflow/example_dags/tutorial_etl_dag.py
[2022-02-03 20:53:22,583] {logging_mixin.py:109} INFO - [2022-02-03 20:53:22,582] {dag.py:2396} INFO - Sync 1 DAGs
[2022-02-03 20:53:22,597] {logging_mixin.py:109} INFO - [2022-02-03 20:53:22,597] {dag.py:2935} INFO - Setting next_dagrun for tutorial_etl_dag to None
[2022-02-03 20:53:22,607] {processor.py:171} INFO - Processing /home/airflow/.local/lib/python3.7/site-packages/airflow/example_dags/tutorial_etl_dag.py took 0.152 seconds
[2022-02-03 20:53:52,918] {processor.py:163} INFO - Started process (PID=1976) to work on /home/airflow/.local/lib/python3.7/site-packages/airflow/example_dags/tutorial_etl_dag.py
[2022-02-03 20:53:52,919] {processor.py:642} INFO - Processing file /home/airflow/.local/lib/python3.7/site-packages/airflow/example_dags/tutorial_etl_dag.py for tasks to queue
[2022-02-03 20:53:52,920] {logging_mixin.py:109} INFO - [2022-02-03 20:53:52,920] {dagbag.py:500} INFO - Filling up the DagBag from /home/airflow/.local/lib/python3.7/site-packages/airflow/example_dags/tutorial_etl_dag.py
[2022-02-03 20:53:53,041] {processor.py:654} INFO - DAG(s) dict_keys(['tutorial_etl_dag']) retrieved from /home/airflow/.local/lib/python3.7/site-packages/airflow/example_dags/tutorial_etl_dag.py
[2022-02-03 20:53:53,052] {logging_mixin.py:109} INFO - [2022-02-03 20:53:53,052] {dag.py:2396} INFO - Sync 1 DAGs
[2022-02-03 20:53:53,068] {logging_mixin.py:109} INFO - [2022-02-03 20:53:53,068] {dag.py:2935} INFO - Setting next_dagrun for tutorial_etl_dag to None
[2022-02-03 20:53:53,078] {processor.py:171} INFO - Processing /home/airflow/.local/lib/python3.7/site-packages/airflow/example_dags/tutorial_etl_dag.py took 0.165 seconds
[2022-02-03 20:54:23,373] {processor.py:163} INFO - Started process (PID=2037) to work on /home/airflow/.local/lib/python3.7/site-packages/airflow/example_dags/tutorial_etl_dag.py
[2022-02-03 20:54:23,374] {processor.py:642} INFO - Processing file /home/airflow/.local/lib/python3.7/site-packages/airflow/example_dags/tutorial_etl_dag.py for tasks to queue
[2022-02-03 20:54:23,375] {logging_mixin.py:109} INFO - [2022-02-03 20:54:23,374] {dagbag.py:500} INFO - Filling up the DagBag from /home/airflow/.local/lib/python3.7/site-packages/airflow/example_dags/tutorial_etl_dag.py
[2022-02-03 20:54:23,465] {processor.py:654} INFO - DAG(s) dict_keys(['tutorial_etl_dag']) retrieved from /home/airflow/.local/lib/python3.7/site-packages/airflow/example_dags/tutorial_etl_dag.py
[2022-02-03 20:54:23,472] {logging_mixin.py:109} INFO - [2022-02-03 20:54:23,472] {dag.py:2396} INFO - Sync 1 DAGs
[2022-02-03 20:54:23,484] {logging_mixin.py:109} INFO - [2022-02-03 20:54:23,484] {dag.py:2935} INFO - Setting next_dagrun for tutorial_etl_dag to None
[2022-02-03 20:54:23,493] {processor.py:171} INFO - Processing /home/airflow/.local/lib/python3.7/site-packages/airflow/example_dags/tutorial_etl_dag.py took 0.123 seconds
[2022-02-03 20:54:53,753] {processor.py:163} INFO - Started process (PID=2088) to work on /home/airflow/.local/lib/python3.7/site-packages/airflow/example_dags/tutorial_etl_dag.py
[2022-02-03 20:54:53,755] {processor.py:642} INFO - Processing file /home/airflow/.local/lib/python3.7/site-packages/airflow/example_dags/tutorial_etl_dag.py for tasks to queue
[2022-02-03 20:54:53,756] {logging_mixin.py:109} INFO - [2022-02-03 20:54:53,755] {dagbag.py:500} INFO - Filling up the DagBag from /home/airflow/.local/lib/python3.7/site-packages/airflow/example_dags/tutorial_etl_dag.py
[2022-02-03 20:54:53,870] {processor.py:654} INFO - DAG(s) dict_keys(['tutorial_etl_dag']) retrieved from /home/airflow/.local/lib/python3.7/site-packages/airflow/example_dags/tutorial_etl_dag.py
[2022-02-03 20:54:53,880] {logging_mixin.py:109} INFO - [2022-02-03 20:54:53,880] {dag.py:2396} INFO - Sync 1 DAGs
[2022-02-03 20:54:53,900] {logging_mixin.py:109} INFO - [2022-02-03 20:54:53,900] {dag.py:2935} INFO - Setting next_dagrun for tutorial_etl_dag to None
[2022-02-03 20:54:53,912] {processor.py:171} INFO - Processing /home/airflow/.local/lib/python3.7/site-packages/airflow/example_dags/tutorial_etl_dag.py took 0.162 seconds
[2022-02-03 20:55:24,883] {processor.py:163} INFO - Started process (PID=2148) to work on /home/airflow/.local/lib/python3.7/site-packages/airflow/example_dags/tutorial_etl_dag.py
[2022-02-03 20:55:24,885] {processor.py:642} INFO - Processing file /home/airflow/.local/lib/python3.7/site-packages/airflow/example_dags/tutorial_etl_dag.py for tasks to queue
[2022-02-03 20:55:24,887] {logging_mixin.py:109} INFO - [2022-02-03 20:55:24,887] {dagbag.py:500} INFO - Filling up the DagBag from /home/airflow/.local/lib/python3.7/site-packages/airflow/example_dags/tutorial_etl_dag.py
[2022-02-03 20:55:25,002] {processor.py:654} INFO - DAG(s) dict_keys(['tutorial_etl_dag']) retrieved from /home/airflow/.local/lib/python3.7/site-packages/airflow/example_dags/tutorial_etl_dag.py
[2022-02-03 20:55:25,018] {logging_mixin.py:109} INFO - [2022-02-03 20:55:25,018] {dag.py:2396} INFO - Sync 1 DAGs
[2022-02-03 20:55:25,041] {logging_mixin.py:109} INFO - [2022-02-03 20:55:25,041] {dag.py:2935} INFO - Setting next_dagrun for tutorial_etl_dag to None
[2022-02-03 20:55:25,051] {processor.py:171} INFO - Processing /home/airflow/.local/lib/python3.7/site-packages/airflow/example_dags/tutorial_etl_dag.py took 0.173 seconds
